|*******************************RX-Cryptanalysis****************************|
Auto-search Begin... 
Enter the parameters : #ciper #blocksize #rounds  #mode 
ciper: cham 
blocksize: 64 
rotational parameter: 2 
rounds: 9 
mode: 0 
----------------Search Optimal pure RX-Differential Trail-------------------
RX_zeta_total: 45  
Constructing RX_Ek[4] ... 
Constructing RX_XOR_offset_Table ... 
Time of Preprocessing info: 0.00 seconds.  
|--------------------------------------------------|
Constructing cDDT Lookup Tables ... 
Time of Construct CHAM cDDTs: 30.00 seconds.  
===============Search odd-round============= 
*****************************Searching processing**************************|
Update: 0   RX_Bn_w: 64.000000  --Max expected weight-- 
Update: 1   RX_Bn_w: 39.101852  --Time: 0.00 seconds. ==>>
round----X0------X1-------X2-------X3-----zeta-----Pr_zeta----Pr_XOR-----Pr-RX 
01     0x0000  0x0000   0x0000   0x0000   0x0000   1.677984  0.000000  1.677984
02     0x0000  0x0000   0x0000   0x0000   0x0000   1.677984  2.000000  3.677984
03     0x0000  0x0000   0x0000   0x000a   0x0000   1.677984  2.000000  3.677984
04     0x0000  0x0000   0x000a   0x0a00   0x0000   1.677984  4.000000  5.677984
05     0x0000  0x000a   0x0a00   0x0002   0x0000   1.677984  2.000000  3.677984
06     0x000a  0x0a00   0x0002   0x0000   0x0000   1.677984  3.000000  4.677984
07     0x0a00  0x0002   0x0000   0x001e   0x0000   1.677984  5.000000  6.677984
08     0x0002  0x0000   0x001e   0x060a   0x0000   1.677984  3.000000  4.677984
09     0x0000  0x001e   0x060a   0x0012   0x0000   1.677984  3.000000  4.677984
10     0x001e  0x060a   0x0012   0x0c00    -   
------------------ 
9 Round CHAM-64 Total Weight: -39.101852 
Update: 2   RX_Bn_w: 39.101852  --Time: 0.00 seconds. ==>>
round----X0------X1-------X2-------X3-----zeta-----Pr_zeta----Pr_XOR-----Pr-RX 
01     0x0000  0x0000   0x0000   0x0000   0x0000   1.677984  0.000000  1.677984
02     0x0000  0x0000   0x0000   0x0000   0x0000   1.677984  2.000000  3.677984
03     0x0000  0x0000   0x0000   0x000a   0x0000   1.677984  2.000000  3.677984
04     0x0000  0x0000   0x000a   0x0a00   0x0000   1.677984  4.000000  5.677984
05     0x0000  0x000a   0x0a00   0x0002   0x0000   1.677984  2.000000  3.677984
06     0x000a  0x0a00   0x0002   0x0000   0x0000   1.677984  3.000000  4.677984
07     0x0a00  0x0002   0x0000   0x001e   0x0000   1.677984  5.000000  6.677984
08     0x0002  0x0000   0x001e   0x060a   0x0000   1.677984  3.000000  4.677984
09     0x0000  0x001e   0x060a   0x0012   0x0000   1.677984  3.000000  4.677984
10     0x001e  0x060a   0x0012   0x6c00    -   
------------------ 
9 Round CHAM-64 Total Weight: -39.101852 
Update: 3   RX_Bn_w: 40.101852  --Time: 0.00 seconds. ==>>
round----X0------X1-------X2-------X3-----zeta-----Pr_zeta----Pr_XOR-----Pr-RX 
01     0x0000  0x0000   0x0000   0x0000   0x0000   1.677984  0.000000  1.677984
02     0x0000  0x0000   0x0000   0x0000   0x0000   1.677984  2.000000  3.677984
03     0x0000  0x0000   0x0000   0x000a   0x0000   1.677984  2.000000  3.677984
04     0x0000  0x0000   0x000a   0x0a00   0x0000   1.677984  4.000000  5.677984
05     0x0000  0x000a   0x0a00   0x0002   0x0000   1.677984  2.000000  3.677984
06     0x000a  0x0a00   0x0002   0x0000   0x0000   1.677984  3.000000  4.677984
07     0x0a00  0x0002   0x0000   0x001e   0x0000   1.677984  5.000000  6.677984
08     0x0002  0x0000   0x001e   0x060a   0x0000   1.677984  3.000000  4.677984
09     0x0000  0x001e   0x060a   0x0012   0x0000   1.677984  4.000000  5.677984
10     0x001e  0x060a   0x0012   0x0400    -   
------------------ 
9 Round CHAM-64 Total Weight: -40.101852 
Update: 4   RX_Bn_w: 40.101852  --Time: 0.00 seconds. ==>>
round----X0------X1-------X2-------X3-----zeta-----Pr_zeta----Pr_XOR-----Pr-RX 
01     0x0000  0x0000   0x0000   0x0000   0x0000   1.677984  0.000000  1.677984
02     0x0000  0x0000   0x0000   0x0000   0x0000   1.677984  2.000000  3.677984
03     0x0000  0x0000   0x0000   0x000a   0x0000   1.677984  2.000000  3.677984
04     0x0000  0x0000   0x000a   0x0a00   0x0000   1.677984  4.000000  5.677984
05     0x0000  0x000a   0x0a00   0x0002   0x0000   1.677984  2.000000  3.677984
06     0x000a  0x0a00   0x0002   0x0000   0x0000   1.677984  3.000000  4.677984
07     0x0a00  0x0002   0x0000   0x001e   0x0000   1.677984  5.000000  6.677984
08     0x0002  0x0000   0x001e   0x060a   0x0000   1.677984  3.000000  4.677984
09     0x0000  0x001e   0x060a   0x0012   0x0000   1.677984  4.000000  5.677984
10     0x001e  0x060a   0x0012   0x1400    -   
------------------ 
9 Round CHAM-64 Total Weight: -40.101852 
Update: 5   RX_Bn_w: 40.101852  --Time: 0.00 seconds. ==>>
round----X0------X1-------X2-------X3-----zeta-----Pr_zeta----Pr_XOR-----Pr-RX 
01     0x0000  0x0000   0x0000   0x0000   0x0000   1.677984  0.000000  1.677984
02     0x0000  0x0000   0x0000   0x0000   0x0000   1.677984  2.000000  3.677984
03     0x0000  0x0000   0x0000   0x000a   0x0000   1.677984  2.000000  3.677984
04     0x0000  0x0000   0x000a   0x0a00   0x0000   1.677984  4.000000  5.677984
05     0x0000  0x000a   0x0a00   0x0002   0x0000   1.677984  2.000000  3.677984
06     0x000a  0x0a00   0x0002   0x0000   0x0000   1.677984  3.000000  4.677984
07     0x0a00  0x0002   0x0000   0x001e   0x0000   1.677984  5.000000  6.677984
08     0x0002  0x0000   0x001e   0x060a   0x0000   1.677984  3.000000  4.677984
09     0x0000  0x001e   0x060a   0x0012   0x0000   1.677984  4.000000  5.677984
10     0x001e  0x060a   0x0012   0x4c00    -   
------------------ 
9 Round CHAM-64 Total Weight: -40.101852 
Update: 6   RX_Bn_w: 40.101852  --Time: 0.00 seconds. ==>>
round----X0------X1-------X2-------X3-----zeta-----Pr_zeta----Pr_XOR-----Pr-RX 
01     0x0000  0x0000   0x0000   0x0000   0x0000   1.677984  0.000000  1.677984
02     0x0000  0x0000   0x0000   0x0000   0x0000   1.677984  2.000000  3.677984
03     0x0000  0x0000   0x0000   0x000a   0x0000   1.677984  2.000000  3.677984
04     0x0000  0x0000   0x000a   0x0a00   0x0000   1.677984  4.000000  5.677984
05     0x0000  0x000a   0x0a00   0x0002   0x0000   1.677984  2.000000  3.677984
06     0x000a  0x0a00   0x0002   0x0000   0x0000   1.677984  3.000000  4.677984
07     0x0a00  0x0002   0x0000   0x001e   0x0000   1.677984  5.000000  6.677984
08     0x0002  0x0000   0x001e   0x060a   0x0000   1.677984  3.000000  4.677984
09     0x0000  0x001e   0x060a   0x0012   0x0000   1.677984  4.000000  5.677984
10     0x001e  0x060a   0x0012   0x6400    -   
------------------ 
9 Round CHAM-64 Total Weight: -40.101852 
Update: 7   RX_Bn_w: 40.101852  --Time: 0.00 seconds. ==>>
round----X0------X1-------X2-------X3-----zeta-----Pr_zeta----Pr_XOR-----Pr-RX 
01     0x0000  0x0000   0x0000   0x0000   0x0000   1.677984  0.000000  1.677984
02     0x0000  0x0000   0x0000   0x0000   0x0000   1.677984  2.000000  3.677984
03     0x0000  0x0000   0x0000   0x000a   0x0000   1.677984  2.000000  3.677984
04     0x0000  0x0000   0x000a   0x0a00   0x0000   1.677984  4.000000  5.677984
05     0x0000  0x000a   0x0a00   0x0002   0x0000   1.677984  2.000000  3.677984
06     0x000a  0x0a00   0x0002   0x0000   0x0000   1.677984  3.000000  4.677984
07     0x0a00  0x0002   0x0000   0x001e   0x0000   1.677984  5.000000  6.677984
08     0x0002  0x0000   0x001e   0x060a   0x0000   1.677984  3.000000  4.677984
09     0x0000  0x001e   0x060a   0x0012   0x0000   1.677984  4.000000  5.677984
10     0x001e  0x060a   0x0012   0x7400    -   
------------------ 
9 Round CHAM-64 Total Weight: -40.101852 
Update: 8   RX_Bn_w: 40.101852  --Time: 0.00 seconds. ==>>
round----X0------X1-------X2-------X3-----zeta-----Pr_zeta----Pr_XOR-----Pr-RX 
01     0x0000  0x0000   0x0000   0x0000   0x0000   1.677984  0.000000  1.677984
02     0x0000  0x0000   0x0000   0x0000   0x0000   1.677984  2.000000  3.677984
03     0x0000  0x0000   0x0000   0x000a   0x0000   1.677984  2.000000  3.677984
04     0x0000  0x0000   0x000a   0x0a00   0x0000   1.677984  4.000000  5.677984
05     0x0000  0x000a   0x0a00   0x0002   0x0000   1.677984  2.000000  3.677984
06     0x000a  0x0a00   0x0002   0x0000   0x0000   1.677984  3.000000  4.677984
07     0x0a00  0x0002   0x0000   0x001e   0x0000   1.677984  5.000000  6.677984
08     0x0002  0x0000   0x001e   0x060a   0x0000   1.677984  3.000000  4.677984
09     0x0000  0x001e   0x060a   0x0012   0x0000   1.677984  4.000000  5.677984
10     0x001e  0x060a   0x0012   0xec00    -   
------------------ 
9 Round CHAM-64 Total Weight: -40.101852 
Update: 9   RX_Bn_w: 41.101852  --Time: 0.00 seconds. ==>>
round----X0------X1-------X2-------X3-----zeta-----Pr_zeta----Pr_XOR-----Pr-RX 
01     0x0000  0x0000   0x0000   0x0000   0x0000   1.677984  0.000000  1.677984
02     0x0000  0x0000   0x0000   0x0000   0x0000   1.677984  2.000000  3.677984
03     0x0000  0x0000   0x0000   0x000a   0x0000   1.677984  2.000000  3.677984
04     0x0000  0x0000   0x000a   0x0a00   0x0000   1.677984  4.000000  5.677984
05     0x0000  0x000a   0x0a00   0x0002   0x0000   1.677984  2.000000  3.677984
06     0x000a  0x0a00   0x0002   0x0000   0x0000   1.677984  3.000000  4.677984
07     0x0a00  0x0002   0x0000   0x001e   0x0000   1.677984  5.000000  6.677984
08     0x0002  0x0000   0x001e   0x060a   0x0000   1.677984  3.000000  4.677984
09     0x0000  0x001e   0x060a   0x0012   0x0000   1.677984  5.000000  6.677984
10     0x001e  0x060a   0x0012   0x4400    -   
------------------ 
9 Round CHAM-64 Total Weight: -41.101852 
Update: 10   RX_Bn_w: 41.101852  --Time: 0.00 seconds. ==>>
round----X0------X1-------X2-------X3-----zeta-----Pr_zeta----Pr_XOR-----Pr-RX 
01     0x0000  0x0000   0x0000   0x0000   0x0000   1.677984  0.000000  1.677984
02     0x0000  0x0000   0x0000   0x0000   0x0000   1.677984  2.000000  3.677984
03     0x0000  0x0000   0x0000   0x000a   0x0000   1.677984  2.000000  3.677984
04     0x0000  0x0000   0x000a   0x0a00   0x0000   1.677984  4.000000  5.677984
05     0x0000  0x000a   0x0a00   0x0002   0x0000   1.677984  2.000000  3.677984
06     0x000a  0x0a00   0x0002   0x0000   0x0000   1.677984  3.000000  4.677984
07     0x0a00  0x0002   0x0000   0x001e   0x0000   1.677984  5.000000  6.677984
08     0x0002  0x0000   0x001e   0x060a   0x0000   1.677984  3.000000  4.677984
09     0x0000  0x001e   0x060a   0x0012   0x0000   1.677984  5.000000  6.677984
10     0x001e  0x060a   0x0012   0x5400    -   
------------------ 
9 Round CHAM-64 Total Weight: -41.101852 
Update: 11   RX_Bn_w: 41.101852  --Time: 0.00 seconds. ==>>
round----X0------X1-------X2-------X3-----zeta-----Pr_zeta----Pr_XOR-----Pr-RX 
01     0x0000  0x0000   0x0000   0x0000   0x0000   1.677984  0.000000  1.677984
02     0x0000  0x0000   0x0000   0x0000   0x0000   1.677984  2.000000  3.677984
03     0x0000  0x0000   0x0000   0x000a   0x0000   1.677984  2.000000  3.677984
04     0x0000  0x0000   0x000a   0x0a00   0x0000   1.677984  4.000000  5.677984
05     0x0000  0x000a   0x0a00   0x0002   0x0000   1.677984  2.000000  3.677984
06     0x000a  0x0a00   0x0002   0x0000   0x0000   1.677984  3.000000  4.677984
07     0x0a00  0x0002   0x0000   0x001e   0x0000   1.677984  5.000000  6.677984
08     0x0002  0x0000   0x001e   0x060a   0x0000   1.677984  3.000000  4.677984
09     0x0000  0x001e   0x060a   0x0012   0x0000   1.677984  5.000000  6.677984
10     0x001e  0x060a   0x0012   0xcc00    -   
------------------ 
9 Round CHAM-64 Total Weight: -41.101852 
Update: 12   RX_Bn_w: 41.101852  --Time: 0.00 seconds. ==>>
round----X0------X1-------X2-------X3-----zeta-----Pr_zeta----Pr_XOR-----Pr-RX 
01     0x0000  0x0000   0x0000   0x0000   0x0000   1.677984  0.000000  1.677984
02     0x0000  0x0000   0x0000   0x0000   0x0000   1.677984  2.000000  3.677984
03     0x0000  0x0000   0x0000   0x000a   0x0000   1.677984  2.000000  3.677984
04     0x0000  0x0000   0x000a   0x0a00   0x0000   1.677984  4.000000  5.677984
05     0x0000  0x000a   0x0a00   0x0002   0x0000   1.677984  2.000000  3.677984
06     0x000a  0x0a00   0x0002   0x0000   0x0000   1.677984  3.000000  4.677984
07     0x0a00  0x0002   0x0000   0x001e   0x0000   1.677984  5.000000  6.677984
08     0x0002  0x0000   0x001e   0x060a   0x0000   1.677984  3.000000  4.677984
09     0x0000  0x001e   0x060a   0x0012   0x0000   1.677984  5.000000  6.677984
10     0x001e  0x060a   0x0012   0xe400    -   
------------------ 
9 Round CHAM-64 Total Weight: -41.101852 
Update: 13   RX_Bn_w: 41.101852  --Time: 0.00 seconds. ==>>
round----X0------X1-------X2-------X3-----zeta-----Pr_zeta----Pr_XOR-----Pr-RX 
01     0x0000  0x0000   0x0000   0x0000   0x0000   1.677984  0.000000  1.677984
02     0x0000  0x0000   0x0000   0x0000   0x0000   1.677984  2.000000  3.677984
03     0x0000  0x0000   0x0000   0x000a   0x0000   1.677984  2.000000  3.677984
04     0x0000  0x0000   0x000a   0x0a00   0x0000   1.677984  4.000000  5.677984
05     0x0000  0x000a   0x0a00   0x0002   0x0000   1.677984  2.000000  3.677984
06     0x000a  0x0a00   0x0002   0x0000   0x0000   1.677984  3.000000  4.677984
07     0x0a00  0x0002   0x0000   0x001e   0x0000   1.677984  5.000000  6.677984
08     0x0002  0x0000   0x001e   0x060a   0x0000   1.677984  3.000000  4.677984
09     0x0000  0x001e   0x060a   0x0012   0x0000   1.677984  5.000000  6.677984
10     0x001e  0x060a   0x0012   0xf400    -   
------------------ 
9 Round CHAM-64 Total Weight: -41.101852 
Update: 14   RX_Bn_w: 42.101852  --Time: 0.00 seconds. ==>>
round----X0------X1-------X2-------X3-----zeta-----Pr_zeta----Pr_XOR-----Pr-RX 
01     0x0000  0x0000   0x0000   0x0000   0x0000   1.677984  0.000000  1.677984
02     0x0000  0x0000   0x0000   0x0000   0x0000   1.677984  2.000000  3.677984
03     0x0000  0x0000   0x0000   0x000a   0x0000   1.677984  2.000000  3.677984
04     0x0000  0x0000   0x000a   0x0a00   0x0000   1.677984  4.000000  5.677984
05     0x0000  0x000a   0x0a00   0x0002   0x0000   1.677984  2.000000  3.677984
06     0x000a  0x0a00   0x0002   0x0000   0x0000   1.677984  3.000000  4.677984
07     0x0a00  0x0002   0x0000   0x001e   0x0000   1.677984  5.000000  6.677984
08     0x0002  0x0000   0x001e   0x060a   0x0000   1.677984  3.000000  4.677984
09     0x0000  0x001e   0x060a   0x0012   0x0000   1.677984  6.000000  7.677984
10     0x001e  0x060a   0x0012   0xc400    -   
------------------ 
9 Round CHAM-64 Total Weight: -42.101852 
Update: 15   RX_Bn_w: 42.101852  --Time: 0.00 seconds. ==>>
round----X0------X1-------X2-------X3-----zeta-----Pr_zeta----Pr_XOR-----Pr-RX 
01     0x0000  0x0000   0x0000   0x0000   0x0000   1.677984  0.000000  1.677984
02     0x0000  0x0000   0x0000   0x0000   0x0000   1.677984  2.000000  3.677984
03     0x0000  0x0000   0x0000   0x000a   0x0000   1.677984  2.000000  3.677984
04     0x0000  0x0000   0x000a   0x0a00   0x0000   1.677984  4.000000  5.677984
05     0x0000  0x000a   0x0a00   0x0002   0x0000   1.677984  2.000000  3.677984
06     0x000a  0x0a00   0x0002   0x0000   0x0000   1.677984  3.000000  4.677984
07     0x0a00  0x0002   0x0000   0x001e   0x0000   1.677984  5.000000  6.677984
08     0x0002  0x0000   0x001e   0x060a   0x0000   1.677984  3.000000  4.677984
09     0x0000  0x001e   0x060a   0x0012   0x0000   1.677984  6.000000  7.677984
10     0x001e  0x060a   0x0012   0xd400    -   
------------------ 
9 Round CHAM-64 Total Weight: -42.101852 
Update: 16   RX_Bn_w: 40.102032  --Time: 0.00 seconds. ==>>
round----X0------X1-------X2-------X3-----zeta-----Pr_zeta----Pr_XOR-----Pr-RX 
01     0x0000  0x0000   0x0000   0x0000   0x0000   1.677984  0.000000  1.677984
02     0x0000  0x0000   0x0000   0x0000   0x0000   1.677984  2.000000  3.677984
03     0x0000  0x0000   0x0000   0x000a   0x0000   1.677984  2.000000  3.677984
04     0x0000  0x0000   0x000a   0x0a00   0x0000   1.677984  4.000000  5.677984
05     0x0000  0x000a   0x0a00   0x0002   0x0000   1.677984  2.000000  3.677984
06     0x000a  0x0a00   0x0002   0x0000   0x0000   1.677984  3.000000  4.677984
07     0x0a00  0x0002   0x0000   0x001e   0x0000   1.677984  5.000000  6.677984
08     0x0002  0x0000   0x001e   0x060a   0x0001   2.678160  3.000000  5.678160
09     0x0000  0x001e   0x060a   0x0010   0x0000   1.677984  3.000000  4.677984
10     0x001e  0x060a   0x0010   0x0c00    -   
------------------ 
9 Round CHAM-64 Total Weight: -40.102032 
Update: 17   RX_Bn_w: 40.102032  --Time: 0.00 seconds. ==>>
round----X0------X1-------X2-------X3-----zeta-----Pr_zeta----Pr_XOR-----Pr-RX 
01     0x0000  0x0000   0x0000   0x0000   0x0000   1.677984  0.000000  1.677984
02     0x0000  0x0000   0x0000   0x0000   0x0000   1.677984  2.000000  3.677984
03     0x0000  0x0000   0x0000   0x000a   0x0000   1.677984  2.000000  3.677984
04     0x0000  0x0000   0x000a   0x0a00   0x0000   1.677984  4.000000  5.677984
05     0x0000  0x000a   0x0a00   0x0002   0x0000   1.677984  2.000000  3.677984
06     0x000a  0x0a00   0x0002   0x0000   0x0000   1.677984  3.000000  4.677984
07     0x0a00  0x0002   0x0000   0x001e   0x0000   1.677984  5.000000  6.677984
08     0x0002  0x0000   0x001e   0x060a   0x0001   2.678160  3.000000  5.678160
09     0x0000  0x001e   0x060a   0x0010   0x0000   1.677984  3.000000  4.677984
10     0x001e  0x060a   0x0010   0x6c00    -   
------------------ 
9 Round CHAM-64 Total Weight: -40.102032 
Update: 18   RX_Bn_w: 41.102032  --Time: 0.00 seconds. ==>>
round----X0------X1-------X2-------X3-----zeta-----Pr_zeta----Pr_XOR-----Pr-RX 
01     0x0000  0x0000   0x0000   0x0000   0x0000   1.677984  0.000000  1.677984
02     0x0000  0x0000   0x0000   0x0000   0x0000   1.677984  2.000000  3.677984
03     0x0000  0x0000   0x0000   0x000a   0x0000   1.677984  2.000000  3.677984
04     0x0000  0x0000   0x000a   0x0a00   0x0000   1.677984  4.000000  5.677984
05     0x0000  0x000a   0x0a00   0x0002   0x0000   1.677984  2.000000  3.677984
06     0x000a  0x0a00   0x0002   0x0000   0x0000   1.677984  3.000000  4.677984
07     0x0a00  0x0002   0x0000   0x001e   0x0000   1.677984  5.000000  6.677984
08     0x0002  0x0000   0x001e   0x060a   0x0001   2.678160  3.000000  5.678160
09     0x0000  0x001e   0x060a   0x0010   0x0000   1.677984  4.000000  5.677984
10     0x001e  0x060a   0x0010   0x0400    -   
------------------ 
9 Round CHAM-64 Total Weight: -41.102032 
Update: 19   RX_Bn_w: 41.102032  --Time: 0.00 seconds. ==>>
round----X0------X1-------X2-------X3-----zeta-----Pr_zeta----Pr_XOR-----Pr-RX 
01     0x0000  0x0000   0x0000   0x0000   0x0000   1.677984  0.000000  1.677984
02     0x0000  0x0000   0x0000   0x0000   0x0000   1.677984  2.000000  3.677984
03     0x0000  0x0000   0x0000   0x000a   0x0000   1.677984  2.000000  3.677984
04     0x0000  0x0000   0x000a   0x0a00   0x0000   1.677984  4.000000  5.677984
05     0x0000  0x000a   0x0a00   0x0002   0x0000   1.677984  2.000000  3.677984
06     0x000a  0x0a00   0x0002   0x0000   0x0000   1.677984  3.000000  4.677984
07     0x0a00  0x0002   0x0000   0x001e   0x0000   1.677984  5.000000  6.677984
08     0x0002  0x0000   0x001e   0x060a   0x0001   2.678160  3.000000  5.678160
09     0x0000  0x001e   0x060a   0x0010   0x0000   1.677984  4.000000  5.677984
10     0x001e  0x060a   0x0010   0x1400    -   
------------------ 
9 Round CHAM-64 Total Weight: -41.102032 
Update: 20   RX_Bn_w: 41.102032  --Time: 0.00 seconds. ==>>
round----X0------X1-------X2-------X3-----zeta-----Pr_zeta----Pr_XOR-----Pr-RX 
01     0x0000  0x0000   0x0000   0x0000   0x0000   1.677984  0.000000  1.677984
02     0x0000  0x0000   0x0000   0x0000   0x0000   1.677984  2.000000  3.677984
03     0x0000  0x0000   0x0000   0x000a   0x0000   1.677984  2.000000  3.677984
04     0x0000  0x0000   0x000a   0x0a00   0x0000   1.677984  4.000000  5.677984
05     0x0000  0x000a   0x0a00   0x0002   0x0000   1.677984  2.000000  3.677984
06     0x000a  0x0a00   0x0002   0x0000   0x0000   1.677984  3.000000  4.677984
07     0x0a00  0x0002   0x0000   0x001e   0x0000   1.677984  5.000000  6.677984
08     0x0002  0x0000   0x001e   0x060a   0x0001   2.678160  3.000000  5.678160
09     0x0000  0x001e   0x060a   0x0010   0x0000   1.677984  4.000000  5.677984
10     0x001e  0x060a   0x0010   0x4c00    -   
------------------ 
9 Round CHAM-64 Total Weight: -41.102032 
Update: 21   RX_Bn_w: 41.102032  --Time: 0.00 seconds. ==>>
round----X0------X1-------X2-------X3-----zeta-----Pr_zeta----Pr_XOR-----Pr-RX 
01     0x0000  0x0000   0x0000   0x0000   0x0000   1.677984  0.000000  1.677984
02     0x0000  0x0000   0x0000   0x0000   0x0000   1.677984  2.000000  3.677984
03     0x0000  0x0000   0x0000   0x000a   0x0000   1.677984  2.000000  3.677984
04     0x0000  0x0000   0x000a   0x0a00   0x0000   1.677984  4.000000  5.677984
05     0x0000  0x000a   0x0a00   0x0002   0x0000   1.677984  2.000000  3.677984
06     0x000a  0x0a00   0x0002   0x0000   0x0000   1.677984  3.000000  4.677984
07     0x0a00  0x0002   0x0000   0x001e   0x0000   1.677984  5.000000  6.677984
08     0x0002  0x0000   0x001e   0x060a   0x0001   2.678160  3.000000  5.678160
09     0x0000  0x001e   0x060a   0x0010   0x0000   1.677984  4.000000  5.677984
10     0x001e  0x060a   0x0010   0x6400    -   
------------------ 
9 Round CHAM-64 Total Weight: -41.102032 
Update: 22   RX_Bn_w: 41.102032  --Time: 0.00 seconds. ==>>
round----X0------X1-------X2-------X3-----zeta-----Pr_zeta----Pr_XOR-----Pr-RX 
01     0x0000  0x0000   0x0000   0x0000   0x0000   1.677984  0.000000  1.677984
02     0x0000  0x0000   0x0000   0x0000   0x0000   1.677984  2.000000  3.677984
03     0x0000  0x0000   0x0000   0x000a   0x0000   1.677984  2.000000  3.677984
04     0x0000  0x0000   0x000a   0x0a00   0x0000   1.677984  4.000000  5.677984
05     0x0000  0x000a   0x0a00   0x0002   0x0000   1.677984  2.000000  3.677984
06     0x000a  0x0a00   0x0002   0x0000   0x0000   1.677984  3.000000  4.677984
07     0x0a00  0x0002   0x0000   0x001e   0x0000   1.677984  5.000000  6.677984
08     0x0002  0x0000   0x001e   0x060a   0x0001   2.678160  3.000000  5.678160
09     0x0000  0x001e   0x060a   0x0010   0x0000   1.677984  4.000000  5.677984
10     0x001e  0x060a   0x0010   0x7400    -   
------------------ 
9 Round CHAM-64 Total Weight: -41.102032 
Update: 23   RX_Bn_w: 41.102032  --Time: 0.00 seconds. ==>>
round----X0------X1-------X2-------X3-----zeta-----Pr_zeta----Pr_XOR-----Pr-RX 
01     0x0000  0x0000   0x0000   0x0000   0x0000   1.677984  0.000000  1.677984
02     0x0000  0x0000   0x0000   0x0000   0x0000   1.677984  2.000000  3.677984
03     0x0000  0x0000   0x0000   0x000a   0x0000   1.677984  2.000000  3.677984
04     0x0000  0x0000   0x000a   0x0a00   0x0000   1.677984  4.000000  5.677984
05     0x0000  0x000a   0x0a00   0x0002   0x0000   1.677984  2.000000  3.677984
06     0x000a  0x0a00   0x0002   0x0000   0x0000   1.677984  3.000000  4.677984
07     0x0a00  0x0002   0x0000   0x001e   0x0000   1.677984  5.000000  6.677984
08     0x0002  0x0000   0x001e   0x060a   0x0001   2.678160  3.000000  5.678160
09     0x0000  0x001e   0x060a   0x0010   0x0000   1.677984  4.000000  5.677984
10     0x001e  0x060a   0x0010   0xec00    -   
------------------ 
9 Round CHAM-64 Total Weight: -41.102032 
Update: 24   RX_Bn_w: 40.102032  --Time: 0.00 seconds. ==>>
round----X0------X1-------X2-------X3-----zeta-----Pr_zeta----Pr_XOR-----Pr-RX 
01     0x0000  0x0000   0x0000   0x0000   0x0000   1.677984  0.000000  1.677984
02     0x0000  0x0000   0x0000   0x0000   0x0000   1.677984  2.000000  3.677984
03     0x0000  0x0000   0x0000   0x000a   0x0000   1.677984  2.000000  3.677984
04     0x0000  0x0000   0x000a   0x0a00   0x0000   1.677984  4.000000  5.677984
05     0x0000  0x000a   0x0a00   0x0002   0x0000   1.677984  2.000000  3.677984
06     0x000a  0x0a00   0x0002   0x0000   0x0000   1.677984  3.000000  4.677984
07     0x0a00  0x0002   0x0000   0x001e   0x0000   1.677984  5.000000  6.677984
08     0x0002  0x0000   0x001e   0x060a   0x0003   2.678160  3.000000  5.678160
09     0x0000  0x001e   0x060a   0x0014   0x0000   1.677984  3.000000  4.677984
10     0x001e  0x060a   0x0014   0x0c00    -   
------------------ 
9 Round CHAM-64 Total Weight: -40.102032 
Update: 25   RX_Bn_w: 40.102032  --Time: 0.00 seconds. ==>>
round----X0------X1-------X2-------X3-----zeta-----Pr_zeta----Pr_XOR-----Pr-RX 
01     0x0000  0x0000   0x0000   0x0000   0x0000   1.677984  0.000000  1.677984
02     0x0000  0x0000   0x0000   0x0000   0x0000   1.677984  2.000000  3.677984
03     0x0000  0x0000   0x0000   0x000a   0x0000   1.677984  2.000000  3.677984
04     0x0000  0x0000   0x000a   0x0a00   0x0000   1.677984  4.000000  5.677984
05     0x0000  0x000a   0x0a00   0x0002   0x0000   1.677984  2.000000  3.677984
06     0x000a  0x0a00   0x0002   0x0000   0x0000   1.677984  3.000000  4.677984
07     0x0a00  0x0002   0x0000   0x001e   0x0000   1.677984  5.000000  6.677984
08     0x0002  0x0000   0x001e   0x060a   0x0003   2.678160  3.000000  5.678160
09     0x0000  0x001e   0x060a   0x0014   0x0000   1.677984  3.000000  4.677984
10     0x001e  0x060a   0x0014   0x6c00    -   
------------------ 
9 Round CHAM-64 Total Weight: -40.102032 
Update: 26   RX_Bn_w: 39.101852  --Time: 0.00 seconds. ==>>
round----X0------X1-------X2-------X3-----zeta-----Pr_zeta----Pr_XOR-----Pr-RX 
01     0x0000  0x0000   0x0000   0x0000   0x0000   1.677984  0.000000  1.677984
02     0x0000  0x0000   0x0000   0x0000   0x0000   1.677984  2.000000  3.677984
03     0x0000  0x0000   0x0000   0x000a   0x0000   1.677984  2.000000  3.677984
04     0x0000  0x0000   0x000a   0x0a00   0x0000   1.677984  4.000000  5.677984
05     0x0000  0x000a   0x0a00   0x0002   0x0000   1.677984  2.000000  3.677984
06     0x000a  0x0a00   0x0002   0x0000   0x0000   1.677984  3.000000  4.677984
07     0x0a00  0x0002   0x0000   0x001e   0x0000   1.677984  5.000000  6.677984
08     0x0002  0x0000   0x001e   0x060a   0x0000   1.677984  3.000000  4.677984
09     0x0000  0x001e   0x060a   0x0032   0x0000   1.677984  3.000000  4.677984
10     0x001e  0x060a   0x0032   0x0c00    -   
------------------ 
9 Round CHAM-64 Total Weight: -39.101852 
Update: 27   RX_Bn_w: 39.101852  --Time: 0.00 seconds. ==>>
round----X0------X1-------X2-------X3-----zeta-----Pr_zeta----Pr_XOR-----Pr-RX 
01     0x0000  0x0000   0x0000   0x0000   0x0000   1.677984  0.000000  1.677984
02     0x0000  0x0000   0x0000   0x0000   0x0000   1.677984  2.000000  3.677984
03     0x0000  0x0000   0x0000   0x000a   0x0000   1.677984  2.000000  3.677984
04     0x0000  0x0000   0x000a   0x0a00   0x0000   1.677984  4.000000  5.677984
05     0x0000  0x000a   0x0a00   0x0002   0x0000   1.677984  2.000000  3.677984
06     0x000a  0x0a00   0x0002   0x0000   0x0000   1.677984  3.000000  4.677984
07     0x0a00  0x0002   0x0000   0x001e   0x0000   1.677984  5.000000  6.677984
08     0x0002  0x0000   0x001e   0x060a   0x0000   1.677984  3.000000  4.677984
09     0x0000  0x001e   0x060a   0x0032   0x0000   1.677984  3.000000  4.677984
10     0x001e  0x060a   0x0032   0x6c00    -   
------------------ 
9 Round CHAM-64 Total Weight: -39.101852 
Update: 28   RX_Bn_w: 40.101852  --Time: 0.00 seconds. ==>>
round----X0------X1-------X2-------X3-----zeta-----Pr_zeta----Pr_XOR-----Pr-RX 
01     0x0000  0x0000   0x0000   0x0000   0x0000   1.677984  0.000000  1.677984
02     0x0000  0x0000   0x0000   0x0000   0x0000   1.677984  2.000000  3.677984
03     0x0000  0x0000   0x0000   0x000a   0x0000   1.677984  2.000000  3.677984
04     0x0000  0x0000   0x000a   0x0a00   0x0000   1.677984  4.000000  5.677984
05     0x0000  0x000a   0x0a00   0x0002   0x0000   1.677984  2.000000  3.677984
06     0x000a  0x0a00   0x0002   0x0000   0x0000   1.677984  3.000000  4.677984
07     0x0a00  0x0002   0x0000   0x001e   0x0000   1.677984  5.000000  6.677984
08     0x0002  0x0000   0x001e   0x060a   0x0000   1.677984  3.000000  4.677984
09     0x0000  0x001e   0x060a   0x0032   0x0000   1.677984  4.000000  5.677984
10     0x001e  0x060a   0x0032   0x0400    -   
------------------ 
9 Round CHAM-64 Total Weight: -40.101852 
Update: 29   RX_Bn_w: 40.101852  --Time: 0.00 seconds. ==>>
round----X0------X1-------X2-------X3-----zeta-----Pr_zeta----Pr_XOR-----Pr-RX 
01     0x0000  0x0000   0x0000   0x0000   0x0000   1.677984  0.000000  1.677984
02     0x0000  0x0000   0x0000   0x0000   0x0000   1.677984  2.000000  3.677984
03     0x0000  0x0000   0x0000   0x000a   0x0000   1.677984  2.000000  3.677984
04     0x0000  0x0000   0x000a   0x0a00   0x0000   1.677984  4.000000  5.677984
05     0x0000  0x000a   0x0a00   0x0002   0x0000   1.677984  2.000000  3.677984
06     0x000a  0x0a00   0x0002   0x0000   0x0000   1.677984  3.000000  4.677984
07     0x0a00  0x0002   0x0000   0x001e   0x0000   1.677984  5.000000  6.677984
08     0x0002  0x0000   0x001e   0x060a   0x0000   1.677984  3.000000  4.677984
09     0x0000  0x001e   0x060a   0x0032   0x0000   1.677984  4.000000  5.677984
10     0x001e  0x060a   0x0032   0x1400    -   
------------------ 
9 Round CHAM-64 Total Weight: -40.101852 
Update: 30   RX_Bn_w: 40.101852  --Time: 0.00 seconds. ==>>
round----X0------X1-------X2-------X3-----zeta-----Pr_zeta----Pr_XOR-----Pr-RX 
01     0x0000  0x0000   0x0000   0x0000   0x0000   1.677984  0.000000  1.677984
02     0x0000  0x0000   0x0000   0x0000   0x0000   1.677984  2.000000  3.677984
03     0x0000  0x0000   0x0000   0x000a   0x0000   1.677984  2.000000  3.677984
04     0x0000  0x0000   0x000a   0x0a00   0x0000   1.677984  4.000000  5.677984
05     0x0000  0x000a   0x0a00   0x0002   0x0000   1.677984  2.000000  3.677984
06     0x000a  0x0a00   0x0002   0x0000   0x0000   1.677984  3.000000  4.677984
07     0x0a00  0x0002   0x0000   0x001e   0x0000   1.677984  5.000000  6.677984
08     0x0002  0x0000   0x001e   0x060a   0x0000   1.677984  3.000000  4.677984
09     0x0000  0x001e   0x060a   0x0032   0x0000   1.677984  4.000000  5.677984
10     0x001e  0x060a   0x0032   0x4c00    -   
------------------ 
9 Round CHAM-64 Total Weight: -40.101852 
Update: 31   RX_Bn_w: 40.101852  --Time: 0.00 seconds. ==>>
round----X0------X1-------X2-------X3-----zeta-----Pr_zeta----Pr_XOR-----Pr-RX 
01     0x0000  0x0000   0x0000   0x0000   0x0000   1.677984  0.000000  1.677984
02     0x0000  0x0000   0x0000   0x0000   0x0000   1.677984  2.000000  3.677984
03     0x0000  0x0000   0x0000   0x000a   0x0000   1.677984  2.000000  3.677984
04     0x0000  0x0000   0x000a   0x0a00   0x0000   1.677984  4.000000  5.677984
05     0x0000  0x000a   0x0a00   0x0002   0x0000   1.677984  2.000000  3.677984
06     0x000a  0x0a00   0x0002   0x0000   0x0000   1.677984  3.000000  4.677984
07     0x0a00  0x0002   0x0000   0x001e   0x0000   1.677984  5.000000  6.677984
08     0x0002  0x0000   0x001e   0x060a   0x0000   1.677984  3.000000  4.677984
09     0x0000  0x001e   0x060a   0x0032   0x0000   1.677984  4.000000  5.677984
10     0x001e  0x060a   0x0032   0x6400    -   
------------------ 
9 Round CHAM-64 Total Weight: -40.101852 
Update: 32   RX_Bn_w: 40.101852  --Time: 0.00 seconds. ==>>
round----X0------X1-------X2-------X3-----zeta-----Pr_zeta----Pr_XOR-----Pr-RX 
01     0x0000  0x0000   0x0000   0x0000   0x0000   1.677984  0.000000  1.677984
02     0x0000  0x0000   0x0000   0x0000   0x0000   1.677984  2.000000  3.677984
03     0x0000  0x0000   0x0000   0x000a   0x0000   1.677984  2.000000  3.677984
04     0x0000  0x0000   0x000a   0x0a00   0x0000   1.677984  4.000000  5.677984
05     0x0000  0x000a   0x0a00   0x0002   0x0000   1.677984  2.000000  3.677984
06     0x000a  0x0a00   0x0002   0x0000   0x0000   1.677984  3.000000  4.677984
07     0x0a00  0x0002   0x0000   0x001e   0x0000   1.677984  5.000000  6.677984
08     0x0002  0x0000   0x001e   0x060a   0x0000   1.677984  3.000000  4.677984
09     0x0000  0x001e   0x060a   0x0032   0x0000   1.677984  4.000000  5.677984
10     0x001e  0x060a   0x0032   0x7400    -   
------------------ 
9 Round CHAM-64 Total Weight: -40.101852 
Update: 33   RX_Bn_w: 40.101852  --Time: 0.00 seconds. ==>>
round----X0------X1-------X2-------X3-----zeta-----Pr_zeta----Pr_XOR-----Pr-RX 
01     0x0000  0x0000   0x0000   0x0000   0x0000   1.677984  0.000000  1.677984
02     0x0000  0x0000   0x0000   0x0000   0x0000   1.677984  2.000000  3.677984
03     0x0000  0x0000   0x0000   0x000a   0x0000   1.677984  2.000000  3.677984
04     0x0000  0x0000   0x000a   0x0a00   0x0000   1.677984  4.000000  5.677984
05     0x0000  0x000a   0x0a00   0x0002   0x0000   1.677984  2.000000  3.677984
06     0x000a  0x0a00   0x0002   0x0000   0x0000   1.677984  3.000000  4.677984
07     0x0a00  0x0002   0x0000   0x001e   0x0000   1.677984  5.000000  6.677984
08     0x0002  0x0000   0x001e   0x060a   0x0000   1.677984  3.000000  4.677984
09     0x0000  0x001e   0x060a   0x0032   0x0000   1.677984  4.000000  5.677984
10     0x001e  0x060a   0x0032   0xec00    -   
------------------ 
9 Round CHAM-64 Total Weight: -40.101852 
Update: 34   RX_Bn_w: 39.101852  --Time: 0.00 seconds. ==>>
round----X0------X1-------X2-------X3-----zeta-----Pr_zeta----Pr_XOR-----Pr-RX 
01     0x0000  0x0000   0x0000   0x0000   0x0000   1.677984  0.000000  1.677984
02     0x0000  0x0000   0x0000   0x0000   0x0000   1.677984  2.000000  3.677984
03     0x0000  0x0000   0x0000   0x000a   0x0000   1.677984  2.000000  3.677984
04     0x0000  0x0000   0x000a   0x0a00   0x0000   1.677984  4.000000  5.677984
05     0x0000  0x000a   0x0a00   0x0002   0x0000   1.677984  2.000000  3.677984
06     0x000a  0x0a00   0x0002   0x0000   0x0000   1.677984  3.000000  4.677984
07     0x0a00  0x0002   0x0000   0x001e   0x0000   1.677984  5.000000  6.677984
08     0x0002  0x0000   0x001e   0x160a   0x0000   1.677984  3.000000  4.677984
09     0x0000  0x001e   0x160a   0x0012   0x0000   1.677984  3.000000  4.677984
10     0x001e  0x160a   0x0012   0x0c00    -   
------------------ 
9 Round CHAM-64 Total Weight: -39.101852 
Update: 35   RX_Bn_w: 39.101852  --Time: 0.00 seconds. ==>>
round----X0------X1-------X2-------X3-----zeta-----Pr_zeta----Pr_XOR-----Pr-RX 
01     0x0000  0x0000   0x0000   0x0000   0x0000   1.677984  0.000000  1.677984
02     0x0000  0x0000   0x0000   0x0000   0x0000   1.677984  2.000000  3.677984
03     0x0000  0x0000   0x0000   0x000a   0x0000   1.677984  2.000000  3.677984
04     0x0000  0x0000   0x000a   0x0a00   0x0000   1.677984  4.000000  5.677984
05     0x0000  0x000a   0x0a00   0x0002   0x0000   1.677984  2.000000  3.677984
06     0x000a  0x0a00   0x0002   0x0000   0x0000   1.677984  3.000000  4.677984
07     0x0a00  0x0002   0x0000   0x001e   0x0000   1.677984  5.000000  6.677984
08     0x0002  0x0000   0x001e   0x160a   0x0000   1.677984  3.000000  4.677984
09     0x0000  0x001e   0x160a   0x0012   0x0000   1.677984  3.000000  4.677984
10     0x001e  0x160a   0x0012   0x6c00    -   
------------------ 
9 Round CHAM-64 Total Weight: -39.101852 
Update: 36   RX_Bn_w: 38.101852  --Time: 0.00 seconds. ==>>
round----X0------X1-------X2-------X3-----zeta-----Pr_zeta----Pr_XOR-----Pr-RX 
01     0x0000  0x0000   0x0000   0x0000   0x0000   1.677984  0.000000  1.677984
02     0x0000  0x0000   0x0000   0x0000   0x0000   1.677984  2.000000  3.677984
03     0x0000  0x0000   0x0000   0x000a   0x0000   1.677984  2.000000  3.677984
04     0x0000  0x0000   0x000a   0x0a00   0x0000   1.677984  4.000000  5.677984
05     0x0000  0x000a   0x0a00   0x000a   0x0000   1.677984  2.000000  3.677984
06     0x000a  0x0a00   0x000a   0x0000   0x0000   1.677984  3.000000  4.677984
07     0x0a00  0x000a   0x0000   0x001e   0x0000   1.677984  5.000000  6.677984
08     0x000a  0x0000   0x001e   0x060a   0x0000   1.677984  2.000000  3.677984
09     0x0000  0x001e   0x060a   0x0022   0x0000   1.677984  3.000000  4.677984
10     0x001e  0x060a   0x0022   0x0c00    -   
------------------ 
9 Round CHAM-64 Total Weight: -38.101852 
Update: 37   RX_Bn_w: 38.101852  --Time: 0.00 seconds. ==>>
round----X0------X1-------X2-------X3-----zeta-----Pr_zeta----Pr_XOR-----Pr-RX 
01     0x0000  0x0000   0x0000   0x0000   0x0000   1.677984  0.000000  1.677984
02     0x0000  0x0000   0x0000   0x0000   0x0000   1.677984  2.000000  3.677984
03     0x0000  0x0000   0x0000   0x000a   0x0000   1.677984  2.000000  3.677984
04     0x0000  0x0000   0x000a   0x0a00   0x0000   1.677984  4.000000  5.677984
05     0x0000  0x000a   0x0a00   0x000a   0x0000   1.677984  2.000000  3.677984
06     0x000a  0x0a00   0x000a   0x0000   0x0000   1.677984  3.000000  4.677984
07     0x0a00  0x000a   0x0000   0x001e   0x0000   1.677984  5.000000  6.677984
08     0x000a  0x0000   0x001e   0x060a   0x0000   1.677984  2.000000  3.677984
09     0x0000  0x001e   0x060a   0x0022   0x0000   1.677984  3.000000  4.677984
10     0x001e  0x060a   0x0022   0x6c00    -   
------------------ 
9 Round CHAM-64 Total Weight: -38.101852 
Update: 38   RX_Bn_w: 37.101852  --Time: 0.00 seconds. ==>>
round----X0------X1-------X2-------X3-----zeta-----Pr_zeta----Pr_XOR-----Pr-RX 
01     0x0000  0x0000   0x0000   0x0000   0x0000   1.677984  0.000000  1.677984
02     0x0000  0x0000   0x0000   0x0000   0x0000   1.677984  2.000000  3.677984
03     0x0000  0x0000   0x0000   0x000a   0x0000   1.677984  2.000000  3.677984
04     0x0000  0x0000   0x000a   0x0a00   0x0000   1.677984  4.000000  5.677984
05     0x0000  0x000a   0x0a00   0x001a   0x0000   1.677984  2.000000  3.677984
06     0x000a  0x0a00   0x001a   0x0000   0x0000   1.677984  3.000000  4.677984
07     0x0a00  0x001a   0x0000   0x001e   0x0000   1.677984  5.000000  6.677984
08     0x001a  0x0000   0x001e   0x160a   0x0000   1.677984  1.000000  2.677984
09     0x0000  0x001e   0x160a   0x0002   0x0000   1.677984  3.000000  4.677984
10     0x001e  0x160a   0x0002   0x0c00    -   
------------------ 
9 Round CHAM-64 Total Weight: -37.101852 
Update: 39   RX_Bn_w: 37.101852  --Time: 0.00 seconds. ==>>
round----X0------X1-------X2-------X3-----zeta-----Pr_zeta----Pr_XOR-----Pr-RX 
01     0x0000  0x0000   0x0000   0x0000   0x0000   1.677984  0.000000  1.677984
02     0x0000  0x0000   0x0000   0x0000   0x0000   1.677984  2.000000  3.677984
03     0x0000  0x0000   0x0000   0x000a   0x0000   1.677984  2.000000  3.677984
04     0x0000  0x0000   0x000a   0x0a00   0x0000   1.677984  4.000000  5.677984
05     0x0000  0x000a   0x0a00   0x001a   0x0000   1.677984  2.000000  3.677984
06     0x000a  0x0a00   0x001a   0x0000   0x0000   1.677984  3.000000  4.677984
07     0x0a00  0x001a   0x0000   0x001e   0x0000   1.677984  5.000000  6.677984
08     0x001a  0x0000   0x001e   0x160a   0x0000   1.677984  1.000000  2.677984
09     0x0000  0x001e   0x160a   0x0002   0x0000   1.677984  3.000000  4.677984
10     0x001e  0x160a   0x0002   0x6c00    -   
------------------ 
9 Round CHAM-64 Total Weight: -37.101852 
Update: 40   RX_Bn_w: 36.838993  --Time: 0.00 seconds. ==>>
round----X0------X1-------X2-------X3-----zeta-----Pr_zeta----Pr_XOR-----Pr-RX 
01     0x0000  0x0000   0x0000   0x0005   0x0000   1.677984  0.000000  1.677984
02     0x0000  0x0000   0x0005   0x0000   0x0000   1.677984  2.000000  3.677984
03     0x0000  0x0005   0x0000   0x000a   0x0000   1.677984  2.000000  3.677984
04     0x0005  0x0000   0x000a   0x0000   0x0005   4.415126  2.000000  6.415126
05     0x0000  0x000a   0x0000   0x001e   0x0000   1.677984  2.000000  3.677984
06     0x000a  0x0000   0x001e   0x0000   0x0000   1.677984  4.000000  5.677984
07     0x0000  0x001e   0x0000   0x0012   0x0000   1.677984  2.000000  3.677984
08     0x001e  0x0000   0x0012   0x1e00   0x0000   1.677984  2.000000  3.677984
09     0x0000  0x0012   0x1e00   0x000a   0x0000   1.677984  3.000000  4.677984
10     0x0012  0x1e00   0x000a   0x0400    -   
------------------ 
9 Round CHAM-64 Total Weight: -36.838993 
Update: 41   RX_Bn_w: 36.838993  --Time: 0.00 seconds. ==>>
round----X0------X1-------X2-------X3-----zeta-----Pr_zeta----Pr_XOR-----Pr-RX 
01     0x0000  0x0000   0x0000   0x0005   0x0000   1.677984  0.000000  1.677984
02     0x0000  0x0000   0x0005   0x0000   0x0000   1.677984  2.000000  3.677984
03     0x0000  0x0005   0x0000   0x000a   0x0000   1.677984  2.000000  3.677984
04     0x0005  0x0000   0x000a   0x0000   0x0005   4.415126  2.000000  6.415126
05     0x0000  0x000a   0x0000   0x001e   0x0000   1.677984  2.000000  3.677984
06     0x000a  0x0000   0x001e   0x0000   0x0000   1.677984  4.000000  5.677984
07     0x0000  0x001e   0x0000   0x0012   0x0000   1.677984  2.000000  3.677984
08     0x001e  0x0000   0x0012   0x1e00   0x0000   1.677984  2.000000  3.677984
09     0x0000  0x0012   0x1e00   0x000a   0x0000   1.677984  3.000000  4.677984
10     0x0012  0x1e00   0x000a   0x0c00    -   
------------------ 
9 Round CHAM-64 Total Weight: -36.838993 
Update: 42   RX_Bn_w: 36.102032  --Time: 0.00 seconds. ==>>
round----X0------X1-------X2-------X3-----zeta-----Pr_zeta----Pr_XOR-----Pr-RX 
01     0x0000  0x0000   0x0000   0x0005   0x0000   1.677984  0.000000  1.677984
02     0x0000  0x0000   0x0005   0x0000   0x0000   1.677984  2.000000  3.677984
03     0x0000  0x0005   0x0000   0x000a   0x0000   1.677984  2.000000  3.677984
04     0x0005  0x0000   0x000a   0x0000   0x0001   2.678160  3.000000  5.678160
05     0x0000  0x000a   0x0000   0x001e   0x0000   1.677984  2.000000  3.677984
06     0x000a  0x0000   0x001e   0x0000   0x0000   1.677984  4.000000  5.677984
07     0x0000  0x001e   0x0000   0x0012   0x0000   1.677984  2.000000  3.677984
08     0x001e  0x0000   0x0012   0x1e00   0x0000   1.677984  2.000000  3.677984
09     0x0000  0x0012   0x1e00   0x000a   0x0000   1.677984  3.000000  4.677984
10     0x0012  0x1e00   0x000a   0x0400    -   
------------------ 
9 Round CHAM-64 Total Weight: -36.102032 
Update: 43   RX_Bn_w: 36.102032  --Time: 0.00 seconds. ==>>
round----X0------X1-------X2-------X3-----zeta-----Pr_zeta----Pr_XOR-----Pr-RX 
01     0x0000  0x0000   0x0000   0x0005   0x0000   1.677984  0.000000  1.677984
02     0x0000  0x0000   0x0005   0x0000   0x0000   1.677984  2.000000  3.677984
03     0x0000  0x0005   0x0000   0x000a   0x0000   1.677984  2.000000  3.677984
04     0x0005  0x0000   0x000a   0x0000   0x0001   2.678160  3.000000  5.678160
05     0x0000  0x000a   0x0000   0x001e   0x0000   1.677984  2.000000  3.677984
06     0x000a  0x0000   0x001e   0x0000   0x0000   1.677984  4.000000  5.677984
07     0x0000  0x001e   0x0000   0x0012   0x0000   1.677984  2.000000  3.677984
08     0x001e  0x0000   0x0012   0x1e00   0x0000   1.677984  2.000000  3.677984
09     0x0000  0x0012   0x1e00   0x000a   0x0000   1.677984  3.000000  4.677984
10     0x0012  0x1e00   0x000a   0x0c00    -   
------------------ 
9 Round CHAM-64 Total Weight: -36.102032 
Update: 44   RX_Bn_w: 36.102032  --Time: 0.00 seconds. ==>>
round----X0------X1-------X2-------X3-----zeta-----Pr_zeta----Pr_XOR-----Pr-RX 
01     0x0000  0x0000   0x0000   0x0005   0x0000   1.677984  0.000000  1.677984
02     0x0000  0x0000   0x0005   0x0000   0x0000   1.677984  2.000000  3.677984
03     0x0000  0x0005   0x0000   0x000a   0x0000   1.677984  2.000000  3.677984
04     0x0005  0x0000   0x000a   0x0000   0x0001   2.678160  3.000000  5.678160
05     0x0000  0x000a   0x0000   0x001e   0x0000   1.677984  2.000000  3.677984
06     0x000a  0x0000   0x001e   0x0000   0x0000   1.677984  4.000000  5.677984
07     0x0000  0x001e   0x0000   0x0016   0x0000   1.677984  2.000000  3.677984
08     0x001e  0x0000   0x0016   0x1e00   0x0000   1.677984  2.000000  3.677984
09     0x0000  0x0016   0x1e00   0x000a   0x0000   1.677984  3.000000  4.677984
10     0x0016  0x1e00   0x000a   0x0400    -   
------------------ 
9 Round CHAM-64 Total Weight: -36.102032 
Update: 45   RX_Bn_w: 36.102032  --Time: 0.00 seconds. ==>>
round----X0------X1-------X2-------X3-----zeta-----Pr_zeta----Pr_XOR-----Pr-RX 
01     0x0000  0x0000   0x0000   0x0005   0x0000   1.677984  0.000000  1.677984
02     0x0000  0x0000   0x0005   0x0000   0x0000   1.677984  2.000000  3.677984
03     0x0000  0x0005   0x0000   0x000a   0x0000   1.677984  2.000000  3.677984
04     0x0005  0x0000   0x000a   0x0000   0x0001   2.678160  3.000000  5.678160
05     0x0000  0x000a   0x0000   0x001e   0x0000   1.677984  2.000000  3.677984
06     0x000a  0x0000   0x001e   0x0000   0x0000   1.677984  4.000000  5.677984
07     0x0000  0x001e   0x0000   0x0016   0x0000   1.677984  2.000000  3.677984
08     0x001e  0x0000   0x0016   0x1e00   0x0000   1.677984  2.000000  3.677984
09     0x0000  0x0016   0x1e00   0x000a   0x0000   1.677984  3.000000  4.677984
10     0x0016  0x1e00   0x000a   0x1c00    -   
------------------ 
9 Round CHAM-64 Total Weight: -36.102032 
Update: 46   RX_Bn_w: 36.102032  --Time: 0.00 seconds. ==>>
round----X0------X1-------X2-------X3-----zeta-----Pr_zeta----Pr_XOR-----Pr-RX 
01     0x0000  0x0000   0x0000   0x0005   0x0000   1.677984  0.000000  1.677984
02     0x0000  0x0000   0x0005   0x0000   0x0000   1.677984  2.000000  3.677984
03     0x0000  0x0005   0x0000   0x000a   0x0000   1.677984  2.000000  3.677984
04     0x0005  0x0000   0x000a   0x0000   0x0001   2.678160  3.000000  5.678160
05     0x0000  0x000a   0x0000   0x001e   0x0000   1.677984  2.000000  3.677984
06     0x000a  0x0000   0x001e   0x0000   0x0000   1.677984  4.000000  5.677984
07     0x0000  0x001e   0x0000   0x0016   0x0000   1.677984  2.000000  3.677984
08     0x001e  0x0000   0x0016   0x1e00   0x0000   1.677984  2.000000  3.677984
09     0x0000  0x0016   0x1e00   0x000a   0x0000   1.677984  3.000000  4.677984
10     0x0016  0x1e00   0x000a   0x7c00    -   
------------------ 
9 Round CHAM-64 Total Weight: -36.102032 
Update: 47   RX_Bn_w: 36.102032  --Time: 0.00 seconds. ==>>
round----X0------X1-------X2-------X3-----zeta-----Pr_zeta----Pr_XOR-----Pr-RX 
01     0x0000  0x0000   0x0000   0x0005   0x0000   1.677984  0.000000  1.677984
02     0x0000  0x0000   0x0005   0x0000   0x0000   1.677984  2.000000  3.677984
03     0x0000  0x0005   0x0000   0x000a   0x0000   1.677984  2.000000  3.677984
04     0x0005  0x0000   0x000a   0x0000   0x0001   2.678160  3.000000  5.678160
05     0x0000  0x000a   0x0000   0x001e   0x0000   1.677984  2.000000  3.677984
06     0x000a  0x0000   0x001e   0x0000   0x0000   1.677984  4.000000  5.677984
07     0x0000  0x001e   0x0000   0x0036   0x0000   1.677984  2.000000  3.677984
08     0x001e  0x0000   0x0036   0x1e00   0x0000   1.677984  2.000000  3.677984
09     0x0000  0x0036   0x1e00   0x000a   0x0000   1.677984  3.000000  4.677984
10     0x0036  0x1e00   0x000a   0x3c00    -   
------------------ 
9 Round CHAM-64 Total Weight: -36.102032 
Update: 48   RX_Bn_w: 36.102032  --Time: 0.00 seconds. ==>>
round----X0------X1-------X2-------X3-----zeta-----Pr_zeta----Pr_XOR-----Pr-RX 
01     0x0000  0x0000   0x0000   0x0005   0x0000   1.677984  0.000000  1.677984
02     0x0000  0x0000   0x0005   0x0000   0x0000   1.677984  2.000000  3.677984
03     0x0000  0x0005   0x0000   0x000a   0x0000   1.677984  2.000000  3.677984
04     0x0005  0x0000   0x000a   0x0000   0x0003   2.678160  3.000000  5.678160
05     0x0000  0x000a   0x0000   0x001a   0x0000   1.677984  2.000000  3.677984
06     0x000a  0x0000   0x001a   0x0000   0x0000   1.677984  4.000000  5.677984
07     0x0000  0x001a   0x0000   0x0012   0x0000   1.677984  3.000000  4.677984
08     0x001a  0x0000   0x0012   0x1600   0x0000   1.677984  1.000000  2.677984
09     0x0000  0x0012   0x1600   0x0002   0x0000   1.677984  3.000000  4.677984
10     0x0012  0x1600   0x0002   0x0400    -   
------------------ 
9 Round CHAM-64 Total Weight: -36.102032 
Update: 49   RX_Bn_w: 36.102032  --Time: 0.00 seconds. ==>>
round----X0------X1-------X2-------X3-----zeta-----Pr_zeta----Pr_XOR-----Pr-RX 
01     0x0000  0x0000   0x0000   0x0005   0x0000   1.677984  0.000000  1.677984
02     0x0000  0x0000   0x0005   0x0000   0x0000   1.677984  2.000000  3.677984
03     0x0000  0x0005   0x0000   0x000a   0x0000   1.677984  2.000000  3.677984
04     0x0005  0x0000   0x000a   0x0000   0x0003   2.678160  3.000000  5.678160
05     0x0000  0x000a   0x0000   0x001a   0x0000   1.677984  2.000000  3.677984
06     0x000a  0x0000   0x001a   0x0000   0x0000   1.677984  4.000000  5.677984
07     0x0000  0x001a   0x0000   0x0012   0x0000   1.677984  3.000000  4.677984
08     0x001a  0x0000   0x0012   0x1600   0x0000   1.677984  1.000000  2.677984
09     0x0000  0x0012   0x1600   0x0002   0x0000   1.677984  3.000000  4.677984
10     0x0012  0x1600   0x0002   0x0c00    -   
------------------ 
9 Round CHAM-64 Total Weight: -36.102032 
Update: 50   RX_Bn_w: 36.102032  --Time: 0.00 seconds. ==>>
round----X0------X1-------X2-------X3-----zeta-----Pr_zeta----Pr_XOR-----Pr-RX 
01     0x0000  0x0000   0x0000   0x0005   0x0000   1.677984  0.000000  1.677984
02     0x0000  0x0000   0x0005   0x0000   0x0000   1.677984  2.000000  3.677984
03     0x0000  0x0005   0x0000   0x000a   0x0000   1.677984  2.000000  3.677984
04     0x0005  0x0000   0x000a   0x0000   0x0003   2.678160  3.000000  5.678160
05     0x0000  0x000a   0x0000   0x001a   0x0000   1.677984  2.000000  3.677984
06     0x000a  0x0000   0x001a   0x0000   0x0000   1.677984  4.000000  5.677984
07     0x0000  0x001a   0x0000   0x0016   0x0000   1.677984  3.000000  4.677984
08     0x001a  0x0000   0x0016   0x1600   0x0000   1.677984  1.000000  2.677984
09     0x0000  0x0016   0x1600   0x0002   0x0000   1.677984  3.000000  4.677984
10     0x0016  0x1600   0x0002   0x0400    -   
------------------ 
9 Round CHAM-64 Total Weight: -36.102032 
Update: 51   RX_Bn_w: 36.102032  --Time: 0.00 seconds. ==>>
round----X0------X1-------X2-------X3-----zeta-----Pr_zeta----Pr_XOR-----Pr-RX 
01     0x0000  0x0000   0x0000   0x0005   0x0000   1.677984  0.000000  1.677984
02     0x0000  0x0000   0x0005   0x0000   0x0000   1.677984  2.000000  3.677984
03     0x0000  0x0005   0x0000   0x000a   0x0000   1.677984  2.000000  3.677984
04     0x0005  0x0000   0x000a   0x0000   0x0003   2.678160  3.000000  5.678160
05     0x0000  0x000a   0x0000   0x001a   0x0000   1.677984  2.000000  3.677984
06     0x000a  0x0000   0x001a   0x0000   0x0000   1.677984  4.000000  5.677984
07     0x0000  0x001a   0x0000   0x0016   0x0000   1.677984  3.000000  4.677984
08     0x001a  0x0000   0x0016   0x1600   0x0000   1.677984  1.000000  2.677984
09     0x0000  0x0016   0x1600   0x0002   0x0000   1.677984  3.000000  4.677984
10     0x0016  0x1600   0x0002   0x1c00    -   
------------------ 
9 Round CHAM-64 Total Weight: -36.102032 
Update: 52   RX_Bn_w: 36.102032  --Time: 0.00 seconds. ==>>
round----X0------X1-------X2-------X3-----zeta-----Pr_zeta----Pr_XOR-----Pr-RX 
01     0x0000  0x0000   0x0000   0x0005   0x0000   1.677984  0.000000  1.677984
02     0x0000  0x0000   0x0005   0x0000   0x0000   1.677984  2.000000  3.677984
03     0x0000  0x0005   0x0000   0x000a   0x0000   1.677984  2.000000  3.677984
04     0x0005  0x0000   0x000a   0x0000   0x0003   2.678160  3.000000  5.678160
05     0x0000  0x000a   0x0000   0x001a   0x0000   1.677984  2.000000  3.677984
06     0x000a  0x0000   0x001a   0x0000   0x0000   1.677984  4.000000  5.677984
07     0x0000  0x001a   0x0000   0x0016   0x0000   1.677984  3.000000  4.677984
08     0x001a  0x0000   0x0016   0x1600   0x0000   1.677984  1.000000  2.677984
09     0x0000  0x0016   0x1600   0x0002   0x0000   1.677984  3.000000  4.677984
10     0x0016  0x1600   0x0002   0x7c00    -   
------------------ 
9 Round CHAM-64 Total Weight: -36.102032 
Update: 53   RX_Bn_w: 36.102032  --Time: 0.00 seconds. ==>>
round----X0------X1-------X2-------X3-----zeta-----Pr_zeta----Pr_XOR-----Pr-RX 
01     0x0000  0x0000   0x0000   0x0005   0x0000   1.677984  0.000000  1.677984
02     0x0000  0x0000   0x0005   0x0000   0x0000   1.677984  2.000000  3.677984
03     0x0000  0x0005   0x0000   0x000a   0x0000   1.677984  2.000000  3.677984
04     0x0005  0x0000   0x000a   0x0000   0x0003   2.678160  3.000000  5.678160
05     0x0000  0x000a   0x0000   0x001a   0x0000   1.677984  2.000000  3.677984
06     0x000a  0x0000   0x001a   0x0000   0x0000   1.677984  4.000000  5.677984
07     0x0000  0x001a   0x0000   0x0036   0x0000   1.677984  3.000000  4.677984
08     0x001a  0x0000   0x0036   0x1600   0x0000   1.677984  1.000000  2.677984
09     0x0000  0x0036   0x1600   0x0002   0x0000   1.677984  3.000000  4.677984
10     0x0036  0x1600   0x0002   0x3c00    -   
------------------ 
9 Round CHAM-64 Total Weight: -36.102032 
Update: 54   RX_Bn_w: 36.102032  --Time: 0.00 seconds. ==>>
round----X0------X1-------X2-------X3-----zeta-----Pr_zeta----Pr_XOR-----Pr-RX 
01     0x0000  0x0000   0x0000   0x0003   0x0000   1.677984  0.000000  1.677984
02     0x0000  0x0000   0x0003   0x0000   0x0000   1.677984  2.000000  3.677984
03     0x0000  0x0003   0x0000   0x000a   0x0000   1.677984  3.000000  4.677984
04     0x0003  0x0000   0x000a   0x0000   0x0001   2.678160  2.000000  4.678160
05     0x0000  0x000a   0x0000   0x001a   0x0000   1.677984  2.000000  3.677984
06     0x000a  0x0000   0x001a   0x0000   0x0000   1.677984  4.000000  5.677984
07     0x0000  0x001a   0x0000   0x0012   0x0000   1.677984  3.000000  4.677984
08     0x001a  0x0000   0x0012   0x1600   0x0000   1.677984  1.000000  2.677984
09     0x0000  0x0012   0x1600   0x0002   0x0000   1.677984  3.000000  4.677984
10     0x0012  0x1600   0x0002   0x0400    -   
------------------ 
9 Round CHAM-64 Total Weight: -36.102032 
Update: 55   RX_Bn_w: 36.102032  --Time: 0.00 seconds. ==>>
round----X0------X1-------X2-------X3-----zeta-----Pr_zeta----Pr_XOR-----Pr-RX 
01     0x0000  0x0000   0x0000   0x0003   0x0000   1.677984  0.000000  1.677984
02     0x0000  0x0000   0x0003   0x0000   0x0000   1.677984  2.000000  3.677984
03     0x0000  0x0003   0x0000   0x000a   0x0000   1.677984  3.000000  4.677984
04     0x0003  0x0000   0x000a   0x0000   0x0001   2.678160  2.000000  4.678160
05     0x0000  0x000a   0x0000   0x001a   0x0000   1.677984  2.000000  3.677984
06     0x000a  0x0000   0x001a   0x0000   0x0000   1.677984  4.000000  5.677984
07     0x0000  0x001a   0x0000   0x0012   0x0000   1.677984  3.000000  4.677984
08     0x001a  0x0000   0x0012   0x1600   0x0000   1.677984  1.000000  2.677984
09     0x0000  0x0012   0x1600   0x0002   0x0000   1.677984  3.000000  4.677984
10     0x0012  0x1600   0x0002   0x0c00    -   
------------------ 
9 Round CHAM-64 Total Weight: -36.102032 
Update: 56   RX_Bn_w: 36.102032  --Time: 0.00 seconds. ==>>
round----X0------X1-------X2-------X3-----zeta-----Pr_zeta----Pr_XOR-----Pr-RX 
01     0x0000  0x0000   0x0000   0x0003   0x0000   1.677984  0.000000  1.677984
02     0x0000  0x0000   0x0003   0x0000   0x0000   1.677984  2.000000  3.677984
03     0x0000  0x0003   0x0000   0x000a   0x0000   1.677984  3.000000  4.677984
04     0x0003  0x0000   0x000a   0x0000   0x0001   2.678160  2.000000  4.678160
05     0x0000  0x000a   0x0000   0x001a   0x0000   1.677984  2.000000  3.677984
06     0x000a  0x0000   0x001a   0x0000   0x0000   1.677984  4.000000  5.677984
07     0x0000  0x001a   0x0000   0x0016   0x0000   1.677984  3.000000  4.677984
08     0x001a  0x0000   0x0016   0x1600   0x0000   1.677984  1.000000  2.677984
09     0x0000  0x0016   0x1600   0x0002   0x0000   1.677984  3.000000  4.677984
10     0x0016  0x1600   0x0002   0x0400    -   
------------------ 
9 Round CHAM-64 Total Weight: -36.102032 
Update: 57   RX_Bn_w: 36.102032  --Time: 0.00 seconds. ==>>
round----X0------X1-------X2-------X3-----zeta-----Pr_zeta----Pr_XOR-----Pr-RX 
01     0x0000  0x0000   0x0000   0x0003   0x0000   1.677984  0.000000  1.677984
02     0x0000  0x0000   0x0003   0x0000   0x0000   1.677984  2.000000  3.677984
03     0x0000  0x0003   0x0000   0x000a   0x0000   1.677984  3.000000  4.677984
04     0x0003  0x0000   0x000a   0x0000   0x0001   2.678160  2.000000  4.678160
05     0x0000  0x000a   0x0000   0x001a   0x0000   1.677984  2.000000  3.677984
06     0x000a  0x0000   0x001a   0x0000   0x0000   1.677984  4.000000  5.677984
07     0x0000  0x001a   0x0000   0x0016   0x0000   1.677984  3.000000  4.677984
08     0x001a  0x0000   0x0016   0x1600   0x0000   1.677984  1.000000  2.677984
09     0x0000  0x0016   0x1600   0x0002   0x0000   1.677984  3.000000  4.677984
10     0x0016  0x1600   0x0002   0x1c00    -   
------------------ 
9 Round CHAM-64 Total Weight: -36.102032 
Update: 58   RX_Bn_w: 36.102032  --Time: 0.00 seconds. ==>>
round----X0------X1-------X2-------X3-----zeta-----Pr_zeta----Pr_XOR-----Pr-RX 
01     0x0000  0x0000   0x0000   0x0003   0x0000   1.677984  0.000000  1.677984
02     0x0000  0x0000   0x0003   0x0000   0x0000   1.677984  2.000000  3.677984
03     0x0000  0x0003   0x0000   0x000a   0x0000   1.677984  3.000000  4.677984
04     0x0003  0x0000   0x000a   0x0000   0x0001   2.678160  2.000000  4.678160
05     0x0000  0x000a   0x0000   0x001a   0x0000   1.677984  2.000000  3.677984
06     0x000a  0x0000   0x001a   0x0000   0x0000   1.677984  4.000000  5.677984
07     0x0000  0x001a   0x0000   0x0016   0x0000   1.677984  3.000000  4.677984
08     0x001a  0x0000   0x0016   0x1600   0x0000   1.677984  1.000000  2.677984
09     0x0000  0x0016   0x1600   0x0002   0x0000   1.677984  3.000000  4.677984
10     0x0016  0x1600   0x0002   0x7c00    -   
------------------ 
9 Round CHAM-64 Total Weight: -36.102032 
Update: 59   RX_Bn_w: 36.102032  --Time: 0.00 seconds. ==>>
round----X0------X1-------X2-------X3-----zeta-----Pr_zeta----Pr_XOR-----Pr-RX 
01     0x0000  0x0000   0x0000   0x0003   0x0000   1.677984  0.000000  1.677984
02     0x0000  0x0000   0x0003   0x0000   0x0000   1.677984  2.000000  3.677984
03     0x0000  0x0003   0x0000   0x000a   0x0000   1.677984  3.000000  4.677984
04     0x0003  0x0000   0x000a   0x0000   0x0001   2.678160  2.000000  4.678160
05     0x0000  0x000a   0x0000   0x001a   0x0000   1.677984  2.000000  3.677984
06     0x000a  0x0000   0x001a   0x0000   0x0000   1.677984  4.000000  5.677984
07     0x0000  0x001a   0x0000   0x0036   0x0000   1.677984  3.000000  4.677984
08     0x001a  0x0000   0x0036   0x1600   0x0000   1.677984  1.000000  2.677984
09     0x0000  0x0036   0x1600   0x0002   0x0000   1.677984  3.000000  4.677984
10     0x0036  0x1600   0x0002   0x3c00    -   
------------------ 
9 Round CHAM-64 Total Weight: -36.102032 
Update: 60   RX_Bn_w: 36.102032  --Time: 0.00 seconds. ==>>
round----X0------X1-------X2-------X3-----zeta-----Pr_zeta----Pr_XOR-----Pr-RX 
01     0x0000  0x0000   0x0000   0x0003   0x0000   1.677984  0.000000  1.677984
02     0x0000  0x0000   0x0003   0x0000   0x0000   1.677984  2.000000  3.677984
03     0x0000  0x0003   0x0000   0x000a   0x0000   1.677984  3.000000  4.677984
04     0x0003  0x0000   0x000a   0x0000   0x0003   2.678160  2.000000  4.678160
05     0x0000  0x000a   0x0000   0x001e   0x0000   1.677984  2.000000  3.677984
06     0x000a  0x0000   0x001e   0x0000   0x0000   1.677984  4.000000  5.677984
07     0x0000  0x001e   0x0000   0x0012   0x0000   1.677984  2.000000  3.677984
08     0x001e  0x0000   0x0012   0x1e00   0x0000   1.677984  2.000000  3.677984
09     0x0000  0x0012   0x1e00   0x000a   0x0000   1.677984  3.000000  4.677984
10     0x0012  0x1e00   0x000a   0x0400    -   
------------------ 
9 Round CHAM-64 Total Weight: -36.102032 
Update: 61   RX_Bn_w: 36.102032  --Time: 0.00 seconds. ==>>
round----X0------X1-------X2-------X3-----zeta-----Pr_zeta----Pr_XOR-----Pr-RX 
01     0x0000  0x0000   0x0000   0x0003   0x0000   1.677984  0.000000  1.677984
02     0x0000  0x0000   0x0003   0x0000   0x0000   1.677984  2.000000  3.677984
03     0x0000  0x0003   0x0000   0x000a   0x0000   1.677984  3.000000  4.677984
04     0x0003  0x0000   0x000a   0x0000   0x0003   2.678160  2.000000  4.678160
05     0x0000  0x000a   0x0000   0x001e   0x0000   1.677984  2.000000  3.677984
06     0x000a  0x0000   0x001e   0x0000   0x0000   1.677984  4.000000  5.677984
07     0x0000  0x001e   0x0000   0x0012   0x0000   1.677984  2.000000  3.677984
08     0x001e  0x0000   0x0012   0x1e00   0x0000   1.677984  2.000000  3.677984
09     0x0000  0x0012   0x1e00   0x000a   0x0000   1.677984  3.000000  4.677984
10     0x0012  0x1e00   0x000a   0x0c00    -   
------------------ 
9 Round CHAM-64 Total Weight: -36.102032 
Update: 62   RX_Bn_w: 36.102032  --Time: 0.00 seconds. ==>>
round----X0------X1-------X2-------X3-----zeta-----Pr_zeta----Pr_XOR-----Pr-RX 
01     0x0000  0x0000   0x0000   0x0003   0x0000   1.677984  0.000000  1.677984
02     0x0000  0x0000   0x0003   0x0000   0x0000   1.677984  2.000000  3.677984
03     0x0000  0x0003   0x0000   0x000a   0x0000   1.677984  3.000000  4.677984
04     0x0003  0x0000   0x000a   0x0000   0x0003   2.678160  2.000000  4.678160
05     0x0000  0x000a   0x0000   0x001e   0x0000   1.677984  2.000000  3.677984
06     0x000a  0x0000   0x001e   0x0000   0x0000   1.677984  4.000000  5.677984
07     0x0000  0x001e   0x0000   0x0016   0x0000   1.677984  2.000000  3.677984
08     0x001e  0x0000   0x0016   0x1e00   0x0000   1.677984  2.000000  3.677984
09     0x0000  0x0016   0x1e00   0x000a   0x0000   1.677984  3.000000  4.677984
10     0x0016  0x1e00   0x000a   0x0400    -   
------------------ 
9 Round CHAM-64 Total Weight: -36.102032 
Update: 63   RX_Bn_w: 36.102032  --Time: 0.00 seconds. ==>>
round----X0------X1-------X2-------X3-----zeta-----Pr_zeta----Pr_XOR-----Pr-RX 
01     0x0000  0x0000   0x0000   0x0003   0x0000   1.677984  0.000000  1.677984
02     0x0000  0x0000   0x0003   0x0000   0x0000   1.677984  2.000000  3.677984
03     0x0000  0x0003   0x0000   0x000a   0x0000   1.677984  3.000000  4.677984
04     0x0003  0x0000   0x000a   0x0000   0x0003   2.678160  2.000000  4.678160
05     0x0000  0x000a   0x0000   0x001e   0x0000   1.677984  2.000000  3.677984
06     0x000a  0x0000   0x001e   0x0000   0x0000   1.677984  4.000000  5.677984
07     0x0000  0x001e   0x0000   0x0016   0x0000   1.677984  2.000000  3.677984
08     0x001e  0x0000   0x0016   0x1e00   0x0000   1.677984  2.000000  3.677984
09     0x0000  0x0016   0x1e00   0x000a   0x0000   1.677984  3.000000  4.677984
10     0x0016  0x1e00   0x000a   0x1c00    -   
------------------ 
9 Round CHAM-64 Total Weight: -36.102032 
Update: 64   RX_Bn_w: 36.102032  --Time: 0.00 seconds. ==>>
round----X0------X1-------X2-------X3-----zeta-----Pr_zeta----Pr_XOR-----Pr-RX 
01     0x0000  0x0000   0x0000   0x0003   0x0000   1.677984  0.000000  1.677984
02     0x0000  0x0000   0x0003   0x0000   0x0000   1.677984  2.000000  3.677984
03     0x0000  0x0003   0x0000   0x000a   0x0000   1.677984  3.000000  4.677984
04     0x0003  0x0000   0x000a   0x0000   0x0003   2.678160  2.000000  4.678160
05     0x0000  0x000a   0x0000   0x001e   0x0000   1.677984  2.000000  3.677984
06     0x000a  0x0000   0x001e   0x0000   0x0000   1.677984  4.000000  5.677984
07     0x0000  0x001e   0x0000   0x0016   0x0000   1.677984  2.000000  3.677984
08     0x001e  0x0000   0x0016   0x1e00   0x0000   1.677984  2.000000  3.677984
09     0x0000  0x0016   0x1e00   0x000a   0x0000   1.677984  3.000000  4.677984
10     0x0016  0x1e00   0x000a   0x7c00    -   
------------------ 
9 Round CHAM-64 Total Weight: -36.102032 
Update: 65   RX_Bn_w: 36.102032  --Time: 0.00 seconds. ==>>
round----X0------X1-------X2-------X3-----zeta-----Pr_zeta----Pr_XOR-----Pr-RX 
01     0x0000  0x0000   0x0000   0x0003   0x0000   1.677984  0.000000  1.677984
02     0x0000  0x0000   0x0003   0x0000   0x0000   1.677984  2.000000  3.677984
03     0x0000  0x0003   0x0000   0x000a   0x0000   1.677984  3.000000  4.677984
04     0x0003  0x0000   0x000a   0x0000   0x0003   2.678160  2.000000  4.678160
05     0x0000  0x000a   0x0000   0x001e   0x0000   1.677984  2.000000  3.677984
06     0x000a  0x0000   0x001e   0x0000   0x0000   1.677984  4.000000  5.677984
07     0x0000  0x001e   0x0000   0x0036   0x0000   1.677984  2.000000  3.677984
08     0x001e  0x0000   0x0036   0x1e00   0x0000   1.677984  2.000000  3.677984
09     0x0000  0x0036   0x1e00   0x000a   0x0000   1.677984  3.000000  4.677984
10     0x0036  0x1e00   0x000a   0x3c00    -   
------------------ 
9 Round CHAM-64 Total Weight: -36.102032 
Update: 66   RX_Bn_w: 36.102028  --Time: 0.00 seconds. ==>>
round----X0------X1-------X2-------X3-----zeta-----Pr_zeta----Pr_XOR-----Pr-RX 
01     0x0000  0x0000   0x0000   0x8003   0x0000   1.677984  0.000000  1.677984
02     0x0000  0x0000   0x8003   0x0000   0x0000   1.677984  2.000000  3.677984
03     0x0000  0x8003   0x0000   0x000a   0x0000   1.677984  3.000000  4.677984
04     0x8003  0x0000   0x000a   0x0300   0x0001   2.678160  2.000000  4.678160
05     0x0000  0x000a   0x0300   0x001b   0x0000   1.677984  2.000000  3.677984
06     0x000a  0x0300   0x001b   0x0000   0x0000   1.677984  4.000000  5.677984
07     0x0300  0x001b   0x0000   0x0010   0x0000   1.677984  5.000000  6.677984
08     0x001b  0x0000   0x0010   0x1401   0x0000   1.677984  0.000000  1.677984
09     0x0000  0x0010   0x1401   0x0000   0x0000   1.677984  2.000000  3.677984
10     0x0010  0x1401   0x0000   0x0800    -   
------------------ 
9 Round CHAM-64 Total Weight: -36.102028 
Update: 67   RX_Bn_w: 36.101852  --Time: 0.00 seconds. ==>>
round----X0------X1-------X2-------X3-----zeta-----Pr_zeta----Pr_XOR-----Pr-RX 
01     0x0000  0x0000   0x0000   0x8004   0x0000   1.677984  0.000000  1.677984
02     0x0000  0x0000   0x8004   0x0000   0x0000   1.677984  2.000000  3.677984
03     0x0000  0x8004   0x0000   0x000a   0x0000   1.677984  3.000000  4.677984
04     0x8004  0x0000   0x000a   0x0100   0x0000   1.677984  4.000000  5.677984
05     0x0000  0x000a   0x0100   0x001b   0x0000   1.677984  2.000000  3.677984
06     0x000a  0x0100   0x001b   0x0000   0x0000   1.677984  4.000000  5.677984
07     0x0100  0x001b   0x0000   0x0010   0x0000   1.677984  4.000000  5.677984
08     0x001b  0x0000   0x0010   0x1401   0x0000   1.677984  0.000000  1.677984
09     0x0000  0x0010   0x1401   0x0000   0x0000   1.677984  2.000000  3.677984
10     0x0010  0x1401   0x0000   0x0800    -   
------------------ 
9 Round CHAM-64 Total Weight: -36.101852 
Time: 30.00 seconds.  
**************************************************************************|
round----X0------X1-------X2-------X3-----zeta-----Pr_zeta----Pr_XOR-----Pr-RX 
01     0x0000  0x0000   0x0000   0x8004   0x0000   1.677984  0.000000  1.677984
02     0x0000  0x0000   0x8004   0x0000   0x0000   1.677984  2.000000  3.677984
03     0x0000  0x8004   0x0000   0x000a   0x0000   1.677984  3.000000  4.677984
04     0x8004  0x0000   0x000a   0x0100   0x0000   1.677984  4.000000  5.677984
05     0x0000  0x000a   0x0100   0x001b   0x0000   1.677984  2.000000  3.677984
06     0x000a  0x0100   0x001b   0x0000   0x0000   1.677984  4.000000  5.677984
07     0x0100  0x001b   0x0000   0x0010   0x0000   1.677984  4.000000  5.677984
08     0x001b  0x0000   0x0010   0x1401   0x0000   1.677984  0.000000  1.677984
09     0x0000  0x0010   0x1401   0x0000   0x0000   1.677984  2.000000  3.677984
10     0x0010  0x1401   0x0000   0x0800    -   
------------------ 
9 Round CHAM-64 Total Weight: -36.101852 
Time cost: 0.63 seconds ==  0.01 minutes == 0.00 hours == 0.00 days. 
Auto-search CHAM-64 RX-differential trails END! 
|************************************************************************|
Time cost: 30.95 seconds ==  0.52 minutes == 0.01 hours. 
Auto-RX-search END! 
|************************************************************************|
