//2020年09月08日16:33:10
|*******************************RX-Cryptanalysis****************************|
Auto-search Begin... 
Enter the parameters : #ciper #blocksize #rounds  #mode 
ciper: cham 
blocksize: 64 
rotational parameter: 1 
rounds: 13 
mode: 0 
----------------Search Optimal pure RX-Differential Trail-------------------
RX_zeta_total: 32  
Constructing RX_Ek[4] ... 
Constructing RX_XOR_offset_Table ... 
Time of Preprocessing info: 0.00 seconds.  
|--------------------------------------------------|
Constructing cDDT Lookup Tables ... 
Time of Construct CHAM cDDTs: 29.00 seconds.  
===============Search odd-round============= 
*****************************Searching processing**************************|
Update: 0   RX_Bn_w: 64.000000  --Max expected weight-- 
Update: 1   RX_Bn_w: 58.394913  --Time: 0.00 seconds. ==>>
round----X0------X1-------X2-------X3-----zeta-----Pr_zeta----Pr_XOR-----Pr-RX 
01     0x0000  0x0000   0x0000   0x0000   0x0000   1.414994  0.000000  1.414994
02     0x0000  0x0000   0x0000   0x0000   0x0000   1.414994  2.000000  3.414994
03     0x0000  0x0000   0x0000   0x0002   0x0000   1.414994  2.000000  3.414994
04     0x0000  0x0000   0x0002   0x0200   0x0000   1.414994  2.000000  3.414994
05     0x0000  0x0002   0x0200   0x000a   0x0000   1.414994  2.000000  3.414994
06     0x0002  0x0200   0x000a   0x0000   0x0000   1.414994  4.000000  5.414993
07     0x0200  0x000a   0x0000   0x0002   0x0000   1.414994  5.000000  6.414993
08     0x000a  0x0000   0x0002   0x0202   0x0000   1.414994  2.000000  3.414994
09     0x0000  0x0002   0x0202   0x0002   0x0000   1.414994  3.000000  4.414993
10     0x0002  0x0202   0x0002   0x0400   0x0000   1.414994  5.000000  6.414993
11     0x0202  0x0002   0x0400   0x0412   0x0000   1.414994  4.000000  5.414993
12     0x0002  0x0400   0x0412   0x0002   0x0000   1.414994  4.000000  5.414993
13     0x0400  0x0412   0x0002   0x000a   0x0000   1.414994  5.000000  6.414993
14     0x0412  0x0002   0x000a   0x1004    -   
------------------ 
13 Round CHAM-64 Total Weight: -58.394913 
Update: 2   RX_Bn_w: 58.394913  --Time: 0.00 seconds. ==>>
round----X0------X1-------X2-------X3-----zeta-----Pr_zeta----Pr_XOR-----Pr-RX 
01     0x0000  0x0000   0x0000   0x0000   0x0000   1.414994  0.000000  1.414994
02     0x0000  0x0000   0x0000   0x0000   0x0000   1.414994  2.000000  3.414994
03     0x0000  0x0000   0x0000   0x0002   0x0000   1.414994  2.000000  3.414994
04     0x0000  0x0000   0x0002   0x0200   0x0000   1.414994  2.000000  3.414994
05     0x0000  0x0002   0x0200   0x000a   0x0000   1.414994  2.000000  3.414994
06     0x0002  0x0200   0x000a   0x0000   0x0000   1.414994  4.000000  5.414993
07     0x0200  0x000a   0x0000   0x0002   0x0000   1.414994  5.000000  6.414993
08     0x000a  0x0000   0x0002   0x0202   0x0000   1.414994  2.000000  3.414994
09     0x0000  0x0002   0x0202   0x0002   0x0000   1.414994  3.000000  4.414993
10     0x0002  0x0202   0x0002   0x0400   0x0000   1.414994  5.000000  6.414993
11     0x0202  0x0002   0x0400   0x0412   0x0000   1.414994  4.000000  5.414993
12     0x0002  0x0400   0x0412   0x0002   0x0000   1.414994  4.000000  5.414993
13     0x0400  0x0412   0x0002   0x000a   0x0000   1.414994  5.000000  6.414993
14     0x0412  0x0002   0x000a   0x3004    -   
------------------ 
13 Round CHAM-64 Total Weight: -58.394913 
Update: 3   RX_Bn_w: 57.394913  --Time: 0.00 seconds. ==>>
round----X0------X1-------X2-------X3-----zeta-----Pr_zeta----Pr_XOR-----Pr-RX 
01     0x0000  0x0000   0x0000   0x0000   0x0000   1.414994  0.000000  1.414994
02     0x0000  0x0000   0x0000   0x0000   0x0000   1.414994  2.000000  3.414994
03     0x0000  0x0000   0x0000   0x0002   0x0000   1.414994  2.000000  3.414994
04     0x0000  0x0000   0x0002   0x0200   0x0000   1.414994  2.000000  3.414994
05     0x0000  0x0002   0x0200   0x000a   0x0000   1.414994  2.000000  3.414994
06     0x0002  0x0200   0x000a   0x0000   0x0000   1.414994  4.000000  5.414993
07     0x0200  0x000a   0x0000   0x0002   0x0000   1.414994  5.000000  6.414993
08     0x000a  0x0000   0x0002   0x0202   0x0000   1.414994  2.000000  3.414994
09     0x0000  0x0002   0x0202   0x0002   0x0000   1.414994  3.000000  4.414993
10     0x0002  0x0202   0x0002   0x0c00   0x0000   1.414994  5.000000  6.414993
11     0x0202  0x0002   0x0c00   0x0412   0x0000   1.414994  4.000000  5.414993
12     0x0002  0x0c00   0x0412   0x0002   0x0000   1.414994  3.000000  4.414993
13     0x0c00  0x0412   0x0002   0x001a   0x0000   1.414994  5.000000  6.414993
14     0x0412  0x0002   0x001a   0x1004    -   
------------------ 
13 Round CHAM-64 Total Weight: -57.394913 
Update: 4   RX_Bn_w: 57.394913  --Time: 0.00 seconds. ==>>
round----X0------X1-------X2-------X3-----zeta-----Pr_zeta----Pr_XOR-----Pr-RX 
01     0x0000  0x0000   0x0000   0x0000   0x0000   1.414994  0.000000  1.414994
02     0x0000  0x0000   0x0000   0x0000   0x0000   1.414994  2.000000  3.414994
03     0x0000  0x0000   0x0000   0x0002   0x0000   1.414994  2.000000  3.414994
04     0x0000  0x0000   0x0002   0x0200   0x0000   1.414994  2.000000  3.414994
05     0x0000  0x0002   0x0200   0x000a   0x0000   1.414994  2.000000  3.414994
06     0x0002  0x0200   0x000a   0x0000   0x0000   1.414994  4.000000  5.414993
07     0x0200  0x000a   0x0000   0x0002   0x0000   1.414994  5.000000  6.414993
08     0x000a  0x0000   0x0002   0x0202   0x0000   1.414994  2.000000  3.414994
09     0x0000  0x0002   0x0202   0x0002   0x0000   1.414994  3.000000  4.414993
10     0x0002  0x0202   0x0002   0x0c00   0x0000   1.414994  5.000000  6.414993
11     0x0202  0x0002   0x0c00   0x0412   0x0000   1.414994  4.000000  5.414993
12     0x0002  0x0c00   0x0412   0x0002   0x0000   1.414994  3.000000  4.414993
13     0x0c00  0x0412   0x0002   0x001a   0x0000   1.414994  5.000000  6.414993
14     0x0412  0x0002   0x001a   0x3004    -   
------------------ 
13 Round CHAM-64 Total Weight: -57.394913 
Update: 5   RX_Bn_w: 56.395000  --Time: 0.00 seconds. ==>>
round----X0------X1-------X2-------X3-----zeta-----Pr_zeta----Pr_XOR-----Pr-RX 
01     0x0000  0x0000   0x0000   0x0000   0x0000   1.414994  0.000000  1.414994
02     0x0000  0x0000   0x0000   0x0000   0x0000   1.414994  2.000000  3.414994
03     0x0000  0x0000   0x0000   0x0002   0x0000   1.414994  2.000000  3.414994
04     0x0000  0x0000   0x0002   0x0200   0x0000   1.414994  2.000000  3.414994
05     0x0000  0x0002   0x0200   0x000a   0x0000   1.414994  2.000000  3.414994
06     0x0002  0x0200   0x000a   0x0000   0x0000   1.414994  4.000000  5.414993
07     0x0200  0x000a   0x0000   0x0002   0x0000   1.414994  5.000000  6.414993
08     0x000a  0x0000   0x0002   0x0202   0x0001   1.415082  2.000000  3.415082
09     0x0000  0x0002   0x0202   0x0004   0x0000   1.414994  3.000000  4.414993
10     0x0002  0x0202   0x0004   0x0c00   0x0000   1.414994  5.000000  6.414993
11     0x0202  0x0004   0x0c00   0x0412   0x0000   1.414994  3.000000  4.414993
12     0x0004  0x0c00   0x0412   0x0c02   0x0000   1.414994  3.000000  4.414993
13     0x0c00  0x0412   0x0c02   0x001a   0x0000   1.414994  5.000000  6.414993
14     0x0412  0x0c02   0x001a   0x1004    -   
------------------ 
13 Round CHAM-64 Total Weight: -56.395000 
Update: 6   RX_Bn_w: 56.395000  --Time: 0.00 seconds. ==>>
round----X0------X1-------X2-------X3-----zeta-----Pr_zeta----Pr_XOR-----Pr-RX 
01     0x0000  0x0000   0x0000   0x0000   0x0000   1.414994  0.000000  1.414994
02     0x0000  0x0000   0x0000   0x0000   0x0000   1.414994  2.000000  3.414994
03     0x0000  0x0000   0x0000   0x0002   0x0000   1.414994  2.000000  3.414994
04     0x0000  0x0000   0x0002   0x0200   0x0000   1.414994  2.000000  3.414994
05     0x0000  0x0002   0x0200   0x000a   0x0000   1.414994  2.000000  3.414994
06     0x0002  0x0200   0x000a   0x0000   0x0000   1.414994  4.000000  5.414993
07     0x0200  0x000a   0x0000   0x0002   0x0000   1.414994  5.000000  6.414993
08     0x000a  0x0000   0x0002   0x0202   0x0001   1.415082  2.000000  3.415082
09     0x0000  0x0002   0x0202   0x0004   0x0000   1.414994  3.000000  4.414993
10     0x0002  0x0202   0x0004   0x0c00   0x0000   1.414994  5.000000  6.414993
11     0x0202  0x0004   0x0c00   0x0412   0x0000   1.414994  3.000000  4.414993
12     0x0004  0x0c00   0x0412   0x0c02   0x0000   1.414994  3.000000  4.414993
13     0x0c00  0x0412   0x0c02   0x001a   0x0000   1.414994  5.000000  6.414993
14     0x0412  0x0c02   0x001a   0x3004    -   
------------------ 
13 Round CHAM-64 Total Weight: -56.395000 
Update: 7   RX_Bn_w: 55.395092  --Time: 0.00 seconds. ==>>
round----X0------X1-------X2-------X3-----zeta-----Pr_zeta----Pr_XOR-----Pr-RX 
01     0x0000  0x0000   0x0000   0x0000   0x0000   1.414994  0.000000  1.414994
02     0x0000  0x0000   0x0000   0x0000   0x0000   1.414994  2.000000  3.414994
03     0x0000  0x0000   0x0000   0x0002   0x0000   1.414994  2.000000  3.414994
04     0x0000  0x0000   0x0002   0x0200   0x0000   1.414994  2.000000  3.414994
05     0x0000  0x0002   0x0200   0x000a   0x0000   1.414994  2.000000  3.414994
06     0x0002  0x0200   0x000a   0x0000   0x0001   1.415082  4.000000  5.415082
07     0x0200  0x000a   0x0000   0x0000   0x0000   1.414994  5.000000  6.414993
08     0x000a  0x0000   0x0000   0x0202   0x0001   1.415082  2.000000  3.415082
09     0x0000  0x0000   0x0202   0x0000   0x0000   1.414994  2.000000  3.414994
10     0x0000  0x0202   0x0000   0x0800   0x0000   1.414994  5.000000  6.414993
11     0x0202  0x0000   0x0800   0x040e   0x0000   1.414994  4.000000  5.414993
12     0x0000  0x0800   0x040e   0x0402   0x0000   1.414994  3.000000  4.414993
13     0x0800  0x040e   0x0402   0x001a   0x0000   1.414994  4.000000  5.414993
14     0x040e  0x0402   0x001a   0x0000    -   
------------------ 
13 Round CHAM-64 Total Weight: -55.395092 
Update: 8   RX_Bn_w: 55.395092  --Time: 0.00 seconds. ==>>
round----X0------X1-------X2-------X3-----zeta-----Pr_zeta----Pr_XOR-----Pr-RX 
01     0x0000  0x0000   0x0000   0x0000   0x0000   1.414994  0.000000  1.414994
02     0x0000  0x0000   0x0000   0x0000   0x0000   1.414994  2.000000  3.414994
03     0x0000  0x0000   0x0000   0x0002   0x0000   1.414994  2.000000  3.414994
04     0x0000  0x0000   0x0002   0x0200   0x0000   1.414994  2.000000  3.414994
05     0x0000  0x0002   0x0200   0x000a   0x0000   1.414994  2.000000  3.414994
06     0x0002  0x0200   0x000a   0x0000   0x0001   1.415082  4.000000  5.415082
07     0x0200  0x000a   0x0000   0x0000   0x0000   1.414994  5.000000  6.414993
08     0x000a  0x0000   0x0000   0x0202   0x0001   1.415082  2.000000  3.415082
09     0x0000  0x0000   0x0202   0x0000   0x0000   1.414994  2.000000  3.414994
10     0x0000  0x0202   0x0000   0x0800   0x0000   1.414994  5.000000  6.414993
11     0x0202  0x0000   0x0800   0x040e   0x0000   1.414994  4.000000  5.414993
12     0x0000  0x0800   0x040e   0x0402   0x0000   1.414994  3.000000  4.414993
13     0x0800  0x040e   0x0402   0x001a   0x0000   1.414994  4.000000  5.414993
14     0x040e  0x0402   0x001a   0x0800    -   
------------------ 
13 Round CHAM-64 Total Weight: -55.395092 
Update: 9   RX_Bn_w: 55.395092  --Time: 0.00 seconds. ==>>
round----X0------X1-------X2-------X3-----zeta-----Pr_zeta----Pr_XOR-----Pr-RX 
01     0x0000  0x0000   0x0000   0x0000   0x0000   1.414994  0.000000  1.414994
02     0x0000  0x0000   0x0000   0x0000   0x0000   1.414994  2.000000  3.414994
03     0x0000  0x0000   0x0000   0x0002   0x0000   1.414994  2.000000  3.414994
04     0x0000  0x0000   0x0002   0x0200   0x0000   1.414994  2.000000  3.414994
05     0x0000  0x0002   0x0200   0x000a   0x0000   1.414994  2.000000  3.414994
06     0x0002  0x0200   0x000a   0x0000   0x0001   1.415082  4.000000  5.415082
07     0x0200  0x000a   0x0000   0x0000   0x0000   1.414994  5.000000  6.414993
08     0x000a  0x0000   0x0000   0x0202   0x0001   1.415082  2.000000  3.415082
09     0x0000  0x0000   0x0202   0x0000   0x0000   1.414994  2.000000  3.414994
10     0x0000  0x0202   0x0000   0x0800   0x0000   1.414994  5.000000  6.414993
11     0x0202  0x0000   0x0800   0x040e   0x0000   1.414994  4.000000  5.414993
12     0x0000  0x0800   0x040e   0x0402   0x0000   1.414994  3.000000  4.414993
13     0x0800  0x040e   0x0402   0x001a   0x0000   1.414994  4.000000  5.414993
14     0x040e  0x0402   0x001a   0x3000    -   
------------------ 
13 Round CHAM-64 Total Weight: -55.395092 
Update: 10   RX_Bn_w: 55.395092  --Time: 0.00 seconds. ==>>
round----X0------X1-------X2-------X3-----zeta-----Pr_zeta----Pr_XOR-----Pr-RX 
01     0x0000  0x0000   0x0000   0x0000   0x0000   1.414994  0.000000  1.414994
02     0x0000  0x0000   0x0000   0x0000   0x0000   1.414994  2.000000  3.414994
03     0x0000  0x0000   0x0000   0x0002   0x0000   1.414994  2.000000  3.414994
04     0x0000  0x0000   0x0002   0x0200   0x0000   1.414994  2.000000  3.414994
05     0x0000  0x0002   0x0200   0x000a   0x0000   1.414994  2.000000  3.414994
06     0x0002  0x0200   0x000a   0x0000   0x0001   1.415082  4.000000  5.415082
07     0x0200  0x000a   0x0000   0x0000   0x0000   1.414994  5.000000  6.414993
08     0x000a  0x0000   0x0000   0x0202   0x0001   1.415082  2.000000  3.415082
09     0x0000  0x0000   0x0202   0x0000   0x0000   1.414994  2.000000  3.414994
10     0x0000  0x0202   0x0000   0x0800   0x0000   1.414994  5.000000  6.414993
11     0x0202  0x0000   0x0800   0x040e   0x0000   1.414994  4.000000  5.414993
12     0x0000  0x0800   0x040e   0x0402   0x0000   1.414994  3.000000  4.414993
13     0x0800  0x040e   0x0402   0x001a   0x0000   1.414994  4.000000  5.414993
14     0x040e  0x0402   0x001a   0x3800    -   
------------------ 
13 Round CHAM-64 Total Weight: -55.395092 
Update: 11   RX_Bn_w: 55.395004  --Time: 0.00 seconds. ==>>
round----X0------X1-------X2-------X3-----zeta-----Pr_zeta----Pr_XOR-----Pr-RX 
01     0x0000  0x0000   0x0000   0x0000   0x0000   1.414994  0.000000  1.414994
02     0x0000  0x0000   0x0000   0x0000   0x0000   1.414994  2.000000  3.414994
03     0x0000  0x0000   0x0000   0x0002   0x0000   1.414994  2.000000  3.414994
04     0x0000  0x0000   0x0002   0x0200   0x0000   1.414994  2.000000  3.414994
05     0x0000  0x0002   0x0200   0x000a   0x0000   1.414994  2.000000  3.414994
06     0x0002  0x0200   0x000a   0x0000   0x0001   1.415082  4.000000  5.415082
07     0x0200  0x000a   0x0000   0x0000   0x0000   1.414994  5.000000  6.414993
08     0x000a  0x0000   0x0000   0x0202   0x0000   1.414994  2.000000  3.414994
09     0x0000  0x0000   0x0202   0x0006   0x0000   1.414994  2.000000  3.414994
10     0x0000  0x0202   0x0006   0x0800   0x0000   1.414994  5.000000  6.414993
11     0x0202  0x0006   0x0800   0x040e   0x0000   1.414994  3.000000  4.414993
12     0x0006  0x0800   0x040e   0x0802   0x0000   1.414994  4.000000  5.414993
13     0x0800  0x040e   0x0802   0x0002   0x0000   1.414994  4.000000  5.414993
14     0x040e  0x0802   0x0002   0x0000    -   
------------------ 
13 Round CHAM-64 Total Weight: -55.395004 
Update: 12   RX_Bn_w: 55.395004  --Time: 0.00 seconds. ==>>
round----X0------X1-------X2-------X3-----zeta-----Pr_zeta----Pr_XOR-----Pr-RX 
01     0x0000  0x0000   0x0000   0x0000   0x0000   1.414994  0.000000  1.414994
02     0x0000  0x0000   0x0000   0x0000   0x0000   1.414994  2.000000  3.414994
03     0x0000  0x0000   0x0000   0x0002   0x0000   1.414994  2.000000  3.414994
04     0x0000  0x0000   0x0002   0x0200   0x0000   1.414994  2.000000  3.414994
05     0x0000  0x0002   0x0200   0x000a   0x0000   1.414994  2.000000  3.414994
06     0x0002  0x0200   0x000a   0x0000   0x0001   1.415082  4.000000  5.415082
07     0x0200  0x000a   0x0000   0x0000   0x0000   1.414994  5.000000  6.414993
08     0x000a  0x0000   0x0000   0x0202   0x0000   1.414994  2.000000  3.414994
09     0x0000  0x0000   0x0202   0x0006   0x0000   1.414994  2.000000  3.414994
10     0x0000  0x0202   0x0006   0x0800   0x0000   1.414994  5.000000  6.414993
11     0x0202  0x0006   0x0800   0x040e   0x0000   1.414994  3.000000  4.414993
12     0x0006  0x0800   0x040e   0x0802   0x0000   1.414994  4.000000  5.414993
13     0x0800  0x040e   0x0802   0x0002   0x0000   1.414994  4.000000  5.414993
14     0x040e  0x0802   0x0002   0x0800    -   
------------------ 
13 Round CHAM-64 Total Weight: -55.395004 
Update: 13   RX_Bn_w: 55.395004  --Time: 0.00 seconds. ==>>
round----X0------X1-------X2-------X3-----zeta-----Pr_zeta----Pr_XOR-----Pr-RX 
01     0x0000  0x0000   0x0000   0x0000   0x0000   1.414994  0.000000  1.414994
02     0x0000  0x0000   0x0000   0x0000   0x0000   1.414994  2.000000  3.414994
03     0x0000  0x0000   0x0000   0x0002   0x0000   1.414994  2.000000  3.414994
04     0x0000  0x0000   0x0002   0x0200   0x0000   1.414994  2.000000  3.414994
05     0x0000  0x0002   0x0200   0x000a   0x0000   1.414994  2.000000  3.414994
06     0x0002  0x0200   0x000a   0x0000   0x0001   1.415082  4.000000  5.415082
07     0x0200  0x000a   0x0000   0x0000   0x0000   1.414994  5.000000  6.414993
08     0x000a  0x0000   0x0000   0x0202   0x0000   1.414994  2.000000  3.414994
09     0x0000  0x0000   0x0202   0x0006   0x0000   1.414994  2.000000  3.414994
10     0x0000  0x0202   0x0006   0x0800   0x0000   1.414994  5.000000  6.414993
11     0x0202  0x0006   0x0800   0x040e   0x0000   1.414994  3.000000  4.414993
12     0x0006  0x0800   0x040e   0x0802   0x0000   1.414994  4.000000  5.414993
13     0x0800  0x040e   0x0802   0x0002   0x0000   1.414994  4.000000  5.414993
14     0x040e  0x0802   0x0002   0x3000    -   
------------------ 
13 Round CHAM-64 Total Weight: -55.395004 
Update: 14   RX_Bn_w: 55.395004  --Time: 0.00 seconds. ==>>
round----X0------X1-------X2-------X3-----zeta-----Pr_zeta----Pr_XOR-----Pr-RX 
01     0x0000  0x0000   0x0000   0x0000   0x0000   1.414994  0.000000  1.414994
02     0x0000  0x0000   0x0000   0x0000   0x0000   1.414994  2.000000  3.414994
03     0x0000  0x0000   0x0000   0x0002   0x0000   1.414994  2.000000  3.414994
04     0x0000  0x0000   0x0002   0x0200   0x0000   1.414994  2.000000  3.414994
05     0x0000  0x0002   0x0200   0x000a   0x0000   1.414994  2.000000  3.414994
06     0x0002  0x0200   0x000a   0x0000   0x0001   1.415082  4.000000  5.415082
07     0x0200  0x000a   0x0000   0x0000   0x0000   1.414994  5.000000  6.414993
08     0x000a  0x0000   0x0000   0x0202   0x0000   1.414994  2.000000  3.414994
09     0x0000  0x0000   0x0202   0x0006   0x0000   1.414994  2.000000  3.414994
10     0x0000  0x0202   0x0006   0x0800   0x0000   1.414994  5.000000  6.414993
11     0x0202  0x0006   0x0800   0x040e   0x0000   1.414994  3.000000  4.414993
12     0x0006  0x0800   0x040e   0x0802   0x0000   1.414994  4.000000  5.414993
13     0x0800  0x040e   0x0802   0x0002   0x0000   1.414994  4.000000  5.414993
14     0x040e  0x0802   0x0002   0x3800    -   
------------------ 
13 Round CHAM-64 Total Weight: -55.395004 
Update: 15   RX_Bn_w: 54.395092  --Time: 0.00 seconds. ==>>
round----X0------X1-------X2-------X3-----zeta-----Pr_zeta----Pr_XOR-----Pr-RX 
01     0x0000  0x0000   0x0000   0x0000   0x0000   1.414994  0.000000  1.414994
02     0x0000  0x0000   0x0000   0x0000   0x0000   1.414994  2.000000  3.414994
03     0x0000  0x0000   0x0000   0x0002   0x0000   1.414994  2.000000  3.414994
04     0x0000  0x0000   0x0002   0x0200   0x0000   1.414994  2.000000  3.414994
05     0x0000  0x0002   0x0200   0x000a   0x0000   1.414994  2.000000  3.414994
06     0x0002  0x0200   0x000a   0x0000   0x0001   1.415082  4.000000  5.415082
07     0x0200  0x000a   0x0000   0x0000   0x0000   1.414994  5.000000  6.414993
08     0x000a  0x0000   0x0000   0x0202   0x0001   1.415082  2.000000  3.415082
09     0x0000  0x0000   0x0202   0x0004   0x0000   1.414994  2.000000  3.414994
10     0x0000  0x0202   0x0004   0x0800   0x0000   1.414994  5.000000  6.414993
11     0x0202  0x0004   0x0800   0x040e   0x0000   1.414994  3.000000  4.414993
12     0x0004  0x0800   0x040e   0x0c02   0x0000   1.414994  3.000000  4.414993
13     0x0800  0x040e   0x0c02   0x0002   0x0000   1.414994  4.000000  5.414993
14     0x040e  0x0c02   0x0002   0x0000    -   
------------------ 
13 Round CHAM-64 Total Weight: -54.395092 
Update: 16   RX_Bn_w: 54.395092  --Time: 0.00 seconds. ==>>
round----X0------X1-------X2-------X3-----zeta-----Pr_zeta----Pr_XOR-----Pr-RX 
01     0x0000  0x0000   0x0000   0x0000   0x0000   1.414994  0.000000  1.414994
02     0x0000  0x0000   0x0000   0x0000   0x0000   1.414994  2.000000  3.414994
03     0x0000  0x0000   0x0000   0x0002   0x0000   1.414994  2.000000  3.414994
04     0x0000  0x0000   0x0002   0x0200   0x0000   1.414994  2.000000  3.414994
05     0x0000  0x0002   0x0200   0x000a   0x0000   1.414994  2.000000  3.414994
06     0x0002  0x0200   0x000a   0x0000   0x0001   1.415082  4.000000  5.415082
07     0x0200  0x000a   0x0000   0x0000   0x0000   1.414994  5.000000  6.414993
08     0x000a  0x0000   0x0000   0x0202   0x0001   1.415082  2.000000  3.415082
09     0x0000  0x0000   0x0202   0x0004   0x0000   1.414994  2.000000  3.414994
10     0x0000  0x0202   0x0004   0x0800   0x0000   1.414994  5.000000  6.414993
11     0x0202  0x0004   0x0800   0x040e   0x0000   1.414994  3.000000  4.414993
12     0x0004  0x0800   0x040e   0x0c02   0x0000   1.414994  3.000000  4.414993
13     0x0800  0x040e   0x0c02   0x0002   0x0000   1.414994  4.000000  5.414993
14     0x040e  0x0c02   0x0002   0x0800    -   
------------------ 
13 Round CHAM-64 Total Weight: -54.395092 
Update: 17   RX_Bn_w: 54.395092  --Time: 0.00 seconds. ==>>
round----X0------X1-------X2-------X3-----zeta-----Pr_zeta----Pr_XOR-----Pr-RX 
01     0x0000  0x0000   0x0000   0x0000   0x0000   1.414994  0.000000  1.414994
02     0x0000  0x0000   0x0000   0x0000   0x0000   1.414994  2.000000  3.414994
03     0x0000  0x0000   0x0000   0x0002   0x0000   1.414994  2.000000  3.414994
04     0x0000  0x0000   0x0002   0x0200   0x0000   1.414994  2.000000  3.414994
05     0x0000  0x0002   0x0200   0x000a   0x0000   1.414994  2.000000  3.414994
06     0x0002  0x0200   0x000a   0x0000   0x0001   1.415082  4.000000  5.415082
07     0x0200  0x000a   0x0000   0x0000   0x0000   1.414994  5.000000  6.414993
08     0x000a  0x0000   0x0000   0x0202   0x0001   1.415082  2.000000  3.415082
09     0x0000  0x0000   0x0202   0x0004   0x0000   1.414994  2.000000  3.414994
10     0x0000  0x0202   0x0004   0x0800   0x0000   1.414994  5.000000  6.414993
11     0x0202  0x0004   0x0800   0x040e   0x0000   1.414994  3.000000  4.414993
12     0x0004  0x0800   0x040e   0x0c02   0x0000   1.414994  3.000000  4.414993
13     0x0800  0x040e   0x0c02   0x0002   0x0000   1.414994  4.000000  5.414993
14     0x040e  0x0c02   0x0002   0x3000    -   
------------------ 
13 Round CHAM-64 Total Weight: -54.395092 
Update: 18   RX_Bn_w: 54.395092  --Time: 0.00 seconds. ==>>
round----X0------X1-------X2-------X3-----zeta-----Pr_zeta----Pr_XOR-----Pr-RX 
01     0x0000  0x0000   0x0000   0x0000   0x0000   1.414994  0.000000  1.414994
02     0x0000  0x0000   0x0000   0x0000   0x0000   1.414994  2.000000  3.414994
03     0x0000  0x0000   0x0000   0x0002   0x0000   1.414994  2.000000  3.414994
04     0x0000  0x0000   0x0002   0x0200   0x0000   1.414994  2.000000  3.414994
05     0x0000  0x0002   0x0200   0x000a   0x0000   1.414994  2.000000  3.414994
06     0x0002  0x0200   0x000a   0x0000   0x0001   1.415082  4.000000  5.415082
07     0x0200  0x000a   0x0000   0x0000   0x0000   1.414994  5.000000  6.414993
08     0x000a  0x0000   0x0000   0x0202   0x0001   1.415082  2.000000  3.415082
09     0x0000  0x0000   0x0202   0x0004   0x0000   1.414994  2.000000  3.414994
10     0x0000  0x0202   0x0004   0x0800   0x0000   1.414994  5.000000  6.414993
11     0x0202  0x0004   0x0800   0x040e   0x0000   1.414994  3.000000  4.414993
12     0x0004  0x0800   0x040e   0x0c02   0x0000   1.414994  3.000000  4.414993
13     0x0800  0x040e   0x0c02   0x0002   0x0000   1.414994  4.000000  5.414993
14     0x040e  0x0c02   0x0002   0x3800    -   
------------------ 
13 Round CHAM-64 Total Weight: -54.395092 
Update: 19   RX_Bn_w: 54.395004  --Time: 0.00 seconds. ==>>
round----X0------X1-------X2-------X3-----zeta-----Pr_zeta----Pr_XOR-----Pr-RX 
01     0x0000  0x0000   0x0000   0x0000   0x0000   1.414994  0.000000  1.414994
02     0x0000  0x0000   0x0000   0x0000   0x0000   1.414994  2.000000  3.414994
03     0x0000  0x0000   0x0000   0x0002   0x0000   1.414994  2.000000  3.414994
04     0x0000  0x0000   0x0002   0x0200   0x0000   1.414994  2.000000  3.414994
05     0x0000  0x0002   0x0200   0x000a   0x0000   1.414994  2.000000  3.414994
06     0x0002  0x0200   0x000a   0x0000   0x0001   1.415082  4.000000  5.415082
07     0x0200  0x000a   0x0000   0x0008   0x0000   1.414994  5.000000  6.414993
08     0x000a  0x0000   0x0008   0x0202   0x0000   1.414994  2.000000  3.414994
09     0x0000  0x0008   0x0202   0x0006   0x0000   1.414994  2.000000  3.414994
10     0x0008  0x0202   0x0006   0x0800   0x0000   1.414994  4.000000  5.414993
11     0x0202  0x0006   0x0800   0x0422   0x0000   1.414994  3.000000  4.414993
12     0x0006  0x0800   0x0422   0x0802   0x0000   1.414994  4.000000  5.414993
13     0x0800  0x0422   0x0802   0x0002   0x0000   1.414994  4.000000  5.414993
14     0x0422  0x0802   0x0002   0x5000    -   
------------------ 
13 Round CHAM-64 Total Weight: -54.395004 
Update: 20   RX_Bn_w: 53.395092  --Time: 0.00 seconds. ==>>
round----X0------X1-------X2-------X3-----zeta-----Pr_zeta----Pr_XOR-----Pr-RX 
01     0x0000  0x0000   0x0000   0x0000   0x0000   1.414994  0.000000  1.414994
02     0x0000  0x0000   0x0000   0x0000   0x0000   1.414994  2.000000  3.414994
03     0x0000  0x0000   0x0000   0x0002   0x0000   1.414994  2.000000  3.414994
04     0x0000  0x0000   0x0002   0x0200   0x0000   1.414994  2.000000  3.414994
05     0x0000  0x0002   0x0200   0x000a   0x0000   1.414994  2.000000  3.414994
06     0x0002  0x0200   0x000a   0x0000   0x0001   1.415082  4.000000  5.415082
07     0x0200  0x000a   0x0000   0x0008   0x0000   1.414994  5.000000  6.414993
08     0x000a  0x0000   0x0008   0x0202   0x0001   1.415082  2.000000  3.415082
09     0x0000  0x0008   0x0202   0x0004   0x0000   1.414994  2.000000  3.414994
10     0x0008  0x0202   0x0004   0x0800   0x0000   1.414994  4.000000  5.414993
11     0x0202  0x0004   0x0800   0x0422   0x0000   1.414994  3.000000  4.414993
12     0x0004  0x0800   0x0422   0x0c02   0x0000   1.414994  3.000000  4.414993
13     0x0800  0x0422   0x0c02   0x0002   0x0000   1.414994  4.000000  5.414993
14     0x0422  0x0c02   0x0002   0x5000    -   
------------------ 
13 Round CHAM-64 Total Weight: -53.395092 
Update: 21   RX_Bn_w: 53.395000  --Time: 0.00 seconds. ==>>
round----X0------X1-------X2-------X3-----zeta-----Pr_zeta----Pr_XOR-----Pr-RX 
01     0x0000  0x0000   0x0000   0x0000   0x0000   1.414994  0.000000  1.414994
02     0x0000  0x0000   0x0000   0x0000   0x0000   1.414994  2.000000  3.414994
03     0x0000  0x0000   0x0000   0x0002   0x0000   1.414994  2.000000  3.414994
04     0x0000  0x0000   0x0002   0x0200   0x0000   1.414994  2.000000  3.414994
05     0x0000  0x0002   0x0200   0x000a   0x0000   1.414994  2.000000  3.414994
06     0x0002  0x0200   0x000a   0x0000   0x0000   1.414994  4.000000  5.414993
07     0x0200  0x000a   0x0000   0x001a   0x0000   1.414994  5.000000  6.414993
08     0x000a  0x0000   0x001a   0x0202   0x0001   1.415082  2.000000  3.415082
09     0x0000  0x001a   0x0202   0x0004   0x0000   1.414994  3.000000  4.414993
10     0x001a  0x0202   0x0004   0x1c00   0x0000   1.414994  3.000000  4.414993
11     0x0202  0x0004   0x1c00   0x0402   0x0000   1.414994  3.000000  4.414993
12     0x0004  0x1c00   0x0402   0x0c02   0x0000   1.414994  3.000000  4.414993
13     0x1c00  0x0402   0x0c02   0x007a   0x0000   1.414994  4.000000  5.414993
14     0x0402  0x0c02   0x007a   0x100c    -   
------------------ 
13 Round CHAM-64 Total Weight: -53.395000 
Update: 22   RX_Bn_w: 52.395092  --Time: 0.00 seconds. ==>>
round----X0------X1-------X2-------X3-----zeta-----Pr_zeta----Pr_XOR-----Pr-RX 
01     0x0000  0x0000   0x0000   0x0000   0x0000   1.414994  0.000000  1.414994
02     0x0000  0x0000   0x0000   0x0000   0x0000   1.414994  2.000000  3.414994
03     0x0000  0x0000   0x0000   0x0002   0x0000   1.414994  2.000000  3.414994
04     0x0000  0x0000   0x0002   0x0200   0x0000   1.414994  2.000000  3.414994
05     0x0000  0x0002   0x0200   0x000a   0x0000   1.414994  2.000000  3.414994
06     0x0002  0x0200   0x000a   0x0000   0x0001   1.415082  4.000000  5.415082
07     0x0200  0x000a   0x0000   0x0018   0x0000   1.414994  5.000000  6.414993
08     0x000a  0x0000   0x0018   0x0202   0x0001   1.415082  2.000000  3.415082
09     0x0000  0x0018   0x0202   0x0004   0x0000   1.414994  2.000000  3.414994
10     0x0018  0x0202   0x0004   0x1800   0x0000   1.414994  3.000000  4.414993
11     0x0202  0x0004   0x1800   0x0402   0x0000   1.414994  3.000000  4.414993
12     0x0004  0x1800   0x0402   0x0c02   0x0000   1.414994  3.000000  4.414993
13     0x1800  0x0402   0x0c02   0x0002   0x0000   1.414994  4.000000  5.414993
14     0x0402  0x0c02   0x0002   0x1000    -   
------------------ 
13 Round CHAM-64 Total Weight: -52.395092 
Update: 23   RX_Bn_w: 52.394913  --Time: 2.00 seconds. ==>>
round----X0------X1-------X2-------X3-----zeta-----Pr_zeta----Pr_XOR-----Pr-RX 
01     0x0000  0x0000   0x0000   0x0001   0x0000   1.414994  0.000000  1.414994
02     0x0000  0x0000   0x0001   0x0000   0x0000   1.414994  2.000000  3.414994
03     0x0000  0x0001   0x0000   0x0002   0x0000   1.414994  2.000000  3.414994
04     0x0001  0x0000   0x0002   0x0000   0x0000   1.414994  1.000000  2.414994
05     0x0000  0x0002   0x0000   0x0008   0x0000   1.414994  2.000000  3.414994
06     0x0002  0x0000   0x0008   0x0000   0x0000   1.414994  3.000000  4.414993
07     0x0000  0x0008   0x0000   0x000a   0x0000   1.414994  3.000000  4.414993
08     0x0008  0x0000   0x000a   0x0a00   0x0000   1.414994  1.000000  2.414994
09     0x0000  0x000a   0x0a00   0x0002   0x0000   1.414994  3.000000  4.414993
10     0x000a  0x0a00   0x0002   0x0400   0x0000   1.414994  4.000000  5.414993
11     0x0a00  0x0002   0x0400   0x0012   0x0000   1.414994  5.000000  6.414993
12     0x0002  0x0400   0x0012   0x060a   0x0000   1.414994  4.000000  5.414993
13     0x0400  0x0012   0x060a   0x000a   0x0000   1.414994  4.000000  5.414993
14     0x0012  0x060a   0x000a   0x1004    -   
------------------ 
13 Round CHAM-64 Total Weight: -52.394913 
Update: 24   RX_Bn_w: 52.394913  --Time: 2.00 seconds. ==>>
round----X0------X1-------X2-------X3-----zeta-----Pr_zeta----Pr_XOR-----Pr-RX 
01     0x0000  0x0000   0x0000   0x0001   0x0000   1.414994  0.000000  1.414994
02     0x0000  0x0000   0x0001   0x0000   0x0000   1.414994  2.000000  3.414994
03     0x0000  0x0001   0x0000   0x0002   0x0000   1.414994  2.000000  3.414994
04     0x0001  0x0000   0x0002   0x0000   0x0000   1.414994  1.000000  2.414994
05     0x0000  0x0002   0x0000   0x0008   0x0000   1.414994  2.000000  3.414994
06     0x0002  0x0000   0x0008   0x0000   0x0000   1.414994  3.000000  4.414993
07     0x0000  0x0008   0x0000   0x000a   0x0000   1.414994  3.000000  4.414993
08     0x0008  0x0000   0x000a   0x0a00   0x0000   1.414994  1.000000  2.414994
09     0x0000  0x000a   0x0a00   0x0002   0x0000   1.414994  3.000000  4.414993
10     0x000a  0x0a00   0x0002   0x0400   0x0000   1.414994  4.000000  5.414993
11     0x0a00  0x0002   0x0400   0x0012   0x0000   1.414994  5.000000  6.414993
12     0x0002  0x0400   0x0012   0x060a   0x0000   1.414994  4.000000  5.414993
13     0x0400  0x0012   0x060a   0x000a   0x0000   1.414994  4.000000  5.414993
14     0x0012  0x060a   0x000a   0x3004    -   
------------------ 
13 Round CHAM-64 Total Weight: -52.394913 
Update: 25   RX_Bn_w: 51.395004  --Time: 2.00 seconds. ==>>
round----X0------X1-------X2-------X3-----zeta-----Pr_zeta----Pr_XOR-----Pr-RX 
01     0x0000  0x0000   0x0000   0x0001   0x0000   1.414994  0.000000  1.414994
02     0x0000  0x0000   0x0001   0x0000   0x0000   1.414994  2.000000  3.414994
03     0x0000  0x0001   0x0000   0x0002   0x0000   1.414994  2.000000  3.414994
04     0x0001  0x0000   0x0002   0x0000   0x0000   1.414994  1.000000  2.414994
05     0x0000  0x0002   0x0000   0x0008   0x0000   1.414994  2.000000  3.414994
06     0x0002  0x0000   0x0008   0x0000   0x0001   1.415082  3.000000  4.415082
07     0x0000  0x0008   0x0000   0x0008   0x0000   1.414994  3.000000  4.414993
08     0x0008  0x0000   0x0008   0x0a00   0x0000   1.414994  1.000000  2.414994
09     0x0000  0x0008   0x0a00   0x0002   0x0000   1.414994  2.000000  3.414994
10     0x0008  0x0a00   0x0002   0x0800   0x0000   1.414994  4.000000  5.414993
11     0x0a00  0x0002   0x0800   0x000e   0x0000   1.414994  5.000000  6.414993
12     0x0002  0x0800   0x000e   0x060a   0x0000   1.414994  4.000000  5.414993
13     0x0800  0x000e   0x060a   0x0012   0x0000   1.414994  4.000000  5.414993
14     0x000e  0x060a   0x0012   0x0008    -   
------------------ 
13 Round CHAM-64 Total Weight: -51.395004 
Update: 26   RX_Bn_w: 51.395004  --Time: 2.00 seconds. ==>>
round----X0------X1-------X2-------X3-----zeta-----Pr_zeta----Pr_XOR-----Pr-RX 
01     0x0000  0x0000   0x0000   0x0001   0x0000   1.414994  0.000000  1.414994
02     0x0000  0x0000   0x0001   0x0000   0x0000   1.414994  2.000000  3.414994
03     0x0000  0x0001   0x0000   0x0002   0x0000   1.414994  2.000000  3.414994
04     0x0001  0x0000   0x0002   0x0000   0x0000   1.414994  1.000000  2.414994
05     0x0000  0x0002   0x0000   0x0008   0x0000   1.414994  2.000000  3.414994
06     0x0002  0x0000   0x0008   0x0000   0x0001   1.415082  3.000000  4.415082
07     0x0000  0x0008   0x0000   0x0008   0x0000   1.414994  3.000000  4.414993
08     0x0008  0x0000   0x0008   0x0a00   0x0000   1.414994  1.000000  2.414994
09     0x0000  0x0008   0x0a00   0x0002   0x0000   1.414994  2.000000  3.414994
10     0x0008  0x0a00   0x0002   0x0800   0x0000   1.414994  4.000000  5.414993
11     0x0a00  0x0002   0x0800   0x000e   0x0000   1.414994  5.000000  6.414993
12     0x0002  0x0800   0x000e   0x060a   0x0000   1.414994  4.000000  5.414993
13     0x0800  0x000e   0x060a   0x0012   0x0000   1.414994  4.000000  5.414993
14     0x000e  0x060a   0x0012   0x0808    -   
------------------ 
13 Round CHAM-64 Total Weight: -51.395004 
Update: 27   RX_Bn_w: 51.395004  --Time: 2.00 seconds. ==>>
round----X0------X1-------X2-------X3-----zeta-----Pr_zeta----Pr_XOR-----Pr-RX 
01     0x0000  0x0000   0x0000   0x0001   0x0000   1.414994  0.000000  1.414994
02     0x0000  0x0000   0x0001   0x0000   0x0000   1.414994  2.000000  3.414994
03     0x0000  0x0001   0x0000   0x0002   0x0000   1.414994  2.000000  3.414994
04     0x0001  0x0000   0x0002   0x0000   0x0000   1.414994  1.000000  2.414994
05     0x0000  0x0002   0x0000   0x0008   0x0000   1.414994  2.000000  3.414994
06     0x0002  0x0000   0x0008   0x0000   0x0001   1.415082  3.000000  4.415082
07     0x0000  0x0008   0x0000   0x0008   0x0000   1.414994  3.000000  4.414993
08     0x0008  0x0000   0x0008   0x0a00   0x0000   1.414994  1.000000  2.414994
09     0x0000  0x0008   0x0a00   0x0002   0x0000   1.414994  2.000000  3.414994
10     0x0008  0x0a00   0x0002   0x0800   0x0000   1.414994  4.000000  5.414993
11     0x0a00  0x0002   0x0800   0x000e   0x0000   1.414994  5.000000  6.414993
12     0x0002  0x0800   0x000e   0x060a   0x0000   1.414994  4.000000  5.414993
13     0x0800  0x000e   0x060a   0x0012   0x0000   1.414994  4.000000  5.414993
14     0x000e  0x060a   0x0012   0x3008    -   
------------------ 
13 Round CHAM-64 Total Weight: -51.395004 
Update: 28   RX_Bn_w: 51.395004  --Time: 2.00 seconds. ==>>
round----X0------X1-------X2-------X3-----zeta-----Pr_zeta----Pr_XOR-----Pr-RX 
01     0x0000  0x0000   0x0000   0x0001   0x0000   1.414994  0.000000  1.414994
02     0x0000  0x0000   0x0001   0x0000   0x0000   1.414994  2.000000  3.414994
03     0x0000  0x0001   0x0000   0x0002   0x0000   1.414994  2.000000  3.414994
04     0x0001  0x0000   0x0002   0x0000   0x0000   1.414994  1.000000  2.414994
05     0x0000  0x0002   0x0000   0x0008   0x0000   1.414994  2.000000  3.414994
06     0x0002  0x0000   0x0008   0x0000   0x0001   1.415082  3.000000  4.415082
07     0x0000  0x0008   0x0000   0x0008   0x0000   1.414994  3.000000  4.414993
08     0x0008  0x0000   0x0008   0x0a00   0x0000   1.414994  1.000000  2.414994
09     0x0000  0x0008   0x0a00   0x0002   0x0000   1.414994  2.000000  3.414994
10     0x0008  0x0a00   0x0002   0x0800   0x0000   1.414994  4.000000  5.414993
11     0x0a00  0x0002   0x0800   0x000e   0x0000   1.414994  5.000000  6.414993
12     0x0002  0x0800   0x000e   0x060a   0x0000   1.414994  4.000000  5.414993
13     0x0800  0x000e   0x060a   0x0012   0x0000   1.414994  4.000000  5.414993
14     0x000e  0x060a   0x0012   0x3808    -   
------------------ 
13 Round CHAM-64 Total Weight: -51.395004 
Update: 29   RX_Bn_w: 50.395088  --Time: 2.00 seconds. ==>>
round----X0------X1-------X2-------X3-----zeta-----Pr_zeta----Pr_XOR-----Pr-RX 
01     0x0000  0x0000   0x0000   0x0001   0x0000   1.414994  0.000000  1.414994
02     0x0000  0x0000   0x0001   0x0000   0x0000   1.414994  2.000000  3.414994
03     0x0000  0x0001   0x0000   0x0002   0x0000   1.414994  2.000000  3.414994
04     0x0001  0x0000   0x0002   0x0000   0x0001   1.415082  1.000000  2.415082
05     0x0000  0x0002   0x0000   0x000a   0x0000   1.414994  2.000000  3.414994
06     0x0002  0x0000   0x000a   0x0000   0x0001   1.415082  3.000000  4.415082
07     0x0000  0x000a   0x0000   0x0008   0x0000   1.414994  4.000000  5.414993
08     0x000a  0x0000   0x0008   0x0200   0x0000   1.414994  2.000000  3.414994
09     0x0000  0x0008   0x0200   0x0006   0x0000   1.414994  2.000000  3.414994
10     0x0008  0x0200   0x0006   0x0800   0x0000   1.414994  3.000000  4.414993
11     0x0200  0x0006   0x0800   0x0022   0x0000   1.414994  3.000000  4.414993
12     0x0006  0x0800   0x0022   0x0e02   0x0000   1.414994  4.000000  5.414993
13     0x0800  0x0022   0x0e02   0x0002   0x0000   1.414994  4.000000  5.414993
14     0x0022  0x0e02   0x0002   0x5008    -   
------------------ 
13 Round CHAM-64 Total Weight: -50.395088 
Update: 30   RX_Bn_w: 49.395092  --Time: 2.00 seconds. ==>>
round----X0------X1-------X2-------X3-----zeta-----Pr_zeta----Pr_XOR-----Pr-RX 
01     0x0000  0x0000   0x0000   0x0001   0x0000   1.414994  0.000000  1.414994
02     0x0000  0x0000   0x0001   0x0000   0x0000   1.414994  2.000000  3.414994
03     0x0000  0x0001   0x0000   0x0002   0x0000   1.414994  2.000000  3.414994
04     0x0001  0x0000   0x0002   0x0000   0x0001   1.415082  1.000000  2.415082
05     0x0000  0x0002   0x0000   0x000a   0x0000   1.414994  2.000000  3.414994
06     0x0002  0x0000   0x000a   0x0000   0x0001   1.415082  3.000000  4.415082
07     0x0000  0x000a   0x0000   0x0018   0x0000   1.414994  4.000000  5.414993
08     0x000a  0x0000   0x0018   0x0200   0x0000   1.414994  2.000000  3.414994
09     0x0000  0x0018   0x0200   0x0006   0x0000   1.414994  2.000000  3.414994
10     0x0018  0x0200   0x0006   0x1800   0x0000   1.414994  2.000000  3.414994
11     0x0200  0x0006   0x1800   0x0002   0x0000   1.414994  3.000000  4.414993
12     0x0006  0x1800   0x0002   0x0e02   0x0000   1.414994  4.000000  5.414993
13     0x1800  0x0002   0x0e02   0x0002   0x0000   1.414994  4.000000  5.414993
14     0x0002  0x0e02   0x0002   0x1008    -   
------------------ 
13 Round CHAM-64 Total Weight: -49.395092 
Update: 31   RX_Bn_w: 49.395088  --Time: 3.00 seconds. ==>>
round----X0------X1-------X2-------X3-----zeta-----Pr_zeta----Pr_XOR-----Pr-RX 
01     0x0000  0x0000   0x0000   0x8001   0x0000   1.414994  0.000000  1.414994
02     0x0000  0x0000   0x8001   0x0000   0x0000   1.414994  2.000000  3.414994
03     0x0000  0x8001   0x0000   0x0002   0x0001   1.415082  2.000000  3.415082
04     0x8001  0x0000   0x0002   0x0200   0x0001   1.415082  1.000000  2.415082
05     0x0000  0x0002   0x0200   0x000b   0x0000   1.414994  2.000000  3.414994
06     0x0002  0x0200   0x000b   0x0000   0x0000   1.414994  4.000000  5.414993
07     0x0200  0x000b   0x0000   0x001a   0x0000   1.414994  5.000000  6.414993
08     0x000b  0x0000   0x001a   0x0002   0x0000   1.414994  1.000000  2.414994
09     0x0000  0x001a   0x0002   0x0004   0x0000   1.414994  3.000000  4.414993
10     0x001a  0x0002   0x0004   0x1c00   0x0000   1.414994  2.000000  3.414994
11     0x0002  0x0004   0x1c00   0x0402   0x0000   1.414994  2.000000  3.414994
12     0x0004  0x1c00   0x0402   0x0c00   0x0000   1.414994  3.000000  4.414993
13     0x1c00  0x0402   0x0c00   0x007a   0x0000   1.414994  4.000000  5.414993
14     0x0402  0x0c00   0x007a   0x100c    -   
------------------ 
13 Round CHAM-64 Total Weight: -49.395088 
Update: 32   RX_Bn_w: 48.395180  --Time: 4.00 seconds. ==>>
round----X0------X1-------X2-------X3-----zeta-----Pr_zeta----Pr_XOR-----Pr-RX 
01     0x0000  0x0000   0x0000   0x8001   0x0000   1.414994  0.000000  1.414994
02     0x0000  0x0000   0x8001   0x0000   0x0000   1.414994  2.000000  3.414994
03     0x0000  0x8001   0x0000   0x0002   0x0001   1.415082  3.000000  4.415082
04     0x8001  0x0000   0x0002   0x0000   0x0001   1.415082  1.000000  2.415082
05     0x0000  0x0002   0x0000   0x000b   0x0000   1.414994  2.000000  3.414994
06     0x0002  0x0000   0x000b   0x0000   0x0001   1.415082  3.000000  4.415082
07     0x0000  0x000b   0x0000   0x0018   0x0000   1.414994  4.000000  5.414993
08     0x000b  0x0000   0x0018   0x0000   0x0000   1.414994  1.000000  2.414994
09     0x0000  0x0018   0x0000   0x0004   0x0000   1.414994  2.000000  3.414994
10     0x0018  0x0000   0x0004   0x1800   0x0000   1.414994  2.000000  3.414994
11     0x0000  0x0004   0x1800   0x0002   0x0000   1.414994  3.000000  4.414993
12     0x0004  0x1800   0x0002   0x0a00   0x0000   1.414994  3.000000  4.414993
13     0x1800  0x0002   0x0a00   0x0002   0x0000   1.414994  4.000000  5.414993
14     0x0002  0x0a00   0x0002   0x1008    -   
------------------ 
13 Round CHAM-64 Total Weight: -48.395180 
Update: 33   RX_Bn_w: 48.395092  --Time: 9.00 seconds. ==>>
round----X0------X1-------X2-------X3-----zeta-----Pr_zeta----Pr_XOR-----Pr-RX 
01     0x0000  0x0000   0x0000   0x8001   0x0000   1.414994  0.000000  1.414994
02     0x0000  0x0000   0x8001   0x0000   0x0000   1.414994  2.000000  3.414994
03     0x0000  0x8001   0x0000   0x0006   0x0001   1.415082  3.000000  4.415082
04     0x8001  0x0000   0x0006   0x0000   0x0000   1.414994  1.000000  2.414994
05     0x0000  0x0006   0x0000   0x0009   0x0000   1.414994  2.000000  3.414994
06     0x0006  0x0000   0x0009   0x0000   0x0000   1.414994  2.000000  3.414994
07     0x0000  0x0009   0x0000   0x0012   0x0000   1.414994  3.000000  4.414993
08     0x0009  0x0000   0x0012   0x0800   0x0001   1.415082  0.000000  1.415082
09     0x0000  0x0012   0x0800   0x0002   0x0000   1.414994  4.000000  5.414993
10     0x0012  0x0800   0x0002   0x0400   0x0000   1.414994  2.000000  3.414994
11     0x0800  0x0002   0x0400   0x0002   0x0000   1.414994  4.000000  5.414993
12     0x0002  0x0400   0x0002   0x0608   0x0000   1.414994  4.000000  5.414993
13     0x0400  0x0002   0x0608   0x000a   0x0000   1.414994  3.000000  4.414993
14     0x0002  0x0608   0x000a   0x1004    -   
------------------ 
13 Round CHAM-64 Total Weight: -48.395092 
Update: 34   RX_Bn_w: 48.395088  --Time: 9.00 seconds. ==>>
round----X0------X1-------X2-------X3-----zeta-----Pr_zeta----Pr_XOR-----Pr-RX 
01     0x0000  0x0000   0x0000   0x8001   0x0000   1.414994  0.000000  1.414994
02     0x0000  0x0000   0x8001   0x0000   0x0000   1.414994  2.000000  3.414994
03     0x0000  0x8001   0x0000   0x0006   0x0001   1.415082  3.000000  4.415082
04     0x8001  0x0000   0x0006   0x0000   0x0000   1.414994  1.000000  2.414994
05     0x0000  0x0006   0x0000   0x0009   0x0000   1.414994  2.000000  3.414994
06     0x0006  0x0000   0x0009   0x0000   0x0001   1.415082  2.000000  3.415082
07     0x0000  0x0009   0x0000   0x0010   0x0000   1.414994  3.000000  4.414993
08     0x0009  0x0000   0x0010   0x0800   0x0000   1.414994  0.000000  1.414994
09     0x0000  0x0010   0x0800   0x0000   0x0000   1.414994  3.000000  4.414993
10     0x0010  0x0800   0x0000   0x0800   0x0000   1.414994  3.000000  4.414993
11     0x0800  0x0000   0x0800   0x0002   0x0000   1.414994  5.000000  6.414993
12     0x0000  0x0800   0x0002   0x0208   0x0000   1.414994  3.000000  4.414993
13     0x0800  0x0002   0x0208   0x001a   0x0000   1.414994  3.000000  4.414993
14     0x0002  0x0208   0x001a   0x1008    -   
------------------ 
13 Round CHAM-64 Total Weight: -48.395088 
Time: 51.00 seconds.  
**************************************************************************|
round----X0------X1-------X2-------X3-----zeta-----Pr_zeta----Pr_XOR-----Pr-RX 
01     0x0000  0x0000   0x0000   0x8001   0x0000   1.414994  0.000000  1.414994
02     0x0000  0x0000   0x8001   0x0000   0x0000   1.414994  2.000000  3.414994
03     0x0000  0x8001   0x0000   0x0006   0x0001   1.415082  3.000000  4.415082
04     0x8001  0x0000   0x0006   0x0000   0x0000   1.414994  1.000000  2.414994
05     0x0000  0x0006   0x0000   0x0009   0x0000   1.414994  2.000000  3.414994
06     0x0006  0x0000   0x0009   0x0000   0x0001   1.415082  2.000000  3.415082
07     0x0000  0x0009   0x0000   0x0010   0x0000   1.414994  3.000000  4.414993
08     0x0009  0x0000   0x0010   0x0800   0x0000   1.414994  0.000000  1.414994
09     0x0000  0x0010   0x0800   0x0000   0x0000   1.414994  3.000000  4.414993
10     0x0010  0x0800   0x0000   0x0800   0x0000   1.414994  3.000000  4.414993
11     0x0800  0x0000   0x0800   0x0002   0x0000   1.414994  5.000000  6.414993
12     0x0000  0x0800   0x0002   0x0208   0x0000   1.414994  3.000000  4.414993
13     0x0800  0x0002   0x0208   0x001a   0x0000   1.414994  3.000000  4.414993
14     0x0002  0x0208   0x001a   0x1008    -   
------------------ 
13 Round CHAM-64 Total Weight: -48.395088 
Time cost: 22.74 seconds ==  0.38 minutes == 0.01 hours == 0.00 days. 
Auto-search CHAM-64 RX-differential trails END! 
|************************************************************************|
Time cost: 51.86 seconds ==  0.86 minutes == 0.01 hours. 
Auto-RX-search END! 
|************************************************************************|
