//2020年09月08日16:48:15
[huangmingjiang@localhost Debug]$ ./auto_search 
|*******************************RX-Cryptanalysis****************************|
Auto-search Begin... 
Enter the parameters : #ciper #blocksize #rounds  #mode 
ciper: cham 
blocksize: 64 
rotational parameter: 1 
rounds: 13 
mode: 0 
----------------Search Optimal pure RX-Differential Trail-------------------
RX_zeta_total: 32  
Constructing RX_Ek[4] ... 
Constructing RX_XOR_offset_Table ... 
Time of Preprocessing info: 0.00 seconds.  
|--------------------------------------------------|
Constructing cDDT Lookup Tables ... 
Time of Construct CHAM cDDTs: 31.00 seconds.  
===============Search even-round============= 
*****************************Searching processing**************************|
Update: 0   RX_Bn_w: 65.000000  --Max expected weight-- 
Update: 1   RX_Bn_w: 64.395004  --Time: 0.00 seconds. ==>>
round----X0------X1-------X2-------X3-----zeta-----Pr_zeta----Pr_XOR-----Pr-RX 
01     0x0000  0x0000   0x0000   0x0000   0x0000   1.414994  0.000000  1.414994
02     0x0000  0x0000   0x0000   0x0000   0x0000   1.414994  2.000000  3.414994
03     0x0000  0x0000   0x0000   0x0100   0x0000   1.414994  2.000000  3.414994
04     0x0000  0x0000   0x0100   0x0004   0x0000   1.414994  2.000000  3.414994
05     0x0000  0x0100   0x0004   0x0500   0x0000   1.414994  3.000000  4.414993
06     0x0100  0x0004   0x0500   0x000a   0x0000   1.414994  5.000000  6.414993
07     0x0004  0x0500   0x000a   0x0101   0x0000   1.414994  3.000000  4.414993
08     0x0500  0x000a   0x0101   0x000a   0x0001   1.415082  6.000000  7.415082
09     0x000a  0x0101   0x000a   0x0405   0x0000   1.414994  4.000000  5.414993
10     0x0101  0x000a   0x0405   0x0222   0x0000   1.414994  5.000000  6.414993
11     0x000a  0x0405   0x0222   0x3601   0x0000   1.414994  4.000000  5.414993
12     0x0405  0x0222   0x3601   0x0a20   0x0000   1.414994  5.000000  6.414993
13     0x0222  0x3601   0x0a20   0x4400   0x0000   1.414994  5.000000  6.414993
14     0x3601  0x0a20   0x4400   0x02f8    -   
------------------ 
13 Round CHAM-64 Total Weight: -64.395004 
Update: 2   RX_Bn_w: 64.395004  --Time: 0.00 seconds. ==>>
round----X0------X1-------X2-------X3-----zeta-----Pr_zeta----Pr_XOR-----Pr-RX 
01     0x0000  0x0000   0x0000   0x0000   0x0000   1.414994  0.000000  1.414994
02     0x0000  0x0000   0x0000   0x0000   0x0000   1.414994  2.000000  3.414994
03     0x0000  0x0000   0x0000   0x0100   0x0000   1.414994  2.000000  3.414994
04     0x0000  0x0000   0x0100   0x0004   0x0000   1.414994  2.000000  3.414994
05     0x0000  0x0100   0x0004   0x0500   0x0000   1.414994  3.000000  4.414993
06     0x0100  0x0004   0x0500   0x000a   0x0000   1.414994  5.000000  6.414993
07     0x0004  0x0500   0x000a   0x0101   0x0000   1.414994  3.000000  4.414993
08     0x0500  0x000a   0x0101   0x000a   0x0001   1.415082  6.000000  7.415082
09     0x000a  0x0101   0x000a   0x0405   0x0000   1.414994  4.000000  5.414993
10     0x0101  0x000a   0x0405   0x0222   0x0000   1.414994  5.000000  6.414993
11     0x000a  0x0405   0x0222   0x3601   0x0000   1.414994  4.000000  5.414993
12     0x0405  0x0222   0x3601   0x0a20   0x0000   1.414994  5.000000  6.414993
13     0x0222  0x3601   0x0a20   0x4c00   0x0000   1.414994  5.000000  6.414993
14     0x3601  0x0a20   0x4c00   0x02f8    -   
------------------ 
13 Round CHAM-64 Total Weight: -64.395004 
Update: 3   RX_Bn_w: 64.395004  --Time: 0.00 seconds. ==>>
round----X0------X1-------X2-------X3-----zeta-----Pr_zeta----Pr_XOR-----Pr-RX 
01     0x0000  0x0000   0x0000   0x0000   0x0000   1.414994  0.000000  1.414994
02     0x0000  0x0000   0x0000   0x0000   0x0000   1.414994  2.000000  3.414994
03     0x0000  0x0000   0x0000   0x0100   0x0000   1.414994  2.000000  3.414994
04     0x0000  0x0000   0x0100   0x0004   0x0000   1.414994  2.000000  3.414994
05     0x0000  0x0100   0x0004   0x0500   0x0000   1.414994  3.000000  4.414993
06     0x0100  0x0004   0x0500   0x000a   0x0000   1.414994  5.000000  6.414993
07     0x0004  0x0500   0x000a   0x0101   0x0000   1.414994  3.000000  4.414993
08     0x0500  0x000a   0x0101   0x000a   0x0001   1.415082  6.000000  7.415082
09     0x000a  0x0101   0x000a   0x0405   0x0000   1.414994  4.000000  5.414993
10     0x0101  0x000a   0x0405   0x0222   0x0000   1.414994  5.000000  6.414993
11     0x000a  0x0405   0x0222   0x3601   0x0000   1.414994  4.000000  5.414993
12     0x0405  0x0222   0x3601   0x0a20   0x0000   1.414994  5.000000  6.414993
13     0x0222  0x3601   0x0a20   0x5400   0x0000   1.414994  5.000000  6.414993
14     0x3601  0x0a20   0x5400   0x02f8    -   
------------------ 
13 Round CHAM-64 Total Weight: -64.395004 
Update: 4   RX_Bn_w: 64.395004  --Time: 0.00 seconds. ==>>
round----X0------X1-------X2-------X3-----zeta-----Pr_zeta----Pr_XOR-----Pr-RX 
01     0x0000  0x0000   0x0000   0x0000   0x0000   1.414994  0.000000  1.414994
02     0x0000  0x0000   0x0000   0x0000   0x0000   1.414994  2.000000  3.414994
03     0x0000  0x0000   0x0000   0x0100   0x0000   1.414994  2.000000  3.414994
04     0x0000  0x0000   0x0100   0x0004   0x0000   1.414994  2.000000  3.414994
05     0x0000  0x0100   0x0004   0x0500   0x0000   1.414994  3.000000  4.414993
06     0x0100  0x0004   0x0500   0x000a   0x0000   1.414994  5.000000  6.414993
07     0x0004  0x0500   0x000a   0x0101   0x0000   1.414994  3.000000  4.414993
08     0x0500  0x000a   0x0101   0x000a   0x0001   1.415082  6.000000  7.415082
09     0x000a  0x0101   0x000a   0x0405   0x0000   1.414994  4.000000  5.414993
10     0x0101  0x000a   0x0405   0x0222   0x0000   1.414994  5.000000  6.414993
11     0x000a  0x0405   0x0222   0x3601   0x0000   1.414994  4.000000  5.414993
12     0x0405  0x0222   0x3601   0x0a20   0x0000   1.414994  5.000000  6.414993
13     0x0222  0x3601   0x0a20   0x5c00   0x0000   1.414994  5.000000  6.414993
14     0x3601  0x0a20   0x5c00   0x02f8    -   
------------------ 
13 Round CHAM-64 Total Weight: -64.395004 
Update: 5   RX_Bn_w: 64.395004  --Time: 0.00 seconds. ==>>
round----X0------X1-------X2-------X3-----zeta-----Pr_zeta----Pr_XOR-----Pr-RX 
01     0x0000  0x0000   0x0000   0x0000   0x0000   1.414994  0.000000  1.414994
02     0x0000  0x0000   0x0000   0x0000   0x0000   1.414994  2.000000  3.414994
03     0x0000  0x0000   0x0000   0x0100   0x0000   1.414994  2.000000  3.414994
04     0x0000  0x0000   0x0100   0x0004   0x0000   1.414994  2.000000  3.414994
05     0x0000  0x0100   0x0004   0x0500   0x0000   1.414994  3.000000  4.414993
06     0x0100  0x0004   0x0500   0x000a   0x0000   1.414994  5.000000  6.414993
07     0x0004  0x0500   0x000a   0x0101   0x0000   1.414994  3.000000  4.414993
08     0x0500  0x000a   0x0101   0x000a   0x0001   1.415082  6.000000  7.415082
09     0x000a  0x0101   0x000a   0x0405   0x0000   1.414994  4.000000  5.414993
10     0x0101  0x000a   0x0405   0x0222   0x0000   1.414994  5.000000  6.414993
11     0x000a  0x0405   0x0222   0x3e01   0x0000   1.414994  4.000000  5.414993
12     0x0405  0x0222   0x3e01   0x0a20   0x0000   1.414994  5.000000  6.414993
13     0x0222  0x3e01   0x0a20   0x4400   0x0000   1.414994  5.000000  6.414993
14     0x3e01  0x0a20   0x4400   0x02e8    -   
------------------ 
13 Round CHAM-64 Total Weight: -64.395004 
Update: 6   RX_Bn_w: 64.395004  --Time: 0.00 seconds. ==>>
round----X0------X1-------X2-------X3-----zeta-----Pr_zeta----Pr_XOR-----Pr-RX 
01     0x0000  0x0000   0x0000   0x0000   0x0000   1.414994  0.000000  1.414994
02     0x0000  0x0000   0x0000   0x0000   0x0000   1.414994  2.000000  3.414994
03     0x0000  0x0000   0x0000   0x0100   0x0000   1.414994  2.000000  3.414994
04     0x0000  0x0000   0x0100   0x0004   0x0000   1.414994  2.000000  3.414994
05     0x0000  0x0100   0x0004   0x0500   0x0000   1.414994  3.000000  4.414993
06     0x0100  0x0004   0x0500   0x000a   0x0000   1.414994  5.000000  6.414993
07     0x0004  0x0500   0x000a   0x0101   0x0000   1.414994  3.000000  4.414993
08     0x0500  0x000a   0x0101   0x000a   0x0001   1.415082  6.000000  7.415082
09     0x000a  0x0101   0x000a   0x0405   0x0000   1.414994  4.000000  5.414993
10     0x0101  0x000a   0x0405   0x0222   0x0000   1.414994  5.000000  6.414993
11     0x000a  0x0405   0x0222   0x3e01   0x0000   1.414994  4.000000  5.414993
12     0x0405  0x0222   0x3e01   0x0a20   0x0000   1.414994  5.000000  6.414993
13     0x0222  0x3e01   0x0a20   0x4c00   0x0000   1.414994  5.000000  6.414993
14     0x3e01  0x0a20   0x4c00   0x02e8    -   
------------------ 
13 Round CHAM-64 Total Weight: -64.395004 
Update: 7   RX_Bn_w: 64.395004  --Time: 0.00 seconds. ==>>
round----X0------X1-------X2-------X3-----zeta-----Pr_zeta----Pr_XOR-----Pr-RX 
01     0x0000  0x0000   0x0000   0x0000   0x0000   1.414994  0.000000  1.414994
02     0x0000  0x0000   0x0000   0x0000   0x0000   1.414994  2.000000  3.414994
03     0x0000  0x0000   0x0000   0x0100   0x0000   1.414994  2.000000  3.414994
04     0x0000  0x0000   0x0100   0x0004   0x0000   1.414994  2.000000  3.414994
05     0x0000  0x0100   0x0004   0x0500   0x0000   1.414994  3.000000  4.414993
06     0x0100  0x0004   0x0500   0x000a   0x0000   1.414994  5.000000  6.414993
07     0x0004  0x0500   0x000a   0x0101   0x0000   1.414994  3.000000  4.414993
08     0x0500  0x000a   0x0101   0x000a   0x0001   1.415082  6.000000  7.415082
09     0x000a  0x0101   0x000a   0x0405   0x0000   1.414994  4.000000  5.414993
10     0x0101  0x000a   0x0405   0x0222   0x0000   1.414994  5.000000  6.414993
11     0x000a  0x0405   0x0222   0x3e01   0x0000   1.414994  4.000000  5.414993
12     0x0405  0x0222   0x3e01   0x0a20   0x0000   1.414994  5.000000  6.414993
13     0x0222  0x3e01   0x0a20   0x5400   0x0000   1.414994  5.000000  6.414993
14     0x3e01  0x0a20   0x5400   0x02e8    -   
------------------ 
13 Round CHAM-64 Total Weight: -64.395004 
Update: 8   RX_Bn_w: 64.395004  --Time: 0.00 seconds. ==>>
round----X0------X1-------X2-------X3-----zeta-----Pr_zeta----Pr_XOR-----Pr-RX 
01     0x0000  0x0000   0x0000   0x0000   0x0000   1.414994  0.000000  1.414994
02     0x0000  0x0000   0x0000   0x0000   0x0000   1.414994  2.000000  3.414994
03     0x0000  0x0000   0x0000   0x0100   0x0000   1.414994  2.000000  3.414994
04     0x0000  0x0000   0x0100   0x0004   0x0000   1.414994  2.000000  3.414994
05     0x0000  0x0100   0x0004   0x0500   0x0000   1.414994  3.000000  4.414993
06     0x0100  0x0004   0x0500   0x000a   0x0000   1.414994  5.000000  6.414993
07     0x0004  0x0500   0x000a   0x0101   0x0000   1.414994  3.000000  4.414993
08     0x0500  0x000a   0x0101   0x000a   0x0001   1.415082  6.000000  7.415082
09     0x000a  0x0101   0x000a   0x0405   0x0000   1.414994  4.000000  5.414993
10     0x0101  0x000a   0x0405   0x0222   0x0000   1.414994  5.000000  6.414993
11     0x000a  0x0405   0x0222   0x3e01   0x0000   1.414994  4.000000  5.414993
12     0x0405  0x0222   0x3e01   0x0a20   0x0000   1.414994  5.000000  6.414993
13     0x0222  0x3e01   0x0a20   0x5c00   0x0000   1.414994  5.000000  6.414993
14     0x3e01  0x0a20   0x5c00   0x02e8    -   
------------------ 
13 Round CHAM-64 Total Weight: -64.395004 
Update: 9   RX_Bn_w: 63.395088  --Time: 0.00 seconds. ==>>
round----X0------X1-------X2-------X3-----zeta-----Pr_zeta----Pr_XOR-----Pr-RX 
01     0x0000  0x0000   0x0000   0x0000   0x0000   1.414994  0.000000  1.414994
02     0x0000  0x0000   0x0000   0x0000   0x0000   1.414994  2.000000  3.414994
03     0x0000  0x0000   0x0000   0x0100   0x0000   1.414994  2.000000  3.414994
04     0x0000  0x0000   0x0100   0x0004   0x0000   1.414994  2.000000  3.414994
05     0x0000  0x0100   0x0004   0x0500   0x0000   1.414994  3.000000  4.414993
06     0x0100  0x0004   0x0500   0x000a   0x0000   1.414994  5.000000  6.414993
07     0x0004  0x0500   0x000a   0x0101   0x0000   1.414994  3.000000  4.414993
08     0x0500  0x000a   0x0101   0x000a   0x0001   1.415082  6.000000  7.415082
09     0x000a  0x0101   0x000a   0x0405   0x0001   1.415082  4.000000  5.415082
10     0x0101  0x000a   0x0405   0x0220   0x0000   1.414994  5.000000  6.414993
11     0x000a  0x0405   0x0220   0x3601   0x0000   1.414994  4.000000  5.414993
12     0x0405  0x0220   0x3601   0x0a20   0x0000   1.414994  4.000000  5.414993
13     0x0220  0x3601   0x0a20   0x4800   0x0000   1.414994  5.000000  6.414993
14     0x3601  0x0a20   0x4800   0x02fc    -   
------------------ 
13 Round CHAM-64 Total Weight: -63.395088 
Update: 10   RX_Bn_w: 63.395000  --Time: 0.00 seconds. ==>>
round----X0------X1-------X2-------X3-----zeta-----Pr_zeta----Pr_XOR-----Pr-RX 
01     0x0000  0x0000   0x0000   0x0000   0x0000   1.414994  0.000000  1.414994
02     0x0000  0x0000   0x0000   0x0000   0x0000   1.414994  2.000000  3.414994
03     0x0000  0x0000   0x0000   0x0100   0x0000   1.414994  2.000000  3.414994
04     0x0000  0x0000   0x0100   0x0004   0x0000   1.414994  2.000000  3.414994
05     0x0000  0x0100   0x0004   0x0500   0x0000   1.414994  3.000000  4.414993
06     0x0100  0x0004   0x0500   0x000a   0x0000   1.414994  5.000000  6.414993
07     0x0004  0x0500   0x000a   0x0101   0x0000   1.414994  3.000000  4.414993
08     0x0500  0x000a   0x0101   0x000a   0x0001   1.415082  6.000000  7.415082
09     0x000a  0x0101   0x000a   0x0405   0x0000   1.414994  4.000000  5.414993
10     0x0101  0x000a   0x0405   0x0226   0x0000   1.414994  5.000000  6.414993
11     0x000a  0x0405   0x0226   0x0201   0x0000   1.414994  4.000000  5.414993
12     0x0405  0x0226   0x0201   0x0a20   0x0000   1.414994  4.000000  5.414993
13     0x0226  0x0201   0x0a20   0x4c00   0x0000   1.414994  5.000000  6.414993
14     0x0201  0x0a20   0x4c00   0x0220    -   
------------------ 
13 Round CHAM-64 Total Weight: -63.395000 
Update: 11   RX_Bn_w: 63.395000  --Time: 0.00 seconds. ==>>
round----X0------X1-------X2-------X3-----zeta-----Pr_zeta----Pr_XOR-----Pr-RX 
01     0x0000  0x0000   0x0000   0x0000   0x0000   1.414994  0.000000  1.414994
02     0x0000  0x0000   0x0000   0x0000   0x0000   1.414994  2.000000  3.414994
03     0x0000  0x0000   0x0000   0x0100   0x0000   1.414994  2.000000  3.414994
04     0x0000  0x0000   0x0100   0x0004   0x0000   1.414994  2.000000  3.414994
05     0x0000  0x0100   0x0004   0x0500   0x0000   1.414994  3.000000  4.414993
06     0x0100  0x0004   0x0500   0x000a   0x0000   1.414994  5.000000  6.414993
07     0x0004  0x0500   0x000a   0x0101   0x0000   1.414994  3.000000  4.414993
08     0x0500  0x000a   0x0101   0x000a   0x0001   1.415082  6.000000  7.415082
09     0x000a  0x0101   0x000a   0x0405   0x0000   1.414994  4.000000  5.414993
10     0x0101  0x000a   0x0405   0x0226   0x0000   1.414994  5.000000  6.414993
11     0x000a  0x0405   0x0226   0x0201   0x0000   1.414994  4.000000  5.414993
12     0x0405  0x0226   0x0201   0x0a20   0x0000   1.414994  4.000000  5.414993
13     0x0226  0x0201   0x0a20   0x4c00   0x0000   1.414994  5.000000  6.414993
14     0x0201  0x0a20   0x4c00   0x0260    -   
------------------ 
13 Round CHAM-64 Total Weight: -63.395000 
Update: 12   RX_Bn_w: 62.395088  --Time: 0.00 seconds. ==>>
round----X0------X1-------X2-------X3-----zeta-----Pr_zeta----Pr_XOR-----Pr-RX 
01     0x0000  0x0000   0x0000   0x0000   0x0000   1.414994  0.000000  1.414994
02     0x0000  0x0000   0x0000   0x0000   0x0000   1.414994  2.000000  3.414994
03     0x0000  0x0000   0x0000   0x0100   0x0000   1.414994  2.000000  3.414994
04     0x0000  0x0000   0x0100   0x0004   0x0000   1.414994  2.000000  3.414994
05     0x0000  0x0100   0x0004   0x0500   0x0000   1.414994  3.000000  4.414993
06     0x0100  0x0004   0x0500   0x000a   0x0000   1.414994  5.000000  6.414993
07     0x0004  0x0500   0x000a   0x0101   0x0000   1.414994  3.000000  4.414993
08     0x0500  0x000a   0x0101   0x000e   0x0001   1.415082  6.000000  7.415082
09     0x000a  0x0101   0x000e   0x0405   0x0001   1.415082  4.000000  5.415082
10     0x0101  0x000e   0x0405   0x0220   0x0000   1.414994  4.000000  5.414993
11     0x000e  0x0405   0x0220   0x3e01   0x0000   1.414994  4.000000  5.414993
12     0x0405  0x0220   0x3e01   0x0a28   0x0000   1.414994  4.000000  5.414993
13     0x0220  0x3e01   0x0a28   0x4800   0x0000   1.414994  5.000000  6.414993
14     0x3e01  0x0a28   0x4800   0x02ec    -   
------------------ 
13 Round CHAM-64 Total Weight: -62.395088 
Update: 13   RX_Bn_w: 62.395000  --Time: 0.00 seconds. ==>>
round----X0------X1-------X2-------X3-----zeta-----Pr_zeta----Pr_XOR-----Pr-RX 
01     0x0000  0x0000   0x0000   0x0000   0x0000   1.414994  0.000000  1.414994
02     0x0000  0x0000   0x0000   0x0000   0x0000   1.414994  2.000000  3.414994
03     0x0000  0x0000   0x0000   0x0100   0x0000   1.414994  2.000000  3.414994
04     0x0000  0x0000   0x0100   0x0004   0x0000   1.414994  2.000000  3.414994
05     0x0000  0x0100   0x0004   0x0500   0x0000   1.414994  3.000000  4.414993
06     0x0100  0x0004   0x0500   0x000a   0x0000   1.414994  5.000000  6.414993
07     0x0004  0x0500   0x000a   0x0101   0x0000   1.414994  3.000000  4.414993
08     0x0500  0x000a   0x0101   0x000e   0x0001   1.415082  6.000000  7.415082
09     0x000a  0x0101   0x000e   0x0405   0x0000   1.414994  4.000000  5.414993
10     0x0101  0x000e   0x0405   0x0226   0x0000   1.414994  4.000000  5.414993
11     0x000e  0x0405   0x0226   0x3a01   0x0000   1.414994  4.000000  5.414993
12     0x0405  0x0226   0x3a01   0x0a28   0x0000   1.414994  4.000000  5.414993
13     0x0226  0x3a01   0x0a28   0x4c00   0x0000   1.414994  5.000000  6.414993
14     0x3a01  0x0a28   0x4c00   0x02f0    -   
------------------ 
13 Round CHAM-64 Total Weight: -62.395000 
Update: 14   RX_Bn_w: 60.395088  --Time: 0.00 seconds. ==>>
round----X0------X1-------X2-------X3-----zeta-----Pr_zeta----Pr_XOR-----Pr-RX 
01     0x0000  0x0000   0x0000   0x0000   0x0000   1.414994  0.000000  1.414994
02     0x0000  0x0000   0x0000   0x0000   0x0000   1.414994  2.000000  3.414994
03     0x0000  0x0000   0x0000   0x0100   0x0000   1.414994  2.000000  3.414994
04     0x0000  0x0000   0x0100   0x0004   0x0000   1.414994  2.000000  3.414994
05     0x0000  0x0100   0x0004   0x0500   0x0000   1.414994  3.000000  4.414993
06     0x0100  0x0004   0x0500   0x000a   0x0001   1.415082  5.000000  6.415082
07     0x0004  0x0500   0x000a   0x0001   0x0000   1.414994  3.000000  4.414993
08     0x0500  0x000a   0x0001   0x000a   0x0001   1.415082  6.000000  7.415082
09     0x000a  0x0001   0x000a   0x0405   0x0000   1.414994  3.000000  4.414993
10     0x0001  0x000a   0x0405   0x0224   0x0000   1.414994  4.000000  5.414993
11     0x000a  0x0405   0x0224   0x0200   0x0000   1.414994  4.000000  5.414993
12     0x0405  0x0224   0x0200   0x0a20   0x0000   1.414994  4.000000  5.414993
13     0x0224  0x0200   0x0a20   0x4000   0x0000   1.414994  4.000000  5.414993
14     0x0200  0x0a20   0x4000   0x0424    -   
------------------ 
13 Round CHAM-64 Total Weight: -60.395088 
Update: 15   RX_Bn_w: 60.395088  --Time: 0.00 seconds. ==>>
round----X0------X1-------X2-------X3-----zeta-----Pr_zeta----Pr_XOR-----Pr-RX 
01     0x0000  0x0000   0x0000   0x0000   0x0000   1.414994  0.000000  1.414994
02     0x0000  0x0000   0x0000   0x0000   0x0000   1.414994  2.000000  3.414994
03     0x0000  0x0000   0x0000   0x0100   0x0000   1.414994  2.000000  3.414994
04     0x0000  0x0000   0x0100   0x0004   0x0000   1.414994  2.000000  3.414994
05     0x0000  0x0100   0x0004   0x0500   0x0000   1.414994  3.000000  4.414993
06     0x0100  0x0004   0x0500   0x000a   0x0001   1.415082  5.000000  6.415082
07     0x0004  0x0500   0x000a   0x0001   0x0000   1.414994  3.000000  4.414993
08     0x0500  0x000a   0x0001   0x000a   0x0001   1.415082  6.000000  7.415082
09     0x000a  0x0001   0x000a   0x0405   0x0000   1.414994  3.000000  4.414993
10     0x0001  0x000a   0x0405   0x0224   0x0000   1.414994  4.000000  5.414993
11     0x000a  0x0405   0x0224   0x0200   0x0000   1.414994  4.000000  5.414993
12     0x0405  0x0224   0x0200   0x0a20   0x0000   1.414994  4.000000  5.414993
13     0x0224  0x0200   0x0a20   0x4000   0x0000   1.414994  4.000000  5.414993
14     0x0200  0x0a20   0x4000   0x0464    -   
------------------ 
13 Round CHAM-64 Total Weight: -60.395088 
Update: 16   RX_Bn_w: 59.395088  --Time: 0.00 seconds. ==>>
round----X0------X1-------X2-------X3-----zeta-----Pr_zeta----Pr_XOR-----Pr-RX 
01     0x0000  0x0000   0x0000   0x0000   0x0000   1.414994  0.000000  1.414994
02     0x0000  0x0000   0x0000   0x0000   0x0000   1.414994  2.000000  3.414994
03     0x0000  0x0000   0x0000   0x0100   0x0000   1.414994  2.000000  3.414994
04     0x0000  0x0000   0x0100   0x0004   0x0000   1.414994  2.000000  3.414994
05     0x0000  0x0100   0x0004   0x0500   0x0000   1.414994  3.000000  4.414993
06     0x0100  0x0004   0x0500   0x000a   0x0001   1.415082  5.000000  6.415082
07     0x0004  0x0500   0x000a   0x0001   0x0000   1.414994  3.000000  4.414993
08     0x0500  0x000a   0x0001   0x000e   0x0001   1.415082  6.000000  7.415082
09     0x000a  0x0001   0x000e   0x0405   0x0000   1.414994  3.000000  4.414993
10     0x0001  0x000e   0x0405   0x0224   0x0000   1.414994  3.000000  4.414993
11     0x000e  0x0405   0x0224   0x3a00   0x0000   1.414994  4.000000  5.414993
12     0x0405  0x0224   0x3a00   0x0a28   0x0000   1.414994  4.000000  5.414993
13     0x0224  0x3a00   0x0a28   0x4000   0x0000   1.414994  4.000000  5.414993
14     0x3a00  0x0a28   0x4000   0x04f4    -   
------------------ 
13 Round CHAM-64 Total Weight: -59.395088 
Update: 17   RX_Bn_w: 58.395180  --Time: 0.00 seconds. ==>>
round----X0------X1-------X2-------X3-----zeta-----Pr_zeta----Pr_XOR-----Pr-RX 
01     0x0000  0x0000   0x0000   0x0000   0x0000   1.414994  0.000000  1.414994
02     0x0000  0x0000   0x0000   0x0000   0x0000   1.414994  2.000000  3.414994
03     0x0000  0x0000   0x0000   0x0100   0x0000   1.414994  2.000000  3.414994
04     0x0000  0x0000   0x0100   0x0004   0x0000   1.414994  2.000000  3.414994
05     0x0000  0x0100   0x0004   0x0500   0x0001   1.415082  3.000000  4.415082
06     0x0100  0x0004   0x0500   0x0008   0x0001   1.415082  5.000000  6.415082
07     0x0004  0x0500   0x0008   0x0001   0x0000   1.414994  3.000000  4.414993
08     0x0500  0x0008   0x0001   0x000e   0x0001   1.415082  5.000000  6.415082
09     0x0008  0x0001   0x000e   0x0805   0x0000   1.414994  2.000000  3.414994
10     0x0001  0x000e   0x0805   0x0220   0x0000   1.414994  3.000000  4.414993
11     0x000e  0x0805   0x0220   0x3e00   0x0000   1.414994  4.000000  5.414993
12     0x0805  0x0220   0x3e00   0x0a10   0x0000   1.414994  5.000000  6.414993
13     0x0220  0x3e00   0x0a10   0x4804   0x0000   1.414994  4.000000  5.414993
14     0x3e00  0x0a10   0x4804   0x04ec    -   
------------------ 
13 Round CHAM-64 Total Weight: -58.395180 
Update: 18   RX_Bn_w: 58.395088  --Time: 0.00 seconds. ==>>
round----X0------X1-------X2-------X3-----zeta-----Pr_zeta----Pr_XOR-----Pr-RX 
01     0x0000  0x0000   0x0000   0x0000   0x0000   1.414994  0.000000  1.414994
02     0x0000  0x0000   0x0000   0x0000   0x0000   1.414994  2.000000  3.414994
03     0x0000  0x0000   0x0000   0x0100   0x0000   1.414994  2.000000  3.414994
04     0x0000  0x0000   0x0100   0x0004   0x0000   1.414994  2.000000  3.414994
05     0x0000  0x0100   0x0004   0x0500   0x0000   1.414994  3.000000  4.414993
06     0x0100  0x0004   0x0500   0x001a   0x0001   1.415082  5.000000  6.415082
07     0x0004  0x0500   0x001a   0x0001   0x0000   1.414994  3.000000  4.414993
08     0x0500  0x001a   0x0001   0x000a   0x0001   1.415082  7.000000  8.415081
09     0x001a  0x0001   0x000a   0x0405   0x0000   1.414994  2.000000  3.414994
10     0x0001  0x000a   0x0405   0x0204   0x0000   1.414994  4.000000  5.414993
11     0x000a  0x0405   0x0204   0x0200   0x0000   1.414994  4.000000  5.414993
12     0x0405  0x0204   0x0200   0x0a20   0x0000   1.414994  3.000000  4.414993
13     0x0204  0x0200   0x0a20   0x0000   0x0000   1.414994  3.000000  4.414993
14     0x0200  0x0a20   0x0000   0x0424    -   
------------------ 
13 Round CHAM-64 Total Weight: -58.395088 
Update: 19   RX_Bn_w: 57.395180  --Time: 0.00 seconds. ==>>
round----X0------X1-------X2-------X3-----zeta-----Pr_zeta----Pr_XOR-----Pr-RX 
01     0x0000  0x0000   0x0000   0x0000   0x0000   1.414994  0.000000  1.414994
02     0x0000  0x0000   0x0000   0x0000   0x0000   1.414994  2.000000  3.414994
03     0x0000  0x0000   0x0000   0x0100   0x0000   1.414994  2.000000  3.414994
04     0x0000  0x0000   0x0100   0x0004   0x0000   1.414994  2.000000  3.414994
05     0x0000  0x0100   0x0004   0x0500   0x0001   1.415082  3.000000  4.415082
06     0x0100  0x0004   0x0500   0x0018   0x0001   1.415082  5.000000  6.415082
07     0x0004  0x0500   0x0018   0x0001   0x0000   1.414994  3.000000  4.414993
08     0x0500  0x0018   0x0001   0x000e   0x0001   1.415082  6.000000  7.415082
09     0x0018  0x0001   0x000e   0x0805   0x0000   1.414994  1.000000  2.414994
10     0x0001  0x000e   0x0805   0x0200   0x0000   1.414994  3.000000  4.414993
11     0x000e  0x0805   0x0200   0x3e00   0x0000   1.414994  4.000000  5.414993
12     0x0805  0x0200   0x3e00   0x0a10   0x0000   1.414994  4.000000  5.414993
13     0x0200  0x3e00   0x0a10   0x0804   0x0000   1.414994  4.000000  5.414993
14     0x3e00  0x0a10   0x0804   0x042c    -   
------------------ 
13 Round CHAM-64 Total Weight: -57.395180 
Update: 20   RX_Bn_w: 56.395355  --Time: 0.00 seconds. ==>>
round----X0------X1-------X2-------X3-----zeta-----Pr_zeta----Pr_XOR-----Pr-RX 
01     0x0000  0x0000   0x0000   0x0000   0x0000   1.414994  0.000000  1.414994
02     0x0000  0x0000   0x0000   0x0000   0x0000   1.414994  2.000000  3.414994
03     0x0000  0x0000   0x0000   0x0100   0x0000   1.414994  2.000000  3.414994
04     0x0000  0x0000   0x0100   0x0004   0x0001   1.415082  2.000000  3.415082
05     0x0000  0x0100   0x0004   0x0400   0x0001   1.415082  3.000000  4.415082
06     0x0100  0x0004   0x0400   0x0008   0x0001   1.415082  5.000000  6.415082
07     0x0004  0x0400   0x0008   0x0001   0x0001   1.415082  2.000000  3.415082
08     0x0400  0x0008   0x0001   0x000e   0x0001   1.415082  4.000000  5.415082
09     0x0008  0x0001   0x000e   0x0804   0x0000   1.414994  2.000000  3.414994
10     0x0001  0x000e   0x0804   0x0220   0x0000   1.414994  3.000000  4.414993
11     0x000e  0x0804   0x0220   0x3e00   0x0000   1.414994  3.000000  4.414993
12     0x0804  0x0220   0x3e00   0x0810   0x0000   1.414994  6.000000  7.414993
13     0x0220  0x3e00   0x0810   0x4904   0x0000   1.414994  4.000000  5.414993
14     0x3e00  0x0810   0x4904   0x04ec    -   
------------------ 
13 Round CHAM-64 Total Weight: -56.395355 
Update: 21   RX_Bn_w: 56.395180  --Time: 0.00 seconds. ==>>
round----X0------X1-------X2-------X3-----zeta-----Pr_zeta----Pr_XOR-----Pr-RX 
01     0x0000  0x0000   0x0000   0x0000   0x0000   1.414994  0.000000  1.414994
02     0x0000  0x0000   0x0000   0x0000   0x0000   1.414994  2.000000  3.414994
03     0x0000  0x0000   0x0000   0x0100   0x0000   1.414994  2.000000  3.414994
04     0x0000  0x0000   0x0100   0x0004   0x0001   1.415082  2.000000  3.415082
05     0x0000  0x0100   0x0004   0x0400   0x0000   1.414994  3.000000  4.414993
06     0x0100  0x0004   0x0400   0x001a   0x0001   1.415082  5.000000  6.415082
07     0x0004  0x0400   0x001a   0x0001   0x0000   1.414994  2.000000  3.414994
08     0x0400  0x001a   0x0001   0x000c   0x0001   1.415082  6.000000  7.415082
09     0x001a  0x0001   0x000c   0x0404   0x0000   1.414994  2.000000  3.414994
10     0x0001  0x000c   0x0404   0x0204   0x0000   1.414994  3.000000  4.414993
11     0x000c  0x0404   0x0204   0x0200   0x0000   1.414994  4.000000  5.414993
12     0x0404  0x0204   0x0200   0x0824   0x0000   1.414994  4.000000  5.414993
13     0x0204  0x0200   0x0824   0x0100   0x0000   1.414994  3.000000  4.414993
14     0x0200  0x0824   0x0100   0x0424    -   
------------------ 
13 Round CHAM-64 Total Weight: -56.395180 
Update: 22   RX_Bn_w: 55.395355  --Time: 0.00 seconds. ==>>
round----X0------X1-------X2-------X3-----zeta-----Pr_zeta----Pr_XOR-----Pr-RX 
01     0x0000  0x0000   0x0000   0x0000   0x0000   1.414994  0.000000  1.414994
02     0x0000  0x0000   0x0000   0x0000   0x0000   1.414994  2.000000  3.414994
03     0x0000  0x0000   0x0000   0x0100   0x0000   1.414994  2.000000  3.414994
04     0x0000  0x0000   0x0100   0x0004   0x0001   1.415082  2.000000  3.415082
05     0x0000  0x0100   0x0004   0x0400   0x0001   1.415082  3.000000  4.415082
06     0x0100  0x0004   0x0400   0x0018   0x0001   1.415082  5.000000  6.415082
07     0x0004  0x0400   0x0018   0x0001   0x0001   1.415082  2.000000  3.415082
08     0x0400  0x0018   0x0001   0x000e   0x0001   1.415082  5.000000  6.415082
09     0x0018  0x0001   0x000e   0x0804   0x0000   1.414994  1.000000  2.414994
10     0x0001  0x000e   0x0804   0x0200   0x0000   1.414994  3.000000  4.414993
11     0x000e  0x0804   0x0200   0x3e00   0x0000   1.414994  3.000000  4.414993
12     0x0804  0x0200   0x3e00   0x0810   0x0000   1.414994  5.000000  6.414993
13     0x0200  0x3e00   0x0810   0x0904   0x0000   1.414994  4.000000  5.414993
14     0x3e00  0x0810   0x0904   0x042c    -   
------------------ 
13 Round CHAM-64 Total Weight: -55.395355 
Update: 23   RX_Bn_w: 55.395180  --Time: 30.00 seconds. ==>>
round----X0------X1-------X2-------X3-----zeta-----Pr_zeta----Pr_XOR-----Pr-RX 
01     0x0000  0x0000   0x0000   0x0000   0x0000   1.414994  0.000000  1.414994
02     0x0000  0x0000   0x0000   0x0000   0x0001   1.415082  2.000000  3.415082
03     0x0000  0x0000   0x0000   0x0000   0x0000   1.414994  2.000000  3.414994
04     0x0000  0x0000   0x0000   0x0004   0x0000   1.414994  2.000000  3.414994
05     0x0000  0x0000   0x0004   0x0500   0x0000   1.414994  2.000000  3.414994
06     0x0000  0x0004   0x0500   0x0008   0x0001   1.415082  4.000000  5.415082
07     0x0004  0x0500   0x0008   0x0000   0x0000   1.414994  3.000000  4.414993
08     0x0500  0x0008   0x0000   0x000e   0x0001   1.415082  5.000000  6.415082
09     0x0008  0x0000   0x000e   0x0805   0x0000   1.414994  1.000000  2.414994
10     0x0000  0x000e   0x0805   0x0020   0x0000   1.414994  4.000000  5.414993
11     0x000e  0x0805   0x0020   0x3900   0x0000   1.414994  4.000000  5.414993
12     0x0805  0x0020   0x3900   0x0a10   0x0000   1.414994  4.000000  5.414993
13     0x0020  0x3900   0x0a10   0x4808   0x0000   1.414994  4.000000  5.414993
14     0x3900  0x0a10   0x4808   0x00ea    -   
------------------ 
13 Round CHAM-64 Total Weight: -55.395180 
Update: 24   RX_Bn_w: 55.395180  --Time: 30.00 seconds. ==>>
round----X0------X1-------X2-------X3-----zeta-----Pr_zeta----Pr_XOR-----Pr-RX 
01     0x0000  0x0000   0x0000   0x0000   0x0000   1.414994  0.000000  1.414994
02     0x0000  0x0000   0x0000   0x0000   0x0001   1.415082  2.000000  3.415082
03     0x0000  0x0000   0x0000   0x0000   0x0000   1.414994  2.000000  3.414994
04     0x0000  0x0000   0x0000   0x0004   0x0000   1.414994  2.000000  3.414994
05     0x0000  0x0000   0x0004   0x0500   0x0000   1.414994  2.000000  3.414994
06     0x0000  0x0004   0x0500   0x0008   0x0001   1.415082  4.000000  5.415082
07     0x0004  0x0500   0x0008   0x0000   0x0000   1.414994  3.000000  4.414993
08     0x0500  0x0008   0x0000   0x000e   0x0001   1.415082  5.000000  6.415082
09     0x0008  0x0000   0x000e   0x0805   0x0000   1.414994  1.000000  2.414994
10     0x0000  0x000e   0x0805   0x0020   0x0000   1.414994  4.000000  5.414993
11     0x000e  0x0805   0x0020   0x3900   0x0000   1.414994  4.000000  5.414993
12     0x0805  0x0020   0x3900   0x0a10   0x0000   1.414994  4.000000  5.414993
13     0x0020  0x3900   0x0a10   0x4808   0x0000   1.414994  4.000000  5.414993
14     0x3900  0x0a10   0x4808   0x00fa    -   
------------------ 
13 Round CHAM-64 Total Weight: -55.395180 
Update: 25   RX_Bn_w: 54.395267  --Time: 30.00 seconds. ==>>
round----X0------X1-------X2-------X3-----zeta-----Pr_zeta----Pr_XOR-----Pr-RX 
01     0x0000  0x0000   0x0000   0x0000   0x0000   1.414994  0.000000  1.414994
02     0x0000  0x0000   0x0000   0x0000   0x0001   1.415082  2.000000  3.415082
03     0x0000  0x0000   0x0000   0x0000   0x0000   1.414994  2.000000  3.414994
04     0x0000  0x0000   0x0000   0x0004   0x0000   1.414994  2.000000  3.414994
05     0x0000  0x0000   0x0004   0x0500   0x0000   1.414994  2.000000  3.414994
06     0x0000  0x0004   0x0500   0x0008   0x0001   1.415082  4.000000  5.415082
07     0x0004  0x0500   0x0008   0x0000   0x0000   1.414994  3.000000  4.414993
08     0x0500  0x0008   0x0000   0x000e   0x0001   1.415082  5.000000  6.415082
09     0x0008  0x0000   0x000e   0x0805   0x0000   1.414994  1.000000  2.414994
10     0x0000  0x000e   0x0805   0x0020   0x0001   1.415082  4.000000  5.415082
11     0x000e  0x0805   0x0020   0x3800   0x0000   1.414994  4.000000  5.414993
12     0x0805  0x0020   0x3800   0x0a10   0x0000   1.414994  4.000000  5.414993
13     0x0020  0x3800   0x0a10   0x4808   0x0000   1.414994  3.000000  4.414993
14     0x3800  0x0a10   0x4808   0x00e8    -   
------------------ 
13 Round CHAM-64 Total Weight: -54.395267 
Update: 26   RX_Bn_w: 54.395267  --Time: 30.00 seconds. ==>>
round----X0------X1-------X2-------X3-----zeta-----Pr_zeta----Pr_XOR-----Pr-RX 
01     0x0000  0x0000   0x0000   0x0000   0x0000   1.414994  0.000000  1.414994
02     0x0000  0x0000   0x0000   0x0000   0x0001   1.415082  2.000000  3.415082
03     0x0000  0x0000   0x0000   0x0000   0x0000   1.414994  2.000000  3.414994
04     0x0000  0x0000   0x0000   0x0004   0x0000   1.414994  2.000000  3.414994
05     0x0000  0x0000   0x0004   0x0500   0x0000   1.414994  2.000000  3.414994
06     0x0000  0x0004   0x0500   0x0008   0x0001   1.415082  4.000000  5.415082
07     0x0004  0x0500   0x0008   0x0000   0x0000   1.414994  3.000000  4.414993
08     0x0500  0x0008   0x0000   0x000e   0x0001   1.415082  5.000000  6.415082
09     0x0008  0x0000   0x000e   0x0805   0x0000   1.414994  1.000000  2.414994
10     0x0000  0x000e   0x0805   0x0020   0x0001   1.415082  4.000000  5.415082
11     0x000e  0x0805   0x0020   0x3800   0x0000   1.414994  4.000000  5.414993
12     0x0805  0x0020   0x3800   0x0a10   0x0000   1.414994  4.000000  5.414993
13     0x0020  0x3800   0x0a10   0x4808   0x0000   1.414994  3.000000  4.414993
14     0x3800  0x0a10   0x4808   0x00f8    -   
------------------ 
13 Round CHAM-64 Total Weight: -54.395267 
Update: 27   RX_Bn_w: 54.395180  --Time: 30.00 seconds. ==>>
round----X0------X1-------X2-------X3-----zeta-----Pr_zeta----Pr_XOR-----Pr-RX 
01     0x0000  0x0000   0x0000   0x0000   0x0000   1.414994  0.000000  1.414994
02     0x0000  0x0000   0x0000   0x0000   0x0001   1.415082  2.000000  3.415082
03     0x0000  0x0000   0x0000   0x0000   0x0000   1.414994  2.000000  3.414994
04     0x0000  0x0000   0x0000   0x0004   0x0000   1.414994  2.000000  3.414994
05     0x0000  0x0000   0x0004   0x0500   0x0000   1.414994  2.000000  3.414994
06     0x0000  0x0004   0x0500   0x0018   0x0001   1.415082  4.000000  5.415082
07     0x0004  0x0500   0x0018   0x0000   0x0000   1.414994  3.000000  4.414993
08     0x0500  0x0018   0x0000   0x000e   0x0001   1.415082  6.000000  7.415082
09     0x0018  0x0000   0x000e   0x0805   0x0000   1.414994  0.000000  1.414994
10     0x0000  0x000e   0x0805   0x0000   0x0000   1.414994  4.000000  5.414993
11     0x000e  0x0805   0x0000   0x3900   0x0000   1.414994  4.000000  5.414993
12     0x0805  0x0000   0x3900   0x0a10   0x0000   1.414994  3.000000  4.414993
13     0x0000  0x3900   0x0a10   0x0808   0x0000   1.414994  4.000000  5.414993
14     0x3900  0x0a10   0x0808   0x002a    -   
------------------ 
13 Round CHAM-64 Total Weight: -54.395180 
Update: 28   RX_Bn_w: 54.395180  --Time: 30.00 seconds. ==>>
round----X0------X1-------X2-------X3-----zeta-----Pr_zeta----Pr_XOR-----Pr-RX 
01     0x0000  0x0000   0x0000   0x0000   0x0000   1.414994  0.000000  1.414994
02     0x0000  0x0000   0x0000   0x0000   0x0001   1.415082  2.000000  3.415082
03     0x0000  0x0000   0x0000   0x0000   0x0000   1.414994  2.000000  3.414994
04     0x0000  0x0000   0x0000   0x0004   0x0000   1.414994  2.000000  3.414994
05     0x0000  0x0000   0x0004   0x0500   0x0000   1.414994  2.000000  3.414994
06     0x0000  0x0004   0x0500   0x0018   0x0001   1.415082  4.000000  5.415082
07     0x0004  0x0500   0x0018   0x0000   0x0000   1.414994  3.000000  4.414993
08     0x0500  0x0018   0x0000   0x000e   0x0001   1.415082  6.000000  7.415082
09     0x0018  0x0000   0x000e   0x0805   0x0000   1.414994  0.000000  1.414994
10     0x0000  0x000e   0x0805   0x0000   0x0000   1.414994  4.000000  5.414993
11     0x000e  0x0805   0x0000   0x3900   0x0000   1.414994  4.000000  5.414993
12     0x0805  0x0000   0x3900   0x0a10   0x0000   1.414994  3.000000  4.414993
13     0x0000  0x3900   0x0a10   0x0808   0x0000   1.414994  4.000000  5.414993
14     0x3900  0x0a10   0x0808   0x003a    -   
------------------ 
13 Round CHAM-64 Total Weight: -54.395180 
Update: 29   RX_Bn_w: 53.395267  --Time: 30.00 seconds. ==>>
round----X0------X1-------X2-------X3-----zeta-----Pr_zeta----Pr_XOR-----Pr-RX 
01     0x0000  0x0000   0x0000   0x0000   0x0000   1.414994  0.000000  1.414994
02     0x0000  0x0000   0x0000   0x0000   0x0001   1.415082  2.000000  3.415082
03     0x0000  0x0000   0x0000   0x0000   0x0000   1.414994  2.000000  3.414994
04     0x0000  0x0000   0x0000   0x0004   0x0000   1.414994  2.000000  3.414994
05     0x0000  0x0000   0x0004   0x0500   0x0000   1.414994  2.000000  3.414994
06     0x0000  0x0004   0x0500   0x0018   0x0001   1.415082  4.000000  5.415082
07     0x0004  0x0500   0x0018   0x0000   0x0000   1.414994  3.000000  4.414993
08     0x0500  0x0018   0x0000   0x000e   0x0001   1.415082  6.000000  7.415082
09     0x0018  0x0000   0x000e   0x0805   0x0000   1.414994  0.000000  1.414994
10     0x0000  0x000e   0x0805   0x0000   0x0001   1.415082  4.000000  5.415082
11     0x000e  0x0805   0x0000   0x3800   0x0000   1.414994  4.000000  5.414993
12     0x0805  0x0000   0x3800   0x0a10   0x0000   1.414994  3.000000  4.414993
13     0x0000  0x3800   0x0a10   0x0808   0x0000   1.414994  3.000000  4.414993
14     0x3800  0x0a10   0x0808   0x0028    -   
------------------ 
13 Round CHAM-64 Total Weight: -53.395267 
Update: 30   RX_Bn_w: 53.395267  --Time: 30.00 seconds. ==>>
round----X0------X1-------X2-------X3-----zeta-----Pr_zeta----Pr_XOR-----Pr-RX 
01     0x0000  0x0000   0x0000   0x0000   0x0000   1.414994  0.000000  1.414994
02     0x0000  0x0000   0x0000   0x0000   0x0001   1.415082  2.000000  3.415082
03     0x0000  0x0000   0x0000   0x0000   0x0000   1.414994  2.000000  3.414994
04     0x0000  0x0000   0x0000   0x0004   0x0000   1.414994  2.000000  3.414994
05     0x0000  0x0000   0x0004   0x0500   0x0000   1.414994  2.000000  3.414994
06     0x0000  0x0004   0x0500   0x0018   0x0001   1.415082  4.000000  5.415082
07     0x0004  0x0500   0x0018   0x0000   0x0000   1.414994  3.000000  4.414993
08     0x0500  0x0018   0x0000   0x000e   0x0001   1.415082  6.000000  7.415082
09     0x0018  0x0000   0x000e   0x0805   0x0000   1.414994  0.000000  1.414994
10     0x0000  0x000e   0x0805   0x0000   0x0001   1.415082  4.000000  5.415082
11     0x000e  0x0805   0x0000   0x3800   0x0000   1.414994  4.000000  5.414993
12     0x0805  0x0000   0x3800   0x0a10   0x0000   1.414994  3.000000  4.414993
13     0x0000  0x3800   0x0a10   0x0808   0x0000   1.414994  3.000000  4.414993
14     0x3800  0x0a10   0x0808   0x0038    -   
------------------ 
13 Round CHAM-64 Total Weight: -53.395267 
Update: 31   RX_Bn_w: 52.395443  --Time: 30.00 seconds. ==>>
round----X0------X1-------X2-------X3-----zeta-----Pr_zeta----Pr_XOR-----Pr-RX 
01     0x0000  0x0000   0x0000   0x0000   0x0000   1.414994  0.000000  1.414994
02     0x0000  0x0000   0x0000   0x0000   0x0001   1.415082  2.000000  3.415082
03     0x0000  0x0000   0x0000   0x0000   0x0000   1.414994  2.000000  3.414994
04     0x0000  0x0000   0x0000   0x0004   0x0001   1.415082  2.000000  3.415082
05     0x0000  0x0000   0x0004   0x0400   0x0000   1.414994  2.000000  3.414994
06     0x0000  0x0004   0x0400   0x0008   0x0001   1.415082  4.000000  5.415082
07     0x0004  0x0400   0x0008   0x0000   0x0001   1.415082  2.000000  3.415082
08     0x0400  0x0008   0x0000   0x000e   0x0001   1.415082  4.000000  5.415082
09     0x0008  0x0000   0x000e   0x0804   0x0000   1.414994  1.000000  2.414994
10     0x0000  0x000e   0x0804   0x0020   0x0001   1.415082  4.000000  5.415082
11     0x000e  0x0804   0x0020   0x3800   0x0000   1.414994  3.000000  4.414993
12     0x0804  0x0020   0x3800   0x0810   0x0000   1.414994  5.000000  6.414993
13     0x0020  0x3800   0x0810   0x4908   0x0000   1.414994  3.000000  4.414993
14     0x3800  0x0810   0x4908   0x00e8    -   
------------------ 
13 Round CHAM-64 Total Weight: -52.395443 
Update: 32   RX_Bn_w: 52.395443  --Time: 30.00 seconds. ==>>
round----X0------X1-------X2-------X3-----zeta-----Pr_zeta----Pr_XOR-----Pr-RX 
01     0x0000  0x0000   0x0000   0x0000   0x0000   1.414994  0.000000  1.414994
02     0x0000  0x0000   0x0000   0x0000   0x0001   1.415082  2.000000  3.415082
03     0x0000  0x0000   0x0000   0x0000   0x0000   1.414994  2.000000  3.414994
04     0x0000  0x0000   0x0000   0x0004   0x0001   1.415082  2.000000  3.415082
05     0x0000  0x0000   0x0004   0x0400   0x0000   1.414994  2.000000  3.414994
06     0x0000  0x0004   0x0400   0x0008   0x0001   1.415082  4.000000  5.415082
07     0x0004  0x0400   0x0008   0x0000   0x0001   1.415082  2.000000  3.415082
08     0x0400  0x0008   0x0000   0x000e   0x0001   1.415082  4.000000  5.415082
09     0x0008  0x0000   0x000e   0x0804   0x0000   1.414994  1.000000  2.414994
10     0x0000  0x000e   0x0804   0x0020   0x0001   1.415082  4.000000  5.415082
11     0x000e  0x0804   0x0020   0x3800   0x0000   1.414994  3.000000  4.414993
12     0x0804  0x0020   0x3800   0x0810   0x0000   1.414994  5.000000  6.414993
13     0x0020  0x3800   0x0810   0x4908   0x0000   1.414994  3.000000  4.414993
14     0x3800  0x0810   0x4908   0x00f8    -   
------------------ 
13 Round CHAM-64 Total Weight: -52.395443 
Update: 33   RX_Bn_w: 52.395264  --Time: 30.00 seconds. ==>>
round----X0------X1-------X2-------X3-----zeta-----Pr_zeta----Pr_XOR-----Pr-RX 
01     0x0000  0x0000   0x0000   0x0000   0x0000   1.414994  0.000000  1.414994
02     0x0000  0x0000   0x0000   0x0000   0x0001   1.415082  2.000000  3.415082
03     0x0000  0x0000   0x0000   0x0000   0x0000   1.414994  2.000000  3.414994
04     0x0000  0x0000   0x0000   0x0004   0x0001   1.415082  2.000000  3.415082
05     0x0000  0x0000   0x0004   0x0400   0x0000   1.414994  2.000000  3.414994
06     0x0000  0x0004   0x0400   0x0018   0x0001   1.415082  4.000000  5.415082
07     0x0004  0x0400   0x0018   0x0000   0x0000   1.414994  2.000000  3.414994
08     0x0400  0x0018   0x0000   0x000c   0x0001   1.415082  5.000000  6.415082
09     0x0018  0x0000   0x000c   0x0804   0x0000   1.414994  0.000000  1.414994
10     0x0000  0x000c   0x0804   0x0000   0x0000   1.414994  4.000000  5.414993
11     0x000c  0x0804   0x0000   0x0100   0x0000   1.414994  4.000000  5.414993
12     0x0804  0x0000   0x0100   0x0814   0x0000   1.414994  4.000000  5.414993
13     0x0000  0x0100   0x0814   0x0908   0x0000   1.414994  3.000000  4.414993
14     0x0100  0x0814   0x0908   0x002a    -   
------------------ 
13 Round CHAM-64 Total Weight: -52.395264 
Update: 34   RX_Bn_w: 51.395355  --Time: 30.00 seconds. ==>>
round----X0------X1-------X2-------X3-----zeta-----Pr_zeta----Pr_XOR-----Pr-RX 
01     0x0000  0x0000   0x0000   0x0000   0x0000   1.414994  0.000000  1.414994
02     0x0000  0x0000   0x0000   0x0000   0x0001   1.415082  2.000000  3.415082
03     0x0000  0x0000   0x0000   0x0000   0x0000   1.414994  2.000000  3.414994
04     0x0000  0x0000   0x0000   0x0004   0x0001   1.415082  2.000000  3.415082
05     0x0000  0x0000   0x0004   0x0400   0x0000   1.414994  2.000000  3.414994
06     0x0000  0x0004   0x0400   0x0018   0x0001   1.415082  4.000000  5.415082
07     0x0004  0x0400   0x0018   0x0000   0x0000   1.414994  2.000000  3.414994
08     0x0400  0x0018   0x0000   0x000c   0x0001   1.415082  5.000000  6.415082
09     0x0018  0x0000   0x000c   0x0804   0x0000   1.414994  0.000000  1.414994
10     0x0000  0x000c   0x0804   0x0000   0x0001   1.415082  4.000000  5.415082
11     0x000c  0x0804   0x0000   0x0000   0x0000   1.414994  4.000000  5.414993
12     0x0804  0x0000   0x0000   0x0814   0x0000   1.414994  4.000000  5.414993
13     0x0000  0x0000   0x0814   0x0908   0x0000   1.414994  2.000000  3.414994
14     0x0000  0x0814   0x0908   0x0028    -   
------------------ 
13 Round CHAM-64 Total Weight: -51.395355 
Update: 35   RX_Bn_w: 51.395351  --Time: 601.00 seconds. ==>>
round----X0------X1-------X2-------X3-----zeta-----Pr_zeta----Pr_XOR-----Pr-RX 
01     0x0000  0x0000   0x0000   0x0000   0x0001   1.415082  0.000000  1.415082
02     0x0000  0x0000   0x0000   0x0002   0x0001   1.415082  2.000000  3.415082
03     0x0000  0x0000   0x0002   0x0000   0x0000   1.414994  2.000000  3.414994
04     0x0000  0x0002   0x0000   0x0004   0x0000   1.414994  2.000000  3.414994
05     0x0002  0x0000   0x0004   0x0100   0x0000   1.414994  3.000000  4.414993
06     0x0000  0x0004   0x0100   0x0004   0x0001   1.415082  4.000000  5.415082
07     0x0004  0x0100   0x0004   0x0000   0x0000   1.414994  4.000000  5.414993
08     0x0100  0x0004   0x0000   0x001e   0x0001   1.415082  3.000000  4.415082
09     0x0004  0x0000   0x001e   0x0001   0x0000   1.414994  3.000000  4.414993
10     0x0000  0x001e   0x0001   0x0008   0x0001   1.415082  4.000000  5.415082
11     0x001e  0x0001   0x0008   0x1800   0x0000   1.414994  1.000000  2.414994
12     0x0001  0x0008   0x1800   0x0200   0x0000   1.414994  3.000000  4.414993
13     0x0008  0x1800   0x0200   0x0400   0x0000   1.414994  2.000000  3.414994
14     0x1800  0x0200   0x0400   0x0078    -   
------------------ 
13 Round CHAM-64 Total Weight: -51.395351 
Update: 36   RX_Bn_w: 50.395527  --Time: 602.00 seconds. ==>>
round----X0------X1-------X2-------X3-----zeta-----Pr_zeta----Pr_XOR-----Pr-RX 
01     0x0000  0x0000   0x0000   0x0000   0x0001   1.415082  0.000000  1.415082
02     0x0000  0x0000   0x0000   0x0002   0x0001   1.415082  2.000000  3.415082
03     0x0000  0x0000   0x0002   0x0000   0x0000   1.414994  2.000000  3.414994
04     0x0000  0x0002   0x0000   0x0004   0x0001   1.415082  2.000000  3.415082
05     0x0002  0x0000   0x0004   0x0000   0x0000   1.414994  3.000000  4.414993
06     0x0000  0x0004   0x0000   0x0004   0x0001   1.415082  4.000000  5.415082
07     0x0004  0x0000   0x0004   0x0000   0x0001   1.415082  3.000000  4.415082
08     0x0000  0x0004   0x0000   0x000e   0x0001   1.415082  2.000000  3.415082
09     0x0004  0x0000   0x000e   0x0000   0x0000   1.414994  3.000000  4.414993
10     0x0000  0x000e   0x0000   0x0008   0x0001   1.415082  4.000000  5.415082
11     0x000e  0x0000   0x0008   0x3800   0x0000   1.414994  1.000000  2.414994
12     0x0000  0x0008   0x3800   0x0020   0x0000   1.414994  4.000000  5.414993
13     0x0008  0x3800   0x0020   0x0500   0x0000   1.414994  2.000000  3.414994
14     0x3800  0x0020   0x0500   0x0038    -   
------------------ 
13 Round CHAM-64 Total Weight: -50.395527 
Update: 37   RX_Bn_w: 50.395443  --Time: 602.00 seconds. ==>>
round----X0------X1-------X2-------X3-----zeta-----Pr_zeta----Pr_XOR-----Pr-RX 
01     0x0000  0x0000   0x0000   0x0000   0x0001   1.415082  0.000000  1.415082
02     0x0000  0x0000   0x0000   0x0002   0x0001   1.415082  2.000000  3.415082
03     0x0000  0x0000   0x0002   0x0000   0x0000   1.414994  2.000000  3.414994
04     0x0000  0x0002   0x0000   0x0004   0x0001   1.415082  2.000000  3.415082
05     0x0002  0x0000   0x0004   0x0000   0x0000   1.414994  3.000000  4.414993
06     0x0000  0x0004   0x0000   0x0004   0x0001   1.415082  4.000000  5.415082
07     0x0004  0x0000   0x0004   0x0000   0x0000   1.414994  3.000000  4.414993
08     0x0000  0x0004   0x0000   0x001c   0x0001   1.415082  2.000000  3.415082
09     0x0004  0x0000   0x001c   0x0000   0x0000   1.414994  3.000000  4.414993
10     0x0000  0x001c   0x0000   0x0008   0x0001   1.415082  4.000000  5.415082
11     0x001c  0x0000   0x0008   0x1c00   0x0000   1.414994  1.000000  2.414994
12     0x0000  0x0008   0x1c00   0x0004   0x0000   1.414994  4.000000  5.414993
13     0x0008  0x1c00   0x0004   0x0500   0x0000   1.414994  2.000000  3.414994
14     0x1c00  0x0004   0x0500   0x0070    -   
------------------ 
13 Round CHAM-64 Total Weight: -50.395443 
Update: 38   RX_Bn_w: 50.395439  --Time: 602.00 seconds. ==>>
round----X0------X1-------X2-------X3-----zeta-----Pr_zeta----Pr_XOR-----Pr-RX 
01     0x0000  0x0000   0x0000   0x0000   0x0001   1.415082  0.000000  1.415082
02     0x0000  0x0000   0x0000   0x0002   0x0001   1.415082  2.000000  3.415082
03     0x0000  0x0000   0x0002   0x0000   0x0000   1.414994  2.000000  3.414994
04     0x0000  0x0002   0x0000   0x0004   0x0001   1.415082  2.000000  3.415082
05     0x0002  0x0000   0x0004   0x0000   0x0000   1.414994  3.000000  4.414993
06     0x0000  0x0004   0x0000   0x0004   0x0001   1.415082  4.000000  5.415082
07     0x0004  0x0000   0x0004   0x0000   0x0001   1.415082  3.000000  4.415082
08     0x0000  0x0004   0x0000   0x001e   0x0001   1.415082  2.000000  3.415082
09     0x0004  0x0000   0x001e   0x0000   0x0000   1.414994  3.000000  4.414993
10     0x0000  0x001e   0x0000   0x0008   0x0000   1.414994  4.000000  5.414993
11     0x001e  0x0000   0x0008   0x1900   0x0000   1.414994  0.000000  1.414994
12     0x0000  0x0008   0x1900   0x0000   0x0000   1.414994  4.000000  5.414993
13     0x0008  0x1900   0x0000   0x0500   0x0000   1.414994  3.000000  4.414993
14     0x1900  0x0000   0x0500   0x007a    -   
------------------ 
13 Round CHAM-64 Total Weight: -50.395439 
Update: 39   RX_Bn_w: 49.395527  --Time: 602.00 seconds. ==>>
round----X0------X1-------X2-------X3-----zeta-----Pr_zeta----Pr_XOR-----Pr-RX 
01     0x0000  0x0000   0x0000   0x0000   0x0001   1.415082  0.000000  1.415082
02     0x0000  0x0000   0x0000   0x0002   0x0001   1.415082  2.000000  3.415082
03     0x0000  0x0000   0x0002   0x0000   0x0000   1.414994  2.000000  3.414994
04     0x0000  0x0002   0x0000   0x0004   0x0001   1.415082  2.000000  3.415082
05     0x0002  0x0000   0x0004   0x0000   0x0000   1.414994  3.000000  4.414993
06     0x0000  0x0004   0x0000   0x0004   0x0001   1.415082  4.000000  5.415082
07     0x0004  0x0000   0x0004   0x0000   0x0001   1.415082  3.000000  4.415082
08     0x0000  0x0004   0x0000   0x001e   0x0001   1.415082  2.000000  3.415082
09     0x0004  0x0000   0x001e   0x0000   0x0000   1.414994  3.000000  4.414993
10     0x0000  0x001e   0x0000   0x0008   0x0001   1.415082  4.000000  5.415082
11     0x001e  0x0000   0x0008   0x1800   0x0000   1.414994  0.000000  1.414994
12     0x0000  0x0008   0x1800   0x0000   0x0000   1.414994  4.000000  5.414993
13     0x0008  0x1800   0x0000   0x0500   0x0000   1.414994  2.000000  3.414994
14     0x1800  0x0000   0x0500   0x0078    -   
------------------ 
13 Round CHAM-64 Total Weight: -49.395527 
Time: 725.00 seconds.  
**************************************************************************|
round----X0------X1-------X2-------X3-----zeta-----Pr_zeta----Pr_XOR-----Pr-RX 
01     0x0000  0x0000   0x0000   0x0000   0x0001   1.415082  0.000000  1.415082
02     0x0000  0x0000   0x0000   0x0002   0x0001   1.415082  2.000000  3.415082
03     0x0000  0x0000   0x0002   0x0000   0x0000   1.414994  2.000000  3.414994
04     0x0000  0x0002   0x0000   0x0004   0x0001   1.415082  2.000000  3.415082
05     0x0002  0x0000   0x0004   0x0000   0x0000   1.414994  3.000000  4.414993
06     0x0000  0x0004   0x0000   0x0004   0x0001   1.415082  4.000000  5.415082
07     0x0004  0x0000   0x0004   0x0000   0x0001   1.415082  3.000000  4.415082
08     0x0000  0x0004   0x0000   0x001e   0x0001   1.415082  2.000000  3.415082
09     0x0004  0x0000   0x001e   0x0000   0x0000   1.414994  3.000000  4.414993
10     0x0000  0x001e   0x0000   0x0008   0x0001   1.415082  4.000000  5.415082
11     0x001e  0x0000   0x0008   0x1800   0x0000   1.414994  0.000000  1.414994
12     0x0000  0x0008   0x1800   0x0000   0x0000   1.414994  4.000000  5.414993
13     0x0008  0x1800   0x0000   0x0500   0x0000   1.414994  2.000000  3.414994
14     0x1800  0x0000   0x0500   0x0078    -   
------------------ 
13 Round CHAM-64 Total Weight: -49.395527 
Time cost: 694.17 seconds ==  11.57 minutes == 0.19 hours == 0.01 days. 
Auto-search CHAM-64 RX-differential trails END! 
|************************************************************************|
Time cost: 725.53 seconds ==  12.09 minutes == 0.20 hours. 
Auto-RX-search END! 
|************************************************************************|
[huangmingjiang@localhost Debug]$ 

