//2020年09月08日17:09:10
|*******************************RX-Cryptanalysis****************************|
Auto-search Begin... 
Enter the parameters : #ciper #blocksize #rounds  #mode 
ciper: cham 
blocksize: 64 
rotational parameter: 1 
rounds: 13 
mode: 0 
----------------Search Optimal pure RX-Differential Trail-------------------
RX_zeta_total: 32  
Constructing RX_Ek[4] ... 
Constructing RX_XOR_offset_Table ... 
Time of Preprocessing info: 0.00 seconds.  
|--------------------------------------------------|
Constructing cDDT Lookup Tables ... 
Time of Construct CHAM cDDTs: 29.00 seconds.  
===============Search even-round============= 
*****************************Searching processing**************************|
Update: 0   RX_Bn_w: 52.000000  --Max expected weight-- 
Update: 1   RX_Bn_w: 51.395355  --Time: 2.00 seconds. ==>>
round----X0------X1-------X2-------X3-----zeta-----Pr_zeta----Pr_XOR-----Pr-RX 
01     0x0000  0x0000   0x0000   0x0000   0x0000   1.414994  0.000000  1.414994
02     0x0000  0x0000   0x0000   0x0000   0x0001   1.415082  2.000000  3.415082
03     0x0000  0x0000   0x0000   0x0000   0x0000   1.414994  2.000000  3.414994
04     0x0000  0x0000   0x0000   0x0004   0x0001   1.415082  2.000000  3.415082
05     0x0000  0x0000   0x0004   0x0400   0x0000   1.414994  2.000000  3.414994
06     0x0000  0x0004   0x0400   0x0018   0x0001   1.415082  4.000000  5.415082
07     0x0004  0x0400   0x0018   0x0000   0x0000   1.414994  2.000000  3.414994
08     0x0400  0x0018   0x0000   0x000c   0x0001   1.415082  5.000000  6.415082
09     0x0018  0x0000   0x000c   0x0804   0x0000   1.414994  0.000000  1.414994
10     0x0000  0x000c   0x0804   0x0000   0x0001   1.415082  4.000000  5.415082
11     0x000c  0x0804   0x0000   0x0000   0x0000   1.414994  4.000000  5.414993
12     0x0804  0x0000   0x0000   0x0814   0x0000   1.414994  4.000000  5.414993
13     0x0000  0x0000   0x0814   0x0908   0x0000   1.414994  2.000000  3.414994
14     0x0000  0x0814   0x0908   0x0028    -   
------------------ 
13 Round CHAM-64 Total Weight: -51.395355 
Update: 2   RX_Bn_w: 51.395351  --Time: 573.00 seconds. ==>>
round----X0------X1-------X2-------X3-----zeta-----Pr_zeta----Pr_XOR-----Pr-RX 
01     0x0000  0x0000   0x0000   0x0000   0x0001   1.415082  0.000000  1.415082
02     0x0000  0x0000   0x0000   0x0002   0x0001   1.415082  2.000000  3.415082
03     0x0000  0x0000   0x0002   0x0000   0x0000   1.414994  2.000000  3.414994
04     0x0000  0x0002   0x0000   0x0004   0x0000   1.414994  2.000000  3.414994
05     0x0002  0x0000   0x0004   0x0100   0x0000   1.414994  3.000000  4.414993
06     0x0000  0x0004   0x0100   0x0004   0x0001   1.415082  4.000000  5.415082
07     0x0004  0x0100   0x0004   0x0000   0x0000   1.414994  4.000000  5.414993
08     0x0100  0x0004   0x0000   0x001e   0x0001   1.415082  3.000000  4.415082
09     0x0004  0x0000   0x001e   0x0001   0x0000   1.414994  3.000000  4.414993
10     0x0000  0x001e   0x0001   0x0008   0x0001   1.415082  4.000000  5.415082
11     0x001e  0x0001   0x0008   0x1800   0x0000   1.414994  1.000000  2.414994
12     0x0001  0x0008   0x1800   0x0200   0x0000   1.414994  3.000000  4.414993
13     0x0008  0x1800   0x0200   0x0400   0x0000   1.414994  2.000000  3.414994
14     0x1800  0x0200   0x0400   0x0078    -   
------------------ 
13 Round CHAM-64 Total Weight: -51.395351 
Update: 3   RX_Bn_w: 50.395527  --Time: 573.00 seconds. ==>>
round----X0------X1-------X2-------X3-----zeta-----Pr_zeta----Pr_XOR-----Pr-RX 
01     0x0000  0x0000   0x0000   0x0000   0x0001   1.415082  0.000000  1.415082
02     0x0000  0x0000   0x0000   0x0002   0x0001   1.415082  2.000000  3.415082
03     0x0000  0x0000   0x0002   0x0000   0x0000   1.414994  2.000000  3.414994
04     0x0000  0x0002   0x0000   0x0004   0x0001   1.415082  2.000000  3.415082
05     0x0002  0x0000   0x0004   0x0000   0x0000   1.414994  3.000000  4.414993
06     0x0000  0x0004   0x0000   0x0004   0x0001   1.415082  4.000000  5.415082
07     0x0004  0x0000   0x0004   0x0000   0x0001   1.415082  3.000000  4.415082
08     0x0000  0x0004   0x0000   0x000e   0x0001   1.415082  2.000000  3.415082
09     0x0004  0x0000   0x000e   0x0000   0x0000   1.414994  3.000000  4.414993
10     0x0000  0x000e   0x0000   0x0008   0x0001   1.415082  4.000000  5.415082
11     0x000e  0x0000   0x0008   0x3800   0x0000   1.414994  1.000000  2.414994
12     0x0000  0x0008   0x3800   0x0020   0x0000   1.414994  4.000000  5.414993
13     0x0008  0x3800   0x0020   0x0500   0x0000   1.414994  2.000000  3.414994
14     0x3800  0x0020   0x0500   0x0038    -   
------------------ 
13 Round CHAM-64 Total Weight: -50.395527 
Update: 4   RX_Bn_w: 50.395443  --Time: 573.00 seconds. ==>>
round----X0------X1-------X2-------X3-----zeta-----Pr_zeta----Pr_XOR-----Pr-RX 
01     0x0000  0x0000   0x0000   0x0000   0x0001   1.415082  0.000000  1.415082
02     0x0000  0x0000   0x0000   0x0002   0x0001   1.415082  2.000000  3.415082
03     0x0000  0x0000   0x0002   0x0000   0x0000   1.414994  2.000000  3.414994
04     0x0000  0x0002   0x0000   0x0004   0x0001   1.415082  2.000000  3.415082
05     0x0002  0x0000   0x0004   0x0000   0x0000   1.414994  3.000000  4.414993
06     0x0000  0x0004   0x0000   0x0004   0x0001   1.415082  4.000000  5.415082
07     0x0004  0x0000   0x0004   0x0000   0x0000   1.414994  3.000000  4.414993
08     0x0000  0x0004   0x0000   0x001c   0x0001   1.415082  2.000000  3.415082
09     0x0004  0x0000   0x001c   0x0000   0x0000   1.414994  3.000000  4.414993
10     0x0000  0x001c   0x0000   0x0008   0x0001   1.415082  4.000000  5.415082
11     0x001c  0x0000   0x0008   0x1c00   0x0000   1.414994  1.000000  2.414994
12     0x0000  0x0008   0x1c00   0x0004   0x0000   1.414994  4.000000  5.414993
13     0x0008  0x1c00   0x0004   0x0500   0x0000   1.414994  2.000000  3.414994
14     0x1c00  0x0004   0x0500   0x0070    -   
------------------ 
13 Round CHAM-64 Total Weight: -50.395443 
Update: 5   RX_Bn_w: 50.395439  --Time: 573.00 seconds. ==>>
round----X0------X1-------X2-------X3-----zeta-----Pr_zeta----Pr_XOR-----Pr-RX 
01     0x0000  0x0000   0x0000   0x0000   0x0001   1.415082  0.000000  1.415082
02     0x0000  0x0000   0x0000   0x0002   0x0001   1.415082  2.000000  3.415082
03     0x0000  0x0000   0x0002   0x0000   0x0000   1.414994  2.000000  3.414994
04     0x0000  0x0002   0x0000   0x0004   0x0001   1.415082  2.000000  3.415082
05     0x0002  0x0000   0x0004   0x0000   0x0000   1.414994  3.000000  4.414993
06     0x0000  0x0004   0x0000   0x0004   0x0001   1.415082  4.000000  5.415082
07     0x0004  0x0000   0x0004   0x0000   0x0001   1.415082  3.000000  4.415082
08     0x0000  0x0004   0x0000   0x001e   0x0001   1.415082  2.000000  3.415082
09     0x0004  0x0000   0x001e   0x0000   0x0000   1.414994  3.000000  4.414993
10     0x0000  0x001e   0x0000   0x0008   0x0000   1.414994  4.000000  5.414993
11     0x001e  0x0000   0x0008   0x1900   0x0000   1.414994  0.000000  1.414994
12     0x0000  0x0008   0x1900   0x0000   0x0000   1.414994  4.000000  5.414993
13     0x0008  0x1900   0x0000   0x0500   0x0000   1.414994  3.000000  4.414993
14     0x1900  0x0000   0x0500   0x007a    -   
------------------ 
13 Round CHAM-64 Total Weight: -50.395439 
Update: 6   RX_Bn_w: 49.395527  --Time: 573.00 seconds. ==>>
round----X0------X1-------X2-------X3-----zeta-----Pr_zeta----Pr_XOR-----Pr-RX 
01     0x0000  0x0000   0x0000   0x0000   0x0001   1.415082  0.000000  1.415082
02     0x0000  0x0000   0x0000   0x0002   0x0001   1.415082  2.000000  3.415082
03     0x0000  0x0000   0x0002   0x0000   0x0000   1.414994  2.000000  3.414994
04     0x0000  0x0002   0x0000   0x0004   0x0001   1.415082  2.000000  3.415082
05     0x0002  0x0000   0x0004   0x0000   0x0000   1.414994  3.000000  4.414993
06     0x0000  0x0004   0x0000   0x0004   0x0001   1.415082  4.000000  5.415082
07     0x0004  0x0000   0x0004   0x0000   0x0001   1.415082  3.000000  4.415082
08     0x0000  0x0004   0x0000   0x001e   0x0001   1.415082  2.000000  3.415082
09     0x0004  0x0000   0x001e   0x0000   0x0000   1.414994  3.000000  4.414993
10     0x0000  0x001e   0x0000   0x0008   0x0001   1.415082  4.000000  5.415082
11     0x001e  0x0000   0x0008   0x1800   0x0000   1.414994  0.000000  1.414994
12     0x0000  0x0008   0x1800   0x0000   0x0000   1.414994  4.000000  5.414993
13     0x0008  0x1800   0x0000   0x0500   0x0000   1.414994  2.000000  3.414994
14     0x1800  0x0000   0x0500   0x0078    -   
------------------ 
13 Round CHAM-64 Total Weight: -49.395527 
Time: 694.00 seconds.  
**************************************************************************|
round----X0------X1-------X2-------X3-----zeta-----Pr_zeta----Pr_XOR-----Pr-RX 
01     0x0000  0x0000   0x0000   0x0000   0x0001   1.415082  0.000000  1.415082
02     0x0000  0x0000   0x0000   0x0002   0x0001   1.415082  2.000000  3.415082
03     0x0000  0x0000   0x0002   0x0000   0x0000   1.414994  2.000000  3.414994
04     0x0000  0x0002   0x0000   0x0004   0x0001   1.415082  2.000000  3.415082
05     0x0002  0x0000   0x0004   0x0000   0x0000   1.414994  3.000000  4.414993
06     0x0000  0x0004   0x0000   0x0004   0x0001   1.415082  4.000000  5.415082
07     0x0004  0x0000   0x0004   0x0000   0x0001   1.415082  3.000000  4.415082
08     0x0000  0x0004   0x0000   0x001e   0x0001   1.415082  2.000000  3.415082
09     0x0004  0x0000   0x001e   0x0000   0x0000   1.414994  3.000000  4.414993
10     0x0000  0x001e   0x0000   0x0008   0x0001   1.415082  4.000000  5.415082
11     0x001e  0x0000   0x0008   0x1800   0x0000   1.414994  0.000000  1.414994
12     0x0000  0x0008   0x1800   0x0000   0x0000   1.414994  4.000000  5.414993
13     0x0008  0x1800   0x0000   0x0500   0x0000   1.414994  2.000000  3.414994
14     0x1800  0x0000   0x0500   0x0078    -   
------------------ 
13 Round CHAM-64 Total Weight: -49.395527 
Time cost: 665.66 seconds ==  11.09 minutes == 0.18 hours == 0.01 days. 
Auto-search CHAM-64 RX-differential trails END! 
|************************************************************************|
Time cost: 694.67 seconds ==  11.58 minutes == 0.19 hours. 
Auto-RX-search END! 
|************************************************************************|
