//2020年09月08日16:41:51
|*******************************RX-Cryptanalysis****************************|
Auto-search Begin... 
Enter the parameters : #ciper #blocksize #rounds  #mode 
ciper: cham 
blocksize: 64 
rotational parameter: 1 
rounds: 14 
mode: 0 
----------------Search Optimal pure RX-Differential Trail-------------------
RX_zeta_total: 32  
Constructing RX_Ek[4] ... 
Constructing RX_XOR_offset_Table ... 
Time of Preprocessing info: 0.00 seconds.  
|--------------------------------------------------|
Constructing cDDT Lookup Tables ... 
Time of Construct CHAM cDDTs: 36.00 seconds.  
===============Search odd-round============= 
*****************************Searching processing**************************|
Update: 0   RX_Bn_w: 64.000000  --Max expected weight-- 
Update: 1   RX_Bn_w: 63.809906  --Time: 0.00 seconds. ==>>
round----X0------X1-------X2-------X3-----zeta-----Pr_zeta----Pr_XOR-----Pr-RX 
01     0x0000  0x0000   0x0000   0x0000   0x0000   1.414994  0.000000  1.414994
02     0x0000  0x0000   0x0000   0x0000   0x0000   1.414994  2.000000  3.414994
03     0x0000  0x0000   0x0000   0x0002   0x0000   1.414994  2.000000  3.414994
04     0x0000  0x0000   0x0002   0x0200   0x0000   1.414994  2.000000  3.414994
05     0x0000  0x0002   0x0200   0x000a   0x0000   1.414994  2.000000  3.414994
06     0x0002  0x0200   0x000a   0x0000   0x0000   1.414994  4.000000  5.414993
07     0x0200  0x000a   0x0000   0x0002   0x0000   1.414994  5.000000  6.414993
08     0x000a  0x0000   0x0002   0x0202   0x0000   1.414994  2.000000  3.414994
09     0x0000  0x0002   0x0202   0x0002   0x0000   1.414994  3.000000  4.414993
10     0x0002  0x0202   0x0002   0x0400   0x0000   1.414994  5.000000  6.414993
11     0x0202  0x0002   0x0400   0x0412   0x0000   1.414994  4.000000  5.414993
12     0x0002  0x0400   0x0412   0x0002   0x0000   1.414994  4.000000  5.414993
13     0x0400  0x0412   0x0002   0x000a   0x0000   1.414994  5.000000  6.414993
14     0x0412  0x0002   0x000a   0x1004   0x0000   1.414994  4.000000  5.414993
15     0x0002  0x000a   0x1004   0x040a    -   
------------------ 
14 Round CHAM-64 Total Weight: -63.809906 
Update: 2   RX_Bn_w: 62.809906  --Time: 0.00 seconds. ==>>
round----X0------X1-------X2-------X3-----zeta-----Pr_zeta----Pr_XOR-----Pr-RX 
01     0x0000  0x0000   0x0000   0x0000   0x0000   1.414994  0.000000  1.414994
02     0x0000  0x0000   0x0000   0x0000   0x0000   1.414994  2.000000  3.414994
03     0x0000  0x0000   0x0000   0x0002   0x0000   1.414994  2.000000  3.414994
04     0x0000  0x0000   0x0002   0x0200   0x0000   1.414994  2.000000  3.414994
05     0x0000  0x0002   0x0200   0x000a   0x0000   1.414994  2.000000  3.414994
06     0x0002  0x0200   0x000a   0x0000   0x0000   1.414994  4.000000  5.414993
07     0x0200  0x000a   0x0000   0x0002   0x0000   1.414994  5.000000  6.414993
08     0x000a  0x0000   0x0002   0x0202   0x0000   1.414994  2.000000  3.414994
09     0x0000  0x0002   0x0202   0x0002   0x0000   1.414994  3.000000  4.414993
10     0x0002  0x0202   0x0002   0x0c00   0x0000   1.414994  5.000000  6.414993
11     0x0202  0x0002   0x0c00   0x0412   0x0000   1.414994  4.000000  5.414993
12     0x0002  0x0c00   0x0412   0x0002   0x0000   1.414994  3.000000  4.414993
13     0x0c00  0x0412   0x0002   0x001a   0x0000   1.414994  5.000000  6.414993
14     0x0412  0x0002   0x001a   0x1004   0x0000   1.414994  4.000000  5.414993
15     0x0002  0x001a   0x1004   0x040a    -   
------------------ 
14 Round CHAM-64 Total Weight: -62.809906 
Update: 3   RX_Bn_w: 62.394871  --Time: 0.00 seconds. ==>>
round----X0------X1-------X2-------X3-----zeta-----Pr_zeta----Pr_XOR-----Pr-RX 
01     0x0000  0x0000   0x0000   0x0000   0x0000   1.414994  0.000000  1.414994
02     0x0000  0x0000   0x0000   0x0000   0x0000   1.414994  2.000000  3.414994
03     0x0000  0x0000   0x0000   0x0002   0x0000   1.414994  2.000000  3.414994
04     0x0000  0x0000   0x0002   0x0200   0x0000   1.414994  2.000000  3.414994
05     0x0000  0x0002   0x0200   0x000a   0x0000   1.414994  2.000000  3.414994
06     0x0002  0x0200   0x000a   0x0000   0x0000   1.414994  4.000000  5.414993
07     0x0200  0x000a   0x0000   0x0002   0x0002   3.999956  5.000000  8.999956
08     0x000a  0x0000   0x0002   0x0002   0x0000   1.414994  2.000000  3.414994
09     0x0000  0x0002   0x0002   0x0002   0x0000   1.414994  3.000000  4.414993
10     0x0002  0x0002   0x0002   0x0c00   0x0000   1.414994  4.000000  5.414993
11     0x0002  0x0002   0x0c00   0x0412   0x0000   1.414994  3.000000  4.414993
12     0x0002  0x0c00   0x0412   0x0000   0x0000   1.414994  3.000000  4.414993
13     0x0c00  0x0412   0x0000   0x001a   0x0000   1.414994  5.000000  6.414993
14     0x0412  0x0000   0x001a   0x1004   0x0000   1.414994  3.000000  4.414993
15     0x0000  0x001a   0x1004   0x080a    -   
------------------ 
14 Round CHAM-64 Total Weight: -62.394871 
Update: 4   RX_Bn_w: 61.809998  --Time: 1.00 seconds. ==>>
round----X0------X1-------X2-------X3-----zeta-----Pr_zeta----Pr_XOR-----Pr-RX 
01     0x0000  0x0000   0x0000   0x0000   0x0000   1.414994  0.000000  1.414994
02     0x0000  0x0000   0x0000   0x0000   0x0000   1.414994  2.000000  3.414994
03     0x0000  0x0000   0x0000   0x0002   0x0000   1.414994  2.000000  3.414994
04     0x0000  0x0000   0x0002   0x0200   0x0000   1.414994  2.000000  3.414994
05     0x0000  0x0002   0x0200   0x000a   0x0000   1.414994  2.000000  3.414994
06     0x0002  0x0200   0x000a   0x0000   0x0001   1.415082  4.000000  5.415082
07     0x0200  0x000a   0x0000   0x0000   0x0000   1.414994  5.000000  6.414993
08     0x000a  0x0000   0x0000   0x0202   0x0000   1.414994  2.000000  3.414994
09     0x0000  0x0000   0x0202   0x0002   0x0000   1.414994  2.000000  3.414994
10     0x0000  0x0202   0x0002   0x0800   0x0000   1.414994  5.000000  6.414993
11     0x0202  0x0002   0x0800   0x0412   0x0000   1.414994  4.000000  5.414993
12     0x0002  0x0800   0x0412   0x0002   0x0000   1.414994  4.000000  5.414993
13     0x0800  0x0412   0x0002   0x0012   0x0000   1.414994  4.000000  5.414993
14     0x0412  0x0002   0x0012   0x1000   0x0000   1.414994  4.000000  5.414993
15     0x0002  0x0012   0x1000   0x040a    -   
------------------ 
14 Round CHAM-64 Total Weight: -61.809998 
Update: 5   RX_Bn_w: 60.810085  --Time: 1.00 seconds. ==>>
round----X0------X1-------X2-------X3-----zeta-----Pr_zeta----Pr_XOR-----Pr-RX 
01     0x0000  0x0000   0x0000   0x0000   0x0000   1.414994  0.000000  1.414994
02     0x0000  0x0000   0x0000   0x0000   0x0000   1.414994  2.000000  3.414994
03     0x0000  0x0000   0x0000   0x0002   0x0000   1.414994  2.000000  3.414994
04     0x0000  0x0000   0x0002   0x0200   0x0000   1.414994  2.000000  3.414994
05     0x0000  0x0002   0x0200   0x000a   0x0000   1.414994  2.000000  3.414994
06     0x0002  0x0200   0x000a   0x0000   0x0001   1.415082  4.000000  5.415082
07     0x0200  0x000a   0x0000   0x0000   0x0000   1.414994  5.000000  6.414993
08     0x000a  0x0000   0x0000   0x0202   0x0001   1.415082  2.000000  3.415082
09     0x0000  0x0000   0x0202   0x0000   0x0000   1.414994  2.000000  3.414994
10     0x0000  0x0202   0x0000   0x0800   0x0000   1.414994  5.000000  6.414993
11     0x0202  0x0000   0x0800   0x0412   0x0000   1.414994  4.000000  5.414993
12     0x0000  0x0800   0x0412   0x0402   0x0000   1.414994  3.000000  4.414993
13     0x0800  0x0412   0x0402   0x001a   0x0000   1.414994  4.000000  5.414993
14     0x0412  0x0402   0x001a   0x1000   0x0000   1.414994  4.000000  5.414993
15     0x0402  0x001a   0x1000   0x0402    -   
------------------ 
14 Round CHAM-64 Total Weight: -60.810085 
Update: 6   RX_Bn_w: 60.809998  --Time: 1.00 seconds. ==>>
round----X0------X1-------X2-------X3-----zeta-----Pr_zeta----Pr_XOR-----Pr-RX 
01     0x0000  0x0000   0x0000   0x0000   0x0000   1.414994  0.000000  1.414994
02     0x0000  0x0000   0x0000   0x0000   0x0000   1.414994  2.000000  3.414994
03     0x0000  0x0000   0x0000   0x0002   0x0000   1.414994  2.000000  3.414994
04     0x0000  0x0000   0x0002   0x0200   0x0000   1.414994  2.000000  3.414994
05     0x0000  0x0002   0x0200   0x000a   0x0000   1.414994  2.000000  3.414994
06     0x0002  0x0200   0x000a   0x0000   0x0001   1.415082  4.000000  5.415082
07     0x0200  0x000a   0x0000   0x0000   0x0000   1.414994  5.000000  6.414993
08     0x000a  0x0000   0x0000   0x0202   0x0000   1.414994  2.000000  3.414994
09     0x0000  0x0000   0x0202   0x0006   0x0000   1.414994  2.000000  3.414994
10     0x0000  0x0202   0x0006   0x0800   0x0000   1.414994  5.000000  6.414993
11     0x0202  0x0006   0x0800   0x041e   0x0000   1.414994  3.000000  4.414993
12     0x0006  0x0800   0x041e   0x0802   0x0000   1.414994  4.000000  5.414993
13     0x0800  0x041e   0x0802   0x0002   0x0000   1.414994  4.000000  5.414993
14     0x041e  0x0802   0x0002   0x1000   0x0000   1.414994  4.000000  5.414993
15     0x0802  0x0002   0x1000   0x0402    -   
------------------ 
14 Round CHAM-64 Total Weight: -60.809998 
Update: 7   RX_Bn_w: 60.809906  --Time: 5.00 seconds. ==>>
round----X0------X1-------X2-------X3-----zeta-----Pr_zeta----Pr_XOR-----Pr-RX 
01     0x0000  0x0000   0x0000   0x0000   0x0000   1.414994  0.000000  1.414994
02     0x0000  0x0000   0x0000   0x0000   0x0000   1.414994  2.000000  3.414994
03     0x0000  0x0000   0x0000   0x0002   0x0000   1.414994  2.000000  3.414994
04     0x0000  0x0000   0x0002   0x0200   0x0000   1.414994  2.000000  3.414994
05     0x0000  0x0002   0x0200   0x000a   0x0000   1.414994  2.000000  3.414994
06     0x0002  0x0200   0x000a   0x0000   0x0000   1.414994  4.000000  5.414993
07     0x0200  0x000a   0x0000   0x001a   0x0000   1.414994  5.000000  6.414993
08     0x000a  0x0000   0x001a   0x0202   0x0000   1.414994  2.000000  3.414994
09     0x0000  0x001a   0x0202   0x0002   0x0000   1.414994  3.000000  4.414993
10     0x001a  0x0202   0x0002   0x1c00   0x0000   1.414994  3.000000  4.414993
11     0x0202  0x0002   0x1c00   0x0402   0x0000   1.414994  4.000000  5.414993
12     0x0002  0x1c00   0x0402   0x0002   0x0000   1.414994  3.000000  4.414993
13     0x1c00  0x0402   0x0002   0x007a   0x0000   1.414994  4.000000  5.414993
14     0x0402  0x0002   0x007a   0x100c   0x0000   1.414994  5.000000  6.414993
15     0x0002  0x007a   0x100c   0x042a    -   
------------------ 
14 Round CHAM-64 Total Weight: -60.809906 
Update: 8   RX_Bn_w: 60.394871  --Time: 5.00 seconds. ==>>
round----X0------X1-------X2-------X3-----zeta-----Pr_zeta----Pr_XOR-----Pr-RX 
01     0x0000  0x0000   0x0000   0x0000   0x0000   1.414994  0.000000  1.414994
02     0x0000  0x0000   0x0000   0x0000   0x0000   1.414994  2.000000  3.414994
03     0x0000  0x0000   0x0000   0x0002   0x0000   1.414994  2.000000  3.414994
04     0x0000  0x0000   0x0002   0x0200   0x0000   1.414994  2.000000  3.414994
05     0x0000  0x0002   0x0200   0x000a   0x0000   1.414994  2.000000  3.414994
06     0x0002  0x0200   0x000a   0x0000   0x0000   1.414994  4.000000  5.414993
07     0x0200  0x000a   0x0000   0x001a   0x0002   3.999956  5.000000  8.999956
08     0x000a  0x0000   0x001a   0x0002   0x0000   1.414994  2.000000  3.414994
09     0x0000  0x001a   0x0002   0x0002   0x0000   1.414994  3.000000  4.414993
10     0x001a  0x0002   0x0002   0x1c00   0x0000   1.414994  2.000000  3.414994
11     0x0002  0x0002   0x1c00   0x0402   0x0000   1.414994  3.000000  4.414993
12     0x0002  0x1c00   0x0402   0x0000   0x0000   1.414994  3.000000  4.414993
13     0x1c00  0x0402   0x0000   0x007a   0x0000   1.414994  4.000000  5.414993
14     0x0402  0x0000   0x007a   0x100c   0x0000   1.414994  4.000000  5.414993
15     0x0000  0x007a   0x100c   0x082a    -   
------------------ 
14 Round CHAM-64 Total Weight: -60.394871 
Update: 9   RX_Bn_w: 59.810085  --Time: 5.00 seconds. ==>>
round----X0------X1-------X2-------X3-----zeta-----Pr_zeta----Pr_XOR-----Pr-RX 
01     0x0000  0x0000   0x0000   0x0000   0x0000   1.414994  0.000000  1.414994
02     0x0000  0x0000   0x0000   0x0000   0x0000   1.414994  2.000000  3.414994
03     0x0000  0x0000   0x0000   0x0002   0x0000   1.414994  2.000000  3.414994
04     0x0000  0x0000   0x0002   0x0200   0x0000   1.414994  2.000000  3.414994
05     0x0000  0x0002   0x0200   0x000a   0x0000   1.414994  2.000000  3.414994
06     0x0002  0x0200   0x000a   0x0000   0x0001   1.415082  4.000000  5.415082
07     0x0200  0x000a   0x0000   0x0018   0x0000   1.414994  5.000000  6.414993
08     0x000a  0x0000   0x0018   0x0202   0x0001   1.415082  2.000000  3.415082
09     0x0000  0x0018   0x0202   0x0000   0x0000   1.414994  2.000000  3.414994
10     0x0018  0x0202   0x0000   0x1800   0x0000   1.414994  3.000000  4.414993
11     0x0202  0x0000   0x1800   0x0402   0x0000   1.414994  4.000000  5.414993
12     0x0000  0x1800   0x0402   0x0402   0x0000   1.414994  3.000000  4.414993
13     0x1800  0x0402   0x0402   0x007a   0x0000   1.414994  4.000000  5.414993
14     0x0402  0x0402   0x007a   0x1000   0x0000   1.414994  5.000000  6.414993
15     0x0402  0x007a   0x1000   0x0422    -   
------------------ 
14 Round CHAM-64 Total Weight: -59.810085 
Update: 10   RX_Bn_w: 59.809994  --Time: 5.00 seconds. ==>>
round----X0------X1-------X2-------X3-----zeta-----Pr_zeta----Pr_XOR-----Pr-RX 
01     0x0000  0x0000   0x0000   0x0000   0x0000   1.414994  0.000000  1.414994
02     0x0000  0x0000   0x0000   0x0000   0x0000   1.414994  2.000000  3.414994
03     0x0000  0x0000   0x0000   0x0002   0x0000   1.414994  2.000000  3.414994
04     0x0000  0x0000   0x0002   0x0200   0x0000   1.414994  2.000000  3.414994
05     0x0000  0x0002   0x0200   0x000a   0x0000   1.414994  2.000000  3.414994
06     0x0002  0x0200   0x000a   0x0000   0x0000   1.414994  4.000000  5.414993
07     0x0200  0x000a   0x0000   0x001e   0x0000   1.414994  5.000000  6.414993
08     0x000a  0x0000   0x001e   0x0202   0x0001   1.415082  2.000000  3.415082
09     0x0000  0x001e   0x0202   0x0004   0x0000   1.414994  2.000000  3.414994
10     0x001e  0x0202   0x0004   0x1c00   0x0000   1.414994  4.000000  5.414993
11     0x0202  0x0004   0x1c00   0x040a   0x0000   1.414994  3.000000  4.414993
12     0x0004  0x1c00   0x040a   0x0c02   0x0000   1.414994  3.000000  4.414993
13     0x1c00  0x040a   0x0c02   0x007a   0x0000   1.414994  4.000000  5.414993
14     0x040a  0x0c02   0x007a   0x000c   0x0000   1.414994  5.000000  6.414993
15     0x0c02  0x007a   0x000c   0x0412    -   
------------------ 
14 Round CHAM-64 Total Weight: -59.809994 
Update: 11   RX_Bn_w: 59.809994  --Time: 5.00 seconds. ==>>
round----X0------X1-------X2-------X3-----zeta-----Pr_zeta----Pr_XOR-----Pr-RX 
01     0x0000  0x0000   0x0000   0x0000   0x0000   1.414994  0.000000  1.414994
02     0x0000  0x0000   0x0000   0x0000   0x0000   1.414994  2.000000  3.414994
03     0x0000  0x0000   0x0000   0x0002   0x0000   1.414994  2.000000  3.414994
04     0x0000  0x0000   0x0002   0x0200   0x0000   1.414994  2.000000  3.414994
05     0x0000  0x0002   0x0200   0x000a   0x0000   1.414994  2.000000  3.414994
06     0x0002  0x0200   0x000a   0x0000   0x0000   1.414994  4.000000  5.414993
07     0x0200  0x000a   0x0000   0x001e   0x0000   1.414994  5.000000  6.414993
08     0x000a  0x0000   0x001e   0x0202   0x0001   1.415082  2.000000  3.415082
09     0x0000  0x001e   0x0202   0x0004   0x0000   1.414994  2.000000  3.414994
10     0x001e  0x0202   0x0004   0x1c00   0x0000   1.414994  4.000000  5.414993
11     0x0202  0x0004   0x1c00   0x040a   0x0000   1.414994  3.000000  4.414993
12     0x0004  0x1c00   0x040a   0x0c02   0x0000   1.414994  3.000000  4.414993
13     0x1c00  0x040a   0x0c02   0x007a   0x0000   1.414994  4.000000  5.414993
14     0x040a  0x0c02   0x007a   0x000c   0x0000   1.414994  5.000000  6.414993
15     0x0c02  0x007a   0x000c   0x041e    -   
------------------ 
14 Round CHAM-64 Total Weight: -59.809994 
Update: 12   RX_Bn_w: 59.394958  --Time: 5.00 seconds. ==>>
round----X0------X1-------X2-------X3-----zeta-----Pr_zeta----Pr_XOR-----Pr-RX 
01     0x0000  0x0000   0x0000   0x0000   0x0000   1.414994  0.000000  1.414994
02     0x0000  0x0000   0x0000   0x0000   0x0000   1.414994  2.000000  3.414994
03     0x0000  0x0000   0x0000   0x0002   0x0000   1.414994  2.000000  3.414994
04     0x0000  0x0000   0x0002   0x0200   0x0000   1.414994  2.000000  3.414994
05     0x0000  0x0002   0x0200   0x000a   0x0000   1.414994  2.000000  3.414994
06     0x0002  0x0200   0x000a   0x0000   0x0000   1.414994  4.000000  5.414993
07     0x0200  0x000a   0x0000   0x001e   0x0002   3.999956  5.000000  8.999956
08     0x000a  0x0000   0x001e   0x0002   0x0001   1.415082  2.000000  3.415082
09     0x0000  0x001e   0x0002   0x0004   0x0000   1.414994  2.000000  3.414994
10     0x001e  0x0002   0x0004   0x1c00   0x0000   1.414994  3.000000  4.414993
11     0x0002  0x0004   0x1c00   0x040a   0x0000   1.414994  2.000000  3.414994
12     0x0004  0x1c00   0x040a   0x0c00   0x0000   1.414994  3.000000  4.414993
13     0x1c00  0x040a   0x0c00   0x007a   0x0000   1.414994  4.000000  5.414993
14     0x040a  0x0c00   0x007a   0x000c   0x0000   1.414994  4.000000  5.414993
15     0x0c00  0x007a   0x000c   0x0812    -   
------------------ 
14 Round CHAM-64 Total Weight: -59.394958 
Update: 13   RX_Bn_w: 59.394958  --Time: 5.00 seconds. ==>>
round----X0------X1-------X2-------X3-----zeta-----Pr_zeta----Pr_XOR-----Pr-RX 
01     0x0000  0x0000   0x0000   0x0000   0x0000   1.414994  0.000000  1.414994
02     0x0000  0x0000   0x0000   0x0000   0x0000   1.414994  2.000000  3.414994
03     0x0000  0x0000   0x0000   0x0002   0x0000   1.414994  2.000000  3.414994
04     0x0000  0x0000   0x0002   0x0200   0x0000   1.414994  2.000000  3.414994
05     0x0000  0x0002   0x0200   0x000a   0x0000   1.414994  2.000000  3.414994
06     0x0002  0x0200   0x000a   0x0000   0x0000   1.414994  4.000000  5.414993
07     0x0200  0x000a   0x0000   0x001e   0x0002   3.999956  5.000000  8.999956
08     0x000a  0x0000   0x001e   0x0002   0x0001   1.415082  2.000000  3.415082
09     0x0000  0x001e   0x0002   0x0004   0x0000   1.414994  2.000000  3.414994
10     0x001e  0x0002   0x0004   0x1c00   0x0000   1.414994  3.000000  4.414993
11     0x0002  0x0004   0x1c00   0x040a   0x0000   1.414994  2.000000  3.414994
12     0x0004  0x1c00   0x040a   0x0c00   0x0000   1.414994  3.000000  4.414993
13     0x1c00  0x040a   0x0c00   0x007a   0x0000   1.414994  4.000000  5.414993
14     0x040a  0x0c00   0x007a   0x000c   0x0000   1.414994  4.000000  5.414993
15     0x0c00  0x007a   0x000c   0x081e    -   
------------------ 
14 Round CHAM-64 Total Weight: -59.394958 
Update: 14   RX_Bn_w: 58.395046  --Time: 16.00 seconds. ==>>
round----X0------X1-------X2-------X3-----zeta-----Pr_zeta----Pr_XOR-----Pr-RX 
01     0x0000  0x0000   0x0000   0x0000   0x0000   1.414994  0.000000  1.414994
02     0x0000  0x0000   0x0000   0x0000   0x0000   1.414994  2.000000  3.414994
03     0x0000  0x0000   0x0000   0x0002   0x0002   3.999956  2.000000  5.999956
04     0x0000  0x0000   0x0002   0x0000   0x0000   1.414994  2.000000  3.414994
05     0x0000  0x0002   0x0000   0x000a   0x0000   1.414994  2.000000  3.414994
06     0x0002  0x0000   0x000a   0x0000   0x0001   1.415082  3.000000  4.415082
07     0x0000  0x000a   0x0000   0x0018   0x0000   1.414994  4.000000  5.414993
08     0x000a  0x0000   0x0018   0x0200   0x0000   1.414994  2.000000  3.414994
09     0x0000  0x0018   0x0200   0x0006   0x0000   1.414994  2.000000  3.414994
10     0x0018  0x0200   0x0006   0x1800   0x0001   1.415082  2.000000  3.415082
11     0x0200  0x0006   0x1800   0x0000   0x0000   1.414994  3.000000  4.414993
12     0x0006  0x1800   0x0000   0x0e02   0x0000   1.414994  4.000000  5.414993
13     0x1800  0x0000   0x0e02   0x0002   0x0000   1.414994  4.000000  5.414993
14     0x0000  0x0e02   0x0002   0x1408   0x0000   1.414994  4.000000  5.414993
15     0x0e02  0x0002   0x1408   0x040e    -   
------------------ 
14 Round CHAM-64 Total Weight: -58.395046 
Update: 15   RX_Bn_w: 58.395046  --Time: 16.00 seconds. ==>>
round----X0------X1-------X2-------X3-----zeta-----Pr_zeta----Pr_XOR-----Pr-RX 
01     0x0000  0x0000   0x0000   0x0000   0x0000   1.414994  0.000000  1.414994
02     0x0000  0x0000   0x0000   0x0000   0x0000   1.414994  2.000000  3.414994
03     0x0000  0x0000   0x0000   0x0002   0x0002   3.999956  2.000000  5.999956
04     0x0000  0x0000   0x0002   0x0000   0x0000   1.414994  2.000000  3.414994
05     0x0000  0x0002   0x0000   0x000a   0x0000   1.414994  2.000000  3.414994
06     0x0002  0x0000   0x000a   0x0000   0x0001   1.415082  3.000000  4.415082
07     0x0000  0x000a   0x0000   0x0018   0x0000   1.414994  4.000000  5.414993
08     0x000a  0x0000   0x0018   0x0200   0x0000   1.414994  2.000000  3.414994
09     0x0000  0x0018   0x0200   0x0006   0x0000   1.414994  2.000000  3.414994
10     0x0018  0x0200   0x0006   0x1800   0x0001   1.415082  2.000000  3.415082
11     0x0200  0x0006   0x1800   0x0000   0x0000   1.414994  3.000000  4.414993
12     0x0006  0x1800   0x0000   0x0e02   0x0000   1.414994  4.000000  5.414993
13     0x1800  0x0000   0x0e02   0x0002   0x0000   1.414994  4.000000  5.414993
14     0x0000  0x0e02   0x0002   0x1408   0x0000   1.414994  4.000000  5.414993
15     0x0e02  0x0002   0x1408   0x042e    -   
------------------ 
14 Round CHAM-64 Total Weight: -58.395046 
Update: 16   RX_Bn_w: 57.809994  --Time: 25.00 seconds. ==>>
round----X0------X1-------X2-------X3-----zeta-----Pr_zeta----Pr_XOR-----Pr-RX 
01     0x0000  0x0000   0x0000   0x0001   0x0000   1.414994  0.000000  1.414994
02     0x0000  0x0000   0x0001   0x0000   0x0000   1.414994  2.000000  3.414994
03     0x0000  0x0001   0x0000   0x0002   0x0000   1.414994  2.000000  3.414994
04     0x0001  0x0000   0x0002   0x0000   0x0000   1.414994  1.000000  2.414994
05     0x0000  0x0002   0x0000   0x0008   0x0000   1.414994  2.000000  3.414994
06     0x0002  0x0000   0x0008   0x0000   0x0000   1.414994  3.000000  4.414993
07     0x0000  0x0008   0x0000   0x000a   0x0000   1.414994  3.000000  4.414993
08     0x0008  0x0000   0x000a   0x0a00   0x0000   1.414994  1.000000  2.414994
09     0x0000  0x000a   0x0a00   0x0002   0x0000   1.414994  3.000000  4.414993
10     0x000a  0x0a00   0x0002   0x0400   0x0001   1.415082  4.000000  5.415082
11     0x0a00  0x0002   0x0400   0x0010   0x0000   1.414994  5.000000  6.414993
12     0x0002  0x0400   0x0010   0x060a   0x0000   1.414994  4.000000  5.414993
13     0x0400  0x0010   0x060a   0x000a   0x0000   1.414994  4.000000  5.414993
14     0x0010  0x060a   0x000a   0x1404   0x0000   1.414994  4.000000  5.414993
15     0x060a  0x000a   0x1404   0x141e    -   
------------------ 
14 Round CHAM-64 Total Weight: -57.809994 
Update: 17   RX_Bn_w: 57.394955  --Time: 25.00 seconds. ==>>
round----X0------X1-------X2-------X3-----zeta-----Pr_zeta----Pr_XOR-----Pr-RX 
01     0x0000  0x0000   0x0000   0x0001   0x0000   1.414994  0.000000  1.414994
02     0x0000  0x0000   0x0001   0x0000   0x0000   1.414994  2.000000  3.414994
03     0x0000  0x0001   0x0000   0x0002   0x0000   1.414994  2.000000  3.414994
04     0x0001  0x0000   0x0002   0x0000   0x0000   1.414994  1.000000  2.414994
05     0x0000  0x0002   0x0000   0x0008   0x0000   1.414994  2.000000  3.414994
06     0x0002  0x0000   0x0008   0x0000   0x0000   1.414994  3.000000  4.414993
07     0x0000  0x0008   0x0000   0x000a   0x0002   3.999956  3.000000  6.999956
08     0x0008  0x0000   0x000a   0x0800   0x0000   1.414994  1.000000  2.414994
09     0x0000  0x000a   0x0800   0x0002   0x0000   1.414994  3.000000  4.414993
10     0x000a  0x0800   0x0002   0x0400   0x0001   1.415082  3.000000  4.415082
11     0x0800  0x0002   0x0400   0x0010   0x0000   1.414994  4.000000  5.414993
12     0x0002  0x0400   0x0010   0x0608   0x0000   1.414994  4.000000  5.414993
13     0x0400  0x0010   0x0608   0x000a   0x0000   1.414994  4.000000  5.414993
14     0x0010  0x0608   0x000a   0x1404   0x0000   1.414994  3.000000  4.414993
15     0x0608  0x000a   0x1404   0x101e    -   
------------------ 
14 Round CHAM-64 Total Weight: -57.394955 
Update: 18   RX_Bn_w: 56.810085  --Time: 25.00 seconds. ==>>
round----X0------X1-------X2-------X3-----zeta-----Pr_zeta----Pr_XOR-----Pr-RX 
01     0x0000  0x0000   0x0000   0x0001   0x0000   1.414994  0.000000  1.414994
02     0x0000  0x0000   0x0001   0x0000   0x0000   1.414994  2.000000  3.414994
03     0x0000  0x0001   0x0000   0x0002   0x0000   1.414994  2.000000  3.414994
04     0x0001  0x0000   0x0002   0x0000   0x0000   1.414994  1.000000  2.414994
05     0x0000  0x0002   0x0000   0x0008   0x0000   1.414994  2.000000  3.414994
06     0x0002  0x0000   0x0008   0x0000   0x0001   1.415082  3.000000  4.415082
07     0x0000  0x0008   0x0000   0x0008   0x0000   1.414994  3.000000  4.414993
08     0x0008  0x0000   0x0008   0x0a00   0x0000   1.414994  1.000000  2.414994
09     0x0000  0x0008   0x0a00   0x0002   0x0000   1.414994  2.000000  3.414994
10     0x0008  0x0a00   0x0002   0x0800   0x0001   1.415082  4.000000  5.415082
11     0x0a00  0x0002   0x0800   0x0010   0x0000   1.414994  5.000000  6.414993
12     0x0002  0x0800   0x0010   0x060a   0x0000   1.414994  4.000000  5.414993
13     0x0800  0x0010   0x060a   0x0012   0x0000   1.414994  4.000000  5.414993
14     0x0010  0x060a   0x0012   0x1408   0x0000   1.414994  4.000000  5.414993
15     0x060a  0x0012   0x1408   0x141e    -   
------------------ 
14 Round CHAM-64 Total Weight: -56.810085 
Update: 19   RX_Bn_w: 56.395046  --Time: 26.00 seconds. ==>>
round----X0------X1-------X2-------X3-----zeta-----Pr_zeta----Pr_XOR-----Pr-RX 
01     0x0000  0x0000   0x0000   0x0001   0x0000   1.414994  0.000000  1.414994
02     0x0000  0x0000   0x0001   0x0000   0x0000   1.414994  2.000000  3.414994
03     0x0000  0x0001   0x0000   0x0002   0x0000   1.414994  2.000000  3.414994
04     0x0001  0x0000   0x0002   0x0000   0x0001   1.415082  1.000000  2.415082
05     0x0000  0x0002   0x0000   0x000a   0x0000   1.414994  2.000000  3.414994
06     0x0002  0x0000   0x000a   0x0000   0x0000   1.414994  3.000000  4.414993
07     0x0000  0x000a   0x0000   0x001a   0x0002   3.999956  4.000000  7.999956
08     0x000a  0x0000   0x001a   0x0000   0x0000   1.414994  2.000000  3.414994
09     0x0000  0x001a   0x0000   0x0002   0x0000   1.414994  3.000000  4.414993
10     0x001a  0x0000   0x0002   0x1400   0x0001   1.415082  1.000000  2.415082
11     0x0000  0x0002   0x1400   0x0000   0x0000   1.414994  3.000000  4.414993
12     0x0002  0x1400   0x0000   0x0600   0x0000   1.414994  4.000000  5.414993
13     0x1400  0x0000   0x0600   0x000a   0x0000   1.414994  4.000000  5.414993
14     0x0000  0x0600   0x000a   0x1414   0x0000   1.414994  3.000000  4.414993
15     0x0600  0x000a   0x1414   0x001e    -   
------------------ 
14 Round CHAM-64 Total Weight: -56.395046 
Update: 20   RX_Bn_w: 56.395046  --Time: 26.00 seconds. ==>>
round----X0------X1-------X2-------X3-----zeta-----Pr_zeta----Pr_XOR-----Pr-RX 
01     0x0000  0x0000   0x0000   0x0001   0x0000   1.414994  0.000000  1.414994
02     0x0000  0x0000   0x0001   0x0000   0x0000   1.414994  2.000000  3.414994
03     0x0000  0x0001   0x0000   0x0002   0x0000   1.414994  2.000000  3.414994
04     0x0001  0x0000   0x0002   0x0000   0x0001   1.415082  1.000000  2.415082
05     0x0000  0x0002   0x0000   0x000a   0x0000   1.414994  2.000000  3.414994
06     0x0002  0x0000   0x000a   0x0000   0x0000   1.414994  3.000000  4.414993
07     0x0000  0x000a   0x0000   0x001a   0x0002   3.999956  4.000000  7.999956
08     0x000a  0x0000   0x001a   0x0000   0x0000   1.414994  2.000000  3.414994
09     0x0000  0x001a   0x0000   0x0002   0x0000   1.414994  3.000000  4.414993
10     0x001a  0x0000   0x0002   0x1400   0x0001   1.415082  1.000000  2.415082
11     0x0000  0x0002   0x1400   0x0000   0x0000   1.414994  3.000000  4.414993
12     0x0002  0x1400   0x0000   0x0600   0x0000   1.414994  4.000000  5.414993
13     0x1400  0x0000   0x0600   0x000a   0x0000   1.414994  4.000000  5.414993
14     0x0000  0x0600   0x000a   0x1414   0x0000   1.414994  3.000000  4.414993
15     0x0600  0x000a   0x1414   0x003e    -   
------------------ 
14 Round CHAM-64 Total Weight: -56.395046 
Update: 21   RX_Bn_w: 55.810173  --Time: 26.00 seconds. ==>>
round----X0------X1-------X2-------X3-----zeta-----Pr_zeta----Pr_XOR-----Pr-RX 
01     0x0000  0x0000   0x0000   0x0001   0x0000   1.414994  0.000000  1.414994
02     0x0000  0x0000   0x0001   0x0000   0x0000   1.414994  2.000000  3.414994
03     0x0000  0x0001   0x0000   0x0002   0x0000   1.414994  2.000000  3.414994
04     0x0001  0x0000   0x0002   0x0000   0x0001   1.415082  1.000000  2.415082
05     0x0000  0x0002   0x0000   0x000a   0x0000   1.414994  2.000000  3.414994
06     0x0002  0x0000   0x000a   0x0000   0x0001   1.415082  3.000000  4.415082
07     0x0000  0x000a   0x0000   0x0018   0x0000   1.414994  4.000000  5.414993
08     0x000a  0x0000   0x0018   0x0200   0x0000   1.414994  2.000000  3.414994
09     0x0000  0x0018   0x0200   0x0002   0x0000   1.414994  2.000000  3.414994
10     0x0018  0x0200   0x0002   0x1800   0x0001   1.415082  2.000000  3.415082
11     0x0200  0x0002   0x1800   0x0000   0x0000   1.414994  4.000000  5.414993
12     0x0002  0x1800   0x0000   0x0602   0x0000   1.414994  4.000000  5.414993
13     0x1800  0x0000   0x0602   0x0072   0x0000   1.414994  4.000000  5.414993
14     0x0000  0x0602   0x0072   0x1408   0x0000   1.414994  4.000000  5.414993
15     0x0602  0x0072   0x1408   0x041e    -   
------------------ 
14 Round CHAM-64 Total Weight: -55.810173 
Update: 22   RX_Bn_w: 55.810173  --Time: 26.00 seconds. ==>>
round----X0------X1-------X2-------X3-----zeta-----Pr_zeta----Pr_XOR-----Pr-RX 
01     0x0000  0x0000   0x0000   0x0001   0x0000   1.414994  0.000000  1.414994
02     0x0000  0x0000   0x0001   0x0000   0x0000   1.414994  2.000000  3.414994
03     0x0000  0x0001   0x0000   0x0002   0x0000   1.414994  2.000000  3.414994
04     0x0001  0x0000   0x0002   0x0000   0x0001   1.415082  1.000000  2.415082
05     0x0000  0x0002   0x0000   0x000a   0x0000   1.414994  2.000000  3.414994
06     0x0002  0x0000   0x000a   0x0000   0x0001   1.415082  3.000000  4.415082
07     0x0000  0x000a   0x0000   0x0018   0x0000   1.414994  4.000000  5.414993
08     0x000a  0x0000   0x0018   0x0200   0x0000   1.414994  2.000000  3.414994
09     0x0000  0x0018   0x0200   0x0002   0x0000   1.414994  2.000000  3.414994
10     0x0018  0x0200   0x0002   0x1800   0x0001   1.415082  2.000000  3.415082
11     0x0200  0x0002   0x1800   0x0000   0x0000   1.414994  4.000000  5.414993
12     0x0002  0x1800   0x0000   0x0602   0x0000   1.414994  4.000000  5.414993
13     0x1800  0x0000   0x0602   0x0072   0x0000   1.414994  4.000000  5.414993
14     0x0000  0x0602   0x0072   0x1408   0x0000   1.414994  4.000000  5.414993
15     0x0602  0x0072   0x1408   0x043e    -   
------------------ 
14 Round CHAM-64 Total Weight: -55.810173 
Update: 23   RX_Bn_w: 55.810085  --Time: 26.00 seconds. ==>>
round----X0------X1-------X2-------X3-----zeta-----Pr_zeta----Pr_XOR-----Pr-RX 
01     0x0000  0x0000   0x0000   0x0001   0x0000   1.414994  0.000000  1.414994
02     0x0000  0x0000   0x0001   0x0000   0x0000   1.414994  2.000000  3.414994
03     0x0000  0x0001   0x0000   0x0002   0x0000   1.414994  2.000000  3.414994
04     0x0001  0x0000   0x0002   0x0000   0x0001   1.415082  1.000000  2.415082
05     0x0000  0x0002   0x0000   0x000a   0x0000   1.414994  2.000000  3.414994
06     0x0002  0x0000   0x000a   0x0000   0x0001   1.415082  3.000000  4.415082
07     0x0000  0x000a   0x0000   0x0018   0x0000   1.414994  4.000000  5.414993
08     0x000a  0x0000   0x0018   0x0200   0x0000   1.414994  2.000000  3.414994
09     0x0000  0x0018   0x0200   0x0006   0x0000   1.414994  2.000000  3.414994
10     0x0018  0x0200   0x0006   0x1800   0x0000   1.414994  2.000000  3.414994
11     0x0200  0x0006   0x1800   0x0002   0x0000   1.414994  3.000000  4.414993
12     0x0006  0x1800   0x0002   0x0e02   0x0000   1.414994  4.000000  5.414993
13     0x1800  0x0002   0x0e02   0x0002   0x0000   1.414994  4.000000  5.414993
14     0x0002  0x0e02   0x0002   0x1008   0x0000   1.414994  5.000000  6.414993
15     0x0e02  0x0002   0x1008   0x040a    -   
------------------ 
14 Round CHAM-64 Total Weight: -55.810085 
Update: 24   RX_Bn_w: 55.810085  --Time: 26.00 seconds. ==>>
round----X0------X1-------X2-------X3-----zeta-----Pr_zeta----Pr_XOR-----Pr-RX 
01     0x0000  0x0000   0x0000   0x0001   0x0000   1.414994  0.000000  1.414994
02     0x0000  0x0000   0x0001   0x0000   0x0000   1.414994  2.000000  3.414994
03     0x0000  0x0001   0x0000   0x0002   0x0000   1.414994  2.000000  3.414994
04     0x0001  0x0000   0x0002   0x0000   0x0001   1.415082  1.000000  2.415082
05     0x0000  0x0002   0x0000   0x000a   0x0000   1.414994  2.000000  3.414994
06     0x0002  0x0000   0x000a   0x0000   0x0001   1.415082  3.000000  4.415082
07     0x0000  0x000a   0x0000   0x0018   0x0000   1.414994  4.000000  5.414993
08     0x000a  0x0000   0x0018   0x0200   0x0000   1.414994  2.000000  3.414994
09     0x0000  0x0018   0x0200   0x0006   0x0000   1.414994  2.000000  3.414994
10     0x0018  0x0200   0x0006   0x1800   0x0000   1.414994  2.000000  3.414994
11     0x0200  0x0006   0x1800   0x0002   0x0000   1.414994  3.000000  4.414993
12     0x0006  0x1800   0x0002   0x0e02   0x0000   1.414994  4.000000  5.414993
13     0x1800  0x0002   0x0e02   0x0002   0x0000   1.414994  4.000000  5.414993
14     0x0002  0x0e02   0x0002   0x1008   0x0000   1.414994  5.000000  6.414993
15     0x0e02  0x0002   0x1008   0x040e    -   
------------------ 
14 Round CHAM-64 Total Weight: -55.810085 
Update: 25   RX_Bn_w: 55.810085  --Time: 26.00 seconds. ==>>
round----X0------X1-------X2-------X3-----zeta-----Pr_zeta----Pr_XOR-----Pr-RX 
01     0x0000  0x0000   0x0000   0x0001   0x0000   1.414994  0.000000  1.414994
02     0x0000  0x0000   0x0001   0x0000   0x0000   1.414994  2.000000  3.414994
03     0x0000  0x0001   0x0000   0x0002   0x0000   1.414994  2.000000  3.414994
04     0x0001  0x0000   0x0002   0x0000   0x0001   1.415082  1.000000  2.415082
05     0x0000  0x0002   0x0000   0x000a   0x0000   1.414994  2.000000  3.414994
06     0x0002  0x0000   0x000a   0x0000   0x0001   1.415082  3.000000  4.415082
07     0x0000  0x000a   0x0000   0x0018   0x0000   1.414994  4.000000  5.414993
08     0x000a  0x0000   0x0018   0x0200   0x0000   1.414994  2.000000  3.414994
09     0x0000  0x0018   0x0200   0x0006   0x0000   1.414994  2.000000  3.414994
10     0x0018  0x0200   0x0006   0x1800   0x0000   1.414994  2.000000  3.414994
11     0x0200  0x0006   0x1800   0x0002   0x0000   1.414994  3.000000  4.414993
12     0x0006  0x1800   0x0002   0x0e02   0x0000   1.414994  4.000000  5.414993
13     0x1800  0x0002   0x0e02   0x0002   0x0000   1.414994  4.000000  5.414993
14     0x0002  0x0e02   0x0002   0x1008   0x0000   1.414994  5.000000  6.414993
15     0x0e02  0x0002   0x1008   0x042a    -   
------------------ 
14 Round CHAM-64 Total Weight: -55.810085 
Update: 26   RX_Bn_w: 55.810085  --Time: 26.00 seconds. ==>>
round----X0------X1-------X2-------X3-----zeta-----Pr_zeta----Pr_XOR-----Pr-RX 
01     0x0000  0x0000   0x0000   0x0001   0x0000   1.414994  0.000000  1.414994
02     0x0000  0x0000   0x0001   0x0000   0x0000   1.414994  2.000000  3.414994
03     0x0000  0x0001   0x0000   0x0002   0x0000   1.414994  2.000000  3.414994
04     0x0001  0x0000   0x0002   0x0000   0x0001   1.415082  1.000000  2.415082
05     0x0000  0x0002   0x0000   0x000a   0x0000   1.414994  2.000000  3.414994
06     0x0002  0x0000   0x000a   0x0000   0x0001   1.415082  3.000000  4.415082
07     0x0000  0x000a   0x0000   0x0018   0x0000   1.414994  4.000000  5.414993
08     0x000a  0x0000   0x0018   0x0200   0x0000   1.414994  2.000000  3.414994
09     0x0000  0x0018   0x0200   0x0006   0x0000   1.414994  2.000000  3.414994
10     0x0018  0x0200   0x0006   0x1800   0x0000   1.414994  2.000000  3.414994
11     0x0200  0x0006   0x1800   0x0002   0x0000   1.414994  3.000000  4.414993
12     0x0006  0x1800   0x0002   0x0e02   0x0000   1.414994  4.000000  5.414993
13     0x1800  0x0002   0x0e02   0x0002   0x0000   1.414994  4.000000  5.414993
14     0x0002  0x0e02   0x0002   0x1008   0x0000   1.414994  5.000000  6.414993
15     0x0e02  0x0002   0x1008   0x042e    -   
------------------ 
14 Round CHAM-64 Total Weight: -55.810085 
Update: 27   RX_Bn_w: 54.810173  --Time: 26.00 seconds. ==>>
round----X0------X1-------X2-------X3-----zeta-----Pr_zeta----Pr_XOR-----Pr-RX 
01     0x0000  0x0000   0x0000   0x0001   0x0000   1.414994  0.000000  1.414994
02     0x0000  0x0000   0x0001   0x0000   0x0000   1.414994  2.000000  3.414994
03     0x0000  0x0001   0x0000   0x0002   0x0000   1.414994  2.000000  3.414994
04     0x0001  0x0000   0x0002   0x0000   0x0001   1.415082  1.000000  2.415082
05     0x0000  0x0002   0x0000   0x000a   0x0000   1.414994  2.000000  3.414994
06     0x0002  0x0000   0x000a   0x0000   0x0001   1.415082  3.000000  4.415082
07     0x0000  0x000a   0x0000   0x0018   0x0000   1.414994  4.000000  5.414993
08     0x000a  0x0000   0x0018   0x0200   0x0000   1.414994  2.000000  3.414994
09     0x0000  0x0018   0x0200   0x0006   0x0000   1.414994  2.000000  3.414994
10     0x0018  0x0200   0x0006   0x1800   0x0001   1.415082  2.000000  3.415082
11     0x0200  0x0006   0x1800   0x0000   0x0000   1.414994  3.000000  4.414993
12     0x0006  0x1800   0x0000   0x0e02   0x0000   1.414994  4.000000  5.414993
13     0x1800  0x0000   0x0e02   0x0002   0x0000   1.414994  4.000000  5.414993
14     0x0000  0x0e02   0x0002   0x1408   0x0000   1.414994  4.000000  5.414993
15     0x0e02  0x0002   0x1408   0x040e    -   
------------------ 
14 Round CHAM-64 Total Weight: -54.810173 
Update: 28   RX_Bn_w: 54.810173  --Time: 26.00 seconds. ==>>
round----X0------X1-------X2-------X3-----zeta-----Pr_zeta----Pr_XOR-----Pr-RX 
01     0x0000  0x0000   0x0000   0x0001   0x0000   1.414994  0.000000  1.414994
02     0x0000  0x0000   0x0001   0x0000   0x0000   1.414994  2.000000  3.414994
03     0x0000  0x0001   0x0000   0x0002   0x0000   1.414994  2.000000  3.414994
04     0x0001  0x0000   0x0002   0x0000   0x0001   1.415082  1.000000  2.415082
05     0x0000  0x0002   0x0000   0x000a   0x0000   1.414994  2.000000  3.414994
06     0x0002  0x0000   0x000a   0x0000   0x0001   1.415082  3.000000  4.415082
07     0x0000  0x000a   0x0000   0x0018   0x0000   1.414994  4.000000  5.414993
08     0x000a  0x0000   0x0018   0x0200   0x0000   1.414994  2.000000  3.414994
09     0x0000  0x0018   0x0200   0x0006   0x0000   1.414994  2.000000  3.414994
10     0x0018  0x0200   0x0006   0x1800   0x0001   1.415082  2.000000  3.415082
11     0x0200  0x0006   0x1800   0x0000   0x0000   1.414994  3.000000  4.414993
12     0x0006  0x1800   0x0000   0x0e02   0x0000   1.414994  4.000000  5.414993
13     0x1800  0x0000   0x0e02   0x0002   0x0000   1.414994  4.000000  5.414993
14     0x0000  0x0e02   0x0002   0x1408   0x0000   1.414994  4.000000  5.414993
15     0x0e02  0x0002   0x1408   0x042e    -   
------------------ 
14 Round CHAM-64 Total Weight: -54.810173 
Update: 29   RX_Bn_w: 54.810081  --Time: 29.00 seconds. ==>>
round----X0------X1-------X2-------X3-----zeta-----Pr_zeta----Pr_XOR-----Pr-RX 
01     0x0000  0x0000   0x0000   0x8001   0x0000   1.414994  0.000000  1.414994
02     0x0000  0x0000   0x8001   0x0000   0x0000   1.414994  2.000000  3.414994
03     0x0000  0x8001   0x0000   0x0002   0x0001   1.415082  2.000000  3.415082
04     0x8001  0x0000   0x0002   0x0200   0x0001   1.415082  1.000000  2.415082
05     0x0000  0x0002   0x0200   0x000b   0x0000   1.414994  2.000000  3.414994
06     0x0002  0x0200   0x000b   0x0000   0x0000   1.414994  4.000000  5.414993
07     0x0200  0x000b   0x0000   0x001e   0x0000   1.414994  5.000000  6.414993
08     0x000b  0x0000   0x001e   0x0002   0x0000   1.414994  1.000000  2.414994
09     0x0000  0x001e   0x0002   0x0004   0x0000   1.414994  2.000000  3.414994
10     0x001e  0x0002   0x0004   0x1c00   0x0000   1.414994  3.000000  4.414993
11     0x0002  0x0004   0x1c00   0x040a   0x0000   1.414994  2.000000  3.414994
12     0x0004  0x1c00   0x040a   0x0c00   0x0000   1.414994  3.000000  4.414993
13     0x1c00  0x040a   0x0c00   0x007a   0x0000   1.414994  4.000000  5.414993
14     0x040a  0x0c00   0x007a   0x000c   0x0000   1.414994  4.000000  5.414993
15     0x0c00  0x007a   0x000c   0x0812    -   
------------------ 
14 Round CHAM-64 Total Weight: -54.810081 
Update: 30   RX_Bn_w: 54.810081  --Time: 29.00 seconds. ==>>
round----X0------X1-------X2-------X3-----zeta-----Pr_zeta----Pr_XOR-----Pr-RX 
01     0x0000  0x0000   0x0000   0x8001   0x0000   1.414994  0.000000  1.414994
02     0x0000  0x0000   0x8001   0x0000   0x0000   1.414994  2.000000  3.414994
03     0x0000  0x8001   0x0000   0x0002   0x0001   1.415082  2.000000  3.415082
04     0x8001  0x0000   0x0002   0x0200   0x0001   1.415082  1.000000  2.415082
05     0x0000  0x0002   0x0200   0x000b   0x0000   1.414994  2.000000  3.414994
06     0x0002  0x0200   0x000b   0x0000   0x0000   1.414994  4.000000  5.414993
07     0x0200  0x000b   0x0000   0x001e   0x0000   1.414994  5.000000  6.414993
08     0x000b  0x0000   0x001e   0x0002   0x0000   1.414994  1.000000  2.414994
09     0x0000  0x001e   0x0002   0x0004   0x0000   1.414994  2.000000  3.414994
10     0x001e  0x0002   0x0004   0x1c00   0x0000   1.414994  3.000000  4.414993
11     0x0002  0x0004   0x1c00   0x040a   0x0000   1.414994  2.000000  3.414994
12     0x0004  0x1c00   0x040a   0x0c00   0x0000   1.414994  3.000000  4.414993
13     0x1c00  0x040a   0x0c00   0x007a   0x0000   1.414994  4.000000  5.414993
14     0x040a  0x0c00   0x007a   0x000c   0x0000   1.414994  4.000000  5.414993
15     0x0c00  0x007a   0x000c   0x081e    -   
------------------ 
14 Round CHAM-64 Total Weight: -54.810081 
Update: 31   RX_Bn_w: 54.395222  --Time: 29.00 seconds. ==>>
round----X0------X1-------X2-------X3-----zeta-----Pr_zeta----Pr_XOR-----Pr-RX 
01     0x0000  0x0000   0x0000   0x8001   0x0000   1.414994  0.000000  1.414994
02     0x0000  0x0000   0x8001   0x0000   0x0000   1.414994  2.000000  3.414994
03     0x0000  0x8001   0x0000   0x0002   0x0003   4.000044  2.000000  6.000044
04     0x8001  0x0000   0x0002   0x0000   0x0001   1.415082  1.000000  2.415082
05     0x0000  0x0002   0x0000   0x000b   0x0000   1.414994  2.000000  3.414994
06     0x0002  0x0000   0x000b   0x0000   0x0001   1.415082  3.000000  4.415082
07     0x0000  0x000b   0x0000   0x0018   0x0000   1.414994  4.000000  5.414993
08     0x000b  0x0000   0x0018   0x0000   0x0000   1.414994  1.000000  2.414994
09     0x0000  0x0018   0x0000   0x0004   0x0000   1.414994  2.000000  3.414994
10     0x0018  0x0000   0x0004   0x1800   0x0001   1.415082  2.000000  3.415082
11     0x0000  0x0004   0x1800   0x0000   0x0000   1.414994  3.000000  4.414993
12     0x0004  0x1800   0x0000   0x0e00   0x0000   1.414994  3.000000  4.414993
13     0x1800  0x0000   0x0e00   0x0002   0x0000   1.414994  4.000000  5.414993
14     0x0000  0x0e00   0x0002   0x1408   0x0000   1.414994  3.000000  4.414993
15     0x0e00  0x0002   0x1408   0x000e    -   
------------------ 
14 Round CHAM-64 Total Weight: -54.395222 
Update: 32   RX_Bn_w: 54.395222  --Time: 29.00 seconds. ==>>
round----X0------X1-------X2-------X3-----zeta-----Pr_zeta----Pr_XOR-----Pr-RX 
01     0x0000  0x0000   0x0000   0x8001   0x0000   1.414994  0.000000  1.414994
02     0x0000  0x0000   0x8001   0x0000   0x0000   1.414994  2.000000  3.414994
03     0x0000  0x8001   0x0000   0x0002   0x0003   4.000044  2.000000  6.000044
04     0x8001  0x0000   0x0002   0x0000   0x0001   1.415082  1.000000  2.415082
05     0x0000  0x0002   0x0000   0x000b   0x0000   1.414994  2.000000  3.414994
06     0x0002  0x0000   0x000b   0x0000   0x0001   1.415082  3.000000  4.415082
07     0x0000  0x000b   0x0000   0x0018   0x0000   1.414994  4.000000  5.414993
08     0x000b  0x0000   0x0018   0x0000   0x0000   1.414994  1.000000  2.414994
09     0x0000  0x0018   0x0000   0x0004   0x0000   1.414994  2.000000  3.414994
10     0x0018  0x0000   0x0004   0x1800   0x0001   1.415082  2.000000  3.415082
11     0x0000  0x0004   0x1800   0x0000   0x0000   1.414994  3.000000  4.414993
12     0x0004  0x1800   0x0000   0x0e00   0x0000   1.414994  3.000000  4.414993
13     0x1800  0x0000   0x0e00   0x0002   0x0000   1.414994  4.000000  5.414993
14     0x0000  0x0e00   0x0002   0x1408   0x0000   1.414994  3.000000  4.414993
15     0x0e00  0x0002   0x1408   0x002e    -   
------------------ 
14 Round CHAM-64 Total Weight: -54.395222 
Update: 33   RX_Bn_w: 53.810173  --Time: 34.00 seconds. ==>>
round----X0------X1-------X2-------X3-----zeta-----Pr_zeta----Pr_XOR-----Pr-RX 
01     0x0000  0x0000   0x0000   0x8000   0x0000   1.414994  0.000000  1.414994
02     0x0000  0x0000   0x8000   0x0000   0x0000   1.414994  2.000000  3.414994
03     0x0000  0x8000   0x0000   0x0002   0x0001   1.415082  3.000000  4.415082
04     0x8000  0x0000   0x0002   0x0000   0x0000   1.414994  2.000000  3.414994
05     0x0000  0x0002   0x0000   0x000b   0x0000   1.414994  2.000000  3.414994
06     0x0002  0x0000   0x000b   0x0000   0x0001   1.415082  3.000000  4.415082
07     0x0000  0x000b   0x0000   0x0018   0x0000   1.414994  4.000000  5.414993
08     0x000b  0x0000   0x0018   0x0000   0x0000   1.414994  1.000000  2.414994
09     0x0000  0x0018   0x0000   0x0004   0x0000   1.414994  2.000000  3.414994
10     0x0018  0x0000   0x0004   0x1800   0x0001   1.415082  2.000000  3.415082
11     0x0000  0x0004   0x1800   0x0000   0x0000   1.414994  3.000000  4.414993
12     0x0004  0x1800   0x0000   0x0e00   0x0000   1.414994  3.000000  4.414993
13     0x1800  0x0000   0x0e00   0x0002   0x0000   1.414994  4.000000  5.414993
14     0x0000  0x0e00   0x0002   0x1408   0x0000   1.414994  3.000000  4.414993
15     0x0e00  0x0002   0x1408   0x000e    -   
------------------ 
14 Round CHAM-64 Total Weight: -53.810173 
Update: 34   RX_Bn_w: 53.810173  --Time: 34.00 seconds. ==>>
round----X0------X1-------X2-------X3-----zeta-----Pr_zeta----Pr_XOR-----Pr-RX 
01     0x0000  0x0000   0x0000   0x8000   0x0000   1.414994  0.000000  1.414994
02     0x0000  0x0000   0x8000   0x0000   0x0000   1.414994  2.000000  3.414994
03     0x0000  0x8000   0x0000   0x0002   0x0001   1.415082  3.000000  4.415082
04     0x8000  0x0000   0x0002   0x0000   0x0000   1.414994  2.000000  3.414994
05     0x0000  0x0002   0x0000   0x000b   0x0000   1.414994  2.000000  3.414994
06     0x0002  0x0000   0x000b   0x0000   0x0001   1.415082  3.000000  4.415082
07     0x0000  0x000b   0x0000   0x0018   0x0000   1.414994  4.000000  5.414993
08     0x000b  0x0000   0x0018   0x0000   0x0000   1.414994  1.000000  2.414994
09     0x0000  0x0018   0x0000   0x0004   0x0000   1.414994  2.000000  3.414994
10     0x0018  0x0000   0x0004   0x1800   0x0001   1.415082  2.000000  3.415082
11     0x0000  0x0004   0x1800   0x0000   0x0000   1.414994  3.000000  4.414993
12     0x0004  0x1800   0x0000   0x0e00   0x0000   1.414994  3.000000  4.414993
13     0x1800  0x0000   0x0e00   0x0002   0x0000   1.414994  4.000000  5.414993
14     0x0000  0x0e00   0x0002   0x1408   0x0000   1.414994  3.000000  4.414993
15     0x0e00  0x0002   0x1408   0x002e    -   
------------------ 
14 Round CHAM-64 Total Weight: -53.810173 
Update: 35   RX_Bn_w: 52.810261  --Time: 35.00 seconds. ==>>
round----X0------X1-------X2-------X3-----zeta-----Pr_zeta----Pr_XOR-----Pr-RX 
01     0x0000  0x0000   0x0000   0x8001   0x0000   1.414994  0.000000  1.414994
02     0x0000  0x0000   0x8001   0x0000   0x0000   1.414994  2.000000  3.414994
03     0x0000  0x8001   0x0000   0x0002   0x0001   1.415082  3.000000  4.415082
04     0x8001  0x0000   0x0002   0x0000   0x0001   1.415082  1.000000  2.415082
05     0x0000  0x0002   0x0000   0x000b   0x0000   1.414994  2.000000  3.414994
06     0x0002  0x0000   0x000b   0x0000   0x0001   1.415082  3.000000  4.415082
07     0x0000  0x000b   0x0000   0x0018   0x0000   1.414994  4.000000  5.414993
08     0x000b  0x0000   0x0018   0x0000   0x0000   1.414994  1.000000  2.414994
09     0x0000  0x0018   0x0000   0x0004   0x0000   1.414994  2.000000  3.414994
10     0x0018  0x0000   0x0004   0x1800   0x0001   1.415082  2.000000  3.415082
11     0x0000  0x0004   0x1800   0x0000   0x0000   1.414994  3.000000  4.414993
12     0x0004  0x1800   0x0000   0x0e00   0x0000   1.414994  3.000000  4.414993
13     0x1800  0x0000   0x0e00   0x0002   0x0000   1.414994  4.000000  5.414993
14     0x0000  0x0e00   0x0002   0x1408   0x0000   1.414994  3.000000  4.414993
15     0x0e00  0x0002   0x1408   0x000e    -   
------------------ 
14 Round CHAM-64 Total Weight: -52.810261 
Update: 36   RX_Bn_w: 52.810261  --Time: 35.00 seconds. ==>>
round----X0------X1-------X2-------X3-----zeta-----Pr_zeta----Pr_XOR-----Pr-RX 
01     0x0000  0x0000   0x0000   0x8001   0x0000   1.414994  0.000000  1.414994
02     0x0000  0x0000   0x8001   0x0000   0x0000   1.414994  2.000000  3.414994
03     0x0000  0x8001   0x0000   0x0002   0x0001   1.415082  3.000000  4.415082
04     0x8001  0x0000   0x0002   0x0000   0x0001   1.415082  1.000000  2.415082
05     0x0000  0x0002   0x0000   0x000b   0x0000   1.414994  2.000000  3.414994
06     0x0002  0x0000   0x000b   0x0000   0x0001   1.415082  3.000000  4.415082
07     0x0000  0x000b   0x0000   0x0018   0x0000   1.414994  4.000000  5.414993
08     0x000b  0x0000   0x0018   0x0000   0x0000   1.414994  1.000000  2.414994
09     0x0000  0x0018   0x0000   0x0004   0x0000   1.414994  2.000000  3.414994
10     0x0018  0x0000   0x0004   0x1800   0x0001   1.415082  2.000000  3.415082
11     0x0000  0x0004   0x1800   0x0000   0x0000   1.414994  3.000000  4.414993
12     0x0004  0x1800   0x0000   0x0e00   0x0000   1.414994  3.000000  4.414993
13     0x1800  0x0000   0x0e00   0x0002   0x0000   1.414994  4.000000  5.414993
14     0x0000  0x0e00   0x0002   0x1408   0x0000   1.414994  3.000000  4.414993
15     0x0e00  0x0002   0x1408   0x002e    -   
------------------ 
14 Round CHAM-64 Total Weight: -52.810261 
Time: 139.00 seconds.  
**************************************************************************|
round----X0------X1-------X2-------X3-----zeta-----Pr_zeta----Pr_XOR-----Pr-RX 
01     0x0000  0x0000   0x0000   0x8001   0x0000   1.414994  0.000000  1.414994
02     0x0000  0x0000   0x8001   0x0000   0x0000   1.414994  2.000000  3.414994
03     0x0000  0x8001   0x0000   0x0002   0x0001   1.415082  3.000000  4.415082
04     0x8001  0x0000   0x0002   0x0000   0x0001   1.415082  1.000000  2.415082
05     0x0000  0x0002   0x0000   0x000b   0x0000   1.414994  2.000000  3.414994
06     0x0002  0x0000   0x000b   0x0000   0x0001   1.415082  3.000000  4.415082
07     0x0000  0x000b   0x0000   0x0018   0x0000   1.414994  4.000000  5.414993
08     0x000b  0x0000   0x0018   0x0000   0x0000   1.414994  1.000000  2.414994
09     0x0000  0x0018   0x0000   0x0004   0x0000   1.414994  2.000000  3.414994
10     0x0018  0x0000   0x0004   0x1800   0x0001   1.415082  2.000000  3.415082
11     0x0000  0x0004   0x1800   0x0000   0x0000   1.414994  3.000000  4.414993
12     0x0004  0x1800   0x0000   0x0e00   0x0000   1.414994  3.000000  4.414993
13     0x1800  0x0000   0x0e00   0x0002   0x0000   1.414994  4.000000  5.414993
14     0x0000  0x0e00   0x0002   0x1408   0x0000   1.414994  3.000000  4.414993
15     0x0e00  0x0002   0x1408   0x002e    -   
------------------ 
14 Round CHAM-64 Total Weight: -52.810261 
Time cost: 102.66 seconds ==  1.71 minutes == 0.03 hours == 0.00 days. 
Auto-search CHAM-64 RX-differential trails END! 
|************************************************************************|
Time cost: 139.21 seconds ==  2.32 minutes == 0.04 hours. 
Auto-RX-search END! 
|************************************************************************|
