//2020年09月09日15:25:14
|*******************************RX-Cryptanalysis****************************|
Auto-search Begin... 
Enter the parameters : #ciper #blocksize #rounds  #mode 
ciper: cham 
blocksize: 64 
rotational parameter: 1 
rounds: 15 
mode: 0 
----------------Search Optimal pure RX-Differential Trail-------------------
RX_zeta_total: 32  
Constructing RX_Ek[4] ... 
Constructing RX_XOR_offset_Table ... 
Time of Preprocessing info: 0.00 seconds.  
|--------------------------------------------------|
Constructing cDDT Lookup Tables ... 
Time of Construct CHAM cDDTs: 31.00 seconds.  
===============Search even-round============= 
*****************************Searching processing**************************|
Update: 0   RX_Bn_w: 64.000000  --Max expected weight-- 
Update: 1   RX_Bn_w: 63.225517  --Time: 95.00 seconds. ==>>
round----X0------X1-------X2-------X3-----zeta-----Pr_zeta----Pr_XOR-----Pr-RX 
01     0x0000  0x0000   0x0000   0x0000   0x0000   1.414994  0.000000  1.414994
02     0x0000  0x0000   0x0000   0x0000   0x0001   1.415082  2.000000  3.415082
03     0x0000  0x0000   0x0000   0x0000   0x0000   1.414994  2.000000  3.414994
04     0x0000  0x0000   0x0000   0x0004   0x0001   1.415082  2.000000  3.415082
05     0x0000  0x0000   0x0004   0x0400   0x0000   1.414994  2.000000  3.414994
06     0x0000  0x0004   0x0400   0x0018   0x0001   1.415082  4.000000  5.415082
07     0x0004  0x0400   0x0018   0x0000   0x0000   1.414994  2.000000  3.414994
08     0x0400  0x0018   0x0000   0x000c   0x0001   1.415082  5.000000  6.415082
09     0x0018  0x0000   0x000c   0x0804   0x0000   1.414994  0.000000  1.414994
10     0x0000  0x000c   0x0804   0x0000   0x0001   1.415082  4.000000  5.415082
11     0x000c  0x0804   0x0000   0x0000   0x0001   1.415082  4.000000  5.415082
12     0x0804  0x0000   0x0000   0x0816   0x0001   1.415082  4.000000  5.415082
13     0x0000  0x0000   0x0816   0x0808   0x0000   1.414994  2.000000  3.414994
14     0x0000  0x0816   0x0808   0x0028   0x0000   1.414994  6.000000  7.414993
15     0x0816  0x0808   0x0028   0x0510   0x0000   1.414994  3.000000  4.414993
16     0x0808  0x0028   0x0510   0x0008    -   
------------------ 
15 Round CHAM-64 Total Weight: -63.225517 
Update: 2   RX_Bn_w: 63.225517  --Time: 95.00 seconds. ==>>
round----X0------X1-------X2-------X3-----zeta-----Pr_zeta----Pr_XOR-----Pr-RX 
01     0x0000  0x0000   0x0000   0x0000   0x0000   1.414994  0.000000  1.414994
02     0x0000  0x0000   0x0000   0x0000   0x0001   1.415082  2.000000  3.415082
03     0x0000  0x0000   0x0000   0x0000   0x0000   1.414994  2.000000  3.414994
04     0x0000  0x0000   0x0000   0x0004   0x0001   1.415082  2.000000  3.415082
05     0x0000  0x0000   0x0004   0x0400   0x0000   1.414994  2.000000  3.414994
06     0x0000  0x0004   0x0400   0x0018   0x0001   1.415082  4.000000  5.415082
07     0x0004  0x0400   0x0018   0x0000   0x0000   1.414994  2.000000  3.414994
08     0x0400  0x0018   0x0000   0x000c   0x0001   1.415082  5.000000  6.415082
09     0x0018  0x0000   0x000c   0x0804   0x0000   1.414994  0.000000  1.414994
10     0x0000  0x000c   0x0804   0x0000   0x0001   1.415082  4.000000  5.415082
11     0x000c  0x0804   0x0000   0x0000   0x0001   1.415082  4.000000  5.415082
12     0x0804  0x0000   0x0000   0x0816   0x0001   1.415082  4.000000  5.415082
13     0x0000  0x0000   0x0816   0x0808   0x0000   1.414994  2.000000  3.414994
14     0x0000  0x0816   0x0808   0x0028   0x0000   1.414994  6.000000  7.414993
15     0x0816  0x0808   0x0028   0x0510   0x0000   1.414994  3.000000  4.414993
16     0x0808  0x0028   0x0510   0x0018    -   
------------------ 
15 Round CHAM-64 Total Weight: -63.225517 
Update: 3   RX_Bn_w: 63.225430  --Time: 1219.00 seconds. ==>>
round----X0------X1-------X2-------X3-----zeta-----Pr_zeta----Pr_XOR-----Pr-RX 
01     0x0000  0x0000   0x8000   0x0000   0x0000   1.414994  0.000000  1.414994
02     0x0000  0x8000   0x0000   0x0000   0x0000   1.414994  2.000000  3.414994
03     0x8000  0x0000   0x0000   0x0000   0x0000   1.414994  2.000000  3.414994
04     0x0000  0x0000   0x0000   0x0005   0x0001   1.415082  2.000000  3.415082
05     0x0000  0x0000   0x0005   0x0400   0x0000   1.414994  2.000000  3.414994
06     0x0000  0x0005   0x0400   0x0018   0x0001   1.415082  3.000000  4.415082
07     0x0005  0x0400   0x0018   0x0200   0x0000   1.414994  3.000000  4.414993
08     0x0400  0x0018   0x0200   0x000e   0x0001   1.415082  5.000000  6.415082
09     0x0018  0x0200   0x000e   0x0804   0x0000   1.414994  1.000000  2.414994
10     0x0200  0x000e   0x0804   0x0004   0x0001   1.415082  5.000000  6.415082
11     0x000e  0x0804   0x0004   0x3802   0x0001   1.415082  3.000000  4.415082
12     0x0804  0x0004   0x3802   0x0812   0x0001   1.415082  4.000000  5.415082
13     0x0004  0x3802   0x0812   0x0008   0x0000   1.414994  3.000000  4.414993
14     0x3802  0x0812   0x0008   0x0430   0x0000   1.414994  6.000000  7.414993
15     0x0812  0x0008   0x0430   0x1118   0x0000   1.414994  1.000000  2.414994
16     0x0008  0x0430   0x1118   0x0000    -   
------------------ 
15 Round CHAM-64 Total Weight: -63.225430 
Update: 4   RX_Bn_w: 62.225605  --Time: 10857.00 seconds. ==>>
round----X0------X1-------X2-------X3-----zeta-----Pr_zeta----Pr_XOR-----Pr-RX 
01     0x0000  0x0000   0x0000   0x0000   0x0001   1.415082  0.000000  1.415082
02     0x0000  0x0000   0x0000   0x0002   0x0001   1.415082  2.000000  3.415082
03     0x0000  0x0000   0x0002   0x0000   0x0000   1.414994  2.000000  3.414994
04     0x0000  0x0002   0x0000   0x0004   0x0001   1.415082  2.000000  3.415082
05     0x0002  0x0000   0x0004   0x0000   0x0000   1.414994  3.000000  4.414993
06     0x0000  0x0004   0x0000   0x0004   0x0000   1.414994  4.000000  5.414993
07     0x0004  0x0000   0x0004   0x0100   0x0001   1.415082  3.000000  4.415082
08     0x0000  0x0004   0x0100   0x001e   0x0001   1.415082  2.000000  3.415082
09     0x0004  0x0100   0x001e   0x0000   0x0000   1.414994  4.000000  5.414993
10     0x0100  0x001e   0x0000   0x000a   0x0001   1.415082  5.000000  6.415082
11     0x001e  0x0000   0x000a   0x1801   0x0001   1.415082  0.000000  1.415082
12     0x0000  0x000a   0x1801   0x0002   0x0001   1.415082  4.000000  5.415082
13     0x000a  0x1801   0x0002   0x0000   0x0000   1.414994  4.000000  5.414993
14     0x1801  0x0002   0x0000   0x0274   0x0000   1.414994  5.000000  6.414993
15     0x0002  0x0000   0x0274   0x0e08   0x0000   1.414994  1.000000  2.414994
16     0x0000  0x0274   0x0e08   0x0020    -   
------------------ 
15 Round CHAM-64 Total Weight: -62.225605 
Update: 5   RX_Bn_w: 62.225601  --Time: 10857.00 seconds. ==>>
round----X0------X1-------X2-------X3-----zeta-----Pr_zeta----Pr_XOR-----Pr-RX 
01     0x0000  0x0000   0x0000   0x0000   0x0001   1.415082  0.000000  1.415082
02     0x0000  0x0000   0x0000   0x0002   0x0001   1.415082  2.000000  3.415082
03     0x0000  0x0000   0x0002   0x0000   0x0000   1.414994  2.000000  3.414994
04     0x0000  0x0002   0x0000   0x0004   0x0001   1.415082  2.000000  3.415082
05     0x0002  0x0000   0x0004   0x0000   0x0000   1.414994  3.000000  4.414993
06     0x0000  0x0004   0x0000   0x0004   0x0001   1.415082  4.000000  5.415082
07     0x0004  0x0000   0x0004   0x0000   0x0001   1.415082  3.000000  4.415082
08     0x0000  0x0004   0x0000   0x0006   0x0001   1.415082  2.000000  3.415082
09     0x0004  0x0000   0x0006   0x0000   0x0000   1.414994  3.000000  4.414993
10     0x0000  0x0006   0x0000   0x0008   0x0001   1.415082  4.000000  5.415082
11     0x0006  0x0000   0x0008   0x0800   0x0000   1.414994  2.000000  3.414994
12     0x0000  0x0008   0x0800   0x0010   0x0001   1.415082  4.000000  5.415082
13     0x0008  0x0800   0x0010   0x0400   0x0000   1.414994  2.000000  3.414994
14     0x0800  0x0010   0x0400   0x0018   0x0000   1.414994  6.000000  7.414993
15     0x0010  0x0400   0x0018   0x1108   0x0000   1.414994  2.000000  3.414994
16     0x0400  0x0018   0x1108   0x0004    -   
------------------ 
15 Round CHAM-64 Total Weight: -62.225601 
Update: 6   RX_Bn_w: 62.225601  --Time: 10857.00 seconds. ==>>
round----X0------X1-------X2-------X3-----zeta-----Pr_zeta----Pr_XOR-----Pr-RX 
01     0x0000  0x0000   0x0000   0x0000   0x0001   1.415082  0.000000  1.415082
02     0x0000  0x0000   0x0000   0x0002   0x0001   1.415082  2.000000  3.415082
03     0x0000  0x0000   0x0002   0x0000   0x0000   1.414994  2.000000  3.414994
04     0x0000  0x0002   0x0000   0x0004   0x0001   1.415082  2.000000  3.415082
05     0x0002  0x0000   0x0004   0x0000   0x0000   1.414994  3.000000  4.414993
06     0x0000  0x0004   0x0000   0x0004   0x0001   1.415082  4.000000  5.415082
07     0x0004  0x0000   0x0004   0x0000   0x0001   1.415082  3.000000  4.415082
08     0x0000  0x0004   0x0000   0x0006   0x0001   1.415082  2.000000  3.415082
09     0x0004  0x0000   0x0006   0x0000   0x0000   1.414994  3.000000  4.414993
10     0x0000  0x0006   0x0000   0x0008   0x0001   1.415082  4.000000  5.415082
11     0x0006  0x0000   0x0008   0x0800   0x0000   1.414994  2.000000  3.414994
12     0x0000  0x0008   0x0800   0x0010   0x0001   1.415082  4.000000  5.415082
13     0x0008  0x0800   0x0010   0x0400   0x0000   1.414994  2.000000  3.414994
14     0x0800  0x0010   0x0400   0x0018   0x0000   1.414994  6.000000  7.414993
15     0x0010  0x0400   0x0018   0x1108   0x0000   1.414994  2.000000  3.414994
16     0x0400  0x0018   0x1108   0x000c    -   
------------------ 
15 Round CHAM-64 Total Weight: -62.225601 
Update: 7   RX_Bn_w: 61.225689  --Time: 10857.00 seconds. ==>>
round----X0------X1-------X2-------X3-----zeta-----Pr_zeta----Pr_XOR-----Pr-RX 
01     0x0000  0x0000   0x0000   0x0000   0x0001   1.415082  0.000000  1.415082
02     0x0000  0x0000   0x0000   0x0002   0x0001   1.415082  2.000000  3.415082
03     0x0000  0x0000   0x0002   0x0000   0x0000   1.414994  2.000000  3.414994
04     0x0000  0x0002   0x0000   0x0004   0x0001   1.415082  2.000000  3.415082
05     0x0002  0x0000   0x0004   0x0000   0x0000   1.414994  3.000000  4.414993
06     0x0000  0x0004   0x0000   0x0004   0x0001   1.415082  4.000000  5.415082
07     0x0004  0x0000   0x0004   0x0000   0x0001   1.415082  3.000000  4.415082
08     0x0000  0x0004   0x0000   0x0006   0x0001   1.415082  2.000000  3.415082
09     0x0004  0x0000   0x0006   0x0000   0x0000   1.414994  3.000000  4.414993
10     0x0000  0x0006   0x0000   0x0008   0x0001   1.415082  4.000000  5.415082
11     0x0006  0x0000   0x0008   0x0800   0x0001   1.415082  2.000000  3.415082
12     0x0000  0x0008   0x0800   0x0012   0x0001   1.415082  4.000000  5.415082
13     0x0008  0x0800   0x0012   0x0400   0x0000   1.414994  2.000000  3.414994
14     0x0800  0x0012   0x0400   0x0018   0x0000   1.414994  6.000000  7.414993
15     0x0012  0x0400   0x0018   0x0d08   0x0000   1.414994  1.000000  2.414994
16     0x0400  0x0018   0x0d08   0x0008    -   
------------------ 
15 Round CHAM-64 Total Weight: -61.225689 
Update: 8   RX_Bn_w: 61.225605  --Time: 10857.00 seconds. ==>>
round----X0------X1-------X2-------X3-----zeta-----Pr_zeta----Pr_XOR-----Pr-RX 
01     0x0000  0x0000   0x0000   0x0000   0x0001   1.415082  0.000000  1.415082
02     0x0000  0x0000   0x0000   0x0002   0x0001   1.415082  2.000000  3.415082
03     0x0000  0x0000   0x0002   0x0000   0x0000   1.414994  2.000000  3.414994
04     0x0000  0x0002   0x0000   0x0004   0x0001   1.415082  2.000000  3.415082
05     0x0002  0x0000   0x0004   0x0000   0x0000   1.414994  3.000000  4.414993
06     0x0000  0x0004   0x0000   0x0004   0x0001   1.415082  4.000000  5.415082
07     0x0004  0x0000   0x0004   0x0000   0x0000   1.414994  3.000000  4.414993
08     0x0000  0x0004   0x0000   0x001c   0x0001   1.415082  2.000000  3.415082
09     0x0004  0x0000   0x001c   0x0000   0x0000   1.414994  3.000000  4.414993
10     0x0000  0x001c   0x0000   0x0008   0x0001   1.415082  4.000000  5.415082
11     0x001c  0x0000   0x0008   0x1000   0x0001   1.415082  1.000000  2.415082
12     0x0000  0x0008   0x1000   0x0006   0x0001   1.415082  4.000000  5.415082
13     0x0008  0x1000   0x0006   0x0400   0x0000   1.414994  3.000000  4.414993
14     0x1000  0x0006   0x0400   0x0008   0x0000   1.414994  5.000000  6.414993
15     0x0006  0x0400   0x0008   0x0510   0x0000   1.414994  2.000000  3.414994
16     0x0400  0x0008   0x0510   0x0020    -   
------------------ 
15 Round CHAM-64 Total Weight: -61.225605 
Update: 9   RX_Bn_w: 61.225601  --Time: 10857.00 seconds. ==>>
round----X0------X1-------X2-------X3-----zeta-----Pr_zeta----Pr_XOR-----Pr-RX 
01     0x0000  0x0000   0x0000   0x0000   0x0001   1.415082  0.000000  1.415082
02     0x0000  0x0000   0x0000   0x0002   0x0001   1.415082  2.000000  3.415082
03     0x0000  0x0000   0x0002   0x0000   0x0000   1.414994  2.000000  3.414994
04     0x0000  0x0002   0x0000   0x0004   0x0001   1.415082  2.000000  3.415082
05     0x0002  0x0000   0x0004   0x0000   0x0000   1.414994  3.000000  4.414993
06     0x0000  0x0004   0x0000   0x0004   0x0001   1.415082  4.000000  5.415082
07     0x0004  0x0000   0x0004   0x0000   0x0001   1.415082  3.000000  4.415082
08     0x0000  0x0004   0x0000   0x001e   0x0001   1.415082  2.000000  3.415082
09     0x0004  0x0000   0x001e   0x0000   0x0000   1.414994  3.000000  4.414993
10     0x0000  0x001e   0x0000   0x0008   0x0001   1.415082  4.000000  5.415082
11     0x001e  0x0000   0x0008   0x1800   0x0000   1.414994  0.000000  1.414994
12     0x0000  0x0008   0x1800   0x0000   0x0001   1.415082  4.000000  5.415082
13     0x0008  0x1800   0x0000   0x0400   0x0000   1.414994  2.000000  3.414994
14     0x1800  0x0000   0x0400   0x0078   0x0000   1.414994  6.000000  7.414993
15     0x0000  0x0400   0x0078   0x1108   0x0000   1.414994  3.000000  4.414993
16     0x0400  0x0078   0x1108   0x0024    -   
------------------ 
15 Round CHAM-64 Total Weight: -61.225601 
Update: 10   RX_Bn_w: 61.225601  --Time: 10857.00 seconds. ==>>
round----X0------X1-------X2-------X3-----zeta-----Pr_zeta----Pr_XOR-----Pr-RX 
01     0x0000  0x0000   0x0000   0x0000   0x0001   1.415082  0.000000  1.415082
02     0x0000  0x0000   0x0000   0x0002   0x0001   1.415082  2.000000  3.415082
03     0x0000  0x0000   0x0002   0x0000   0x0000   1.414994  2.000000  3.414994
04     0x0000  0x0002   0x0000   0x0004   0x0001   1.415082  2.000000  3.415082
05     0x0002  0x0000   0x0004   0x0000   0x0000   1.414994  3.000000  4.414993
06     0x0000  0x0004   0x0000   0x0004   0x0001   1.415082  4.000000  5.415082
07     0x0004  0x0000   0x0004   0x0000   0x0001   1.415082  3.000000  4.415082
08     0x0000  0x0004   0x0000   0x001e   0x0001   1.415082  2.000000  3.415082
09     0x0004  0x0000   0x001e   0x0000   0x0000   1.414994  3.000000  4.414993
10     0x0000  0x001e   0x0000   0x0008   0x0001   1.415082  4.000000  5.415082
11     0x001e  0x0000   0x0008   0x1800   0x0000   1.414994  0.000000  1.414994
12     0x0000  0x0008   0x1800   0x0000   0x0001   1.415082  4.000000  5.415082
13     0x0008  0x1800   0x0000   0x0400   0x0000   1.414994  2.000000  3.414994
14     0x1800  0x0000   0x0400   0x0078   0x0000   1.414994  6.000000  7.414993
15     0x0000  0x0400   0x0078   0x1108   0x0000   1.414994  3.000000  4.414993
16     0x0400  0x0078   0x1108   0x002c    -   
------------------ 
15 Round CHAM-64 Total Weight: -61.225601 
Update: 11   RX_Bn_w: 60.225689  --Time: 10857.00 seconds. ==>>
round----X0------X1-------X2-------X3-----zeta-----Pr_zeta----Pr_XOR-----Pr-RX 
01     0x0000  0x0000   0x0000   0x0000   0x0001   1.415082  0.000000  1.415082
02     0x0000  0x0000   0x0000   0x0002   0x0001   1.415082  2.000000  3.415082
03     0x0000  0x0000   0x0002   0x0000   0x0000   1.414994  2.000000  3.414994
04     0x0000  0x0002   0x0000   0x0004   0x0001   1.415082  2.000000  3.415082
05     0x0002  0x0000   0x0004   0x0000   0x0000   1.414994  3.000000  4.414993
06     0x0000  0x0004   0x0000   0x0004   0x0001   1.415082  4.000000  5.415082
07     0x0004  0x0000   0x0004   0x0000   0x0001   1.415082  3.000000  4.415082
08     0x0000  0x0004   0x0000   0x001e   0x0001   1.415082  2.000000  3.415082
09     0x0004  0x0000   0x001e   0x0000   0x0000   1.414994  3.000000  4.414993
10     0x0000  0x001e   0x0000   0x0008   0x0001   1.415082  4.000000  5.415082
11     0x001e  0x0000   0x0008   0x1800   0x0001   1.415082  0.000000  1.415082
12     0x0000  0x0008   0x1800   0x0002   0x0001   1.415082  4.000000  5.415082
13     0x0008  0x1800   0x0002   0x0400   0x0000   1.414994  2.000000  3.414994
14     0x1800  0x0002   0x0400   0x0078   0x0000   1.414994  6.000000  7.414993
15     0x0002  0x0400   0x0078   0x0d08   0x0000   1.414994  2.000000  3.414994
16     0x0400  0x0078   0x0d08   0x0028    -   
------------------ 
15 Round CHAM-64 Total Weight: -60.225689 
Update: 12   RX_Bn_w: 59.225777  --Time: 10861.00 seconds. ==>>
round----X0------X1-------X2-------X3-----zeta-----Pr_zeta----Pr_XOR-----Pr-RX 
01     0x0000  0x0000   0x0000   0x0000   0x0001   1.415082  0.000000  1.415082
02     0x0000  0x0000   0x0000   0x0002   0x0001   1.415082  2.000000  3.415082
03     0x0000  0x0000   0x0002   0x0000   0x0001   1.415082  2.000000  3.415082
04     0x0000  0x0002   0x0000   0x000e   0x0001   1.415082  2.000000  3.415082
05     0x0002  0x0000   0x000e   0x0000   0x0000   1.414994  3.000000  4.414993
06     0x0000  0x000e   0x0000   0x0004   0x0001   1.415082  3.000000  4.415082
07     0x000e  0x0000   0x0004   0x0e00   0x0001   1.415082  1.000000  2.415082
08     0x0000  0x0004   0x0e00   0x000a   0x0001   1.415082  2.000000  3.415082
09     0x0004  0x0e00   0x000a   0x0000   0x0000   1.414994  2.000000  3.414994
10     0x0e00  0x000a   0x0000   0x001c   0x0001   1.415082  8.000000  9.415081
11     0x000a  0x0000   0x001c   0x0002   0x0001   1.415082  2.000000  3.415082
12     0x0000  0x001c   0x0002   0x002a   0x0001   1.415082  3.000000  4.415082
13     0x001c  0x0002   0x002a   0x1c00   0x0000   1.414994  2.000000  3.414994
14     0x0002  0x002a   0x1c00   0x0410   0x0000   1.414994  4.000000  5.414993
15     0x002a  0x1c00   0x0410   0x4100   0x0000   1.414994  2.000000  3.414994
16     0x1c00  0x0410   0x4100   0x0038    -   
------------------ 
15 Round CHAM-64 Total Weight: -59.225777 
Update: 13   RX_Bn_w: 59.225601  --Time: 10897.00 seconds. ==>>
round----X0------X1-------X2-------X3-----zeta-----Pr_zeta----Pr_XOR-----Pr-RX 
01     0x0000  0x0000   0x8000   0x0000   0x0001   1.415082  0.000000  1.415082
02     0x0000  0x8000   0x0000   0x0002   0x0000   1.414994  2.000000  3.414994
03     0x8000  0x0000   0x0002   0x0000   0x0001   1.415082  2.000000  3.415082
04     0x0000  0x0002   0x0000   0x000f   0x0001   1.415082  2.000000  3.415082
05     0x0002  0x0000   0x000f   0x0000   0x0000   1.414994  3.000000  4.414993
06     0x0000  0x000f   0x0000   0x0004   0x0001   1.415082  2.000000  3.415082
07     0x000f  0x0000   0x0004   0x0e00   0x0000   1.414994  2.000000  3.414994
08     0x0000  0x0004   0x0e00   0x000a   0x0001   1.415082  2.000000  3.415082
09     0x0004  0x0e00   0x000a   0x0000   0x0000   1.414994  2.000000  3.414994
10     0x0e00  0x000a   0x0000   0x001c   0x0001   1.415082  8.000000  9.415081
11     0x000a  0x0000   0x001c   0x0002   0x0001   1.415082  2.000000  3.415082
12     0x0000  0x001c   0x0002   0x002a   0x0001   1.415082  3.000000  4.415082
13     0x001c  0x0002   0x002a   0x1c00   0x0000   1.414994  2.000000  3.414994
14     0x0002  0x002a   0x1c00   0x0410   0x0000   1.414994  4.000000  5.414993
15     0x002a  0x1c00   0x0410   0x4100   0x0000   1.414994  2.000000  3.414994
16     0x1c00  0x0410   0x4100   0x0038    -   
------------------ 
15 Round CHAM-64 Total Weight: -59.225601 
Time: 11179.00 seconds.  
**************************************************************************|
round----X0------X1-------X2-------X3-----zeta-----Pr_zeta----Pr_XOR-----Pr-RX 
01     0x0000  0x0000   0x8000   0x0000   0x0001   1.415082  0.000000  1.415082
02     0x0000  0x8000   0x0000   0x0002   0x0000   1.414994  2.000000  3.414994
03     0x8000  0x0000   0x0002   0x0000   0x0001   1.415082  2.000000  3.415082
04     0x0000  0x0002   0x0000   0x000f   0x0001   1.415082  2.000000  3.415082
05     0x0002  0x0000   0x000f   0x0000   0x0000   1.414994  3.000000  4.414993
06     0x0000  0x000f   0x0000   0x0004   0x0001   1.415082  2.000000  3.415082
07     0x000f  0x0000   0x0004   0x0e00   0x0000   1.414994  2.000000  3.414994
08     0x0000  0x0004   0x0e00   0x000a   0x0001   1.415082  2.000000  3.415082
09     0x0004  0x0e00   0x000a   0x0000   0x0000   1.414994  2.000000  3.414994
10     0x0e00  0x000a   0x0000   0x001c   0x0001   1.415082  8.000000  9.415081
11     0x000a  0x0000   0x001c   0x0002   0x0001   1.415082  2.000000  3.415082
12     0x0000  0x001c   0x0002   0x002a   0x0001   1.415082  3.000000  4.415082
13     0x001c  0x0002   0x002a   0x1c00   0x0000   1.414994  2.000000  3.414994
14     0x0002  0x002a   0x1c00   0x0410   0x0000   1.414994  4.000000  5.414993
15     0x002a  0x1c00   0x0410   0x4100   0x0000   1.414994  2.000000  3.414994
16     0x1c00  0x0410   0x4100   0x0038    -   
------------------ 
15 Round CHAM-64 Total Weight: -59.225601 
Time cost: 11148.22 seconds ==  185.80 minutes == 3.10 hours == 0.13 days. 
Auto-search CHAM-64 RX-differential trails END! 
|************************************************************************|
Time cost: 11179.92 seconds ==  186.33 minutes == 3.11 hours. 
Auto-RX-search END! 
|************************************************************************|
