//2020年09月09日15:56:34
[huangmingjiang@localhost Debug]$ ./auto_search 
|*******************************RX-Cryptanalysis****************************|
Auto-search Begin... 
Enter the parameters : #ciper #blocksize #rounds  #mode 
ciper: cham 
blocksize: 64 
rotational parameter: 1 
rounds: 15 
mode: 0 
----------------Search Optimal pure RX-Differential Trail-------------------
RX_zeta_total: 32  
Constructing RX_Ek[4] ... 
Constructing RX_XOR_offset_Table ... 
Time of Preprocessing info: 0.00 seconds.  
|--------------------------------------------------|
Constructing cDDT Lookup Tables ... 
Time of Construct CHAM cDDTs: 31.00 seconds.  
===============Search odd-round============= 
*****************************Searching processing**************************|
Update: 0   RX_Bn_w: 64.000000  --Max expected weight-- 
Update: 1   RX_Bn_w: 63.810127  --Time: 51.00 seconds. ==>>
round----X0------X1-------X2-------X3-----zeta-----Pr_zeta----Pr_XOR-----Pr-RX 
01     0x0000  0x0000   0x0000   0x0000   0x0000   1.414994  0.000000  1.414994
02     0x0000  0x0000   0x0000   0x0000   0x0000   1.414994  2.000000  3.414994
03     0x0000  0x0000   0x0000   0x0002   0x0002   3.999956  2.000000  5.999956
04     0x0000  0x0000   0x0002   0x0000   0x0000   1.414994  2.000000  3.414994
05     0x0000  0x0002   0x0000   0x000a   0x0000   1.414994  2.000000  3.414994
06     0x0002  0x0000   0x000a   0x0000   0x0001   1.415082  3.000000  4.415082
07     0x0000  0x000a   0x0000   0x0018   0x0000   1.414994  4.000000  5.414993
08     0x000a  0x0000   0x0018   0x0200   0x0000   1.414994  2.000000  3.414994
09     0x0000  0x0018   0x0200   0x0006   0x0000   1.414994  2.000000  3.414994
10     0x0018  0x0200   0x0006   0x1800   0x0001   1.415082  2.000000  3.415082
11     0x0200  0x0006   0x1800   0x0000   0x0000   1.414994  3.000000  4.414993
12     0x0006  0x1800   0x0000   0x0e02   0x0001   1.415082  4.000000  5.415082
13     0x1800  0x0000   0x0e02   0x0000   0x0000   1.414994  4.000000  5.414993
14     0x0000  0x0e02   0x0000   0x1408   0x0000   1.414994  4.000000  5.414993
15     0x0e02  0x0000   0x1408   0x040e   0x0000   1.414994  4.000000  5.414993
16     0x0000  0x1408   0x040e   0x1002    -   
------------------ 
15 Round CHAM-64 Total Weight: -63.810127 
Update: 2   RX_Bn_w: 63.225166  --Time: 69.00 seconds. ==>>
round----X0------X1-------X2-------X3-----zeta-----Pr_zeta----Pr_XOR-----Pr-RX 
01     0x0000  0x0000   0x0000   0x0000   0x0000   1.414994  0.000000  1.414994
02     0x0000  0x0000   0x0000   0x0000   0x0000   1.414994  2.000000  3.414994
03     0x0000  0x0000   0x0000   0x0002   0x0000   1.414994  2.000000  3.414994
04     0x0000  0x0000   0x0002   0x0600   0x0000   1.414994  2.000000  3.414994
05     0x0000  0x0002   0x0600   0x000a   0x0000   1.414994  2.000000  3.414994
06     0x0002  0x0600   0x000a   0x0000   0x0001   1.415082  3.000000  4.415082
07     0x0600  0x000a   0x0000   0x0008   0x0000   1.414994  6.000000  7.414993
08     0x000a  0x0000   0x0008   0x1206   0x0001   1.415082  2.000000  3.415082
09     0x0000  0x0008   0x1206   0x0004   0x0000   1.414994  2.000000  3.414994
10     0x0008  0x1206   0x0004   0x0800   0x0000   1.414994  5.000000  6.414993
11     0x1206  0x0004   0x0800   0x0402   0x0000   1.414994  4.000000  5.414993
12     0x0004  0x0800   0x0402   0x0012   0x0001   1.415082  3.000000  4.415082
13     0x0800  0x0402   0x0012   0x0000   0x0000   1.414994  3.000000  4.414993
14     0x0402  0x0012   0x0000   0x1000   0x0000   1.414994  6.000000  7.414993
15     0x0012  0x0000   0x1000   0x242a   0x0000   1.414994  0.000000  1.414994
16     0x0000  0x1000   0x242a   0x0000    -   
------------------ 
15 Round CHAM-64 Total Weight: -63.225166 
Update: 3   RX_Bn_w: 63.225075  --Time: 87.00 seconds. ==>>
round----X0------X1-------X2-------X3-----zeta-----Pr_zeta----Pr_XOR-----Pr-RX 
01     0x0000  0x0000   0x0000   0x0001   0x0000   1.414994  0.000000  1.414994
02     0x0000  0x0000   0x0001   0x0000   0x0000   1.414994  2.000000  3.414994
03     0x0000  0x0001   0x0000   0x0002   0x0000   1.414994  2.000000  3.414994
04     0x0001  0x0000   0x0002   0x0000   0x0000   1.414994  1.000000  2.414994
05     0x0000  0x0002   0x0000   0x0008   0x0000   1.414994  2.000000  3.414994
06     0x0002  0x0000   0x0008   0x0000   0x0000   1.414994  3.000000  4.414993
07     0x0000  0x0008   0x0000   0x000a   0x0000   1.414994  3.000000  4.414993
08     0x0008  0x0000   0x000a   0x0a00   0x0000   1.414994  1.000000  2.414994
09     0x0000  0x000a   0x0a00   0x0002   0x0000   1.414994  3.000000  4.414993
10     0x000a  0x0a00   0x0002   0x0400   0x0001   1.415082  4.000000  5.415082
11     0x0a00  0x0002   0x0400   0x0010   0x0000   1.414994  5.000000  6.414993
12     0x0002  0x0400   0x0010   0x060a   0x0001   1.415082  4.000000  5.415082
13     0x0400  0x0010   0x060a   0x0008   0x0000   1.414994  4.000000  5.414993
14     0x0010  0x060a   0x0008   0x1404   0x0000   1.414994  4.000000  5.414993
15     0x060a  0x0008   0x1404   0x141e   0x0000   1.414994  4.000000  5.414993
16     0x0008  0x1404   0x141e   0x0802    -   
------------------ 
15 Round CHAM-64 Total Weight: -63.225075 
Update: 4   RX_Bn_w: 63.225075  --Time: 87.00 seconds. ==>>
round----X0------X1-------X2-------X3-----zeta-----Pr_zeta----Pr_XOR-----Pr-RX 
01     0x0000  0x0000   0x0000   0x0001   0x0000   1.414994  0.000000  1.414994
02     0x0000  0x0000   0x0001   0x0000   0x0000   1.414994  2.000000  3.414994
03     0x0000  0x0001   0x0000   0x0002   0x0000   1.414994  2.000000  3.414994
04     0x0001  0x0000   0x0002   0x0000   0x0000   1.414994  1.000000  2.414994
05     0x0000  0x0002   0x0000   0x0008   0x0000   1.414994  2.000000  3.414994
06     0x0002  0x0000   0x0008   0x0000   0x0000   1.414994  3.000000  4.414993
07     0x0000  0x0008   0x0000   0x000a   0x0000   1.414994  3.000000  4.414993
08     0x0008  0x0000   0x000a   0x0a00   0x0000   1.414994  1.000000  2.414994
09     0x0000  0x000a   0x0a00   0x0002   0x0000   1.414994  3.000000  4.414993
10     0x000a  0x0a00   0x0002   0x0400   0x0001   1.415082  4.000000  5.415082
11     0x0a00  0x0002   0x0400   0x0010   0x0000   1.414994  5.000000  6.414993
12     0x0002  0x0400   0x0010   0x060a   0x0001   1.415082  4.000000  5.415082
13     0x0400  0x0010   0x060a   0x0008   0x0000   1.414994  4.000000  5.414993
14     0x0010  0x060a   0x0008   0x1404   0x0000   1.414994  4.000000  5.414993
15     0x060a  0x0008   0x1404   0x141e   0x0000   1.414994  4.000000  5.414993
16     0x0008  0x1404   0x141e   0x3802    -   
------------------ 
15 Round CHAM-64 Total Weight: -63.225075 
Update: 5   RX_Bn_w: 63.224987  --Time: 87.00 seconds. ==>>
round----X0------X1-------X2-------X3-----zeta-----Pr_zeta----Pr_XOR-----Pr-RX 
01     0x0000  0x0000   0x0000   0x0001   0x0000   1.414994  0.000000  1.414994
02     0x0000  0x0000   0x0001   0x0000   0x0000   1.414994  2.000000  3.414994
03     0x0000  0x0001   0x0000   0x0002   0x0000   1.414994  2.000000  3.414994
04     0x0001  0x0000   0x0002   0x0000   0x0000   1.414994  1.000000  2.414994
05     0x0000  0x0002   0x0000   0x0008   0x0000   1.414994  2.000000  3.414994
06     0x0002  0x0000   0x0008   0x0000   0x0000   1.414994  3.000000  4.414993
07     0x0000  0x0008   0x0000   0x000a   0x0000   1.414994  3.000000  4.414993
08     0x0008  0x0000   0x000a   0x0a00   0x0000   1.414994  1.000000  2.414994
09     0x0000  0x000a   0x0a00   0x0002   0x0000   1.414994  3.000000  4.414993
10     0x000a  0x0a00   0x0002   0x0400   0x0001   1.415082  4.000000  5.415082
11     0x0a00  0x0002   0x0400   0x0010   0x0000   1.414994  5.000000  6.414993
12     0x0002  0x0400   0x0010   0x060a   0x0000   1.414994  4.000000  5.414993
13     0x0400  0x0010   0x060a   0x000e   0x0000   1.414994  4.000000  5.414993
14     0x0010  0x060a   0x000e   0x1404   0x0000   1.414994  4.000000  5.414993
15     0x060a  0x000e   0x1404   0x141e   0x0000   1.414994  4.000000  5.414993
16     0x000e  0x1404   0x141e   0x3c02    -   
------------------ 
15 Round CHAM-64 Total Weight: -63.224987 
Update: 6   RX_Bn_w: 62.225166  --Time: 88.00 seconds. ==>>
round----X0------X1-------X2-------X3-----zeta-----Pr_zeta----Pr_XOR-----Pr-RX 
01     0x0000  0x0000   0x0000   0x0001   0x0000   1.414994  0.000000  1.414994
02     0x0000  0x0000   0x0001   0x0000   0x0000   1.414994  2.000000  3.414994
03     0x0000  0x0001   0x0000   0x0002   0x0000   1.414994  2.000000  3.414994
04     0x0001  0x0000   0x0002   0x0000   0x0000   1.414994  1.000000  2.414994
05     0x0000  0x0002   0x0000   0x0008   0x0000   1.414994  2.000000  3.414994
06     0x0002  0x0000   0x0008   0x0000   0x0001   1.415082  3.000000  4.415082
07     0x0000  0x0008   0x0000   0x0008   0x0000   1.414994  3.000000  4.414993
08     0x0008  0x0000   0x0008   0x0a00   0x0000   1.414994  1.000000  2.414994
09     0x0000  0x0008   0x0a00   0x0002   0x0000   1.414994  2.000000  3.414994
10     0x0008  0x0a00   0x0002   0x0800   0x0001   1.415082  4.000000  5.415082
11     0x0a00  0x0002   0x0800   0x0010   0x0000   1.414994  5.000000  6.414993
12     0x0002  0x0800   0x0010   0x060a   0x0001   1.415082  4.000000  5.415082
13     0x0800  0x0010   0x060a   0x0018   0x0000   1.414994  4.000000  5.414993
14     0x0010  0x060a   0x0018   0x1408   0x0000   1.414994  4.000000  5.414993
15     0x060a  0x0018   0x1408   0x141e   0x0000   1.414994  4.000000  5.414993
16     0x0018  0x1408   0x141e   0x1802    -   
------------------ 
15 Round CHAM-64 Total Weight: -62.225166 
Update: 7   RX_Bn_w: 62.225079  --Time: 88.00 seconds. ==>>
round----X0------X1-------X2-------X3-----zeta-----Pr_zeta----Pr_XOR-----Pr-RX 
01     0x0000  0x0000   0x0000   0x0001   0x0000   1.414994  0.000000  1.414994
02     0x0000  0x0000   0x0001   0x0000   0x0000   1.414994  2.000000  3.414994
03     0x0000  0x0001   0x0000   0x0002   0x0000   1.414994  2.000000  3.414994
04     0x0001  0x0000   0x0002   0x0000   0x0000   1.414994  1.000000  2.414994
05     0x0000  0x0002   0x0000   0x0008   0x0000   1.414994  2.000000  3.414994
06     0x0002  0x0000   0x0008   0x0000   0x0001   1.415082  3.000000  4.415082
07     0x0000  0x0008   0x0000   0x0008   0x0000   1.414994  3.000000  4.414993
08     0x0008  0x0000   0x0008   0x0a00   0x0000   1.414994  1.000000  2.414994
09     0x0000  0x0008   0x0a00   0x0002   0x0000   1.414994  2.000000  3.414994
10     0x0008  0x0a00   0x0002   0x0800   0x0001   1.415082  4.000000  5.415082
11     0x0a00  0x0002   0x0800   0x0010   0x0000   1.414994  5.000000  6.414993
12     0x0002  0x0800   0x0010   0x060a   0x0000   1.414994  4.000000  5.414993
13     0x0800  0x0010   0x060a   0x001e   0x0000   1.414994  4.000000  5.414993
14     0x0010  0x060a   0x001e   0x1408   0x0000   1.414994  4.000000  5.414993
15     0x060a  0x001e   0x1408   0x141e   0x0000   1.414994  4.000000  5.414993
16     0x001e  0x1408   0x141e   0x1c02    -   
------------------ 
15 Round CHAM-64 Total Weight: -62.225079 
Update: 8   RX_Bn_w: 61.225254  --Time: 88.00 seconds. ==>>
round----X0------X1-------X2-------X3-----zeta-----Pr_zeta----Pr_XOR-----Pr-RX 
01     0x0000  0x0000   0x0000   0x0001   0x0000   1.414994  0.000000  1.414994
02     0x0000  0x0000   0x0001   0x0000   0x0000   1.414994  2.000000  3.414994
03     0x0000  0x0001   0x0000   0x0002   0x0000   1.414994  2.000000  3.414994
04     0x0001  0x0000   0x0002   0x0000   0x0000   1.414994  1.000000  2.414994
05     0x0000  0x0002   0x0000   0x0008   0x0000   1.414994  2.000000  3.414994
06     0x0002  0x0000   0x0008   0x0000   0x0001   1.415082  3.000000  4.415082
07     0x0000  0x0008   0x0000   0x0008   0x0000   1.414994  3.000000  4.414993
08     0x0008  0x0000   0x0008   0x0a00   0x0001   1.415082  1.000000  2.415082
09     0x0000  0x0008   0x0a00   0x0000   0x0000   1.414994  2.000000  3.414994
10     0x0008  0x0a00   0x0000   0x0800   0x0001   1.415082  4.000000  5.415082
11     0x0a00  0x0000   0x0800   0x0010   0x0000   1.414994  6.000000  7.414993
12     0x0000  0x0800   0x0010   0x020a   0x0001   1.415082  3.000000  4.415082
13     0x0800  0x0010   0x020a   0x0018   0x0000   1.414994  4.000000  5.414993
14     0x0010  0x020a   0x0018   0x1408   0x0000   1.414994  4.000000  5.414993
15     0x020a  0x0018   0x1408   0x1406   0x0000   1.414994  3.000000  4.414993
16     0x0018  0x1408   0x1406   0x1802    -   
------------------ 
15 Round CHAM-64 Total Weight: -61.225254 
Update: 9   RX_Bn_w: 61.225166  --Time: 92.00 seconds. ==>>
round----X0------X1-------X2-------X3-----zeta-----Pr_zeta----Pr_XOR-----Pr-RX 
01     0x0000  0x0000   0x0000   0x0001   0x0000   1.414994  0.000000  1.414994
02     0x0000  0x0000   0x0001   0x0000   0x0000   1.414994  2.000000  3.414994
03     0x0000  0x0001   0x0000   0x0002   0x0000   1.414994  2.000000  3.414994
04     0x0001  0x0000   0x0002   0x0000   0x0001   1.415082  1.000000  2.415082
05     0x0000  0x0002   0x0000   0x000a   0x0000   1.414994  2.000000  3.414994
06     0x0002  0x0000   0x000a   0x0000   0x0000   1.414994  3.000000  4.414993
07     0x0000  0x000a   0x0000   0x001a   0x0000   1.414994  4.000000  5.414993
08     0x000a  0x0000   0x001a   0x0200   0x0000   1.414994  2.000000  3.414994
09     0x0000  0x001a   0x0200   0x0002   0x0000   1.414994  3.000000  4.414993
10     0x001a  0x0200   0x0002   0x1400   0x0001   1.415082  2.000000  3.415082
11     0x0200  0x0002   0x1400   0x0000   0x0000   1.414994  4.000000  5.414993
12     0x0002  0x1400   0x0000   0x0602   0x0001   1.415082  4.000000  5.415082
13     0x1400  0x0000   0x0602   0x0008   0x0000   1.414994  4.000000  5.414993
14     0x0000  0x0602   0x0008   0x1414   0x0000   1.414994  4.000000  5.414993
15     0x0602  0x0008   0x1414   0x041e   0x0000   1.414994  3.000000  4.414993
16     0x0008  0x1414   0x041e   0x0002    -   
------------------ 
15 Round CHAM-64 Total Weight: -61.225166 
Update: 10   RX_Bn_w: 60.225254  --Time: 92.00 seconds. ==>>
round----X0------X1-------X2-------X3-----zeta-----Pr_zeta----Pr_XOR-----Pr-RX 
01     0x0000  0x0000   0x0000   0x0001   0x0000   1.414994  0.000000  1.414994
02     0x0000  0x0000   0x0001   0x0000   0x0000   1.414994  2.000000  3.414994
03     0x0000  0x0001   0x0000   0x0002   0x0000   1.414994  2.000000  3.414994
04     0x0001  0x0000   0x0002   0x0000   0x0001   1.415082  1.000000  2.415082
05     0x0000  0x0002   0x0000   0x000a   0x0000   1.414994  2.000000  3.414994
06     0x0002  0x0000   0x000a   0x0000   0x0001   1.415082  3.000000  4.415082
07     0x0000  0x000a   0x0000   0x0018   0x0000   1.414994  4.000000  5.414993
08     0x000a  0x0000   0x0018   0x0200   0x0000   1.414994  2.000000  3.414994
09     0x0000  0x0018   0x0200   0x0006   0x0000   1.414994  2.000000  3.414994
10     0x0018  0x0200   0x0006   0x1800   0x0001   1.415082  2.000000  3.415082
11     0x0200  0x0006   0x1800   0x0000   0x0000   1.414994  3.000000  4.414993
12     0x0006  0x1800   0x0000   0x0e02   0x0001   1.415082  4.000000  5.415082
13     0x1800  0x0000   0x0e02   0x0000   0x0000   1.414994  4.000000  5.414993
14     0x0000  0x0e02   0x0000   0x1408   0x0000   1.414994  4.000000  5.414993
15     0x0e02  0x0000   0x1408   0x040e   0x0000   1.414994  4.000000  5.414993
16     0x0000  0x1408   0x040e   0x1002    -   
------------------ 
15 Round CHAM-64 Total Weight: -60.225254 
Update: 11   RX_Bn_w: 60.225163  --Time: 118.00 seconds. ==>>
round----X0------X1-------X2-------X3-----zeta-----Pr_zeta----Pr_XOR-----Pr-RX 
01     0x0000  0x0000   0x0000   0x0003   0x0000   1.414994  0.000000  1.414994
02     0x0000  0x0000   0x0003   0x0000   0x0000   1.414994  2.000000  3.414994
03     0x0000  0x0003   0x0000   0x0002   0x0000   1.414994  2.000000  3.414994
04     0x0003  0x0000   0x0002   0x0000   0x0000   1.414994  2.000000  3.414994
05     0x0000  0x0002   0x0000   0x0004   0x0000   1.414994  2.000000  3.414994
06     0x0002  0x0000   0x0004   0x0000   0x0000   1.414994  3.000000  4.414993
07     0x0000  0x0004   0x0000   0x001a   0x0000   1.414994  2.000000  3.414994
08     0x0004  0x0000   0x001a   0x0200   0x0001   1.415082  3.000000  4.415082
09     0x0000  0x001a   0x0200   0x0008   0x0000   1.414994  3.000000  4.414993
10     0x001a  0x0200   0x0008   0x1400   0x0001   1.415082  2.000000  3.415082
11     0x0200  0x0008   0x1400   0x0000   0x0000   1.414994  5.000000  6.414993
12     0x0008  0x1400   0x0000   0x0202   0x0001   1.415082  3.000000  4.415082
13     0x1400  0x0000   0x0202   0x0000   0x0000   1.414994  4.000000  5.414993
14     0x0000  0x0202   0x0000   0x1414   0x0000   1.414994  4.000000  5.414993
15     0x0202  0x0000   0x1414   0x0426   0x0000   1.414994  2.000000  3.414994
16     0x0000  0x1414   0x0426   0x1002    -   
------------------ 
15 Round CHAM-64 Total Weight: -60.225163 
Update: 12   RX_Bn_w: 59.810127  --Time: 138.00 seconds. ==>>
round----X0------X1-------X2-------X3-----zeta-----Pr_zeta----Pr_XOR-----Pr-RX 
01     0x0000  0x0000   0x0000   0x8007   0x0000   1.414994  0.000000  1.414994
02     0x0000  0x0000   0x8007   0x0000   0x0000   1.414994  2.000000  3.414994
03     0x0000  0x8007   0x0000   0x0002   0x0007   5.000044  2.000000  7.000044
04     0x8007  0x0000   0x0002   0x0000   0x0000   1.414994  1.000000  2.414994
05     0x0000  0x0002   0x0000   0x0005   0x0000   1.414994  2.000000  3.414994
06     0x0002  0x0000   0x0005   0x0000   0x0000   1.414994  3.000000  4.414993
07     0x0000  0x0005   0x0000   0x001a   0x0000   1.414994  2.000000  3.414994
08     0x0005  0x0000   0x001a   0x0000   0x0000   1.414994  2.000000  3.414994
09     0x0000  0x001a   0x0000   0x0008   0x0000   1.414994  3.000000  4.414993
10     0x001a  0x0000   0x0008   0x1400   0x0001   1.415082  1.000000  2.415082
11     0x0000  0x0008   0x1400   0x0000   0x0000   1.414994  4.000000  5.414993
12     0x0008  0x1400   0x0000   0x0200   0x0001   1.415082  3.000000  4.415082
13     0x1400  0x0000   0x0200   0x0000   0x0000   1.414994  4.000000  5.414993
14     0x0000  0x0200   0x0000   0x1414   0x0000   1.414994  3.000000  4.414993
15     0x0200  0x0000   0x1414   0x0026   0x0000   1.414994  3.000000  4.414993
16     0x0000  0x1414   0x0026   0x1202    -   
------------------ 
15 Round CHAM-64 Total Weight: -59.810127 
Update: 13   RX_Bn_w: 59.225342  --Time: 146.00 seconds. ==>>
round----X0------X1-------X2-------X3-----zeta-----Pr_zeta----Pr_XOR-----Pr-RX 
01     0x0000  0x0000   0x0000   0x8001   0x0000   1.414994  0.000000  1.414994
02     0x0000  0x0000   0x8001   0x0000   0x0000   1.414994  2.000000  3.414994
03     0x0000  0x8001   0x0000   0x0002   0x0001   1.415082  3.000000  4.415082
04     0x8001  0x0000   0x0002   0x0000   0x0001   1.415082  1.000000  2.415082
05     0x0000  0x0002   0x0000   0x000b   0x0000   1.414994  2.000000  3.414994
06     0x0002  0x0000   0x000b   0x0000   0x0001   1.415082  3.000000  4.415082
07     0x0000  0x000b   0x0000   0x0018   0x0000   1.414994  4.000000  5.414993
08     0x000b  0x0000   0x0018   0x0000   0x0000   1.414994  1.000000  2.414994
09     0x0000  0x0018   0x0000   0x0004   0x0000   1.414994  2.000000  3.414994
10     0x0018  0x0000   0x0004   0x1800   0x0001   1.415082  2.000000  3.415082
11     0x0000  0x0004   0x1800   0x0000   0x0000   1.414994  3.000000  4.414993
12     0x0004  0x1800   0x0000   0x0a00   0x0001   1.415082  3.000000  4.415082
13     0x1800  0x0000   0x0a00   0x0000   0x0000   1.414994  4.000000  5.414993
14     0x0000  0x0a00   0x0000   0x1408   0x0000   1.414994  4.000000  5.414993
15     0x0a00  0x0000   0x1408   0x0006   0x0000   1.414994  4.000000  5.414993
16     0x0000  0x1408   0x0006   0x120a    -   
------------------ 
15 Round CHAM-64 Total Weight: -59.225342 
Update: 14   RX_Bn_w: 59.225250  --Time: 150.00 seconds. ==>>
round----X0------X1-------X2-------X3-----zeta-----Pr_zeta----Pr_XOR-----Pr-RX 
01     0x0000  0x0000   0x0000   0x8002   0x0000   1.414994  0.000000  1.414994
02     0x0000  0x0000   0x8002   0x0000   0x0000   1.414994  2.000000  3.414994
03     0x0000  0x8002   0x0000   0x0002   0x0001   1.415082  3.000000  4.415082
04     0x8002  0x0000   0x0002   0x0000   0x0001   1.415082  3.000000  4.415082
05     0x0000  0x0002   0x0000   0x0005   0x0000   1.414994  2.000000  3.414994
06     0x0002  0x0000   0x0005   0x0000   0x0000   1.414994  3.000000  4.414993
07     0x0000  0x0005   0x0000   0x001a   0x0000   1.414994  2.000000  3.414994
08     0x0005  0x0000   0x001a   0x0000   0x0000   1.414994  2.000000  3.414994
09     0x0000  0x001a   0x0000   0x0008   0x0000   1.414994  3.000000  4.414993
10     0x001a  0x0000   0x0008   0x1400   0x0001   1.415082  1.000000  2.415082
11     0x0000  0x0008   0x1400   0x0000   0x0000   1.414994  4.000000  5.414993
12     0x0008  0x1400   0x0000   0x0200   0x0001   1.415082  3.000000  4.415082
13     0x1400  0x0000   0x0200   0x0000   0x0000   1.414994  4.000000  5.414993
14     0x0000  0x0200   0x0000   0x1414   0x0000   1.414994  3.000000  4.414993
15     0x0200  0x0000   0x1414   0x0026   0x0000   1.414994  3.000000  4.414993
16     0x0000  0x1414   0x0026   0x1202    -   
------------------ 
15 Round CHAM-64 Total Weight: -59.225250 
Update: 15   RX_Bn_w: 59.225079  --Time: 154.00 seconds. ==>>
round----X0------X1-------X2-------X3-----zeta-----Pr_zeta----Pr_XOR-----Pr-RX 
01     0x0000  0x0000   0x0000   0x8003   0x0000   1.414994  0.000000  1.414994
02     0x0000  0x0000   0x8003   0x0000   0x0000   1.414994  2.000000  3.414994
03     0x0000  0x8003   0x0000   0x0002   0x0001   1.415082  3.000000  4.415082
04     0x8003  0x0000   0x0002   0x0000   0x0000   1.414994  2.000000  3.414994
05     0x0000  0x0002   0x0000   0x0005   0x0000   1.414994  2.000000  3.414994
06     0x0002  0x0000   0x0005   0x0000   0x0000   1.414994  3.000000  4.414993
07     0x0000  0x0005   0x0000   0x001a   0x0000   1.414994  2.000000  3.414994
08     0x0005  0x0000   0x001a   0x0000   0x0000   1.414994  2.000000  3.414994
09     0x0000  0x001a   0x0000   0x0008   0x0000   1.414994  3.000000  4.414993
10     0x001a  0x0000   0x0008   0x1400   0x0000   1.414994  1.000000  2.414994
11     0x0000  0x0008   0x1400   0x0002   0x0000   1.414994  4.000000  5.414993
12     0x0008  0x1400   0x0002   0x0200   0x0001   1.415082  3.000000  4.415082
13     0x1400  0x0002   0x0200   0x0000   0x0000   1.414994  4.000000  5.414993
14     0x0002  0x0200   0x0000   0x1014   0x0000   1.414994  4.000000  5.414993
15     0x0200  0x0000   0x1014   0x0022   0x0000   1.414994  3.000000  4.414993
16     0x0000  0x1014   0x0022   0x1202    -   
------------------ 
15 Round CHAM-64 Total Weight: -59.225079 
Update: 16   RX_Bn_w: 58.225166  --Time: 154.00 seconds. ==>>
round----X0------X1-------X2-------X3-----zeta-----Pr_zeta----Pr_XOR-----Pr-RX 
01     0x0000  0x0000   0x0000   0x8003   0x0000   1.414994  0.000000  1.414994
02     0x0000  0x0000   0x8003   0x0000   0x0000   1.414994  2.000000  3.414994
03     0x0000  0x8003   0x0000   0x0002   0x0001   1.415082  3.000000  4.415082
04     0x8003  0x0000   0x0002   0x0000   0x0000   1.414994  2.000000  3.414994
05     0x0000  0x0002   0x0000   0x0005   0x0000   1.414994  2.000000  3.414994
06     0x0002  0x0000   0x0005   0x0000   0x0000   1.414994  3.000000  4.414993
07     0x0000  0x0005   0x0000   0x001a   0x0000   1.414994  2.000000  3.414994
08     0x0005  0x0000   0x001a   0x0000   0x0000   1.414994  2.000000  3.414994
09     0x0000  0x001a   0x0000   0x0008   0x0000   1.414994  3.000000  4.414993
10     0x001a  0x0000   0x0008   0x1400   0x0001   1.415082  1.000000  2.415082
11     0x0000  0x0008   0x1400   0x0000   0x0000   1.414994  4.000000  5.414993
12     0x0008  0x1400   0x0000   0x0200   0x0001   1.415082  3.000000  4.415082
13     0x1400  0x0000   0x0200   0x0000   0x0000   1.414994  4.000000  5.414993
14     0x0000  0x0200   0x0000   0x1414   0x0000   1.414994  3.000000  4.414993
15     0x0200  0x0000   0x1414   0x0026   0x0000   1.414994  3.000000  4.414993
16     0x0000  0x1414   0x0026   0x1202    -   
------------------ 
15 Round CHAM-64 Total Weight: -58.225166 
Time: 382.00 seconds.  
**************************************************************************|
round----X0------X1-------X2-------X3-----zeta-----Pr_zeta----Pr_XOR-----Pr-RX 
01     0x0000  0x0000   0x0000   0x8003   0x0000   1.414994  0.000000  1.414994
02     0x0000  0x0000   0x8003   0x0000   0x0000   1.414994  2.000000  3.414994
03     0x0000  0x8003   0x0000   0x0002   0x0001   1.415082  3.000000  4.415082
04     0x8003  0x0000   0x0002   0x0000   0x0000   1.414994  2.000000  3.414994
05     0x0000  0x0002   0x0000   0x0005   0x0000   1.414994  2.000000  3.414994
06     0x0002  0x0000   0x0005   0x0000   0x0000   1.414994  3.000000  4.414993
07     0x0000  0x0005   0x0000   0x001a   0x0000   1.414994  2.000000  3.414994
08     0x0005  0x0000   0x001a   0x0000   0x0000   1.414994  2.000000  3.414994
09     0x0000  0x001a   0x0000   0x0008   0x0000   1.414994  3.000000  4.414993
10     0x001a  0x0000   0x0008   0x1400   0x0001   1.415082  1.000000  2.415082
11     0x0000  0x0008   0x1400   0x0000   0x0000   1.414994  4.000000  5.414993
12     0x0008  0x1400   0x0000   0x0200   0x0001   1.415082  3.000000  4.415082
13     0x1400  0x0000   0x0200   0x0000   0x0000   1.414994  4.000000  5.414993
14     0x0000  0x0200   0x0000   0x1414   0x0000   1.414994  3.000000  4.414993
15     0x0200  0x0000   0x1414   0x0026   0x0000   1.414994  3.000000  4.414993
16     0x0000  0x1414   0x0026   0x1202    -   
------------------ 
15 Round CHAM-64 Total Weight: -58.225166 
Time cost: 351.40 seconds ==  5.86 minutes == 0.10 hours == 0.00 days. 
Auto-search CHAM-64 RX-differential trails END! 
|************************************************************************|
Time cost: 382.97 seconds ==  6.38 minutes == 0.11 hours. 
Auto-RX-search END! 
|************************************************************************|
[huangmingjiang@localhost Debug]$ 

