|*******************************RX-Cryptanalysis****************************|
Auto-search Begin... 
Enter the parameters : #ciper #blocksize #rounds  #mode 
ciper: cham 
blocksize: 64 
rotational parameter: 1 
rounds: 16 
mode: 0 
----------------Search Optimal pure RX-Differential Trail-------------------
RX_zeta_total: 32  
Constructing RX_Ek[4] ... 
Constructing RX_XOR_offset_Table ... 
Time of Preprocessing info: 0.00 seconds.  
|--------------------------------------------------|
Constructing cDDT Lookup Tables ... 
Time of Construct CHAM cDDTs: 28.00 seconds.  
===============Search odd-round============= 
*****************************Searching processing**************************|
Update: 0   RX_Bn_w: 64.000000  --Max expected weight-- 
Time: 3187.00 seconds.  
Update: 0   RX_Bn_w: 65.000000  --Max expected weight-- 
Update: 1   RX_Bn_w: 64.640251  --Time: 3229.00 seconds. ==>>
round----X0------X1-------X2-------X3-----zeta-----Pr_zeta----Pr_XOR-----Pr-RX 
01     0x0000  0x0000   0x0000   0x8001   0x0000   1.414994  0.000000  1.414994
02     0x0000  0x0000   0x8001   0x0000   0x0000   1.414994  2.000000  3.414994
03     0x0000  0x8001   0x0000   0x0002   0x0001   1.415082  2.000000  3.415082
04     0x8001  0x0000   0x0002   0x0200   0x0001   1.415082  1.000000  2.415082
05     0x0000  0x0002   0x0200   0x000b   0x0000   1.414994  2.000000  3.414994
06     0x0002  0x0200   0x000b   0x0000   0x0001   1.415082  4.000000  5.415082
07     0x0200  0x000b   0x0000   0x0018   0x0000   1.414994  5.000000  6.414993
08     0x000b  0x0000   0x0018   0x0002   0x0000   1.414994  1.000000  2.414994
09     0x0000  0x0018   0x0002   0x0004   0x0000   1.414994  2.000000  3.414994
10     0x0018  0x0002   0x0004   0x1800   0x0000   1.414994  3.000000  4.414993
11     0x0002  0x0004   0x1800   0x0402   0x0000   1.414994  2.000000  3.414994
12     0x0004  0x1800   0x0402   0x0c00   0x0001   1.415082  3.000000  4.415082
13     0x1800  0x0402   0x0c00   0x0000   0x0000   1.414994  4.000000  5.414993
14     0x0402  0x0c00   0x0000   0x1000   0x0000   1.414994  5.000000  6.414993
15     0x0c00  0x0000   0x1000   0x0802   0x0000   1.414994  4.000000  5.414993
16     0x0000  0x1000   0x0802   0x1204   0x0000   1.414994  2.000000  3.414994
17     0x1000  0x0802   0x1204   0x0002    -   
------------------ 
16 Round CHAM-64 Total Weight: -64.640251 
Update: 2   RX_Bn_w: 64.640251  --Time: 3229.00 seconds. ==>>
round----X0------X1-------X2-------X3-----zeta-----Pr_zeta----Pr_XOR-----Pr-RX 
01     0x0000  0x0000   0x0000   0x8001   0x0000   1.414994  0.000000  1.414994
02     0x0000  0x0000   0x8001   0x0000   0x0000   1.414994  2.000000  3.414994
03     0x0000  0x8001   0x0000   0x0002   0x0001   1.415082  2.000000  3.415082
04     0x8001  0x0000   0x0002   0x0200   0x0001   1.415082  1.000000  2.415082
05     0x0000  0x0002   0x0200   0x000b   0x0000   1.414994  2.000000  3.414994
06     0x0002  0x0200   0x000b   0x0000   0x0001   1.415082  4.000000  5.415082
07     0x0200  0x000b   0x0000   0x0018   0x0000   1.414994  5.000000  6.414993
08     0x000b  0x0000   0x0018   0x0002   0x0000   1.414994  1.000000  2.414994
09     0x0000  0x0018   0x0002   0x0004   0x0000   1.414994  2.000000  3.414994
10     0x0018  0x0002   0x0004   0x1800   0x0000   1.414994  3.000000  4.414993
11     0x0002  0x0004   0x1800   0x0402   0x0000   1.414994  2.000000  3.414994
12     0x0004  0x1800   0x0402   0x0c00   0x0001   1.415082  3.000000  4.415082
13     0x1800  0x0402   0x0c00   0x0000   0x0000   1.414994  4.000000  5.414993
14     0x0402  0x0c00   0x0000   0x1000   0x0000   1.414994  5.000000  6.414993
15     0x0c00  0x0000   0x1000   0x0802   0x0000   1.414994  4.000000  5.414993
16     0x0000  0x1000   0x0802   0x120c   0x0000   1.414994  2.000000  3.414994
17     0x1000  0x0802   0x120c   0x0002    -   
------------------ 
16 Round CHAM-64 Total Weight: -64.640251 
Update: 3   RX_Bn_w: 64.640251  --Time: 3229.00 seconds. ==>>
round----X0------X1-------X2-------X3-----zeta-----Pr_zeta----Pr_XOR-----Pr-RX 
01     0x0000  0x0000   0x0000   0x8001   0x0000   1.414994  0.000000  1.414994
02     0x0000  0x0000   0x8001   0x0000   0x0000   1.414994  2.000000  3.414994
03     0x0000  0x8001   0x0000   0x0002   0x0001   1.415082  2.000000  3.415082
04     0x8001  0x0000   0x0002   0x0200   0x0001   1.415082  1.000000  2.415082
05     0x0000  0x0002   0x0200   0x000b   0x0000   1.414994  2.000000  3.414994
06     0x0002  0x0200   0x000b   0x0000   0x0001   1.415082  4.000000  5.415082
07     0x0200  0x000b   0x0000   0x0018   0x0000   1.414994  5.000000  6.414993
08     0x000b  0x0000   0x0018   0x0002   0x0000   1.414994  1.000000  2.414994
09     0x0000  0x0018   0x0002   0x0004   0x0000   1.414994  2.000000  3.414994
10     0x0018  0x0002   0x0004   0x1800   0x0000   1.414994  3.000000  4.414993
11     0x0002  0x0004   0x1800   0x0402   0x0000   1.414994  2.000000  3.414994
12     0x0004  0x1800   0x0402   0x0c00   0x0001   1.415082  3.000000  4.415082
13     0x1800  0x0402   0x0c00   0x0000   0x0000   1.414994  4.000000  5.414993
14     0x0402  0x0c00   0x0000   0x1000   0x0000   1.414994  5.000000  6.414993
15     0x0c00  0x0000   0x1000   0x080e   0x0000   1.414994  4.000000  5.414993
16     0x0000  0x1000   0x080e   0x1204   0x0000   1.414994  2.000000  3.414994
17     0x1000  0x080e   0x1204   0x0002    -   
------------------ 
16 Round CHAM-64 Total Weight: -64.640251 
Update: 4   RX_Bn_w: 64.640251  --Time: 3229.00 seconds. ==>>
round----X0------X1-------X2-------X3-----zeta-----Pr_zeta----Pr_XOR-----Pr-RX 
01     0x0000  0x0000   0x0000   0x8001   0x0000   1.414994  0.000000  1.414994
02     0x0000  0x0000   0x8001   0x0000   0x0000   1.414994  2.000000  3.414994
03     0x0000  0x8001   0x0000   0x0002   0x0001   1.415082  2.000000  3.415082
04     0x8001  0x0000   0x0002   0x0200   0x0001   1.415082  1.000000  2.415082
05     0x0000  0x0002   0x0200   0x000b   0x0000   1.414994  2.000000  3.414994
06     0x0002  0x0200   0x000b   0x0000   0x0001   1.415082  4.000000  5.415082
07     0x0200  0x000b   0x0000   0x0018   0x0000   1.414994  5.000000  6.414993
08     0x000b  0x0000   0x0018   0x0002   0x0000   1.414994  1.000000  2.414994
09     0x0000  0x0018   0x0002   0x0004   0x0000   1.414994  2.000000  3.414994
10     0x0018  0x0002   0x0004   0x1800   0x0000   1.414994  3.000000  4.414993
11     0x0002  0x0004   0x1800   0x0402   0x0000   1.414994  2.000000  3.414994
12     0x0004  0x1800   0x0402   0x0c00   0x0001   1.415082  3.000000  4.415082
13     0x1800  0x0402   0x0c00   0x0000   0x0000   1.414994  4.000000  5.414993
14     0x0402  0x0c00   0x0000   0x1000   0x0000   1.414994  5.000000  6.414993
15     0x0c00  0x0000   0x1000   0x080e   0x0000   1.414994  4.000000  5.414993
16     0x0000  0x1000   0x080e   0x120c   0x0000   1.414994  2.000000  3.414994
17     0x1000  0x080e   0x120c   0x0002    -   
------------------ 
16 Round CHAM-64 Total Weight: -64.640251 
Update: 5   RX_Bn_w: 64.640251  --Time: 3229.00 seconds. ==>>
round----X0------X1-------X2-------X3-----zeta-----Pr_zeta----Pr_XOR-----Pr-RX 
01     0x0000  0x0000   0x0000   0x8001   0x0000   1.414994  0.000000  1.414994
02     0x0000  0x0000   0x8001   0x0000   0x0000   1.414994  2.000000  3.414994
03     0x0000  0x8001   0x0000   0x0002   0x0001   1.415082  2.000000  3.415082
04     0x8001  0x0000   0x0002   0x0200   0x0001   1.415082  1.000000  2.415082
05     0x0000  0x0002   0x0200   0x000b   0x0000   1.414994  2.000000  3.414994
06     0x0002  0x0200   0x000b   0x0000   0x0001   1.415082  4.000000  5.415082
07     0x0200  0x000b   0x0000   0x0018   0x0000   1.414994  5.000000  6.414993
08     0x000b  0x0000   0x0018   0x0002   0x0000   1.414994  1.000000  2.414994
09     0x0000  0x0018   0x0002   0x0004   0x0000   1.414994  2.000000  3.414994
10     0x0018  0x0002   0x0004   0x1800   0x0000   1.414994  3.000000  4.414993
11     0x0002  0x0004   0x1800   0x0402   0x0000   1.414994  2.000000  3.414994
12     0x0004  0x1800   0x0402   0x0c00   0x0001   1.415082  3.000000  4.415082
13     0x1800  0x0402   0x0c00   0x0000   0x0000   1.414994  4.000000  5.414993
14     0x0402  0x0c00   0x0000   0x1000   0x0000   1.414994  5.000000  6.414993
15     0x0c00  0x0000   0x1000   0x0812   0x0000   1.414994  4.000000  5.414993
16     0x0000  0x1000   0x0812   0x1204   0x0000   1.414994  2.000000  3.414994
17     0x1000  0x0812   0x1204   0x0002    -   
------------------ 
16 Round CHAM-64 Total Weight: -64.640251 
Update: 6   RX_Bn_w: 64.640251  --Time: 3229.00 seconds. ==>>
round----X0------X1-------X2-------X3-----zeta-----Pr_zeta----Pr_XOR-----Pr-RX 
01     0x0000  0x0000   0x0000   0x8001   0x0000   1.414994  0.000000  1.414994
02     0x0000  0x0000   0x8001   0x0000   0x0000   1.414994  2.000000  3.414994
03     0x0000  0x8001   0x0000   0x0002   0x0001   1.415082  2.000000  3.415082
04     0x8001  0x0000   0x0002   0x0200   0x0001   1.415082  1.000000  2.415082
05     0x0000  0x0002   0x0200   0x000b   0x0000   1.414994  2.000000  3.414994
06     0x0002  0x0200   0x000b   0x0000   0x0001   1.415082  4.000000  5.415082
07     0x0200  0x000b   0x0000   0x0018   0x0000   1.414994  5.000000  6.414993
08     0x000b  0x0000   0x0018   0x0002   0x0000   1.414994  1.000000  2.414994
09     0x0000  0x0018   0x0002   0x0004   0x0000   1.414994  2.000000  3.414994
10     0x0018  0x0002   0x0004   0x1800   0x0000   1.414994  3.000000  4.414993
11     0x0002  0x0004   0x1800   0x0402   0x0000   1.414994  2.000000  3.414994
12     0x0004  0x1800   0x0402   0x0c00   0x0001   1.415082  3.000000  4.415082
13     0x1800  0x0402   0x0c00   0x0000   0x0000   1.414994  4.000000  5.414993
14     0x0402  0x0c00   0x0000   0x1000   0x0000   1.414994  5.000000  6.414993
15     0x0c00  0x0000   0x1000   0x0812   0x0000   1.414994  4.000000  5.414993
16     0x0000  0x1000   0x0812   0x120c   0x0000   1.414994  2.000000  3.414994
17     0x1000  0x0812   0x120c   0x0002    -   
------------------ 
16 Round CHAM-64 Total Weight: -64.640251 
Update: 7   RX_Bn_w: 64.640251  --Time: 3229.00 seconds. ==>>
round----X0------X1-------X2-------X3-----zeta-----Pr_zeta----Pr_XOR-----Pr-RX 
01     0x0000  0x0000   0x0000   0x8001   0x0000   1.414994  0.000000  1.414994
02     0x0000  0x0000   0x8001   0x0000   0x0000   1.414994  2.000000  3.414994
03     0x0000  0x8001   0x0000   0x0002   0x0001   1.415082  2.000000  3.415082
04     0x8001  0x0000   0x0002   0x0200   0x0001   1.415082  1.000000  2.415082
05     0x0000  0x0002   0x0200   0x000b   0x0000   1.414994  2.000000  3.414994
06     0x0002  0x0200   0x000b   0x0000   0x0001   1.415082  4.000000  5.415082
07     0x0200  0x000b   0x0000   0x0018   0x0000   1.414994  5.000000  6.414993
08     0x000b  0x0000   0x0018   0x0002   0x0000   1.414994  1.000000  2.414994
09     0x0000  0x0018   0x0002   0x0004   0x0000   1.414994  2.000000  3.414994
10     0x0018  0x0002   0x0004   0x1800   0x0000   1.414994  3.000000  4.414993
11     0x0002  0x0004   0x1800   0x0402   0x0000   1.414994  2.000000  3.414994
12     0x0004  0x1800   0x0402   0x0c00   0x0001   1.415082  3.000000  4.415082
13     0x1800  0x0402   0x0c00   0x0000   0x0000   1.414994  4.000000  5.414993
14     0x0402  0x0c00   0x0000   0x1000   0x0000   1.414994  5.000000  6.414993
15     0x0c00  0x0000   0x1000   0x0822   0x0000   1.414994  4.000000  5.414993
16     0x0000  0x1000   0x0822   0x1204   0x0000   1.414994  2.000000  3.414994
17     0x1000  0x0822   0x1204   0x0002    -   
------------------ 
16 Round CHAM-64 Total Weight: -64.640251 
Update: 8   RX_Bn_w: 64.640251  --Time: 3229.00 seconds. ==>>
round----X0------X1-------X2-------X3-----zeta-----Pr_zeta----Pr_XOR-----Pr-RX 
01     0x0000  0x0000   0x0000   0x8001   0x0000   1.414994  0.000000  1.414994
02     0x0000  0x0000   0x8001   0x0000   0x0000   1.414994  2.000000  3.414994
03     0x0000  0x8001   0x0000   0x0002   0x0001   1.415082  2.000000  3.415082
04     0x8001  0x0000   0x0002   0x0200   0x0001   1.415082  1.000000  2.415082
05     0x0000  0x0002   0x0200   0x000b   0x0000   1.414994  2.000000  3.414994
06     0x0002  0x0200   0x000b   0x0000   0x0001   1.415082  4.000000  5.415082
07     0x0200  0x000b   0x0000   0x0018   0x0000   1.414994  5.000000  6.414993
08     0x000b  0x0000   0x0018   0x0002   0x0000   1.414994  1.000000  2.414994
09     0x0000  0x0018   0x0002   0x0004   0x0000   1.414994  2.000000  3.414994
10     0x0018  0x0002   0x0004   0x1800   0x0000   1.414994  3.000000  4.414993
11     0x0002  0x0004   0x1800   0x0402   0x0000   1.414994  2.000000  3.414994
12     0x0004  0x1800   0x0402   0x0c00   0x0001   1.415082  3.000000  4.415082
13     0x1800  0x0402   0x0c00   0x0000   0x0000   1.414994  4.000000  5.414993
14     0x0402  0x0c00   0x0000   0x1000   0x0000   1.414994  5.000000  6.414993
15     0x0c00  0x0000   0x1000   0x0822   0x0000   1.414994  4.000000  5.414993
16     0x0000  0x1000   0x0822   0x120c   0x0000   1.414994  2.000000  3.414994
17     0x1000  0x0822   0x120c   0x0002    -   
------------------ 
16 Round CHAM-64 Total Weight: -64.640251 
Update: 9   RX_Bn_w: 64.640251  --Time: 3229.00 seconds. ==>>
round----X0------X1-------X2-------X3-----zeta-----Pr_zeta----Pr_XOR-----Pr-RX 
01     0x0000  0x0000   0x0000   0x8001   0x0000   1.414994  0.000000  1.414994
02     0x0000  0x0000   0x8001   0x0000   0x0000   1.414994  2.000000  3.414994
03     0x0000  0x8001   0x0000   0x0002   0x0001   1.415082  2.000000  3.415082
04     0x8001  0x0000   0x0002   0x0200   0x0001   1.415082  1.000000  2.415082
05     0x0000  0x0002   0x0200   0x000b   0x0000   1.414994  2.000000  3.414994
06     0x0002  0x0200   0x000b   0x0000   0x0001   1.415082  4.000000  5.415082
07     0x0200  0x000b   0x0000   0x0018   0x0000   1.414994  5.000000  6.414993
08     0x000b  0x0000   0x0018   0x0002   0x0000   1.414994  1.000000  2.414994
09     0x0000  0x0018   0x0002   0x0004   0x0000   1.414994  2.000000  3.414994
10     0x0018  0x0002   0x0004   0x1800   0x0000   1.414994  3.000000  4.414993
11     0x0002  0x0004   0x1800   0x0402   0x0000   1.414994  2.000000  3.414994
12     0x0004  0x1800   0x0402   0x0c00   0x0001   1.415082  3.000000  4.415082
13     0x1800  0x0402   0x0c00   0x0000   0x0000   1.414994  4.000000  5.414993
14     0x0402  0x0c00   0x0000   0x1000   0x0000   1.414994  5.000000  6.414993
15     0x0c00  0x0000   0x1000   0x082e   0x0000   1.414994  4.000000  5.414993
16     0x0000  0x1000   0x082e   0x1204   0x0000   1.414994  2.000000  3.414994
17     0x1000  0x082e   0x1204   0x0002    -   
------------------ 
16 Round CHAM-64 Total Weight: -64.640251 
Update: 10   RX_Bn_w: 64.640251  --Time: 3229.00 seconds. ==>>
round----X0------X1-------X2-------X3-----zeta-----Pr_zeta----Pr_XOR-----Pr-RX 
01     0x0000  0x0000   0x0000   0x8001   0x0000   1.414994  0.000000  1.414994
02     0x0000  0x0000   0x8001   0x0000   0x0000   1.414994  2.000000  3.414994
03     0x0000  0x8001   0x0000   0x0002   0x0001   1.415082  2.000000  3.415082
04     0x8001  0x0000   0x0002   0x0200   0x0001   1.415082  1.000000  2.415082
05     0x0000  0x0002   0x0200   0x000b   0x0000   1.414994  2.000000  3.414994
06     0x0002  0x0200   0x000b   0x0000   0x0001   1.415082  4.000000  5.415082
07     0x0200  0x000b   0x0000   0x0018   0x0000   1.414994  5.000000  6.414993
08     0x000b  0x0000   0x0018   0x0002   0x0000   1.414994  1.000000  2.414994
09     0x0000  0x0018   0x0002   0x0004   0x0000   1.414994  2.000000  3.414994
10     0x0018  0x0002   0x0004   0x1800   0x0000   1.414994  3.000000  4.414993
11     0x0002  0x0004   0x1800   0x0402   0x0000   1.414994  2.000000  3.414994
12     0x0004  0x1800   0x0402   0x0c00   0x0001   1.415082  3.000000  4.415082
13     0x1800  0x0402   0x0c00   0x0000   0x0000   1.414994  4.000000  5.414993
14     0x0402  0x0c00   0x0000   0x1000   0x0000   1.414994  5.000000  6.414993
15     0x0c00  0x0000   0x1000   0x082e   0x0000   1.414994  4.000000  5.414993
16     0x0000  0x1000   0x082e   0x120c   0x0000   1.414994  2.000000  3.414994
17     0x1000  0x082e   0x120c   0x0002    -   
------------------ 
16 Round CHAM-64 Total Weight: -64.640251 
Update: 11   RX_Bn_w: 64.640251  --Time: 3229.00 seconds. ==>>
round----X0------X1-------X2-------X3-----zeta-----Pr_zeta----Pr_XOR-----Pr-RX 
01     0x0000  0x0000   0x0000   0x8001   0x0000   1.414994  0.000000  1.414994
02     0x0000  0x0000   0x8001   0x0000   0x0000   1.414994  2.000000  3.414994
03     0x0000  0x8001   0x0000   0x0002   0x0001   1.415082  2.000000  3.415082
04     0x8001  0x0000   0x0002   0x0200   0x0001   1.415082  1.000000  2.415082
05     0x0000  0x0002   0x0200   0x000b   0x0000   1.414994  2.000000  3.414994
06     0x0002  0x0200   0x000b   0x0000   0x0001   1.415082  4.000000  5.415082
07     0x0200  0x000b   0x0000   0x0018   0x0000   1.414994  5.000000  6.414993
08     0x000b  0x0000   0x0018   0x0002   0x0000   1.414994  1.000000  2.414994
09     0x0000  0x0018   0x0002   0x0004   0x0000   1.414994  2.000000  3.414994
10     0x0018  0x0002   0x0004   0x1800   0x0000   1.414994  3.000000  4.414993
11     0x0002  0x0004   0x1800   0x0402   0x0000   1.414994  2.000000  3.414994
12     0x0004  0x1800   0x0402   0x0c00   0x0001   1.415082  3.000000  4.415082
13     0x1800  0x0402   0x0c00   0x0000   0x0000   1.414994  4.000000  5.414993
14     0x0402  0x0c00   0x0000   0x1000   0x0000   1.414994  5.000000  6.414993
15     0x0c00  0x0000   0x1000   0x0832   0x0000   1.414994  4.000000  5.414993
16     0x0000  0x1000   0x0832   0x1204   0x0000   1.414994  2.000000  3.414994
17     0x1000  0x0832   0x1204   0x0002    -   
------------------ 
16 Round CHAM-64 Total Weight: -64.640251 
Update: 12   RX_Bn_w: 64.640251  --Time: 3229.00 seconds. ==>>
round----X0------X1-------X2-------X3-----zeta-----Pr_zeta----Pr_XOR-----Pr-RX 
01     0x0000  0x0000   0x0000   0x8001   0x0000   1.414994  0.000000  1.414994
02     0x0000  0x0000   0x8001   0x0000   0x0000   1.414994  2.000000  3.414994
03     0x0000  0x8001   0x0000   0x0002   0x0001   1.415082  2.000000  3.415082
04     0x8001  0x0000   0x0002   0x0200   0x0001   1.415082  1.000000  2.415082
05     0x0000  0x0002   0x0200   0x000b   0x0000   1.414994  2.000000  3.414994
06     0x0002  0x0200   0x000b   0x0000   0x0001   1.415082  4.000000  5.415082
07     0x0200  0x000b   0x0000   0x0018   0x0000   1.414994  5.000000  6.414993
08     0x000b  0x0000   0x0018   0x0002   0x0000   1.414994  1.000000  2.414994
09     0x0000  0x0018   0x0002   0x0004   0x0000   1.414994  2.000000  3.414994
10     0x0018  0x0002   0x0004   0x1800   0x0000   1.414994  3.000000  4.414993
11     0x0002  0x0004   0x1800   0x0402   0x0000   1.414994  2.000000  3.414994
12     0x0004  0x1800   0x0402   0x0c00   0x0001   1.415082  3.000000  4.415082
13     0x1800  0x0402   0x0c00   0x0000   0x0000   1.414994  4.000000  5.414993
14     0x0402  0x0c00   0x0000   0x1000   0x0000   1.414994  5.000000  6.414993
15     0x0c00  0x0000   0x1000   0x0832   0x0000   1.414994  4.000000  5.414993
16     0x0000  0x1000   0x0832   0x120c   0x0000   1.414994  2.000000  3.414994
17     0x1000  0x0832   0x120c   0x0002    -   
------------------ 
16 Round CHAM-64 Total Weight: -64.640251 
Update: 13   RX_Bn_w: 64.640244  --Time: 3328.00 seconds. ==>>
round----X0------X1-------X2-------X3-----zeta-----Pr_zeta----Pr_XOR-----Pr-RX 
01     0x0000  0x0000   0x0000   0x8001   0x0000   1.414994  0.000000  1.414994
02     0x0000  0x0000   0x8001   0x0000   0x0000   1.414994  2.000000  3.414994
03     0x0000  0x8001   0x0000   0x0002   0x0001   1.415082  3.000000  4.415082
04     0x8001  0x0000   0x0002   0x0000   0x0001   1.415082  1.000000  2.415082
05     0x0000  0x0002   0x0000   0x000b   0x0000   1.414994  2.000000  3.414994
06     0x0002  0x0000   0x000b   0x0000   0x0001   1.415082  3.000000  4.415082
07     0x0000  0x000b   0x0000   0x0018   0x0000   1.414994  4.000000  5.414993
08     0x000b  0x0000   0x0018   0x0000   0x0000   1.414994  1.000000  2.414994
09     0x0000  0x0018   0x0000   0x0004   0x0000   1.414994  2.000000  3.414994
10     0x0018  0x0000   0x0004   0x1800   0x0000   1.414994  2.000000  3.414994
11     0x0000  0x0004   0x1800   0x0002   0x0000   1.414994  3.000000  4.414993
12     0x0004  0x1800   0x0002   0x0a00   0x0001   1.415082  3.000000  4.415082
13     0x1800  0x0002   0x0a00   0x0000   0x0000   1.414994  4.000000  5.414993
14     0x0002  0x0a00   0x0000   0x1008   0x0000   1.414994  5.000000  6.414993
15     0x0a00  0x0000   0x1008   0x0002   0x0000   1.414994  4.000000  5.414993
16     0x0000  0x1008   0x0002   0x120a   0x0000   1.414994  3.000000  4.414993
17     0x1008  0x0002   0x120a   0x1002    -   
------------------ 
16 Round CHAM-64 Total Weight: -64.640244 
Update: 14   RX_Bn_w: 64.640076  --Time: 3368.00 seconds. ==>>
round----X0------X1-------X2-------X3-----zeta-----Pr_zeta----Pr_XOR-----Pr-RX 
01     0x0000  0x0000   0x0000   0x8003   0x0000   1.414994  0.000000  1.414994
02     0x0000  0x0000   0x8003   0x0000   0x0000   1.414994  2.000000  3.414994
03     0x0000  0x8003   0x0000   0x0002   0x0001   1.415082  3.000000  4.415082
04     0x8003  0x0000   0x0002   0x0000   0x0000   1.414994  2.000000  3.414994
05     0x0000  0x0002   0x0000   0x0005   0x0000   1.414994  2.000000  3.414994
06     0x0002  0x0000   0x0005   0x0000   0x0000   1.414994  3.000000  4.414993
07     0x0000  0x0005   0x0000   0x001a   0x0000   1.414994  2.000000  3.414994
08     0x0005  0x0000   0x001a   0x0000   0x0000   1.414994  2.000000  3.414994
09     0x0000  0x001a   0x0000   0x0008   0x0000   1.414994  3.000000  4.414993
10     0x001a  0x0000   0x0008   0x1400   0x0000   1.414994  1.000000  2.414994
11     0x0000  0x0008   0x1400   0x0002   0x0000   1.414994  4.000000  5.414993
12     0x0008  0x1400   0x0002   0x0200   0x0001   1.415082  3.000000  4.415082
13     0x1400  0x0002   0x0200   0x0000   0x0000   1.414994  4.000000  5.414993
14     0x0002  0x0200   0x0000   0x1014   0x0000   1.414994  4.000000  5.414993
15     0x0200  0x0000   0x1014   0x0022   0x0000   1.414994  3.000000  4.414993
16     0x0000  0x1014   0x0022   0x1202   0x0000   1.414994  4.000000  5.414993
17     0x1014  0x0022   0x1202   0x2802    -   
------------------ 
16 Round CHAM-64 Total Weight: -64.640076 
Update: 15   RX_Bn_w: 64.640076  --Time: 3368.00 seconds. ==>>
round----X0------X1-------X2-------X3-----zeta-----Pr_zeta----Pr_XOR-----Pr-RX 
01     0x0000  0x0000   0x0000   0x8003   0x0000   1.414994  0.000000  1.414994
02     0x0000  0x0000   0x8003   0x0000   0x0000   1.414994  2.000000  3.414994
03     0x0000  0x8003   0x0000   0x0002   0x0001   1.415082  3.000000  4.415082
04     0x8003  0x0000   0x0002   0x0000   0x0000   1.414994  2.000000  3.414994
05     0x0000  0x0002   0x0000   0x0005   0x0000   1.414994  2.000000  3.414994
06     0x0002  0x0000   0x0005   0x0000   0x0000   1.414994  3.000000  4.414993
07     0x0000  0x0005   0x0000   0x001a   0x0000   1.414994  2.000000  3.414994
08     0x0005  0x0000   0x001a   0x0000   0x0000   1.414994  2.000000  3.414994
09     0x0000  0x001a   0x0000   0x0008   0x0000   1.414994  3.000000  4.414993
10     0x001a  0x0000   0x0008   0x1400   0x0000   1.414994  1.000000  2.414994
11     0x0000  0x0008   0x1400   0x0002   0x0000   1.414994  4.000000  5.414993
12     0x0008  0x1400   0x0002   0x0200   0x0001   1.415082  3.000000  4.415082
13     0x1400  0x0002   0x0200   0x0000   0x0000   1.414994  4.000000  5.414993
14     0x0002  0x0200   0x0000   0x1014   0x0000   1.414994  4.000000  5.414993
15     0x0200  0x0000   0x1014   0x0026   0x0000   1.414994  3.000000  4.414993
16     0x0000  0x1014   0x0026   0x1202   0x0000   1.414994  4.000000  5.414993
17     0x1014  0x0026   0x1202   0x2802    -   
------------------ 
16 Round CHAM-64 Total Weight: -64.640076 
Update: 16   RX_Bn_w: 64.640076  --Time: 3368.00 seconds. ==>>
round----X0------X1-------X2-------X3-----zeta-----Pr_zeta----Pr_XOR-----Pr-RX 
01     0x0000  0x0000   0x0000   0x8003   0x0000   1.414994  0.000000  1.414994
02     0x0000  0x0000   0x8003   0x0000   0x0000   1.414994  2.000000  3.414994
03     0x0000  0x8003   0x0000   0x0002   0x0001   1.415082  3.000000  4.415082
04     0x8003  0x0000   0x0002   0x0000   0x0000   1.414994  2.000000  3.414994
05     0x0000  0x0002   0x0000   0x0005   0x0000   1.414994  2.000000  3.414994
06     0x0002  0x0000   0x0005   0x0000   0x0000   1.414994  3.000000  4.414993
07     0x0000  0x0005   0x0000   0x001a   0x0000   1.414994  2.000000  3.414994
08     0x0005  0x0000   0x001a   0x0000   0x0000   1.414994  2.000000  3.414994
09     0x0000  0x001a   0x0000   0x0008   0x0000   1.414994  3.000000  4.414993
10     0x001a  0x0000   0x0008   0x1400   0x0000   1.414994  1.000000  2.414994
11     0x0000  0x0008   0x1400   0x0002   0x0000   1.414994  4.000000  5.414993
12     0x0008  0x1400   0x0002   0x0200   0x0001   1.415082  3.000000  4.415082
13     0x1400  0x0002   0x0200   0x0000   0x0000   1.414994  4.000000  5.414993
14     0x0002  0x0200   0x0000   0x1014   0x0000   1.414994  4.000000  5.414993
15     0x0200  0x0000   0x1014   0x002a   0x0000   1.414994  3.000000  4.414993
16     0x0000  0x1014   0x002a   0x1202   0x0000   1.414994  4.000000  5.414993
17     0x1014  0x002a   0x1202   0x2802    -   
------------------ 
16 Round CHAM-64 Total Weight: -64.640076 
Update: 17   RX_Bn_w: 64.640076  --Time: 3368.00 seconds. ==>>
round----X0------X1-------X2-------X3-----zeta-----Pr_zeta----Pr_XOR-----Pr-RX 
01     0x0000  0x0000   0x0000   0x8003   0x0000   1.414994  0.000000  1.414994
02     0x0000  0x0000   0x8003   0x0000   0x0000   1.414994  2.000000  3.414994
03     0x0000  0x8003   0x0000   0x0002   0x0001   1.415082  3.000000  4.415082
04     0x8003  0x0000   0x0002   0x0000   0x0000   1.414994  2.000000  3.414994
05     0x0000  0x0002   0x0000   0x0005   0x0000   1.414994  2.000000  3.414994
06     0x0002  0x0000   0x0005   0x0000   0x0000   1.414994  3.000000  4.414993
07     0x0000  0x0005   0x0000   0x001a   0x0000   1.414994  2.000000  3.414994
08     0x0005  0x0000   0x001a   0x0000   0x0000   1.414994  2.000000  3.414994
09     0x0000  0x001a   0x0000   0x0008   0x0000   1.414994  3.000000  4.414993
10     0x001a  0x0000   0x0008   0x1400   0x0000   1.414994  1.000000  2.414994
11     0x0000  0x0008   0x1400   0x0002   0x0000   1.414994  4.000000  5.414993
12     0x0008  0x1400   0x0002   0x0200   0x0001   1.415082  3.000000  4.415082
13     0x1400  0x0002   0x0200   0x0000   0x0000   1.414994  4.000000  5.414993
14     0x0002  0x0200   0x0000   0x1014   0x0000   1.414994  4.000000  5.414993
15     0x0200  0x0000   0x1014   0x002e   0x0000   1.414994  3.000000  4.414993
16     0x0000  0x1014   0x002e   0x1202   0x0000   1.414994  4.000000  5.414993
17     0x1014  0x002e   0x1202   0x2802    -   
------------------ 
16 Round CHAM-64 Total Weight: -64.640076 
Update: 18   RX_Bn_w: 64.640076  --Time: 3372.00 seconds. ==>>
round----X0------X1-------X2-------X3-----zeta-----Pr_zeta----Pr_XOR-----Pr-RX 
01     0x0000  0x0000   0x0000   0x8003   0x0000   1.414994  0.000000  1.414994
02     0x0000  0x0000   0x8003   0x0000   0x0000   1.414994  2.000000  3.414994
03     0x0000  0x8003   0x0000   0x0002   0x0001   1.415082  3.000000  4.415082
04     0x8003  0x0000   0x0002   0x0000   0x0000   1.414994  2.000000  3.414994
05     0x0000  0x0002   0x0000   0x000d   0x0000   1.414994  2.000000  3.414994
06     0x0002  0x0000   0x000d   0x0000   0x0000   1.414994  3.000000  4.414993
07     0x0000  0x000d   0x0000   0x001a   0x0000   1.414994  3.000000  4.414993
08     0x000d  0x0000   0x001a   0x0000   0x0000   1.414994  1.000000  2.414994
09     0x0000  0x001a   0x0000   0x0008   0x0000   1.414994  3.000000  4.414993
10     0x001a  0x0000   0x0008   0x1400   0x0000   1.414994  1.000000  2.414994
11     0x0000  0x0008   0x1400   0x0002   0x0000   1.414994  4.000000  5.414993
12     0x0008  0x1400   0x0002   0x0200   0x0001   1.415082  3.000000  4.415082
13     0x1400  0x0002   0x0200   0x0000   0x0000   1.414994  4.000000  5.414993
14     0x0002  0x0200   0x0000   0x1014   0x0000   1.414994  4.000000  5.414993
15     0x0200  0x0000   0x1014   0x0022   0x0000   1.414994  3.000000  4.414993
16     0x0000  0x1014   0x0022   0x1202   0x0000   1.414994  4.000000  5.414993
17     0x1014  0x0022   0x1202   0x2802    -   
------------------ 
16 Round CHAM-64 Total Weight: -64.640076 
Update: 19   RX_Bn_w: 64.640076  --Time: 3372.00 seconds. ==>>
round----X0------X1-------X2-------X3-----zeta-----Pr_zeta----Pr_XOR-----Pr-RX 
01     0x0000  0x0000   0x0000   0x8003   0x0000   1.414994  0.000000  1.414994
02     0x0000  0x0000   0x8003   0x0000   0x0000   1.414994  2.000000  3.414994
03     0x0000  0x8003   0x0000   0x0002   0x0001   1.415082  3.000000  4.415082
04     0x8003  0x0000   0x0002   0x0000   0x0000   1.414994  2.000000  3.414994
05     0x0000  0x0002   0x0000   0x000d   0x0000   1.414994  2.000000  3.414994
06     0x0002  0x0000   0x000d   0x0000   0x0000   1.414994  3.000000  4.414993
07     0x0000  0x000d   0x0000   0x001a   0x0000   1.414994  3.000000  4.414993
08     0x000d  0x0000   0x001a   0x0000   0x0000   1.414994  1.000000  2.414994
09     0x0000  0x001a   0x0000   0x0008   0x0000   1.414994  3.000000  4.414993
10     0x001a  0x0000   0x0008   0x1400   0x0000   1.414994  1.000000  2.414994
11     0x0000  0x0008   0x1400   0x0002   0x0000   1.414994  4.000000  5.414993
12     0x0008  0x1400   0x0002   0x0200   0x0001   1.415082  3.000000  4.415082
13     0x1400  0x0002   0x0200   0x0000   0x0000   1.414994  4.000000  5.414993
14     0x0002  0x0200   0x0000   0x1014   0x0000   1.414994  4.000000  5.414993
15     0x0200  0x0000   0x1014   0x0026   0x0000   1.414994  3.000000  4.414993
16     0x0000  0x1014   0x0026   0x1202   0x0000   1.414994  4.000000  5.414993
17     0x1014  0x0026   0x1202   0x2802    -   
------------------ 
16 Round CHAM-64 Total Weight: -64.640076 
Update: 20   RX_Bn_w: 64.640076  --Time: 3372.00 seconds. ==>>
round----X0------X1-------X2-------X3-----zeta-----Pr_zeta----Pr_XOR-----Pr-RX 
01     0x0000  0x0000   0x0000   0x8003   0x0000   1.414994  0.000000  1.414994
02     0x0000  0x0000   0x8003   0x0000   0x0000   1.414994  2.000000  3.414994
03     0x0000  0x8003   0x0000   0x0002   0x0001   1.415082  3.000000  4.415082
04     0x8003  0x0000   0x0002   0x0000   0x0000   1.414994  2.000000  3.414994
05     0x0000  0x0002   0x0000   0x000d   0x0000   1.414994  2.000000  3.414994
06     0x0002  0x0000   0x000d   0x0000   0x0000   1.414994  3.000000  4.414993
07     0x0000  0x000d   0x0000   0x001a   0x0000   1.414994  3.000000  4.414993
08     0x000d  0x0000   0x001a   0x0000   0x0000   1.414994  1.000000  2.414994
09     0x0000  0x001a   0x0000   0x0008   0x0000   1.414994  3.000000  4.414993
10     0x001a  0x0000   0x0008   0x1400   0x0000   1.414994  1.000000  2.414994
11     0x0000  0x0008   0x1400   0x0002   0x0000   1.414994  4.000000  5.414993
12     0x0008  0x1400   0x0002   0x0200   0x0001   1.415082  3.000000  4.415082
13     0x1400  0x0002   0x0200   0x0000   0x0000   1.414994  4.000000  5.414993
14     0x0002  0x0200   0x0000   0x1014   0x0000   1.414994  4.000000  5.414993
15     0x0200  0x0000   0x1014   0x002a   0x0000   1.414994  3.000000  4.414993
16     0x0000  0x1014   0x002a   0x1202   0x0000   1.414994  4.000000  5.414993
17     0x1014  0x002a   0x1202   0x2802    -   
------------------ 
16 Round CHAM-64 Total Weight: -64.640076 
Update: 21   RX_Bn_w: 64.640076  --Time: 3372.00 seconds. ==>>
round----X0------X1-------X2-------X3-----zeta-----Pr_zeta----Pr_XOR-----Pr-RX 
01     0x0000  0x0000   0x0000   0x8003   0x0000   1.414994  0.000000  1.414994
02     0x0000  0x0000   0x8003   0x0000   0x0000   1.414994  2.000000  3.414994
03     0x0000  0x8003   0x0000   0x0002   0x0001   1.415082  3.000000  4.415082
04     0x8003  0x0000   0x0002   0x0000   0x0000   1.414994  2.000000  3.414994
05     0x0000  0x0002   0x0000   0x000d   0x0000   1.414994  2.000000  3.414994
06     0x0002  0x0000   0x000d   0x0000   0x0000   1.414994  3.000000  4.414993
07     0x0000  0x000d   0x0000   0x001a   0x0000   1.414994  3.000000  4.414993
08     0x000d  0x0000   0x001a   0x0000   0x0000   1.414994  1.000000  2.414994
09     0x0000  0x001a   0x0000   0x0008   0x0000   1.414994  3.000000  4.414993
10     0x001a  0x0000   0x0008   0x1400   0x0000   1.414994  1.000000  2.414994
11     0x0000  0x0008   0x1400   0x0002   0x0000   1.414994  4.000000  5.414993
12     0x0008  0x1400   0x0002   0x0200   0x0001   1.415082  3.000000  4.415082
13     0x1400  0x0002   0x0200   0x0000   0x0000   1.414994  4.000000  5.414993
14     0x0002  0x0200   0x0000   0x1014   0x0000   1.414994  4.000000  5.414993
15     0x0200  0x0000   0x1014   0x002e   0x0000   1.414994  3.000000  4.414993
16     0x0000  0x1014   0x002e   0x1202   0x0000   1.414994  4.000000  5.414993
17     0x1014  0x002e   0x1202   0x2802    -   
------------------ 
16 Round CHAM-64 Total Weight: -64.640076 
Update: 22   RX_Bn_w: 64.640076  --Time: 4127.00 seconds. ==>>
round----X0------X1-------X2-------X3-----zeta-----Pr_zeta----Pr_XOR-----Pr-RX 
01     0x0000  0x0000   0x0000   0x8003   0x0000   1.414994  0.000000  1.414994
02     0x0000  0x0000   0x8003   0x0000   0x0000   1.414994  2.000000  3.414994
03     0x0000  0x8003   0x0000   0x0006   0x0001   1.415082  3.000000  4.415082
04     0x8003  0x0000   0x0006   0x0000   0x0000   1.414994  2.000000  3.414994
05     0x0000  0x0006   0x0000   0x0005   0x0000   1.414994  2.000000  3.414994
06     0x0006  0x0000   0x0005   0x0000   0x0000   1.414994  2.000000  3.414994
07     0x0000  0x0005   0x0000   0x0012   0x0000   1.414994  2.000000  3.414994
08     0x0005  0x0000   0x0012   0x0000   0x0000   1.414994  2.000000  3.414994
09     0x0000  0x0012   0x0000   0x0018   0x0000   1.414994  4.000000  5.414993
10     0x0012  0x0000   0x0018   0x0400   0x0000   1.414994  2.000000  3.414994
11     0x0000  0x0018   0x0400   0x0012   0x0000   1.414994  4.000000  5.414993
12     0x0018  0x0400   0x0012   0x1200   0x0001   1.415082  2.000000  3.415082
13     0x0400  0x0012   0x1200   0x0000   0x0000   1.414994  4.000000  5.414993
14     0x0012  0x1200   0x0000   0x1004   0x0000   1.414994  4.000000  5.414993
15     0x1200  0x0000   0x1004   0x0022   0x0000   1.414994  4.000000  5.414993
16     0x0000  0x1004   0x0022   0x1212   0x0000   1.414994  3.000000  4.414993
17     0x1004  0x0022   0x1212   0x0802    -   
------------------ 
16 Round CHAM-64 Total Weight: -64.640076 
Update: 23   RX_Bn_w: 64.640076  --Time: 4127.00 seconds. ==>>
round----X0------X1-------X2-------X3-----zeta-----Pr_zeta----Pr_XOR-----Pr-RX 
01     0x0000  0x0000   0x0000   0x8003   0x0000   1.414994  0.000000  1.414994
02     0x0000  0x0000   0x8003   0x0000   0x0000   1.414994  2.000000  3.414994
03     0x0000  0x8003   0x0000   0x0006   0x0001   1.415082  3.000000  4.415082
04     0x8003  0x0000   0x0006   0x0000   0x0000   1.414994  2.000000  3.414994
05     0x0000  0x0006   0x0000   0x0005   0x0000   1.414994  2.000000  3.414994
06     0x0006  0x0000   0x0005   0x0000   0x0000   1.414994  2.000000  3.414994
07     0x0000  0x0005   0x0000   0x0012   0x0000   1.414994  2.000000  3.414994
08     0x0005  0x0000   0x0012   0x0000   0x0000   1.414994  2.000000  3.414994
09     0x0000  0x0012   0x0000   0x0018   0x0000   1.414994  4.000000  5.414993
10     0x0012  0x0000   0x0018   0x0400   0x0000   1.414994  2.000000  3.414994
11     0x0000  0x0018   0x0400   0x0012   0x0000   1.414994  4.000000  5.414993
12     0x0018  0x0400   0x0012   0x1200   0x0001   1.415082  2.000000  3.415082
13     0x0400  0x0012   0x1200   0x0000   0x0000   1.414994  4.000000  5.414993
14     0x0012  0x1200   0x0000   0x1004   0x0000   1.414994  4.000000  5.414993
15     0x1200  0x0000   0x1004   0x0026   0x0000   1.414994  4.000000  5.414993
16     0x0000  0x1004   0x0026   0x1212   0x0000   1.414994  3.000000  4.414993
17     0x1004  0x0026   0x1212   0x0802    -   
------------------ 
16 Round CHAM-64 Total Weight: -64.640076 
Update: 24   RX_Bn_w: 64.640076  --Time: 4127.00 seconds. ==>>
round----X0------X1-------X2-------X3-----zeta-----Pr_zeta----Pr_XOR-----Pr-RX 
01     0x0000  0x0000   0x0000   0x8003   0x0000   1.414994  0.000000  1.414994
02     0x0000  0x0000   0x8003   0x0000   0x0000   1.414994  2.000000  3.414994
03     0x0000  0x8003   0x0000   0x0006   0x0001   1.415082  3.000000  4.415082
04     0x8003  0x0000   0x0006   0x0000   0x0000   1.414994  2.000000  3.414994
05     0x0000  0x0006   0x0000   0x0005   0x0000   1.414994  2.000000  3.414994
06     0x0006  0x0000   0x0005   0x0000   0x0000   1.414994  2.000000  3.414994
07     0x0000  0x0005   0x0000   0x0012   0x0000   1.414994  2.000000  3.414994
08     0x0005  0x0000   0x0012   0x0000   0x0000   1.414994  2.000000  3.414994
09     0x0000  0x0012   0x0000   0x0018   0x0000   1.414994  4.000000  5.414993
10     0x0012  0x0000   0x0018   0x0400   0x0000   1.414994  2.000000  3.414994
11     0x0000  0x0018   0x0400   0x0012   0x0000   1.414994  4.000000  5.414993
12     0x0018  0x0400   0x0012   0x1200   0x0001   1.415082  2.000000  3.415082
13     0x0400  0x0012   0x1200   0x0000   0x0000   1.414994  4.000000  5.414993
14     0x0012  0x1200   0x0000   0x1004   0x0000   1.414994  4.000000  5.414993
15     0x1200  0x0000   0x1004   0x002a   0x0000   1.414994  4.000000  5.414993
16     0x0000  0x1004   0x002a   0x1212   0x0000   1.414994  3.000000  4.414993
17     0x1004  0x002a   0x1212   0x0802    -   
------------------ 
16 Round CHAM-64 Total Weight: -64.640076 
Update: 25   RX_Bn_w: 64.640076  --Time: 4127.00 seconds. ==>>
round----X0------X1-------X2-------X3-----zeta-----Pr_zeta----Pr_XOR-----Pr-RX 
01     0x0000  0x0000   0x0000   0x8003   0x0000   1.414994  0.000000  1.414994
02     0x0000  0x0000   0x8003   0x0000   0x0000   1.414994  2.000000  3.414994
03     0x0000  0x8003   0x0000   0x0006   0x0001   1.415082  3.000000  4.415082
04     0x8003  0x0000   0x0006   0x0000   0x0000   1.414994  2.000000  3.414994
05     0x0000  0x0006   0x0000   0x0005   0x0000   1.414994  2.000000  3.414994
06     0x0006  0x0000   0x0005   0x0000   0x0000   1.414994  2.000000  3.414994
07     0x0000  0x0005   0x0000   0x0012   0x0000   1.414994  2.000000  3.414994
08     0x0005  0x0000   0x0012   0x0000   0x0000   1.414994  2.000000  3.414994
09     0x0000  0x0012   0x0000   0x0018   0x0000   1.414994  4.000000  5.414993
10     0x0012  0x0000   0x0018   0x0400   0x0000   1.414994  2.000000  3.414994
11     0x0000  0x0018   0x0400   0x0012   0x0000   1.414994  4.000000  5.414993
12     0x0018  0x0400   0x0012   0x1200   0x0001   1.415082  2.000000  3.415082
13     0x0400  0x0012   0x1200   0x0000   0x0000   1.414994  4.000000  5.414993
14     0x0012  0x1200   0x0000   0x1004   0x0000   1.414994  4.000000  5.414993
15     0x1200  0x0000   0x1004   0x002e   0x0000   1.414994  4.000000  5.414993
16     0x0000  0x1004   0x002e   0x1212   0x0000   1.414994  3.000000  4.414993
17     0x1004  0x002e   0x1212   0x0802    -   
------------------ 
16 Round CHAM-64 Total Weight: -64.640076 
Time: 8339.00 seconds.  
**************************************************************************|
round----X0------X1-------X2-------X3-----zeta-----Pr_zeta----Pr_XOR-----Pr-RX 
01     0x0000  0x0000   0x0000   0x8003   0x0000   1.414994  0.000000  1.414994
02     0x0000  0x0000   0x8003   0x0000   0x0000   1.414994  2.000000  3.414994
03     0x0000  0x8003   0x0000   0x0006   0x0001   1.415082  3.000000  4.415082
04     0x8003  0x0000   0x0006   0x0000   0x0000   1.414994  2.000000  3.414994
05     0x0000  0x0006   0x0000   0x0005   0x0000   1.414994  2.000000  3.414994
06     0x0006  0x0000   0x0005   0x0000   0x0000   1.414994  2.000000  3.414994
07     0x0000  0x0005   0x0000   0x0012   0x0000   1.414994  2.000000  3.414994
08     0x0005  0x0000   0x0012   0x0000   0x0000   1.414994  2.000000  3.414994
09     0x0000  0x0012   0x0000   0x0018   0x0000   1.414994  4.000000  5.414993
10     0x0012  0x0000   0x0018   0x0400   0x0000   1.414994  2.000000  3.414994
11     0x0000  0x0018   0x0400   0x0012   0x0000   1.414994  4.000000  5.414993
12     0x0018  0x0400   0x0012   0x1200   0x0001   1.415082  2.000000  3.415082
13     0x0400  0x0012   0x1200   0x0000   0x0000   1.414994  4.000000  5.414993
14     0x0012  0x1200   0x0000   0x1004   0x0000   1.414994  4.000000  5.414993
15     0x1200  0x0000   0x1004   0x002e   0x0000   1.414994  4.000000  5.414993
16     0x0000  0x1004   0x002e   0x1212   0x0000   1.414994  3.000000  4.414993
17     0x1004  0x002e   0x1212   0x0802    -   
------------------ 
16 Round CHAM-64 Total Weight: -64.640076 
Time cost: 8311.44 seconds ==  138.52 minutes == 2.31 hours == 0.10 days. 
Auto-search CHAM-64 RX-differential trails END! 
|************************************************************************|
Time cost: 8339.90 seconds ==  139.00 minutes == 2.32 hours. 
Auto-RX-search END! 
|************************************************************************|
