//2020年09月10日09:13:50
|*******************************RX-Cryptanalysis****************************|
Auto-search Begin... 
Enter the parameters : #ciper #blocksize #rounds  #mode 
ciper: cham 
blocksize: 128 
rotational parameter: 1 
rounds: 3 
mode: 0 
----------------Search Optimal pure RX-Differential Trail-------------------
RX_zeta_total: 64  
Constructing RX_Ek[4] ... 
Constructing RX_XOR_offset_Table ... 
Time of Preprocessing info: 0.00 seconds.  
|--------------------------------------------------|
Constructing cDDT Lookup Tables ... 
Time of Construct CHAM cDDTs: 31.00 seconds.  
===============Search even-round============= 
*****************************Searching processing**************************|
Update: 0   RX_Bn_w: 43.000000  --Max expected weight-- 
Update: 1   RX_Bn_w: 8.245113  --Time: 0.00 seconds. ==>>
round----X0---------X1----------X2----------X3----------zeta-------Pr_zeta----Pr_XOR-----Pr-RX
01  0x00000000  0x00000000  0x00000000  0x00000000   0x00000000   1.415038   0.000000   1.415038 
02  0x00000000  0x00000000  0x00000000  0x00000000   0x00000000   1.415038   2.000000   3.415038 
03  0x00000000  0x00000000  0x00000100  0x00000004   0x00000000   1.415038   2.000000   3.415038 
04  0x00000000  0x00000100  0x00000004  0x00000004       
------------------ 
3 Round CHAM-128 Total Weight: -8.245113 
Update: 2   RX_Bn_w: 8.245113  --Time: 0.00 seconds. ==>>
round----X0---------X1----------X2----------X3----------zeta-------Pr_zeta----Pr_XOR-----Pr-RX
01  0x00000000  0x00000000  0x00000000  0x00000000   0x00000000   1.415038   0.000000   1.415038 
02  0x00000000  0x00000000  0x00000000  0x00000000   0x00000000   1.415038   2.000000   3.415038 
03  0x00000000  0x00000000  0x00000100  0x00000004   0x00000000   1.415038   2.000000   3.415038 
04  0x00000000  0x00000100  0x00000004  0x0000000c       
------------------ 
3 Round CHAM-128 Total Weight: -8.245113 
Update: 3   RX_Bn_w: 8.245113  --Time: 0.00 seconds. ==>>
round----X0---------X1----------X2----------X3----------zeta-------Pr_zeta----Pr_XOR-----Pr-RX
01  0x00000000  0x00000000  0x00000000  0x00000000   0x00000000   1.415038   0.000000   1.415038 
02  0x00000000  0x00000000  0x00000000  0x00000000   0x00000000   1.415038   2.000000   3.415038 
03  0x00000000  0x00000000  0x00000100  0x00000006   0x00000001   1.415038   2.000000   3.415038 
04  0x00000000  0x00000100  0x00000006  0x00000004       
------------------ 
3 Round CHAM-128 Total Weight: -8.245113 
Update: 4   RX_Bn_w: 8.245113  --Time: 0.00 seconds. ==>>
round----X0---------X1----------X2----------X3----------zeta-------Pr_zeta----Pr_XOR-----Pr-RX
01  0x00000000  0x00000000  0x00000000  0x00000000   0x00000000   1.415038   0.000000   1.415038 
02  0x00000000  0x00000000  0x00000000  0x00000000   0x00000000   1.415038   2.000000   3.415038 
03  0x00000000  0x00000000  0x00000100  0x00000006   0x00000001   1.415038   2.000000   3.415038 
04  0x00000000  0x00000100  0x00000006  0x0000000c       
------------------ 
3 Round CHAM-128 Total Weight: -8.245113 
Update: 5   RX_Bn_w: 8.245113  --Time: 0.00 seconds. ==>>
round----X0---------X1----------X2----------X3----------zeta-------Pr_zeta----Pr_XOR-----Pr-RX
01  0x00000000  0x00000000  0x00000000  0x00000000   0x00000000   1.415038   0.000000   1.415038 
02  0x00000000  0x00000000  0x00000000  0x00000000   0x00000000   1.415038   2.000000   3.415038 
03  0x00000000  0x00000000  0x00000100  0x0000000c   0x00000000   1.415038   2.000000   3.415038 
04  0x00000000  0x00000100  0x0000000c  0x00000004       
------------------ 
3 Round CHAM-128 Total Weight: -8.245113 
Update: 6   RX_Bn_w: 8.245113  --Time: 0.00 seconds. ==>>
round----X0---------X1----------X2----------X3----------zeta-------Pr_zeta----Pr_XOR-----Pr-RX
01  0x00000000  0x00000000  0x00000000  0x00000000   0x00000000   1.415038   0.000000   1.415038 
02  0x00000000  0x00000000  0x00000000  0x00000000   0x00000000   1.415038   2.000000   3.415038 
03  0x00000000  0x00000000  0x00000100  0x0000000c   0x00000000   1.415038   2.000000   3.415038 
04  0x00000000  0x00000100  0x0000000c  0x0000000c       
------------------ 
3 Round CHAM-128 Total Weight: -8.245113 
Update: 7   RX_Bn_w: 8.245113  --Time: 0.00 seconds. ==>>
round----X0---------X1----------X2----------X3----------zeta-------Pr_zeta----Pr_XOR-----Pr-RX
01  0x00000000  0x00000000  0x00000000  0x00000000   0x00000000   1.415038   0.000000   1.415038 
02  0x00000000  0x00000000  0x00000000  0x00000000   0x00000000   1.415038   2.000000   3.415038 
03  0x00000000  0x00000000  0x00000100  0x0000000e   0x00000001   1.415038   2.000000   3.415038 
04  0x00000000  0x00000100  0x0000000e  0x00000004       
------------------ 
3 Round CHAM-128 Total Weight: -8.245113 
Update: 8   RX_Bn_w: 8.245113  --Time: 0.00 seconds. ==>>
round----X0---------X1----------X2----------X3----------zeta-------Pr_zeta----Pr_XOR-----Pr-RX
01  0x00000000  0x00000000  0x00000000  0x00000000   0x00000000   1.415038   0.000000   1.415038 
02  0x00000000  0x00000000  0x00000000  0x00000000   0x00000000   1.415038   2.000000   3.415038 
03  0x00000000  0x00000000  0x00000100  0x0000000e   0x00000001   1.415038   2.000000   3.415038 
04  0x00000000  0x00000100  0x0000000e  0x0000000c       
------------------ 
3 Round CHAM-128 Total Weight: -8.245113 
Update: 9   RX_Bn_w: 8.245113  --Time: 0.00 seconds. ==>>
round----X0---------X1----------X2----------X3----------zeta-------Pr_zeta----Pr_XOR-----Pr-RX
01  0x00000000  0x00000000  0x00000000  0x00000000   0x00000000   1.415038   0.000000   1.415038 
02  0x00000000  0x00000000  0x00000000  0x00000000   0x00000001   1.415038   2.000000   3.415038 
03  0x00000000  0x00000000  0x00000000  0x00000004   0x00000000   1.415038   2.000000   3.415038 
04  0x00000000  0x00000000  0x00000004  0x00000004       
------------------ 
3 Round CHAM-128 Total Weight: -8.245113 
Update: 10   RX_Bn_w: 8.245113  --Time: 0.00 seconds. ==>>
round----X0---------X1----------X2----------X3----------zeta-------Pr_zeta----Pr_XOR-----Pr-RX
01  0x00000000  0x00000000  0x00000000  0x00000000   0x00000000   1.415038   0.000000   1.415038 
02  0x00000000  0x00000000  0x00000000  0x00000000   0x00000001   1.415038   2.000000   3.415038 
03  0x00000000  0x00000000  0x00000000  0x00000004   0x00000000   1.415038   2.000000   3.415038 
04  0x00000000  0x00000000  0x00000004  0x0000000c       
------------------ 
3 Round CHAM-128 Total Weight: -8.245113 
Update: 11   RX_Bn_w: 8.245113  --Time: 0.00 seconds. ==>>
round----X0---------X1----------X2----------X3----------zeta-------Pr_zeta----Pr_XOR-----Pr-RX
01  0x00000000  0x00000000  0x00000000  0x00000000   0x00000000   1.415038   0.000000   1.415038 
02  0x00000000  0x00000000  0x00000000  0x00000000   0x00000001   1.415038   2.000000   3.415038 
03  0x00000000  0x00000000  0x00000000  0x00000006   0x00000001   1.415038   2.000000   3.415038 
04  0x00000000  0x00000000  0x00000006  0x00000004       
------------------ 
3 Round CHAM-128 Total Weight: -8.245113 
Update: 12   RX_Bn_w: 8.245113  --Time: 0.00 seconds. ==>>
round----X0---------X1----------X2----------X3----------zeta-------Pr_zeta----Pr_XOR-----Pr-RX
01  0x00000000  0x00000000  0x00000000  0x00000000   0x00000000   1.415038   0.000000   1.415038 
02  0x00000000  0x00000000  0x00000000  0x00000000   0x00000001   1.415038   2.000000   3.415038 
03  0x00000000  0x00000000  0x00000000  0x00000006   0x00000001   1.415038   2.000000   3.415038 
04  0x00000000  0x00000000  0x00000006  0x0000000c       
------------------ 
3 Round CHAM-128 Total Weight: -8.245113 
Update: 13   RX_Bn_w: 8.245113  --Time: 0.00 seconds. ==>>
round----X0---------X1----------X2----------X3----------zeta-------Pr_zeta----Pr_XOR-----Pr-RX
01  0x00000000  0x00000000  0x00000000  0x00000000   0x00000000   1.415038   0.000000   1.415038 
02  0x00000000  0x00000000  0x00000000  0x00000000   0x00000001   1.415038   2.000000   3.415038 
03  0x00000000  0x00000000  0x00000000  0x0000000c   0x00000000   1.415038   2.000000   3.415038 
04  0x00000000  0x00000000  0x0000000c  0x00000004       
------------------ 
3 Round CHAM-128 Total Weight: -8.245113 
Update: 14   RX_Bn_w: 8.245113  --Time: 0.00 seconds. ==>>
round----X0---------X1----------X2----------X3----------zeta-------Pr_zeta----Pr_XOR-----Pr-RX
01  0x00000000  0x00000000  0x00000000  0x00000000   0x00000000   1.415038   0.000000   1.415038 
02  0x00000000  0x00000000  0x00000000  0x00000000   0x00000001   1.415038   2.000000   3.415038 
03  0x00000000  0x00000000  0x00000000  0x0000000c   0x00000000   1.415038   2.000000   3.415038 
04  0x00000000  0x00000000  0x0000000c  0x0000000c       
------------------ 
3 Round CHAM-128 Total Weight: -8.245113 
Update: 15   RX_Bn_w: 8.245113  --Time: 0.00 seconds. ==>>
round----X0---------X1----------X2----------X3----------zeta-------Pr_zeta----Pr_XOR-----Pr-RX
01  0x00000000  0x00000000  0x00000000  0x00000000   0x00000000   1.415038   0.000000   1.415038 
02  0x00000000  0x00000000  0x00000000  0x00000000   0x00000001   1.415038   2.000000   3.415038 
03  0x00000000  0x00000000  0x00000000  0x0000000e   0x00000001   1.415038   2.000000   3.415038 
04  0x00000000  0x00000000  0x0000000e  0x00000004       
------------------ 
3 Round CHAM-128 Total Weight: -8.245113 
Update: 16   RX_Bn_w: 8.245113  --Time: 0.00 seconds. ==>>
round----X0---------X1----------X2----------X3----------zeta-------Pr_zeta----Pr_XOR-----Pr-RX
01  0x00000000  0x00000000  0x00000000  0x00000000   0x00000000   1.415038   0.000000   1.415038 
02  0x00000000  0x00000000  0x00000000  0x00000000   0x00000001   1.415038   2.000000   3.415038 
03  0x00000000  0x00000000  0x00000000  0x0000000e   0x00000001   1.415038   2.000000   3.415038 
04  0x00000000  0x00000000  0x0000000e  0x0000000c       
------------------ 
3 Round CHAM-128 Total Weight: -8.245113 
Update: 17   RX_Bn_w: 8.245113  --Time: 0.00 seconds. ==>>
round----X0---------X1----------X2----------X3----------zeta-------Pr_zeta----Pr_XOR-----Pr-RX
01  0x00000000  0x00000000  0x00000000  0x00000000   0x00000000   1.415038   0.000000   1.415038 
02  0x00000000  0x00000000  0x00000000  0x00000000   0x00000000   1.415038   2.000000   3.415038 
03  0x00000000  0x00000000  0x00000300  0x00000004   0x00000000   1.415038   2.000000   3.415038 
04  0x00000000  0x00000300  0x00000004  0x00000004       
------------------ 
3 Round CHAM-128 Total Weight: -8.245113 
Update: 18   RX_Bn_w: 8.245113  --Time: 0.00 seconds. ==>>
round----X0---------X1----------X2----------X3----------zeta-------Pr_zeta----Pr_XOR-----Pr-RX
01  0x00000000  0x00000000  0x00000000  0x00000000   0x00000000   1.415038   0.000000   1.415038 
02  0x00000000  0x00000000  0x00000000  0x00000000   0x00000000   1.415038   2.000000   3.415038 
03  0x00000000  0x00000000  0x00000300  0x00000004   0x00000000   1.415038   2.000000   3.415038 
04  0x00000000  0x00000300  0x00000004  0x0000000c       
------------------ 
3 Round CHAM-128 Total Weight: -8.245113 
Update: 19   RX_Bn_w: 8.245113  --Time: 0.00 seconds. ==>>
round----X0---------X1----------X2----------X3----------zeta-------Pr_zeta----Pr_XOR-----Pr-RX
01  0x00000000  0x00000000  0x00000000  0x00000000   0x00000000   1.415038   0.000000   1.415038 
02  0x00000000  0x00000000  0x00000000  0x00000000   0x00000000   1.415038   2.000000   3.415038 
03  0x00000000  0x00000000  0x00000300  0x00000006   0x00000001   1.415038   2.000000   3.415038 
04  0x00000000  0x00000300  0x00000006  0x00000004       
------------------ 
3 Round CHAM-128 Total Weight: -8.245113 
Update: 20   RX_Bn_w: 8.245113  --Time: 0.00 seconds. ==>>
round----X0---------X1----------X2----------X3----------zeta-------Pr_zeta----Pr_XOR-----Pr-RX
01  0x00000000  0x00000000  0x00000000  0x00000000   0x00000000   1.415038   0.000000   1.415038 
02  0x00000000  0x00000000  0x00000000  0x00000000   0x00000000   1.415038   2.000000   3.415038 
03  0x00000000  0x00000000  0x00000300  0x00000006   0x00000001   1.415038   2.000000   3.415038 
04  0x00000000  0x00000300  0x00000006  0x0000000c       
------------------ 
3 Round CHAM-128 Total Weight: -8.245113 
Update: 21   RX_Bn_w: 8.245113  --Time: 0.00 seconds. ==>>
round----X0---------X1----------X2----------X3----------zeta-------Pr_zeta----Pr_XOR-----Pr-RX
01  0x00000000  0x00000000  0x00000000  0x00000000   0x00000000   1.415038   0.000000   1.415038 
02  0x00000000  0x00000000  0x00000000  0x00000000   0x00000000   1.415038   2.000000   3.415038 
03  0x00000000  0x00000000  0x00000300  0x0000000c   0x00000000   1.415038   2.000000   3.415038 
04  0x00000000  0x00000300  0x0000000c  0x00000004       
------------------ 
3 Round CHAM-128 Total Weight: -8.245113 
Update: 22   RX_Bn_w: 8.245113  --Time: 0.00 seconds. ==>>
round----X0---------X1----------X2----------X3----------zeta-------Pr_zeta----Pr_XOR-----Pr-RX
01  0x00000000  0x00000000  0x00000000  0x00000000   0x00000000   1.415038   0.000000   1.415038 
02  0x00000000  0x00000000  0x00000000  0x00000000   0x00000000   1.415038   2.000000   3.415038 
03  0x00000000  0x00000000  0x00000300  0x0000000c   0x00000000   1.415038   2.000000   3.415038 
04  0x00000000  0x00000300  0x0000000c  0x0000000c       
------------------ 
3 Round CHAM-128 Total Weight: -8.245113 
Update: 23   RX_Bn_w: 8.245113  --Time: 0.00 seconds. ==>>
round----X0---------X1----------X2----------X3----------zeta-------Pr_zeta----Pr_XOR-----Pr-RX
01  0x00000000  0x00000000  0x00000000  0x00000000   0x00000000   1.415038   0.000000   1.415038 
02  0x00000000  0x00000000  0x00000000  0x00000000   0x00000000   1.415038   2.000000   3.415038 
03  0x00000000  0x00000000  0x00000300  0x0000000e   0x00000001   1.415038   2.000000   3.415038 
04  0x00000000  0x00000300  0x0000000e  0x00000004       
------------------ 
3 Round CHAM-128 Total Weight: -8.245113 
Update: 24   RX_Bn_w: 8.245113  --Time: 0.00 seconds. ==>>
round----X0---------X1----------X2----------X3----------zeta-------Pr_zeta----Pr_XOR-----Pr-RX
01  0x00000000  0x00000000  0x00000000  0x00000000   0x00000000   1.415038   0.000000   1.415038 
02  0x00000000  0x00000000  0x00000000  0x00000000   0x00000000   1.415038   2.000000   3.415038 
03  0x00000000  0x00000000  0x00000300  0x0000000e   0x00000001   1.415038   2.000000   3.415038 
04  0x00000000  0x00000300  0x0000000e  0x0000000c       
------------------ 
3 Round CHAM-128 Total Weight: -8.245113 
Update: 25   RX_Bn_w: 8.245113  --Time: 0.00 seconds. ==>>
round----X0---------X1----------X2----------X3----------zeta-------Pr_zeta----Pr_XOR-----Pr-RX
01  0x00000000  0x00000000  0x00000000  0x00000000   0x00000000   1.415038   0.000000   1.415038 
02  0x00000000  0x00000000  0x00000000  0x00000000   0x00000001   1.415038   2.000000   3.415038 
03  0x00000000  0x00000000  0x00000200  0x00000004   0x00000000   1.415038   2.000000   3.415038 
04  0x00000000  0x00000200  0x00000004  0x00000004       
------------------ 
3 Round CHAM-128 Total Weight: -8.245113 
Update: 26   RX_Bn_w: 8.245113  --Time: 0.00 seconds. ==>>
round----X0---------X1----------X2----------X3----------zeta-------Pr_zeta----Pr_XOR-----Pr-RX
01  0x00000000  0x00000000  0x00000000  0x00000000   0x00000000   1.415038   0.000000   1.415038 
02  0x00000000  0x00000000  0x00000000  0x00000000   0x00000001   1.415038   2.000000   3.415038 
03  0x00000000  0x00000000  0x00000200  0x00000004   0x00000000   1.415038   2.000000   3.415038 
04  0x00000000  0x00000200  0x00000004  0x0000000c       
------------------ 
3 Round CHAM-128 Total Weight: -8.245113 
Update: 27   RX_Bn_w: 8.245113  --Time: 0.00 seconds. ==>>
round----X0---------X1----------X2----------X3----------zeta-------Pr_zeta----Pr_XOR-----Pr-RX
01  0x00000000  0x00000000  0x00000000  0x00000000   0x00000000   1.415038   0.000000   1.415038 
02  0x00000000  0x00000000  0x00000000  0x00000000   0x00000001   1.415038   2.000000   3.415038 
03  0x00000000  0x00000000  0x00000200  0x00000006   0x00000001   1.415038   2.000000   3.415038 
04  0x00000000  0x00000200  0x00000006  0x00000004       
------------------ 
3 Round CHAM-128 Total Weight: -8.245113 
Update: 28   RX_Bn_w: 8.245113  --Time: 0.00 seconds. ==>>
round----X0---------X1----------X2----------X3----------zeta-------Pr_zeta----Pr_XOR-----Pr-RX
01  0x00000000  0x00000000  0x00000000  0x00000000   0x00000000   1.415038   0.000000   1.415038 
02  0x00000000  0x00000000  0x00000000  0x00000000   0x00000001   1.415038   2.000000   3.415038 
03  0x00000000  0x00000000  0x00000200  0x00000006   0x00000001   1.415038   2.000000   3.415038 
04  0x00000000  0x00000200  0x00000006  0x0000000c       
------------------ 
3 Round CHAM-128 Total Weight: -8.245113 
Update: 29   RX_Bn_w: 8.245113  --Time: 0.00 seconds. ==>>
round----X0---------X1----------X2----------X3----------zeta-------Pr_zeta----Pr_XOR-----Pr-RX
01  0x00000000  0x00000000  0x00000000  0x00000000   0x00000000   1.415038   0.000000   1.415038 
02  0x00000000  0x00000000  0x00000000  0x00000000   0x00000001   1.415038   2.000000   3.415038 
03  0x00000000  0x00000000  0x00000200  0x0000000c   0x00000000   1.415038   2.000000   3.415038 
04  0x00000000  0x00000200  0x0000000c  0x00000004       
------------------ 
3 Round CHAM-128 Total Weight: -8.245113 
Update: 30   RX_Bn_w: 8.245113  --Time: 0.00 seconds. ==>>
round----X0---------X1----------X2----------X3----------zeta-------Pr_zeta----Pr_XOR-----Pr-RX
01  0x00000000  0x00000000  0x00000000  0x00000000   0x00000000   1.415038   0.000000   1.415038 
02  0x00000000  0x00000000  0x00000000  0x00000000   0x00000001   1.415038   2.000000   3.415038 
03  0x00000000  0x00000000  0x00000200  0x0000000c   0x00000000   1.415038   2.000000   3.415038 
04  0x00000000  0x00000200  0x0000000c  0x0000000c       
------------------ 
3 Round CHAM-128 Total Weight: -8.245113 
Update: 31   RX_Bn_w: 8.245113  --Time: 0.00 seconds. ==>>
round----X0---------X1----------X2----------X3----------zeta-------Pr_zeta----Pr_XOR-----Pr-RX
01  0x00000000  0x00000000  0x00000000  0x00000000   0x00000000   1.415038   0.000000   1.415038 
02  0x00000000  0x00000000  0x00000000  0x00000000   0x00000001   1.415038   2.000000   3.415038 
03  0x00000000  0x00000000  0x00000200  0x0000000e   0x00000001   1.415038   2.000000   3.415038 
04  0x00000000  0x00000200  0x0000000e  0x00000004       
------------------ 
3 Round CHAM-128 Total Weight: -8.245113 
Update: 32   RX_Bn_w: 8.245113  --Time: 0.00 seconds. ==>>
round----X0---------X1----------X2----------X3----------zeta-------Pr_zeta----Pr_XOR-----Pr-RX
01  0x00000000  0x00000000  0x00000000  0x00000000   0x00000000   1.415038   0.000000   1.415038 
02  0x00000000  0x00000000  0x00000000  0x00000000   0x00000001   1.415038   2.000000   3.415038 
03  0x00000000  0x00000000  0x00000200  0x0000000e   0x00000001   1.415038   2.000000   3.415038 
04  0x00000000  0x00000200  0x0000000e  0x0000000c       
------------------ 
3 Round CHAM-128 Total Weight: -8.245113 
Update: 33   RX_Bn_w: 8.245113  --Time: 0.00 seconds. ==>>
round----X0---------X1----------X2----------X3----------zeta-------Pr_zeta----Pr_XOR-----Pr-RX
01  0x00000000  0x00000000  0x00000003  0x00000000   0x00000000   1.415038   0.000000   1.415038 
02  0x00000000  0x00000003  0x00000000  0x00000000   0x00000000   1.415038   2.000000   3.415038 
03  0x00000000  0x00000000  0x00000300  0x0000000a   0x00000000   1.415038   2.000000   3.415038 
04  0x00000000  0x00000300  0x0000000a  0x00000004       
------------------ 
3 Round CHAM-128 Total Weight: -8.245113 
Update: 34   RX_Bn_w: 8.245113  --Time: 0.00 seconds. ==>>
round----X0---------X1----------X2----------X3----------zeta-------Pr_zeta----Pr_XOR-----Pr-RX
01  0x00000000  0x00000000  0x00000003  0x00000000   0x00000000   1.415038   0.000000   1.415038 
02  0x00000000  0x00000003  0x00000000  0x00000000   0x00000000   1.415038   2.000000   3.415038 
03  0x00000000  0x00000000  0x00000300  0x0000000a   0x00000000   1.415038   2.000000   3.415038 
04  0x00000000  0x00000300  0x0000000a  0x0000000c       
------------------ 
3 Round CHAM-128 Total Weight: -8.245113 
Update: 35   RX_Bn_w: 8.245113  --Time: 0.00 seconds. ==>>
round----X0---------X1----------X2----------X3----------zeta-------Pr_zeta----Pr_XOR-----Pr-RX
01  0x00000000  0x00000000  0x00000003  0x00000000   0x00000000   1.415038   0.000000   1.415038 
02  0x00000000  0x00000003  0x00000000  0x00000000   0x00000000   1.415038   2.000000   3.415038 
03  0x00000000  0x00000000  0x00000300  0x00000008   0x00000001   1.415038   2.000000   3.415038 
04  0x00000000  0x00000300  0x00000008  0x00000004       
------------------ 
3 Round CHAM-128 Total Weight: -8.245113 
Update: 36   RX_Bn_w: 8.245113  --Time: 0.00 seconds. ==>>
round----X0---------X1----------X2----------X3----------zeta-------Pr_zeta----Pr_XOR-----Pr-RX
01  0x00000000  0x00000000  0x00000003  0x00000000   0x00000000   1.415038   0.000000   1.415038 
02  0x00000000  0x00000003  0x00000000  0x00000000   0x00000000   1.415038   2.000000   3.415038 
03  0x00000000  0x00000000  0x00000300  0x00000008   0x00000001   1.415038   2.000000   3.415038 
04  0x00000000  0x00000300  0x00000008  0x0000000c       
------------------ 
3 Round CHAM-128 Total Weight: -8.245113 
Update: 37   RX_Bn_w: 8.245113  --Time: 0.00 seconds. ==>>
round----X0---------X1----------X2----------X3----------zeta-------Pr_zeta----Pr_XOR-----Pr-RX
01  0x00000000  0x00000000  0x00000003  0x00000000   0x00000000   1.415038   0.000000   1.415038 
02  0x00000000  0x00000003  0x00000000  0x00000000   0x00000001   1.415038   2.000000   3.415038 
03  0x00000000  0x00000000  0x00000200  0x0000000a   0x00000000   1.415038   2.000000   3.415038 
04  0x00000000  0x00000200  0x0000000a  0x00000004       
------------------ 
3 Round CHAM-128 Total Weight: -8.245113 
Update: 38   RX_Bn_w: 8.245113  --Time: 0.00 seconds. ==>>
round----X0---------X1----------X2----------X3----------zeta-------Pr_zeta----Pr_XOR-----Pr-RX
01  0x00000000  0x00000000  0x00000003  0x00000000   0x00000000   1.415038   0.000000   1.415038 
02  0x00000000  0x00000003  0x00000000  0x00000000   0x00000001   1.415038   2.000000   3.415038 
03  0x00000000  0x00000000  0x00000200  0x0000000a   0x00000000   1.415038   2.000000   3.415038 
04  0x00000000  0x00000200  0x0000000a  0x0000000c       
------------------ 
3 Round CHAM-128 Total Weight: -8.245113 
Update: 39   RX_Bn_w: 8.245113  --Time: 0.00 seconds. ==>>
round----X0---------X1----------X2----------X3----------zeta-------Pr_zeta----Pr_XOR-----Pr-RX
01  0x00000000  0x00000000  0x00000003  0x00000000   0x00000000   1.415038   0.000000   1.415038 
02  0x00000000  0x00000003  0x00000000  0x00000000   0x00000001   1.415038   2.000000   3.415038 
03  0x00000000  0x00000000  0x00000200  0x00000008   0x00000001   1.415038   2.000000   3.415038 
04  0x00000000  0x00000200  0x00000008  0x00000004       
------------------ 
3 Round CHAM-128 Total Weight: -8.245113 
Update: 40   RX_Bn_w: 8.245113  --Time: 0.00 seconds. ==>>
round----X0---------X1----------X2----------X3----------zeta-------Pr_zeta----Pr_XOR-----Pr-RX
01  0x00000000  0x00000000  0x00000003  0x00000000   0x00000000   1.415038   0.000000   1.415038 
02  0x00000000  0x00000003  0x00000000  0x00000000   0x00000001   1.415038   2.000000   3.415038 
03  0x00000000  0x00000000  0x00000200  0x00000008   0x00000001   1.415038   2.000000   3.415038 
04  0x00000000  0x00000200  0x00000008  0x0000000c       
------------------ 
3 Round CHAM-128 Total Weight: -8.245113 
Time: 31.00 seconds.  
**************************************************************************|
round----X0---------X1----------X2----------X3----------zeta-------Pr_zeta----Pr_XOR-----Pr-RX
01  0x00000000  0x00000000  0x00000003  0x00000000   0x00000000   1.415038   0.000000   1.415038 
02  0x00000000  0x00000003  0x00000000  0x00000000   0x00000001   1.415038   2.000000   3.415038 
03  0x00000000  0x00000000  0x00000200  0x00000008   0x00000001   1.415038   2.000000   3.415038 
04  0x00000000  0x00000200  0x00000008  0x0000000c       
------------------ 
3 Round CHAM-128 Total Weight: -8.245113 
Time cost: 0.04 seconds ==  0.00 minutes == 0.00 hours == 0.00 days. 
Auto-search CHAM-64 RX-differential trails END! 
|************************************************************************|
Time cost: 31.29 seconds ==  0.52 minutes == 0.01 hours. 
Auto-RX-search END! 
|************************************************************************|
