//2020年09月10日09:31:21
|*******************************RX-Cryptanalysis****************************|
Auto-search Begin... 
Enter the parameters : #ciper #blocksize #rounds  #mode 
ciper: cham 
blocksize: 128 
rotational parameter: 1 
rounds: 4 
mode: 0 
----------------Search Optimal pure RX-Differential Trail-------------------
RX_zeta_total: 64  
Constructing RX_Ek[4] ... 
Constructing RX_XOR_offset_Table ... 
Time of Preprocessing info: 0.00 seconds.  
|--------------------------------------------------|
Constructing cDDT Lookup Tables ... 
Time of Construct CHAM cDDTs: 39.00 seconds.  
===============Search even-round============= 
*****************************Searching processing**************************|
Update: 0   RX_Bn_w: 43.000000  --Max expected weight-- 
Update: 1   RX_Bn_w: 11.660151  --Time: 0.00 seconds. ==>>
round----X0---------X1----------X2----------X3----------zeta-------Pr_zeta----Pr_XOR-----Pr-RX
01  0x00000000  0x00000000  0x00000000  0x00000000   0x00000000   1.415038   0.000000   1.415038 
02  0x00000000  0x00000000  0x00000000  0x00000000   0x00000000   1.415038   2.000000   3.415038 
03  0x00000000  0x00000000  0x00000000  0x00000100   0x00000000   1.415038   2.000000   3.415038 
04  0x00000000  0x00000000  0x00000100  0x00000004   0x00000000   1.415038   2.000000   3.415038 
05  0x00000000  0x00000100  0x00000004  0x00000500       
------------------ 
4 Round CHAM-128 Total Weight: -11.660151 
Time: 42.00 seconds.  
**************************************************************************|
round----X0---------X1----------X2----------X3----------zeta-------Pr_zeta----Pr_XOR-----Pr-RX
01  0x00000000  0x00000000  0x00000000  0x00000000   0x00000000   1.415038   0.000000   1.415038 
02  0x00000000  0x00000000  0x00000000  0x00000000   0x00000000   1.415038   2.000000   3.415038 
03  0x00000000  0x00000000  0x00000000  0x00000100   0x00000000   1.415038   2.000000   3.415038 
04  0x00000000  0x00000000  0x00000100  0x00000004   0x00000000   1.415038   2.000000   3.415038 
05  0x00000000  0x00000100  0x00000004  0x00000500       
------------------ 
4 Round CHAM-128 Total Weight: -11.660151 
Time cost: 2.54 seconds ==  0.04 minutes == 0.00 hours == 0.00 days. 
Auto-search CHAM-64 RX-differential trails END! 
|************************************************************************|
Time cost: 42.03 seconds ==  0.70 minutes == 0.01 hours. 
Auto-RX-search END! 
|************************************************************************|
