//2020年09月10日10:01:46
|*******************************RX-Cryptanalysis****************************|
Auto-search Begin... 
Enter the parameters : #ciper #blocksize #rounds  #mode 
ciper: cham 
blocksize: 128 
rotational parameter: 1 
rounds: 5 
mode: 0 
----------------Search Optimal pure RX-Differential Trail-------------------
RX_zeta_total: 64  
Constructing RX_Ek[4] ... 
Constructing RX_XOR_offset_Table ... 
Time of Preprocessing info: 0.00 seconds.  
|--------------------------------------------------|
Constructing cDDT Lookup Tables ... 
Time of Construct CHAM cDDTs: 29.00 seconds.  
===============Search even-round============= 
*****************************Searching processing**************************|
Update: 0   RX_Bn_w: 43.000000  --Max expected weight-- 
Update: 1   RX_Bn_w: 16.075188  --Time: 0.00 seconds. ==>>
round----X0---------X1----------X2----------X3----------zeta-------Pr_zeta----Pr_XOR-----Pr-RX
01  0x00000000  0x00000000  0x00000000  0x00000000   0x00000000   1.415038   0.000000   1.415038 
02  0x00000000  0x00000000  0x00000000  0x00000000   0x00000000   1.415038   2.000000   3.415038 
03  0x00000000  0x00000000  0x00000000  0x00000100   0x00000000   1.415038   2.000000   3.415038 
04  0x00000000  0x00000000  0x00000100  0x00000004   0x00000000   1.415038   2.000000   3.415038 
05  0x00000000  0x00000100  0x00000004  0x00000500   0x00000000   1.415038   3.000000   4.415038 
06  0x00000100  0x00000004  0x00000500  0x00020008       
------------------ 
5 Round CHAM-128 Total Weight: -16.075188 
Update: 2   RX_Bn_w: 16.075188  --Time: 0.00 seconds. ==>>
round----X0---------X1----------X2----------X3----------zeta-------Pr_zeta----Pr_XOR-----Pr-RX
01  0x00000000  0x00000000  0x00000000  0x00000000   0x00000000   1.415038   0.000000   1.415038 
02  0x00000000  0x00000000  0x00000000  0x00000000   0x00000000   1.415038   2.000000   3.415038 
03  0x00000000  0x00000000  0x00000000  0x00000100   0x00000000   1.415038   2.000000   3.415038 
04  0x00000000  0x00000000  0x00000100  0x00000004   0x00000000   1.415038   2.000000   3.415038 
05  0x00000000  0x00000100  0x00000004  0x00000500   0x00000000   1.415038   3.000000   4.415038 
06  0x00000100  0x00000004  0x00000500  0x00020018       
------------------ 
5 Round CHAM-128 Total Weight: -16.075188 
Update: 3   RX_Bn_w: 15.075188  --Time: 0.00 seconds. ==>>
round----X0---------X1----------X2----------X3----------zeta-------Pr_zeta----Pr_XOR-----Pr-RX
01  0x00000000  0x00000000  0x00000000  0x00000000   0x00000000   1.415038   0.000000   1.415038 
02  0x00000000  0x00000000  0x00000000  0x00000000   0x00000001   1.415038   2.000000   3.415038 
03  0x00000000  0x00000000  0x00000000  0x00000000   0x00000000   1.415038   2.000000   3.415038 
04  0x00000000  0x00000000  0x00000000  0x00000004   0x00000000   1.415038   2.000000   3.415038 
05  0x00000000  0x00000000  0x00000004  0x00000500   0x00000000   1.415038   2.000000   3.415038 
06  0x00000000  0x00000004  0x00000500  0x00000008       
------------------ 
5 Round CHAM-128 Total Weight: -15.075188 
Update: 4   RX_Bn_w: 15.075188  --Time: 0.00 seconds. ==>>
round----X0---------X1----------X2----------X3----------zeta-------Pr_zeta----Pr_XOR-----Pr-RX
01  0x00000000  0x00000000  0x00000000  0x00000000   0x00000000   1.415038   0.000000   1.415038 
02  0x00000000  0x00000000  0x00000000  0x00000000   0x00000001   1.415038   2.000000   3.415038 
03  0x00000000  0x00000000  0x00000000  0x00000000   0x00000000   1.415038   2.000000   3.415038 
04  0x00000000  0x00000000  0x00000000  0x00000004   0x00000000   1.415038   2.000000   3.415038 
05  0x00000000  0x00000000  0x00000004  0x00000500   0x00000000   1.415038   2.000000   3.415038 
06  0x00000000  0x00000004  0x00000500  0x00000018       
------------------ 
5 Round CHAM-128 Total Weight: -15.075188 
Time: 685.00 seconds.  
**************************************************************************|
round----X0---------X1----------X2----------X3----------zeta-------Pr_zeta----Pr_XOR-----Pr-RX
01  0x00000000  0x00000000  0x00000000  0x00000000   0x00000000   1.415038   0.000000   1.415038 
02  0x00000000  0x00000000  0x00000000  0x00000000   0x00000001   1.415038   2.000000   3.415038 
03  0x00000000  0x00000000  0x00000000  0x00000000   0x00000000   1.415038   2.000000   3.415038 
04  0x00000000  0x00000000  0x00000000  0x00000004   0x00000000   1.415038   2.000000   3.415038 
05  0x00000000  0x00000000  0x00000004  0x00000500   0x00000000   1.415038   2.000000   3.415038 
06  0x00000000  0x00000004  0x00000500  0x00000018       
------------------ 
5 Round CHAM-128 Total Weight: -15.075188 
Time cost: 656.61 seconds ==  10.94 minutes == 0.18 hours == 0.01 days. 
Auto-search CHAM-64 RX-differential trails END! 
|************************************************************************|
Time cost: 685.70 seconds ==  11.43 minutes == 0.19 hours. 
Auto-RX-search END! 
|************************************************************************|
