//2020年09月10日09:33:32
|*******************************RX-Cryptanalysis****************************|
Auto-search Begin... 
Enter the parameters : #ciper #blocksize #rounds  #mode 
ciper: cham 
blocksize: 128 
rotational parameter: 1 
rounds: 5 
mode: 0 
----------------Search Optimal pure RX-Differential Trail-------------------
RX_zeta_total: 64  
Constructing RX_Ek[4] ... 
Constructing RX_XOR_offset_Table ... 
Time of Preprocessing info: 0.00 seconds.  
|--------------------------------------------------|
Constructing cDDT Lookup Tables ... 
Time of Construct CHAM cDDTs: 30.00 seconds.  
===============Search odd-round============= 
*****************************Searching processing**************************|
Update: 0   RX_Bn_w: 43.000000  --Max expected weight-- 
Update: 1   RX_Bn_w: 15.075188  --Time: 0.00 seconds. ==>>
round----X0---------X1----------X2----------X3----------zeta-------Pr_zeta----Pr_XOR-----Pr-RX
01  0x00000000  0x00000000  0x00000000  0x00000000   0x00000000   1.415038   0.000000   1.415038 
02  0x00000000  0x00000000  0x00000000  0x00000000   0x00000000   1.415038   2.000000   3.415038 
03  0x00000000  0x00000000  0x00000000  0x00000002   0x00000000   1.415038   2.000000   3.415038 
04  0x00000000  0x00000000  0x00000002  0x00000200   0x00000000   1.415038   2.000000   3.415038 
05  0x00000000  0x00000002  0x00000200  0x0000000a   0x00000000   1.415038   2.000000   3.415038 
06  0x00000002  0x00000200  0x0000000a  0x00000000       
------------------ 
5 Round CHAM-128 Total Weight: -15.075188 
Update: 2   RX_Bn_w: 15.075188  --Time: 0.00 seconds. ==>>
round----X0---------X1----------X2----------X3----------zeta-------Pr_zeta----Pr_XOR-----Pr-RX
01  0x00000000  0x00000000  0x00000000  0x00000000   0x00000000   1.415038   0.000000   1.415038 
02  0x00000000  0x00000000  0x00000000  0x00000000   0x00000000   1.415038   2.000000   3.415038 
03  0x00000000  0x00000000  0x00000000  0x00000002   0x00000000   1.415038   2.000000   3.415038 
04  0x00000000  0x00000000  0x00000002  0x00000200   0x00000000   1.415038   2.000000   3.415038 
05  0x00000000  0x00000002  0x00000200  0x0000000a   0x00000000   1.415038   2.000000   3.415038 
06  0x00000002  0x00000200  0x0000000a  0x00000800       
------------------ 
5 Round CHAM-128 Total Weight: -15.075188 
Update: 3   RX_Bn_w: 14.075188  --Time: 0.00 seconds. ==>>
round----X0---------X1----------X2----------X3----------zeta-------Pr_zeta----Pr_XOR-----Pr-RX
01  0x00000000  0x00000000  0x00000000  0x00000001   0x00000000   1.415038   0.000000   1.415038 
02  0x00000000  0x00000000  0x00000001  0x00000000   0x00000000   1.415038   2.000000   3.415038 
03  0x00000000  0x00000001  0x00000000  0x00000002   0x00000000   1.415038   2.000000   3.415038 
04  0x00000001  0x00000000  0x00000002  0x00000000   0x00000000   1.415038   1.000000   2.415038 
05  0x00000000  0x00000002  0x00000000  0x00000008   0x00000000   1.415038   2.000000   3.415038 
06  0x00000002  0x00000000  0x00000008  0x00000000       
------------------ 
5 Round CHAM-128 Total Weight: -14.075188 
Update: 4   RX_Bn_w: 14.075188  --Time: 0.00 seconds. ==>>
round----X0---------X1----------X2----------X3----------zeta-------Pr_zeta----Pr_XOR-----Pr-RX
01  0x00000000  0x00000000  0x00000000  0x00000001   0x00000000   1.415038   0.000000   1.415038 
02  0x00000000  0x00000000  0x00000001  0x00000000   0x00000000   1.415038   2.000000   3.415038 
03  0x00000000  0x00000001  0x00000000  0x00000002   0x00000000   1.415038   2.000000   3.415038 
04  0x00000001  0x00000000  0x00000002  0x00000000   0x00000000   1.415038   1.000000   2.415038 
05  0x00000000  0x00000002  0x00000000  0x00000008   0x00000000   1.415038   2.000000   3.415038 
06  0x00000002  0x00000000  0x00000008  0x00000800       
------------------ 
5 Round CHAM-128 Total Weight: -14.075188 
Time: 98.00 seconds.  
**************************************************************************|
round----X0---------X1----------X2----------X3----------zeta-------Pr_zeta----Pr_XOR-----Pr-RX
01  0x00000000  0x00000000  0x00000000  0x00000001   0x00000000   1.415038   0.000000   1.415038 
02  0x00000000  0x00000000  0x00000001  0x00000000   0x00000000   1.415038   2.000000   3.415038 
03  0x00000000  0x00000001  0x00000000  0x00000002   0x00000000   1.415038   2.000000   3.415038 
04  0x00000001  0x00000000  0x00000002  0x00000000   0x00000000   1.415038   1.000000   2.415038 
05  0x00000000  0x00000002  0x00000000  0x00000008   0x00000000   1.415038   2.000000   3.415038 
06  0x00000002  0x00000000  0x00000008  0x00000800       
------------------ 
5 Round CHAM-128 Total Weight: -14.075188 
Time cost: 67.29 seconds ==  1.12 minutes == 0.02 hours == 0.00 days. 
Auto-search CHAM-64 RX-differential trails END! 
|************************************************************************|
Time cost: 98.24 seconds ==  1.64 minutes == 0.03 hours. 
Auto-RX-search END! 
|************************************************************************|
