|************************************************************************|
Auto-search Begin... 
Enter the parameters : #ciper #blocksize #rounds  #mode 
ciper:speck 
blocksize: 128 
rounds:6 
mode: 2 
----------------Search Optimal Linear Trail-------------------
Time of Construct ARX_cLAT: 6.00 seconds.  
Searching correlation weight: 6 
For speck 1-round, thrd_cor_1 = 2; thrd_cor_1 < 5 ;thrd_cor_1++ 
 Time: 0.00 seconds.  
Searching correlation weight: 7 
For speck 1-round, thrd_cor_1 = 2; thrd_cor_1 < 5 ;thrd_cor_1++ 
 Time: 74.00 seconds.  
Searching correlation weight: 8 
For speck 1-round, thrd_cor_1 = 2; thrd_cor_1 < 5 ;thrd_cor_1++ 
 Time: 8061.00 seconds.  
Searching correlation weight: 9 
For speck 1-round, thrd_cor_1 = 2; thrd_cor_1 < 5 ;thrd_cor_1++ 
 Time: 482648.00 seconds.  
round---------left---------------right-------------weight 
01     0x0000000101002000    0x000000000101a034     -3 
02     0x0000000001800000    0x0000000000010020     -2 
03     0x000000000001c100    0x0000000000000100     -3 
04     0x0000000000000100    0x0000000000000000     -1 
05     0x0000000000000000    0x0000000000000000     -0 
06     0x0000000000000000    0x0000000000000000     -0 
07     0x0000000000000000    0x0000000000000000     NULL 
6 Round Total Weight: -9 
---------------------------------
Time cost: 482648.88 seconds == 8044.15 minutes == 134.07 hours == 5.59 days. 
Auto-search_speck linear trail END! 
|************************************************************************|
Time cost: 482655.78 seconds ==  8044.26 minutes == 134.07 hours. 
Auto-search END! 
|************************************************************************|
---------------------------------
