//2020年09月10日09:13:14
|*******************************RX-Cryptanalysis****************************|
Auto-search Begin... 
Enter the parameters : #ciper #blocksize #rounds  #mode 
ciper: cham 
blocksize: 128 
rotational parameter: 1 
rounds: 3 
mode: 0 
----------------Search Optimal pure RX-Differential Trail-------------------
RX_zeta_total: 64  
Constructing RX_Ek[4] ... 
Constructing RX_XOR_offset_Table ... 
Time of Preprocessing info: 0.00 seconds.  
|--------------------------------------------------|
Constructing cDDT Lookup Tables ... 
Time of Construct CHAM cDDTs: 28.00 seconds.  
===============Search odd-round============= 
*****************************Searching processing**************************|
Update: 0   RX_Bn_w: 43.000000  --Max expected weight-- 
Update: 1   RX_Bn_w: 8.245113  --Time: 0.00 seconds. ==>>
round----X0---------X1----------X2----------X3----------zeta-------Pr_zeta----Pr_XOR-----Pr-RX
01  0x00000000  0x00000000  0x00000000  0x00000000   0x00000000   1.415038   0.000000   1.415038 
02  0x00000000  0x00000000  0x00000000  0x00000000   0x00000000   1.415038   2.000000   3.415038 
03  0x00000000  0x00000000  0x00000002  0x00000200   0x00000000   1.415038   2.000000   3.415038 
04  0x00000000  0x00000002  0x00000200  0x00000200       
------------------ 
3 Round CHAM-128 Total Weight: -8.245113 
Update: 2   RX_Bn_w: 8.245113  --Time: 0.00 seconds. ==>>
round----X0---------X1----------X2----------X3----------zeta-------Pr_zeta----Pr_XOR-----Pr-RX
01  0x00000000  0x00000000  0x00000000  0x00000000   0x00000000   1.415038   0.000000   1.415038 
02  0x00000000  0x00000000  0x00000000  0x00000000   0x00000000   1.415038   2.000000   3.415038 
03  0x00000000  0x00000000  0x00000002  0x00000200   0x00000000   1.415038   2.000000   3.415038 
04  0x00000000  0x00000002  0x00000200  0x00000600       
------------------ 
3 Round CHAM-128 Total Weight: -8.245113 
Update: 3   RX_Bn_w: 8.245113  --Time: 0.00 seconds. ==>>
round----X0---------X1----------X2----------X3----------zeta-------Pr_zeta----Pr_XOR-----Pr-RX
01  0x00000000  0x00000000  0x00000000  0x00000000   0x00000000   1.415038   0.000000   1.415038 
02  0x00000000  0x00000000  0x00000000  0x00000000   0x00000000   1.415038   2.000000   3.415038 
03  0x00000000  0x00000000  0x00000002  0x00000300   0x00000001   1.415038   2.000000   3.415038 
04  0x00000000  0x00000002  0x00000300  0x00000200       
------------------ 
3 Round CHAM-128 Total Weight: -8.245113 
Update: 4   RX_Bn_w: 8.245113  --Time: 0.00 seconds. ==>>
round----X0---------X1----------X2----------X3----------zeta-------Pr_zeta----Pr_XOR-----Pr-RX
01  0x00000000  0x00000000  0x00000000  0x00000000   0x00000000   1.415038   0.000000   1.415038 
02  0x00000000  0x00000000  0x00000000  0x00000000   0x00000000   1.415038   2.000000   3.415038 
03  0x00000000  0x00000000  0x00000002  0x00000300   0x00000001   1.415038   2.000000   3.415038 
04  0x00000000  0x00000002  0x00000300  0x00000600       
------------------ 
3 Round CHAM-128 Total Weight: -8.245113 
Update: 5   RX_Bn_w: 8.245113  --Time: 0.00 seconds. ==>>
round----X0---------X1----------X2----------X3----------zeta-------Pr_zeta----Pr_XOR-----Pr-RX
01  0x00000000  0x00000000  0x00000000  0x00000000   0x00000000   1.415038   0.000000   1.415038 
02  0x00000000  0x00000000  0x00000000  0x00000000   0x00000000   1.415038   2.000000   3.415038 
03  0x00000000  0x00000000  0x00000002  0x00000600   0x00000000   1.415038   2.000000   3.415038 
04  0x00000000  0x00000002  0x00000600  0x00000200       
------------------ 
3 Round CHAM-128 Total Weight: -8.245113 
Update: 6   RX_Bn_w: 8.245113  --Time: 0.00 seconds. ==>>
round----X0---------X1----------X2----------X3----------zeta-------Pr_zeta----Pr_XOR-----Pr-RX
01  0x00000000  0x00000000  0x00000000  0x00000000   0x00000000   1.415038   0.000000   1.415038 
02  0x00000000  0x00000000  0x00000000  0x00000000   0x00000000   1.415038   2.000000   3.415038 
03  0x00000000  0x00000000  0x00000002  0x00000600   0x00000000   1.415038   2.000000   3.415038 
04  0x00000000  0x00000002  0x00000600  0x00000600       
------------------ 
3 Round CHAM-128 Total Weight: -8.245113 
Update: 7   RX_Bn_w: 8.245113  --Time: 0.00 seconds. ==>>
round----X0---------X1----------X2----------X3----------zeta-------Pr_zeta----Pr_XOR-----Pr-RX
01  0x00000000  0x00000000  0x00000000  0x00000000   0x00000000   1.415038   0.000000   1.415038 
02  0x00000000  0x00000000  0x00000000  0x00000000   0x00000000   1.415038   2.000000   3.415038 
03  0x00000000  0x00000000  0x00000002  0x00000700   0x00000001   1.415038   2.000000   3.415038 
04  0x00000000  0x00000002  0x00000700  0x00000200       
------------------ 
3 Round CHAM-128 Total Weight: -8.245113 
Update: 8   RX_Bn_w: 8.245113  --Time: 0.00 seconds. ==>>
round----X0---------X1----------X2----------X3----------zeta-------Pr_zeta----Pr_XOR-----Pr-RX
01  0x00000000  0x00000000  0x00000000  0x00000000   0x00000000   1.415038   0.000000   1.415038 
02  0x00000000  0x00000000  0x00000000  0x00000000   0x00000000   1.415038   2.000000   3.415038 
03  0x00000000  0x00000000  0x00000002  0x00000700   0x00000001   1.415038   2.000000   3.415038 
04  0x00000000  0x00000002  0x00000700  0x00000600       
------------------ 
3 Round CHAM-128 Total Weight: -8.245113 
Update: 9   RX_Bn_w: 8.245113  --Time: 0.00 seconds. ==>>
round----X0---------X1----------X2----------X3----------zeta-------Pr_zeta----Pr_XOR-----Pr-RX
01  0x00000000  0x00000000  0x00000000  0x00000002   0x00000000   1.415038   0.000000   1.415038 
02  0x00000000  0x00000000  0x00000002  0x00000000   0x00000000   1.415038   2.000000   3.415038 
03  0x00000002  0x00000000  0x00000002  0x00000200   0x00000000   1.415038   1.000000   3.415038 
04  0x00000000  0x00000002  0x00000200  0x00000400       
------------------ 
3 Round CHAM-128 Total Weight: -8.245113 
Update: 10   RX_Bn_w: 8.245113  --Time: 0.00 seconds. ==>>
round----X0---------X1----------X2----------X3----------zeta-------Pr_zeta----Pr_XOR-----Pr-RX
01  0x00000000  0x00000000  0x00000000  0x40000002   0x00000000   1.415038   0.000000   1.415038 
02  0x00000000  0x00000000  0x40000002  0x00000000   0x00000000   1.415038   2.000000   3.415038 
03  0x40000002  0x00000000  0x00000002  0x00000280   0x00000000   1.415038   2.000000   3.415038 
04  0x00000000  0x00000002  0x00000280  0x00000440       
------------------ 
3 Round CHAM-128 Total Weight: -8.245113 
Update: 11   RX_Bn_w: 8.245113  --Time: 0.00 seconds. ==>>
round----X0---------X1----------X2----------X3----------zeta-------Pr_zeta----Pr_XOR-----Pr-RX
01  0x00000000  0x00000000  0x00000000  0x00000002   0x00000000   1.415038   0.000000   1.415038 
02  0x00000000  0x00000000  0x00000002  0x00000000   0x00000000   1.415038   2.000000   3.415038 
03  0x00000002  0x00000000  0x00000002  0x00000300   0x00000001   1.415038   1.000000   3.415038 
04  0x00000000  0x00000002  0x00000300  0x00000400       
------------------ 
3 Round CHAM-128 Total Weight: -8.245113 
Update: 12   RX_Bn_w: 8.245113  --Time: 0.00 seconds. ==>>
round----X0---------X1----------X2----------X3----------zeta-------Pr_zeta----Pr_XOR-----Pr-RX
01  0x00000000  0x00000000  0x00000000  0x40000002   0x00000000   1.415038   0.000000   1.415038 
02  0x00000000  0x00000000  0x40000002  0x00000000   0x00000000   1.415038   2.000000   3.415038 
03  0x40000002  0x00000000  0x00000002  0x00000380   0x00000001   1.415038   2.000000   3.415038 
04  0x00000000  0x00000002  0x00000380  0x00000440       
------------------ 
3 Round CHAM-128 Total Weight: -8.245113 
Update: 13   RX_Bn_w: 8.245113  --Time: 0.00 seconds. ==>>
round----X0---------X1----------X2----------X3----------zeta-------Pr_zeta----Pr_XOR-----Pr-RX
01  0x00000000  0x00000000  0x00000000  0x00000002   0x00000000   1.415038   0.000000   1.415038 
02  0x00000000  0x00000000  0x00000002  0x00000000   0x00000000   1.415038   2.000000   3.415038 
03  0x00000002  0x00000000  0x00000002  0x00000e00   0x00000000   1.415038   1.000000   3.415038 
04  0x00000000  0x00000002  0x00000e00  0x00000400       
------------------ 
3 Round CHAM-128 Total Weight: -8.245113 
Update: 14   RX_Bn_w: 8.245113  --Time: 0.00 seconds. ==>>
round----X0---------X1----------X2----------X3----------zeta-------Pr_zeta----Pr_XOR-----Pr-RX
01  0x00000000  0x00000000  0x00000000  0x40000002   0x00000000   1.415038   0.000000   1.415038 
02  0x00000000  0x00000000  0x40000002  0x00000000   0x00000000   1.415038   2.000000   3.415038 
03  0x40000002  0x00000000  0x00000002  0x00000e80   0x00000000   1.415038   2.000000   3.415038 
04  0x00000000  0x00000002  0x00000e80  0x00000440       
------------------ 
3 Round CHAM-128 Total Weight: -8.245113 
Update: 15   RX_Bn_w: 8.245113  --Time: 0.00 seconds. ==>>
round----X0---------X1----------X2----------X3----------zeta-------Pr_zeta----Pr_XOR-----Pr-RX
01  0x00000000  0x00000000  0x00000000  0x00000002   0x00000000   1.415038   0.000000   1.415038 
02  0x00000000  0x00000000  0x00000002  0x00000000   0x00000000   1.415038   2.000000   3.415038 
03  0x00000002  0x00000000  0x00000002  0x00000f00   0x00000001   1.415038   1.000000   3.415038 
04  0x00000000  0x00000002  0x00000f00  0x00000400       
------------------ 
3 Round CHAM-128 Total Weight: -8.245113 
Update: 16   RX_Bn_w: 8.245113  --Time: 0.00 seconds. ==>>
round----X0---------X1----------X2----------X3----------zeta-------Pr_zeta----Pr_XOR-----Pr-RX
01  0x00000000  0x00000000  0x00000000  0x40000002   0x00000000   1.415038   0.000000   1.415038 
02  0x00000000  0x00000000  0x40000002  0x00000000   0x00000000   1.415038   2.000000   3.415038 
03  0x40000002  0x00000000  0x00000002  0x00000f80   0x00000001   1.415038   2.000000   3.415038 
04  0x00000000  0x00000002  0x00000f80  0x00000440       
------------------ 
3 Round CHAM-128 Total Weight: -8.245113 
Update: 17   RX_Bn_w: 8.245113  --Time: 0.00 seconds. ==>>
round----X0---------X1----------X2----------X3----------zeta-------Pr_zeta----Pr_XOR-----Pr-RX
01  0x00000000  0x00000000  0x00000000  0x00000003   0x00000000   1.415038   0.000000   1.415038 
02  0x00000000  0x00000000  0x00000003  0x00000000   0x00000000   1.415038   2.000000   3.415038 
03  0x00000003  0x00000000  0x00000002  0x00000000   0x00000000   1.415038   2.000000   3.415038 
04  0x00000000  0x00000002  0x00000000  0x00000500       
------------------ 
3 Round CHAM-128 Total Weight: -8.245113 
Update: 18   RX_Bn_w: 8.245113  --Time: 0.00 seconds. ==>>
round----X0---------X1----------X2----------X3----------zeta-------Pr_zeta----Pr_XOR-----Pr-RX
01  0x00000000  0x00000000  0x00000000  0x00000003   0x00000000   1.415038   0.000000   1.415038 
02  0x00000000  0x00000000  0x00000003  0x00000000   0x00000000   1.415038   2.000000   3.415038 
03  0x00000003  0x00000000  0x00000002  0x00000100   0x00000001   1.415038   2.000000   3.415038 
04  0x00000000  0x00000002  0x00000100  0x00000500       
------------------ 
3 Round CHAM-128 Total Weight: -8.245113 
Update: 19   RX_Bn_w: 8.245113  --Time: 0.00 seconds. ==>>
round----X0---------X1----------X2----------X3----------zeta-------Pr_zeta----Pr_XOR-----Pr-RX
01  0x00000000  0x00000000  0x00000000  0x00000003   0x00000000   1.415038   0.000000   1.415038 
02  0x00000000  0x00000000  0x00000003  0x00000000   0x00000000   1.415038   2.000000   3.415038 
03  0x00000003  0x00000000  0x00000002  0x00000c00   0x00000000   1.415038   2.000000   3.415038 
04  0x00000000  0x00000002  0x00000c00  0x00000500       
------------------ 
3 Round CHAM-128 Total Weight: -8.245113 
Update: 20   RX_Bn_w: 8.245113  --Time: 0.00 seconds. ==>>
round----X0---------X1----------X2----------X3----------zeta-------Pr_zeta----Pr_XOR-----Pr-RX
01  0x00000000  0x00000000  0x00000000  0x00000003   0x00000000   1.415038   0.000000   1.415038 
02  0x00000000  0x00000000  0x00000003  0x00000000   0x00000000   1.415038   2.000000   3.415038 
03  0x00000003  0x00000000  0x00000002  0x00000d00   0x00000001   1.415038   2.000000   3.415038 
04  0x00000000  0x00000002  0x00000d00  0x00000500       
------------------ 
3 Round CHAM-128 Total Weight: -8.245113 
Update: 21   RX_Bn_w: 8.245113  --Time: 0.00 seconds. ==>>
round----X0---------X1----------X2----------X3----------zeta-------Pr_zeta----Pr_XOR-----Pr-RX
01  0x00000000  0x00000000  0x00000000  0x00000006   0x00000000   1.415038   0.000000   1.415038 
02  0x00000000  0x00000000  0x00000006  0x00000000   0x00000000   1.415038   2.000000   3.415038 
03  0x00000006  0x00000000  0x00000002  0x00000600   0x00000000   1.415038   0.000000   3.415038 
04  0x00000000  0x00000002  0x00000600  0x00000000       
------------------ 
3 Round CHAM-128 Total Weight: -8.245113 
Update: 22   RX_Bn_w: 8.245113  --Time: 0.00 seconds. ==>>
round----X0---------X1----------X2----------X3----------zeta-------Pr_zeta----Pr_XOR-----Pr-RX
01  0x00000000  0x00000000  0x00000000  0x40000006   0x00000000   1.415038   0.000000   1.415038 
02  0x00000000  0x00000000  0x40000006  0x00000000   0x00000000   1.415038   2.000000   3.415038 
03  0x40000006  0x00000000  0x00000002  0x00000680   0x00000000   1.415038   1.000000   3.415038 
04  0x00000000  0x00000002  0x00000680  0x00000040       
------------------ 
3 Round CHAM-128 Total Weight: -8.245113 
Update: 23   RX_Bn_w: 7.245113  --Time: 0.00 seconds. ==>>
round----X0---------X1----------X2----------X3----------zeta-------Pr_zeta----Pr_XOR-----Pr-RX
01  0x00000000  0x00000000  0x00000000  0x00000006   0x00000000   1.415038   0.000000   1.415038 
02  0x00000000  0x00000000  0x00000006  0x00000000   0x00000000   1.415038   2.000000   3.415038 
03  0x00000006  0x00000000  0x00000002  0x00000700   0x00000001   1.415038   0.000000   2.415038 
04  0x00000000  0x00000002  0x00000700  0x00000000       
------------------ 
3 Round CHAM-128 Total Weight: -7.245113 
Update: 24   RX_Bn_w: 7.245113  --Time: 0.00 seconds. ==>>
round----X0---------X1----------X2----------X3----------zeta-------Pr_zeta----Pr_XOR-----Pr-RX
01  0x00000000  0x00000000  0x00000000  0x40000006   0x00000000   1.415038   0.000000   1.415038 
02  0x00000000  0x00000000  0x40000006  0x00000000   0x00000000   1.415038   2.000000   3.415038 
03  0x40000006  0x00000000  0x00000002  0x00000780   0x00000001   1.415038   1.000000   2.415038 
04  0x00000000  0x00000002  0x00000780  0x00000040       
------------------ 
3 Round CHAM-128 Total Weight: -7.245113 
Time: 28.00 seconds.  
**************************************************************************|
round----X0---------X1----------X2----------X3----------zeta-------Pr_zeta----Pr_XOR-----Pr-RX
01  0x00000000  0x00000000  0x00000000  0x40000006   0x00000000   1.415038   0.000000   1.415038 
02  0x00000000  0x00000000  0x40000006  0x00000000   0x00000000   1.415038   2.000000   3.415038 
03  0x40000006  0x00000000  0x00000002  0x00000780   0x00000001   1.415038   1.000000   2.415038 
04  0x00000000  0x00000002  0x00000780  0x00000040       
------------------ 
3 Round CHAM-128 Total Weight: -7.245113 
Time cost: 0.01 seconds ==  0.00 minutes == 0.00 hours == 0.00 days. 
Auto-search CHAM-64 RX-differential trails END! 
|************************************************************************|
Time cost: 28.67 seconds ==  0.48 minutes == 0.01 hours. 
Auto-RX-search END! 
|************************************************************************|
