|************************************************************************|
Auto-search Begin... 
Enter the parameters : #ciper #blocksize #rounds  #mode 
ciper:speck 
blocksize: 96 
rounds:8 
mode: 0 
----------------Search Optimal Differential Trail-------------------
Time of Construct ARX_DDT: 7.00 seconds.  
Searching Bn_w: 21 
Time: 0.00 seconds.  
Searching Bn_w: 22 
Time: 0.00 seconds.  
Searching Bn_w: 23 
Time: 0.00 seconds.  
Searching Bn_w: 24 
Time: 1.00 seconds.  
Searching Bn_w: 25 
Time: 15.00 seconds.  
Searching Bn_w: 26 
Time: 174.00 seconds.  
Searching Bn_w: 27 
Time: 2466.00 seconds.  
Searching Bn_w: 28 
Time: 38196.00 seconds.  
Searching Bn_w: 29 
Time: 571160.00 seconds.  
Searching Bn_w: 30 
Time: 581212.00 seconds.  
round-------left-------------right--------weight 
01     0x000092400040    0x400000104200     -6 
02     0x000000820200    0x000000001202     -4 
03     0x000000009000    0x000000000010     -2 
04     0x000000000080    0x000000000000     -0 
05     0x800000000000    0x800000000000     -1 
06     0x808000000000    0x808000000004     -3 
07     0x800080000004    0x840080000020     -5 
08     0x808080800020    0xa08480800124     -9 
09     0x800400008124    0x842004008801     NULL 
8 Round Total Weight: -30 
Time cost: 581212.70 seconds ==  9686.88 minutes == 161.45 hours. 
Auto-search_speck END! 
|************************************************************************|
Time cost: 581220.44 seconds ==  9687.01 minutes == 161.45 hours. 
Auto-search END! 
|************************************************************************|
---------------------------------
